mod	trans_guid	split_guid	time_now	date_entered	date_posted	acc_guid	acc_name	num	description	notes	memo	action	reconciled	amount	value	date_reconciled
-----------------
===== START
B	27d545080943aa62829ba09435170156	7b8b5f70f698454131d4cf612afaf60f	2016-04-15 17:50:04.000000 +0000	2016-04-15 16:30:04.000000 +0000	2012-08-02 00:00:00.000000 +0000	e3ba307f6c2c120033884223a84180eb	New Alliance			EFT DEP - STRIPE           MERCHANT			n	56278/100	56278/100	2016-04-15 16:30:04.000000 +0000
B	27d545080943aa62829ba09435170156	d38ddd822da1531bff93b32afd7093bb	2016-04-15 17:50:04.000000 +0000	2016-04-15 16:30:04.000000 +0000	2012-08-02 00:00:00.000000 +0000	4a6fae3ca1dfa0018afcc8da2a6e29fe	Imbalance			EFT DEP - STRIPE           MERCHANT			n	-56278/100	-56278/100	1970-01-01 00:00:00.000000 +0000
===== END
===== START
D	27d545080943aa62829ba09435170156	7b8b5f70f698454131d4cf612afaf60f	2016-04-15 17:50:04.000000 +0000	2016-04-15 16:30:04.000000 +0000	2012-08-02 00:00:00.000000 +0000	e3ba307f6c2c120033884223a84180eb	New Alliance			EFT DEP - STRIPE           MERCHANT			n	56278/100	56278/100	2016-04-15 16:30:04.000000 +0000
D	27d545080943aa62829ba09435170156	d38ddd822da1531bff93b32afd7093bb	2016-04-15 17:50:04.000000 +0000	2016-04-15 16:30:04.000000 +0000	2012-08-02 00:00:00.000000 +0000	4a6fae3ca1dfa0018afcc8da2a6e29fe	Imbalance			EFT DEP - STRIPE           MERCHANT			n	-56278/100	-56278/100	1970-01-01 00:00:00.000000 +0000
===== END
===== START
B	b9ba5014bd636b7b039064e586c098fe	d1e7b516b9211d5a10622e3d73503d6c	2016-04-15 17:50:09.000000 +0000	2016-04-15 16:30:05.000000 +0000	2012-08-16 00:00:00.000000 +0000	e3ba307f6c2c120033884223a84180eb	New Alliance			EFT DEP - STRIPE           MERCHANT			n	3151/100	3151/100	2016-04-15 16:30:05.000000 +0000
B	b9ba5014bd636b7b039064e586c098fe	cf902aabb51786ccc99e4234276c4b25	2016-04-15 17:50:09.000000 +0000	2016-04-15 16:30:05.000000 +0000	2012-08-16 00:00:00.000000 +0000	4a6fae3ca1dfa0018afcc8da2a6e29fe	Imbalance			EFT DEP - STRIPE           MERCHANT			n	-3151/100	-3151/100	1970-01-01 00:00:00.000000 +0000
===== END
===== START
D	b9ba5014bd636b7b039064e586c098fe	d1e7b516b9211d5a10622e3d73503d6c	2016-04-15 17:50:09.000000 +0000	2016-04-15 16:30:05.000000 +0000	2012-08-16 00:00:00.000000 +0000	e3ba307f6c2c120033884223a84180eb	New Alliance			EFT DEP - STRIPE           MERCHANT			n	3151/100	3151/100	2016-04-15 16:30:05.000000 +0000
D	b9ba5014bd636b7b039064e586c098fe	cf902aabb51786ccc99e4234276c4b25	2016-04-15 17:50:09.000000 +0000	2016-04-15 16:30:05.000000 +0000	2012-08-16 00:00:00.000000 +0000	4a6fae3ca1dfa0018afcc8da2a6e29fe	Imbalance			EFT DEP - STRIPE           MERCHANT			n	-3151/100	-3151/100	1970-01-01 00:00:00.000000 +0000
===== END
===== START
B	a7665a2f42b2702b4b0ecb67742904a0	01850ee1efda26bb8405db372a514e61	2016-04-15 17:50:12.000000 +0000	2016-04-15 16:30:05.000000 +0000	2012-09-19 00:00:00.000000 +0000	e3ba307f6c2c120033884223a84180eb	New Alliance			EFT DEP - STRIPE           MERCHANT			n	0/100	0/100	2016-04-15 16:30:05.000000 +0000
===== END
===== START
D	a7665a2f42b2702b4b0ecb67742904a0	01850ee1efda26bb8405db372a514e61	2016-04-15 17:50:12.000000 +0000	2016-04-15 16:30:05.000000 +0000	2012-09-19 00:00:00.000000 +0000	e3ba307f6c2c120033884223a84180eb	New Alliance			EFT DEP - STRIPE           MERCHANT			n	0/100	0/100	2016-04-15 16:30:05.000000 +0000
===== END
===== START
B	66ad442aed560f25c4c351647c1d36f9	0dd91950d1b32218a91a1cb0f6adfb23	2016-04-15 17:50:15.000000 +0000	2016-04-15 16:30:04.000000 +0000	2012-07-09 00:00:00.000000 +0000	b7c0d245222f359deb255643e2fed1fb	Samurai		samurai by feefighters	EFT W/D - MERCHANT BANKCD  FEE			n	9837/100	9837/100	1970-01-01 00:00:00.000000 +0000
B	66ad442aed560f25c4c351647c1d36f9	0bd9c9ccbbd0b315cefdc9ef33a6f432	2016-04-15 17:50:15.000000 +0000	2016-04-15 16:30:04.000000 +0000	2012-07-09 00:00:00.000000 +0000	e3ba307f6c2c120033884223a84180eb	New Alliance		samurai by feefighters	EFT W/D - MERCHANT BANKCD  FEE			n	-9837/100	-9837/100	2016-04-15 16:30:04.000000 +0000
===== END
===== START
D	66ad442aed560f25c4c351647c1d36f9	0dd91950d1b32218a91a1cb0f6adfb23	2016-04-15 17:50:15.000000 +0000	2016-04-15 16:30:04.000000 +0000	2012-07-09 00:00:00.000000 +0000	b7c0d245222f359deb255643e2fed1fb	Samurai		samurai by feefighters	EFT W/D - MERCHANT BANKCD  FEE			n	9837/100	9837/100	1970-01-01 00:00:00.000000 +0000
D	66ad442aed560f25c4c351647c1d36f9	0bd9c9ccbbd0b315cefdc9ef33a6f432	2016-04-15 17:50:15.000000 +0000	2016-04-15 16:30:04.000000 +0000	2012-07-09 00:00:00.000000 +0000	e3ba307f6c2c120033884223a84180eb	New Alliance		samurai by feefighters	EFT W/D - MERCHANT BANKCD  FEE			n	-9837/100	-9837/100	2016-04-15 16:30:04.000000 +0000
===== END
===== START
B	0548692817068ac64718600500f53d2d	ec789de76ca4fe4d6a1418ae2e10c7e2	2016-04-15 17:50:18.000000 +0000	2016-04-15 16:30:04.000000 +0000	2012-07-26 00:00:00.000000 +0000	4a6fae3ca1dfa0018afcc8da2a6e29fe	Imbalance			EFT DEP - STRIPE           MERCHANT			n	39132/100	39132/100	1970-01-01 00:00:00.000000 +0000
B	0548692817068ac64718600500f53d2d	e3f637cb27ba5a224ee04d4271557fe1	2016-04-15 17:50:18.000000 +0000	2016-04-15 16:30:04.000000 +0000	2012-07-26 00:00:00.000000 +0000	e3ba307f6c2c120033884223a84180eb	New Alliance			EFT DEP - STRIPE           MERCHANT			n	-39132/100	-39132/100	2016-04-15 16:30:04.000000 +0000
===== END
===== START
D	0548692817068ac64718600500f53d2d	ec789de76ca4fe4d6a1418ae2e10c7e2	2016-04-15 17:50:18.000000 +0000	2016-04-15 16:30:04.000000 +0000	2012-07-26 00:00:00.000000 +0000	4a6fae3ca1dfa0018afcc8da2a6e29fe	Imbalance			EFT DEP - STRIPE           MERCHANT			n	39132/100	39132/100	1970-01-01 00:00:00.000000 +0000
D	0548692817068ac64718600500f53d2d	e3f637cb27ba5a224ee04d4271557fe1	2016-04-15 17:50:18.000000 +0000	2016-04-15 16:30:04.000000 +0000	2012-07-26 00:00:00.000000 +0000	e3ba307f6c2c120033884223a84180eb	New Alliance			EFT DEP - STRIPE           MERCHANT			n	-39132/100	-39132/100	2016-04-15 16:30:04.000000 +0000
===== END
===== START
B	db142291c898628a1e8ca2530d537a18	22b8dddb146dfbcb4195fcf9c6a4cc8c	2016-04-15 17:50:51.000000 +0000	2016-04-15 16:30:04.000000 +0000	2012-08-03 00:00:00.000000 +0000	b7c0d245222f359deb255643e2fed1fb	Samurai		samurai by feefighters - *sigh*	EFT W/D - AMERICAN EXPRESS COLLECTION			n	795/100	795/100	1970-01-01 00:00:00.000000 +0000
B	db142291c898628a1e8ca2530d537a18	107861f827becbdd2a78f01d05455a28	2016-04-15 17:50:51.000000 +0000	2016-04-15 16:30:04.000000 +0000	2012-08-03 00:00:00.000000 +0000	e3ba307f6c2c120033884223a84180eb	New Alliance		samurai by feefighters - *sigh*	EFT W/D - AMERICAN EXPRESS COLLECTION			c	-795/100	-795/100	2016-04-15 16:37:40.000000 +0000
===== END
===== START
C	db142291c898628a1e8ca2530d537a18	22b8dddb146dfbcb4195fcf9c6a4cc8c	2016-04-15 17:50:51.000000 +0000	2016-04-15 16:30:04.000000 +0000	2012-08-03 00:00:00.000000 +0000	b7c0d245222f359deb255643e2fed1fb	Samurai		samurai by feefighters - *sigh*	EFT W/D - AMERICAN EXPRESS COLLECTION			n	795/100	795/100	1970-01-01 00:00:00.000000 +0000
C	db142291c898628a1e8ca2530d537a18	107861f827becbdd2a78f01d05455a28	2016-04-15 17:50:51.000000 +0000	2016-04-15 16:30:04.000000 +0000	2012-08-03 00:00:00.000000 +0000	e3ba307f6c2c120033884223a84180eb	New Alliance		samurai by feefighters - *sigh*	EFT W/D - AMERICAN EXPRESS COLLECTION			y	-795/100	-795/100	2016-04-15 16:37:40.000000 +0000
===== END
===== START
B	db142291c898628a1e8ca2530d537a18	22b8dddb146dfbcb4195fcf9c6a4cc8c	2016-04-15 17:50:51.000000 +0000	2016-04-15 16:30:04.000000 +0000	2012-08-03 00:00:00.000000 +0000	b7c0d245222f359deb255643e2fed1fb	Samurai		samurai by feefighters - *sigh*	EFT W/D - AMERICAN EXPRESS COLLECTION			n	795/100	795/100	1970-01-01 00:00:00.000000 +0000
B	db142291c898628a1e8ca2530d537a18	107861f827becbdd2a78f01d05455a28	2016-04-15 17:50:51.000000 +0000	2016-04-15 16:30:04.000000 +0000	2012-08-03 00:00:00.000000 +0000	e3ba307f6c2c120033884223a84180eb	New Alliance		samurai by feefighters - *sigh*	EFT W/D - AMERICAN EXPRESS COLLECTION			y	-795/100	-795/100	2016-04-15 16:37:40.000000 +0000
===== END
===== START
C	db142291c898628a1e8ca2530d537a18	22b8dddb146dfbcb4195fcf9c6a4cc8c	2016-04-15 17:50:51.000000 +0000	2016-04-15 16:30:04.000000 +0000	2012-08-03 00:00:00.000000 +0000	b7c0d245222f359deb255643e2fed1fb	Samurai		samurai by feefighters - *sigh*	EFT W/D - AMERICAN EXPRESS COLLECTION			n	795/100	795/100	1970-01-01 00:00:00.000000 +0000
C	db142291c898628a1e8ca2530d537a18	107861f827becbdd2a78f01d05455a28	2016-04-15 17:50:51.000000 +0000	2016-04-15 16:30:04.000000 +0000	2012-08-03 00:00:00.000000 +0000	e3ba307f6c2c120033884223a84180eb	New Alliance		samurai by feefighters - *sigh*	EFT W/D - AMERICAN EXPRESS COLLECTION			y	-795/100	-795/100	2012-09-19 23:59:59.000000 +0000
===== END
===== START
B	304e53d3dafe81537605d76b42918a11	4cc0639d32077d2b0b92a827ea849a7c	2016-04-15 17:50:51.000000 +0000	2016-04-15 15:30:34.000000 +0000	2012-08-17 00:00:00.000000 +0000	e3ba307f6c2c120033884223a84180eb	New Alliance	ach_09xsw6de5RPnUF	STRIPE TRANSFER				c	51166/100	51166/100	1970-01-01 00:00:00.000000 +0000
B	304e53d3dafe81537605d76b42918a11	40fa57f0660b7885c3237b5c25eb5b96	2016-04-15 17:50:51.000000 +0000	2016-04-15 15:30:34.000000 +0000	2012-08-17 00:00:00.000000 +0000	4c3d01c1d3279640eb97b08de449d8c8	Stripe	ach_09xsw6de5RPnUF	STRIPE TRANSFER				c	-51166/100	-51166/100	2016-04-15 15:30:34.000000 +0000
===== END
===== START
C	304e53d3dafe81537605d76b42918a11	4cc0639d32077d2b0b92a827ea849a7c	2016-04-15 17:50:51.000000 +0000	2016-04-15 15:30:34.000000 +0000	2012-08-17 00:00:00.000000 +0000	e3ba307f6c2c120033884223a84180eb	New Alliance	ach_09xsw6de5RPnUF	STRIPE TRANSFER				y	51166/100	51166/100	1970-01-01 00:00:00.000000 +0000
C	304e53d3dafe81537605d76b42918a11	40fa57f0660b7885c3237b5c25eb5b96	2016-04-15 17:50:51.000000 +0000	2016-04-15 15:30:34.000000 +0000	2012-08-17 00:00:00.000000 +0000	4c3d01c1d3279640eb97b08de449d8c8	Stripe	ach_09xsw6de5RPnUF	STRIPE TRANSFER				c	-51166/100	-51166/100	2016-04-15 15:30:34.000000 +0000
===== END
===== START
B	304e53d3dafe81537605d76b42918a11	4cc0639d32077d2b0b92a827ea849a7c	2016-04-15 17:50:51.000000 +0000	2016-04-15 15:30:34.000000 +0000	2012-08-17 00:00:00.000000 +0000	e3ba307f6c2c120033884223a84180eb	New Alliance	ach_09xsw6de5RPnUF	STRIPE TRANSFER				y	51166/100	51166/100	1970-01-01 00:00:00.000000 +0000
B	304e53d3dafe81537605d76b42918a11	40fa57f0660b7885c3237b5c25eb5b96	2016-04-15 17:50:51.000000 +0000	2016-04-15 15:30:34.000000 +0000	2012-08-17 00:00:00.000000 +0000	4c3d01c1d3279640eb97b08de449d8c8	Stripe	ach_09xsw6de5RPnUF	STRIPE TRANSFER				c	-51166/100	-51166/100	2016-04-15 15:30:34.000000 +0000
===== END
===== START
C	304e53d3dafe81537605d76b42918a11	4cc0639d32077d2b0b92a827ea849a7c	2016-04-15 17:50:51.000000 +0000	2016-04-15 15:30:34.000000 +0000	2012-08-17 00:00:00.000000 +0000	e3ba307f6c2c120033884223a84180eb	New Alliance	ach_09xsw6de5RPnUF	STRIPE TRANSFER				y	51166/100	51166/100	2012-09-19 23:59:59.000000 +0000
C	304e53d3dafe81537605d76b42918a11	40fa57f0660b7885c3237b5c25eb5b96	2016-04-15 17:50:51.000000 +0000	2016-04-15 15:30:34.000000 +0000	2012-08-17 00:00:00.000000 +0000	4c3d01c1d3279640eb97b08de449d8c8	Stripe	ach_09xsw6de5RPnUF	STRIPE TRANSFER				c	-51166/100	-51166/100	2016-04-15 15:30:34.000000 +0000
===== END
===== START
B	95623ddb823eb82aa4b023c1a3086789	ffef515d090177c902f5b6c1b8a0a669	2016-04-15 17:50:51.000000 +0000	2016-04-15 15:30:34.000000 +0000	2012-09-20 00:00:00.000000 +0000	e3ba307f6c2c120033884223a84180eb	New Alliance	ach_0MW9VSXVkwMeqi	STRIPE TRANSFER				c	941/100	941/100	1970-01-01 00:00:00.000000 +0000
B	95623ddb823eb82aa4b023c1a3086789	21265d3c6cb73467aec82bc9b6055269	2016-04-15 17:50:51.000000 +0000	2016-04-15 15:30:34.000000 +0000	2012-09-20 00:00:00.000000 +0000	4c3d01c1d3279640eb97b08de449d8c8	Stripe	ach_0MW9VSXVkwMeqi	STRIPE TRANSFER				c	-941/100	-941/100	2016-04-15 15:30:34.000000 +0000
===== END
===== START
C	95623ddb823eb82aa4b023c1a3086789	ffef515d090177c902f5b6c1b8a0a669	2016-04-15 17:50:51.000000 +0000	2016-04-15 15:30:34.000000 +0000	2012-09-20 00:00:00.000000 +0000	e3ba307f6c2c120033884223a84180eb	New Alliance	ach_0MW9VSXVkwMeqi	STRIPE TRANSFER				y	941/100	941/100	1970-01-01 00:00:00.000000 +0000
C	95623ddb823eb82aa4b023c1a3086789	21265d3c6cb73467aec82bc9b6055269	2016-04-15 17:50:51.000000 +0000	2016-04-15 15:30:34.000000 +0000	2012-09-20 00:00:00.000000 +0000	4c3d01c1d3279640eb97b08de449d8c8	Stripe	ach_0MW9VSXVkwMeqi	STRIPE TRANSFER				c	-941/100	-941/100	2016-04-15 15:30:34.000000 +0000
===== END
===== START
B	95623ddb823eb82aa4b023c1a3086789	ffef515d090177c902f5b6c1b8a0a669	2016-04-15 17:50:51.000000 +0000	2016-04-15 15:30:34.000000 +0000	2012-09-20 00:00:00.000000 +0000	e3ba307f6c2c120033884223a84180eb	New Alliance	ach_0MW9VSXVkwMeqi	STRIPE TRANSFER				y	941/100	941/100	1970-01-01 00:00:00.000000 +0000
B	95623ddb823eb82aa4b023c1a3086789	21265d3c6cb73467aec82bc9b6055269	2016-04-15 17:50:51.000000 +0000	2016-04-15 15:30:34.000000 +0000	2012-09-20 00:00:00.000000 +0000	4c3d01c1d3279640eb97b08de449d8c8	Stripe	ach_0MW9VSXVkwMeqi	STRIPE TRANSFER				c	-941/100	-941/100	2016-04-15 15:30:34.000000 +0000
===== END
===== START
C	95623ddb823eb82aa4b023c1a3086789	ffef515d090177c902f5b6c1b8a0a669	2016-04-15 17:50:51.000000 +0000	2016-04-15 15:30:34.000000 +0000	2012-09-20 00:00:00.000000 +0000	e3ba307f6c2c120033884223a84180eb	New Alliance	ach_0MW9VSXVkwMeqi	STRIPE TRANSFER				y	941/100	941/100	2012-09-19 23:59:59.000000 +0000
C	95623ddb823eb82aa4b023c1a3086789	21265d3c6cb73467aec82bc9b6055269	2016-04-15 17:50:51.000000 +0000	2016-04-15 15:30:34.000000 +0000	2012-09-20 00:00:00.000000 +0000	4c3d01c1d3279640eb97b08de449d8c8	Stripe	ach_0MW9VSXVkwMeqi	STRIPE TRANSFER				c	-941/100	-941/100	2016-04-15 15:30:34.000000 +0000
===== END
===== START
B	bc62d7f8e9bcc99e3e6d7d6028a018e2	a48709cdc7d28322123430de9675f2c7	2016-04-15 17:50:51.000000 +0000	2016-04-15 15:30:34.000000 +0000	2012-08-10 00:00:00.000000 +0000	e3ba307f6c2c120033884223a84180eb	New Alliance	ach_07JPj6iDtJFPv1	STRIPE TRANSFER				c	48015/100	48015/100	1970-01-01 00:00:00.000000 +0000
B	bc62d7f8e9bcc99e3e6d7d6028a018e2	56214758ddb9d93d7e46d04a91c238cc	2016-04-15 17:50:51.000000 +0000	2016-04-15 15:30:34.000000 +0000	2012-08-10 00:00:00.000000 +0000	4c3d01c1d3279640eb97b08de449d8c8	Stripe	ach_07JPj6iDtJFPv1	STRIPE TRANSFER				c	-48015/100	-48015/100	2016-04-15 15:30:34.000000 +0000
===== END
===== START
C	bc62d7f8e9bcc99e3e6d7d6028a018e2	a48709cdc7d28322123430de9675f2c7	2016-04-15 17:50:51.000000 +0000	2016-04-15 15:30:34.000000 +0000	2012-08-10 00:00:00.000000 +0000	e3ba307f6c2c120033884223a84180eb	New Alliance	ach_07JPj6iDtJFPv1	STRIPE TRANSFER				y	48015/100	48015/100	1970-01-01 00:00:00.000000 +0000
C	bc62d7f8e9bcc99e3e6d7d6028a018e2	56214758ddb9d93d7e46d04a91c238cc	2016-04-15 17:50:51.000000 +0000	2016-04-15 15:30:34.000000 +0000	2012-08-10 00:00:00.000000 +0000	4c3d01c1d3279640eb97b08de449d8c8	Stripe	ach_07JPj6iDtJFPv1	STRIPE TRANSFER				c	-48015/100	-48015/100	2016-04-15 15:30:34.000000 +0000
===== END
===== START
B	bc62d7f8e9bcc99e3e6d7d6028a018e2	a48709cdc7d28322123430de9675f2c7	2016-04-15 17:50:51.000000 +0000	2016-04-15 15:30:34.000000 +0000	2012-08-10 00:00:00.000000 +0000	e3ba307f6c2c120033884223a84180eb	New Alliance	ach_07JPj6iDtJFPv1	STRIPE TRANSFER				y	48015/100	48015/100	1970-01-01 00:00:00.000000 +0000
B	bc62d7f8e9bcc99e3e6d7d6028a018e2	56214758ddb9d93d7e46d04a91c238cc	2016-04-15 17:50:51.000000 +0000	2016-04-15 15:30:34.000000 +0000	2012-08-10 00:00:00.000000 +0000	4c3d01c1d3279640eb97b08de449d8c8	Stripe	ach_07JPj6iDtJFPv1	STRIPE TRANSFER				c	-48015/100	-48015/100	2016-04-15 15:30:34.000000 +0000
===== END
===== START
C	bc62d7f8e9bcc99e3e6d7d6028a018e2	a48709cdc7d28322123430de9675f2c7	2016-04-15 17:50:51.000000 +0000	2016-04-15 15:30:34.000000 +0000	2012-08-10 00:00:00.000000 +0000	e3ba307f6c2c120033884223a84180eb	New Alliance	ach_07JPj6iDtJFPv1	STRIPE TRANSFER				y	48015/100	48015/100	2012-09-19 23:59:59.000000 +0000
C	bc62d7f8e9bcc99e3e6d7d6028a018e2	56214758ddb9d93d7e46d04a91c238cc	2016-04-15 17:50:51.000000 +0000	2016-04-15 15:30:34.000000 +0000	2012-08-10 00:00:00.000000 +0000	4c3d01c1d3279640eb97b08de449d8c8	Stripe	ach_07JPj6iDtJFPv1	STRIPE TRANSFER				c	-48015/100	-48015/100	2016-04-15 15:30:34.000000 +0000
===== END
===== START
B	666d0de4ad78a18c4bdca6578ebabe06	c8829377c4be607ffbb6566628dcc99a	2016-04-15 17:50:51.000000 +0000	2016-04-15 15:30:34.000000 +0000	2012-08-03 00:00:00.000000 +0000	e3ba307f6c2c120033884223a84180eb	New Alliance	ach_04XPDHmpytkKhh	STRIPE TRANSFER				c	103084/100	103084/100	1970-01-01 00:00:00.000000 +0000
B	666d0de4ad78a18c4bdca6578ebabe06	2bd6b0e050f6f52cab58c9636b7d091e	2016-04-15 17:50:51.000000 +0000	2016-04-15 15:30:34.000000 +0000	2012-08-03 00:00:00.000000 +0000	4c3d01c1d3279640eb97b08de449d8c8	Stripe	ach_04XPDHmpytkKhh	STRIPE TRANSFER				c	-103084/100	-103084/100	2016-04-15 15:30:34.000000 +0000
===== END
===== START
C	666d0de4ad78a18c4bdca6578ebabe06	c8829377c4be607ffbb6566628dcc99a	2016-04-15 17:50:51.000000 +0000	2016-04-15 15:30:34.000000 +0000	2012-08-03 00:00:00.000000 +0000	e3ba307f6c2c120033884223a84180eb	New Alliance	ach_04XPDHmpytkKhh	STRIPE TRANSFER				y	103084/100	103084/100	1970-01-01 00:00:00.000000 +0000
C	666d0de4ad78a18c4bdca6578ebabe06	2bd6b0e050f6f52cab58c9636b7d091e	2016-04-15 17:50:51.000000 +0000	2016-04-15 15:30:34.000000 +0000	2012-08-03 00:00:00.000000 +0000	4c3d01c1d3279640eb97b08de449d8c8	Stripe	ach_04XPDHmpytkKhh	STRIPE TRANSFER				c	-103084/100	-103084/100	2016-04-15 15:30:34.000000 +0000
===== END
===== START
B	666d0de4ad78a18c4bdca6578ebabe06	c8829377c4be607ffbb6566628dcc99a	2016-04-15 17:50:51.000000 +0000	2016-04-15 15:30:34.000000 +0000	2012-08-03 00:00:00.000000 +0000	e3ba307f6c2c120033884223a84180eb	New Alliance	ach_04XPDHmpytkKhh	STRIPE TRANSFER				y	103084/100	103084/100	1970-01-01 00:00:00.000000 +0000
B	666d0de4ad78a18c4bdca6578ebabe06	2bd6b0e050f6f52cab58c9636b7d091e	2016-04-15 17:50:51.000000 +0000	2016-04-15 15:30:34.000000 +0000	2012-08-03 00:00:00.000000 +0000	4c3d01c1d3279640eb97b08de449d8c8	Stripe	ach_04XPDHmpytkKhh	STRIPE TRANSFER				c	-103084/100	-103084/100	2016-04-15 15:30:34.000000 +0000
===== END
===== START
C	666d0de4ad78a18c4bdca6578ebabe06	c8829377c4be607ffbb6566628dcc99a	2016-04-15 17:50:51.000000 +0000	2016-04-15 15:30:34.000000 +0000	2012-08-03 00:00:00.000000 +0000	e3ba307f6c2c120033884223a84180eb	New Alliance	ach_04XPDHmpytkKhh	STRIPE TRANSFER				y	103084/100	103084/100	2012-09-19 23:59:59.000000 +0000
C	666d0de4ad78a18c4bdca6578ebabe06	2bd6b0e050f6f52cab58c9636b7d091e	2016-04-15 17:50:51.000000 +0000	2016-04-15 15:30:34.000000 +0000	2012-08-03 00:00:00.000000 +0000	4c3d01c1d3279640eb97b08de449d8c8	Stripe	ach_04XPDHmpytkKhh	STRIPE TRANSFER				c	-103084/100	-103084/100	2016-04-15 15:30:34.000000 +0000
===== END
===== START
B	d6e1fc9ad4f3a9f5d4dccd9d91f93205	22980262b329b7224d4bf974d87bb759	2016-04-15 17:50:51.000000 +0000	2016-04-15 15:30:34.000000 +0000	2012-08-31 00:00:00.000000 +0000	e3ba307f6c2c120033884223a84180eb	New Alliance	ach_0F4OjexTt6FVaf	STRIPE TRANSFER				c	941/100	941/100	1970-01-01 00:00:00.000000 +0000
B	d6e1fc9ad4f3a9f5d4dccd9d91f93205	35034f29dfff9beb7f88ee334b39480b	2016-04-15 17:50:51.000000 +0000	2016-04-15 15:30:34.000000 +0000	2012-08-31 00:00:00.000000 +0000	4c3d01c1d3279640eb97b08de449d8c8	Stripe	ach_0F4OjexTt6FVaf	STRIPE TRANSFER				c	-941/100	-941/100	2016-04-15 15:30:34.000000 +0000
===== END
===== START
C	d6e1fc9ad4f3a9f5d4dccd9d91f93205	22980262b329b7224d4bf974d87bb759	2016-04-15 17:50:51.000000 +0000	2016-04-15 15:30:34.000000 +0000	2012-08-31 00:00:00.000000 +0000	e3ba307f6c2c120033884223a84180eb	New Alliance	ach_0F4OjexTt6FVaf	STRIPE TRANSFER				y	941/100	941/100	1970-01-01 00:00:00.000000 +0000
C	d6e1fc9ad4f3a9f5d4dccd9d91f93205	35034f29dfff9beb7f88ee334b39480b	2016-04-15 17:50:51.000000 +0000	2016-04-15 15:30:34.000000 +0000	2012-08-31 00:00:00.000000 +0000	4c3d01c1d3279640eb97b08de449d8c8	Stripe	ach_0F4OjexTt6FVaf	STRIPE TRANSFER				c	-941/100	-941/100	2016-04-15 15:30:34.000000 +0000
===== END
===== START
B	d6e1fc9ad4f3a9f5d4dccd9d91f93205	22980262b329b7224d4bf974d87bb759	2016-04-15 17:50:51.000000 +0000	2016-04-15 15:30:34.000000 +0000	2012-08-31 00:00:00.000000 +0000	e3ba307f6c2c120033884223a84180eb	New Alliance	ach_0F4OjexTt6FVaf	STRIPE TRANSFER				y	941/100	941/100	1970-01-01 00:00:00.000000 +0000
B	d6e1fc9ad4f3a9f5d4dccd9d91f93205	35034f29dfff9beb7f88ee334b39480b	2016-04-15 17:50:51.000000 +0000	2016-04-15 15:30:34.000000 +0000	2012-08-31 00:00:00.000000 +0000	4c3d01c1d3279640eb97b08de449d8c8	Stripe	ach_0F4OjexTt6FVaf	STRIPE TRANSFER				c	-941/100	-941/100	2016-04-15 15:30:34.000000 +0000
===== END
===== START
C	d6e1fc9ad4f3a9f5d4dccd9d91f93205	22980262b329b7224d4bf974d87bb759	2016-04-15 17:50:51.000000 +0000	2016-04-15 15:30:34.000000 +0000	2012-08-31 00:00:00.000000 +0000	e3ba307f6c2c120033884223a84180eb	New Alliance	ach_0F4OjexTt6FVaf	STRIPE TRANSFER				y	941/100	941/100	2012-09-19 23:59:59.000000 +0000
C	d6e1fc9ad4f3a9f5d4dccd9d91f93205	35034f29dfff9beb7f88ee334b39480b	2016-04-15 17:50:51.000000 +0000	2016-04-15 15:30:34.000000 +0000	2012-08-31 00:00:00.000000 +0000	4c3d01c1d3279640eb97b08de449d8c8	Stripe	ach_0F4OjexTt6FVaf	STRIPE TRANSFER				c	-941/100	-941/100	2016-04-15 15:30:34.000000 +0000
===== END
===== START
D	b5136d1c53572a363d52a833f0b3a9b2	5c6bc1b8ab5c68fa34f4a521a526c772	2016-04-15 17:51:23.000000 +0000	2016-04-15 17:51:23.000000 +0000	2016-04-15 00:00:00.000000 +0000								n	0/1	0/100	1970-01-01 00:00:00.000000 +0000
===== END
