mod	trans_guid	split_guid	time_now	date_entered	date_posted	acc_guid	acc_name	num	description	notes	memo	action	reconciled	amount	value	date_reconciled
-----------------
===== START
===== END
===== START
===== END
===== START
===== END
===== START
===== END
===== START
B	312fe4ea2f2f11f3e25d389270e062ac	1549c0abb5366c04e4eb5e624bad5a47	2016-04-15 15:32:58.000000 +0000	2016-04-15 15:10:07.000000 +0000	2012-07-06 00:00:00.000000 +0000	671d5e9f1aed530ee543e7593dbe4d56	Stripe		STRIPE TRANSFER	ach_q5pyGQoXVPPZxA			c	1463/100	1463/100	2016-04-15 15:10:07.000000 +0000
B	312fe4ea2f2f11f3e25d389270e062ac	ad2ff5062c6ea31fa66a59923f619d79	2016-04-15 15:32:58.000000 +0000	2016-04-15 15:10:07.000000 +0000	2012-07-06 00:00:00.000000 +0000	4c3d01c1d3279640eb97b08de449d8c8	Stripe		STRIPE TRANSFER	ach_q5pyGQoXVPPZxA			c	-1463/100	-1463/100	2016-04-15 15:20:35.000000 +0000
===== END
===== START
C	312fe4ea2f2f11f3e25d389270e062ac	1549c0abb5366c04e4eb5e624bad5a47	2016-04-15 15:32:58.000000 +0000	2016-04-15 15:10:07.000000 +0000	2012-07-06 00:00:00.000000 +0000	671d5e9f1aed530ee543e7593dbe4d56	Stripe		STRIPE TRANSFER	ach_q5pyGQoXVPPZxA			c	1463/100	1463/100	2016-04-15 15:10:07.000000 +0000
C	312fe4ea2f2f11f3e25d389270e062ac	ad2ff5062c6ea31fa66a59923f619d79	2016-04-15 15:32:58.000000 +0000	2016-04-15 15:10:07.000000 +0000	2012-07-06 00:00:00.000000 +0000	4c3d01c1d3279640eb97b08de449d8c8	Stripe		STRIPE TRANSFER	ach_q5pyGQoXVPPZxA			c	-1463/100	-1463/100	2016-04-15 15:32:58.000000 +0000
===== END
===== START
D	7ad5faf4d431d9ce2fdde7321f8bb853	b57af9a496f94596a0b2b3fda714b4d4	2016-04-15 15:32:58.000000 +0000	2016-04-15 15:32:58.000000 +0000	2012-07-06 00:00:00.000000 +0000	4c3d01c1d3279640eb97b08de449d8c8	Stripe	ach_q5pyGQoXVPPZxA	STRIPE TRANSFER				n	-1463/100	-1463/100	1970-01-01 00:00:00.000000 +0000
===== END
===== START
B	8551128e3c234825d466445454563265	4a2ddb7599db1d58e17e557eb64aa634	2016-04-15 15:32:58.000000 +0000	2016-04-15 15:10:07.000000 +0000	2012-07-20 00:00:00.000000 +0000	671d5e9f1aed530ee543e7593dbe4d56	Stripe		STRIPE TRANSFER	ach_pJxcOEEcRUGMBK			c	3011/100	3011/100	2016-04-15 15:10:07.000000 +0000
B	8551128e3c234825d466445454563265	0cfd7fddbc3ef41832082d57e93634c4	2016-04-15 15:32:58.000000 +0000	2016-04-15 15:10:07.000000 +0000	2012-07-20 00:00:00.000000 +0000	4c3d01c1d3279640eb97b08de449d8c8	Stripe		STRIPE TRANSFER	ach_pJxcOEEcRUGMBK			c	-3011/100	-3011/100	2016-04-15 15:20:35.000000 +0000
===== END
===== START
C	8551128e3c234825d466445454563265	4a2ddb7599db1d58e17e557eb64aa634	2016-04-15 15:32:58.000000 +0000	2016-04-15 15:10:07.000000 +0000	2012-07-20 00:00:00.000000 +0000	671d5e9f1aed530ee543e7593dbe4d56	Stripe		STRIPE TRANSFER	ach_pJxcOEEcRUGMBK			c	3011/100	3011/100	2016-04-15 15:10:07.000000 +0000
C	8551128e3c234825d466445454563265	0cfd7fddbc3ef41832082d57e93634c4	2016-04-15 15:32:58.000000 +0000	2016-04-15 15:10:07.000000 +0000	2012-07-20 00:00:00.000000 +0000	4c3d01c1d3279640eb97b08de449d8c8	Stripe		STRIPE TRANSFER	ach_pJxcOEEcRUGMBK			c	-3011/100	-3011/100	2016-04-15 15:32:58.000000 +0000
===== END
===== START
D	f45df2e69d1e5078deea74b1ec35dee9	227075da9fdc41772754a786e5c12671	2016-04-15 15:32:58.000000 +0000	2016-04-15 15:32:58.000000 +0000	2012-07-20 00:00:00.000000 +0000	4c3d01c1d3279640eb97b08de449d8c8	Stripe	ach_pJxcOEEcRUGMBK	STRIPE TRANSFER				n	-3011/100	-3011/100	1970-01-01 00:00:00.000000 +0000
===== END
===== START
B	7ae668c300f220f99a976a20f55e0152	d564d96c6d1935d8912354915f66d5be	2016-04-15 15:32:58.000000 +0000	2016-04-15 15:10:07.000000 +0000	2012-07-20 00:00:00.000000 +0000	671d5e9f1aed530ee543e7593dbe4d56	Stripe		STRIPE TRANSFER	ach_pqHe13Pd7flbOk			c	4102/100	4102/100	2016-04-15 15:10:07.000000 +0000
B	7ae668c300f220f99a976a20f55e0152	2bf94f0f7eba0351c9aad734ca81a991	2016-04-15 15:32:58.000000 +0000	2016-04-15 15:10:07.000000 +0000	2012-07-20 00:00:00.000000 +0000	4c3d01c1d3279640eb97b08de449d8c8	Stripe		STRIPE TRANSFER	ach_pqHe13Pd7flbOk			c	-4102/100	-4102/100	2016-04-15 15:20:35.000000 +0000
===== END
===== START
C	7ae668c300f220f99a976a20f55e0152	d564d96c6d1935d8912354915f66d5be	2016-04-15 15:32:58.000000 +0000	2016-04-15 15:10:07.000000 +0000	2012-07-20 00:00:00.000000 +0000	671d5e9f1aed530ee543e7593dbe4d56	Stripe		STRIPE TRANSFER	ach_pqHe13Pd7flbOk			c	4102/100	4102/100	2016-04-15 15:10:07.000000 +0000
C	7ae668c300f220f99a976a20f55e0152	2bf94f0f7eba0351c9aad734ca81a991	2016-04-15 15:32:58.000000 +0000	2016-04-15 15:10:07.000000 +0000	2012-07-20 00:00:00.000000 +0000	4c3d01c1d3279640eb97b08de449d8c8	Stripe		STRIPE TRANSFER	ach_pqHe13Pd7flbOk			c	-4102/100	-4102/100	2016-04-15 15:32:58.000000 +0000
===== END
===== START
D	1fa24d3c80846015124e4fd13b506bab	73e138938c487986735f59079b335b7f	2016-04-15 15:32:58.000000 +0000	2016-04-15 15:32:58.000000 +0000	2012-07-20 00:00:00.000000 +0000	4c3d01c1d3279640eb97b08de449d8c8	Stripe	ach_pqHe13Pd7flbOk	STRIPE TRANSFER				n	-4102/100	-4102/100	1970-01-01 00:00:00.000000 +0000
===== END
===== START
B	9e8d589fe1eb75555d0d1a0c748c9f33	aa51b19fac1898411446def1e0cf6c16	2016-04-15 15:32:58.000000 +0000	2016-04-15 15:10:07.000000 +0000	2012-07-27 00:00:00.000000 +0000	671d5e9f1aed530ee543e7593dbe4d56	Stripe		STRIPE TRANSFER	ach_HdHUooVuNzkX2i			c	4145/100	4145/100	2016-04-15 15:10:07.000000 +0000
B	9e8d589fe1eb75555d0d1a0c748c9f33	4b39d0539de8535fe305a0b3b04b18bc	2016-04-15 15:32:58.000000 +0000	2016-04-15 15:10:07.000000 +0000	2012-07-27 00:00:00.000000 +0000	4c3d01c1d3279640eb97b08de449d8c8	Stripe		STRIPE TRANSFER	ach_HdHUooVuNzkX2i			c	-4145/100	-4145/100	2016-04-15 15:20:35.000000 +0000
===== END
===== START
C	9e8d589fe1eb75555d0d1a0c748c9f33	aa51b19fac1898411446def1e0cf6c16	2016-04-15 15:32:58.000000 +0000	2016-04-15 15:10:07.000000 +0000	2012-07-27 00:00:00.000000 +0000	671d5e9f1aed530ee543e7593dbe4d56	Stripe		STRIPE TRANSFER	ach_HdHUooVuNzkX2i			c	4145/100	4145/100	2016-04-15 15:10:07.000000 +0000
C	9e8d589fe1eb75555d0d1a0c748c9f33	4b39d0539de8535fe305a0b3b04b18bc	2016-04-15 15:32:58.000000 +0000	2016-04-15 15:10:07.000000 +0000	2012-07-27 00:00:00.000000 +0000	4c3d01c1d3279640eb97b08de449d8c8	Stripe		STRIPE TRANSFER	ach_HdHUooVuNzkX2i			c	-4145/100	-4145/100	2016-04-15 15:32:58.000000 +0000
===== END
===== START
D	7026c3f4e1ce51bdcb3a41bcfa2c9dda	efb621055db46f23e9f20b4b64a3f022	2016-04-15 15:32:58.000000 +0000	2016-04-15 15:32:58.000000 +0000	2012-07-27 00:00:00.000000 +0000	4c3d01c1d3279640eb97b08de449d8c8	Stripe	ach_HdHUooVuNzkX2i	STRIPE TRANSFER				n	-4145/100	-4145/100	1970-01-01 00:00:00.000000 +0000
===== END
===== START
===== END
===== START
D	06405f53b9beccac140f4d59d614f850	50751ab3b810efd778f5984508b7096c	2016-04-15 15:33:25.000000 +0000	2016-04-15 15:33:25.000000 +0000	2016-04-15 00:00:00.000000 +0000								n	0/1	0/100	1970-01-01 00:00:00.000000 +0000
===== END
