mod	trans_guid	split_guid	time_now	date_entered	date_posted	acc_guid	acc_name	num	description	notes	memo	action	reconciled	amount	value	date_reconciled
-----------------
===== START
B	1297059d94ff47e047989c6e734b28a7	4eb8e434bd53cf0762985f345509a739	2016-04-15 15:17:47.000000 +0000	2016-04-15 14:45:12.000000 +0000	2012-06-22 00:00:00.000000 +0000	671d5e9f1aed530ee543e7593dbe4d56	Stripe	ach_TbWKItYNIPfqx9	STRIPE TRANSFER				c	32/100	32/100	2016-04-15 14:45:12.000000 +0000
B	1297059d94ff47e047989c6e734b28a7	76e7e66c222c895abd9082e1e166aab4	2016-04-15 15:17:47.000000 +0000	2016-04-15 14:45:12.000000 +0000	2012-06-22 00:00:00.000000 +0000	4c3d01c1d3279640eb97b08de449d8c8	Stripe	ach_TbWKItYNIPfqx9	STRIPE TRANSFER				n	-32/100	-32/100	1970-01-01 00:00:00.000000 +0000
===== END
===== START
C	1297059d94ff47e047989c6e734b28a7	4eb8e434bd53cf0762985f345509a739	2016-04-15 15:17:47.000000 +0000	2016-04-15 14:45:12.000000 +0000	2012-06-22 00:00:00.000000 +0000	671d5e9f1aed530ee543e7593dbe4d56	Stripe	ach_TbWKItYNIPfqx9	STRIPE TRANSFER				c	32/100	32/100	2016-04-15 14:45:12.000000 +0000
C	1297059d94ff47e047989c6e734b28a7	76e7e66c222c895abd9082e1e166aab4	2016-04-15 15:17:47.000000 +0000	2016-04-15 14:45:12.000000 +0000	2012-06-22 00:00:00.000000 +0000	4c3d01c1d3279640eb97b08de449d8c8	Stripe	ach_TbWKItYNIPfqx9	STRIPE TRANSFER				n	-32/100	-32/100	1970-01-01 00:00:00.000000 +0000
===== END
===== START
===== END
===== START
===== END
===== START
===== END
===== START
===== END
===== START
===== END
===== START
===== END
===== START
===== END
===== START
===== END
===== START
===== END
===== START
===== END
===== START
===== END
===== START
===== END
===== START
===== END
===== START
===== END
===== START
===== END
===== START
===== END
===== START
===== END
===== START
===== END
===== START
===== END
===== START
===== END
===== START
===== END
===== START
===== END
===== START
===== END
===== START
===== END
===== START
===== END
===== START
===== END
===== START
===== END
===== START
===== END
===== START
===== END
===== START
===== END
===== START
===== END
===== START
===== END
===== START
===== END
===== START
===== END
===== START
===== END
===== START
===== END
===== START
===== END
===== START
===== END
===== START
===== END
===== START
===== END
===== START
===== END
===== START
===== END
===== START
===== END
===== START
===== END
===== START
===== END
===== START
===== END
===== START
===== END
===== START
===== END
===== START
===== END
===== START
===== END
===== START
===== END
===== START
===== END
===== START
===== END
===== START
===== END
===== START
===== END
===== START
B	1297059d94ff47e047989c6e734b28a7	4eb8e434bd53cf0762985f345509a739	2016-04-15 15:20:35.000000 +0000	2016-04-15 14:45:12.000000 +0000	2012-06-22 00:00:00.000000 +0000	671d5e9f1aed530ee543e7593dbe4d56	Stripe	ach_TbWKItYNIPfqx9	STRIPE TRANSFER				c	32/100	32/100	2016-04-15 14:45:12.000000 +0000
B	1297059d94ff47e047989c6e734b28a7	76e7e66c222c895abd9082e1e166aab4	2016-04-15 15:20:35.000000 +0000	2016-04-15 14:45:12.000000 +0000	2012-06-22 00:00:00.000000 +0000	4c3d01c1d3279640eb97b08de449d8c8	Stripe	ach_TbWKItYNIPfqx9	STRIPE TRANSFER				n	-32/100	-32/100	1970-01-01 00:00:00.000000 +0000
===== END
===== START
C	1297059d94ff47e047989c6e734b28a7	4eb8e434bd53cf0762985f345509a739	2016-04-15 15:20:35.000000 +0000	2016-04-15 14:45:12.000000 +0000	2012-06-22 00:00:00.000000 +0000	671d5e9f1aed530ee543e7593dbe4d56	Stripe	ach_TbWKItYNIPfqx9	STRIPE TRANSFER				c	32/100	32/100	2016-04-15 14:45:12.000000 +0000
C	1297059d94ff47e047989c6e734b28a7	76e7e66c222c895abd9082e1e166aab4	2016-04-15 15:20:35.000000 +0000	2016-04-15 14:45:12.000000 +0000	2012-06-22 00:00:00.000000 +0000	4c3d01c1d3279640eb97b08de449d8c8	Stripe	ach_TbWKItYNIPfqx9	STRIPE TRANSFER				c	-32/100	-32/100	2016-04-15 15:20:35.000000 +0000
===== END
===== START
D	976623ec232b6157113b3fa08e539284	108ccc10ccef3bd50cf797c0dc3603f0	2016-04-15 15:20:35.000000 +0000	2016-04-15 15:20:35.000000 +0000	2012-06-22 00:00:00.000000 +0000	4c3d01c1d3279640eb97b08de449d8c8	Stripe	ach_TbWKItYNIPfqx9	STRIPE TRANSFER				n	-32/100	-32/100	1970-01-01 00:00:00.000000 +0000
===== END
===== START
B	a73ac30af836d8f83d9e3f45b54ad442	3a4da510e7b0005c398824aa412938d6	2016-04-15 15:20:35.000000 +0000	2016-04-15 14:45:12.000000 +0000	2012-06-29 00:00:00.000000 +0000	671d5e9f1aed530ee543e7593dbe4d56	Stripe	ach_jCijaSZpHvwilV	STRIPE TRANSFER				c	432/100	432/100	2016-04-15 14:45:12.000000 +0000
B	a73ac30af836d8f83d9e3f45b54ad442	7e2ab0aa4fb0c5b0dce1e9afbc078ced	2016-04-15 15:20:35.000000 +0000	2016-04-15 14:45:12.000000 +0000	2012-06-29 00:00:00.000000 +0000	4c3d01c1d3279640eb97b08de449d8c8	Stripe	ach_jCijaSZpHvwilV	STRIPE TRANSFER				n	-432/100	-432/100	1970-01-01 00:00:00.000000 +0000
===== END
===== START
C	a73ac30af836d8f83d9e3f45b54ad442	3a4da510e7b0005c398824aa412938d6	2016-04-15 15:20:35.000000 +0000	2016-04-15 14:45:12.000000 +0000	2012-06-29 00:00:00.000000 +0000	671d5e9f1aed530ee543e7593dbe4d56	Stripe	ach_jCijaSZpHvwilV	STRIPE TRANSFER				c	432/100	432/100	2016-04-15 14:45:12.000000 +0000
C	a73ac30af836d8f83d9e3f45b54ad442	7e2ab0aa4fb0c5b0dce1e9afbc078ced	2016-04-15 15:20:35.000000 +0000	2016-04-15 14:45:12.000000 +0000	2012-06-29 00:00:00.000000 +0000	4c3d01c1d3279640eb97b08de449d8c8	Stripe	ach_jCijaSZpHvwilV	STRIPE TRANSFER				c	-432/100	-432/100	2016-04-15 15:20:35.000000 +0000
===== END
===== START
D	c615b845bcd70be12f17e7df573eae11	5e178a95d84a33ef5acbba428f6fdb67	2016-04-15 15:20:35.000000 +0000	2016-04-15 15:20:35.000000 +0000	2012-06-29 00:00:00.000000 +0000	4c3d01c1d3279640eb97b08de449d8c8	Stripe	ach_jCijaSZpHvwilV	STRIPE TRANSFER				n	-432/100	-432/100	1970-01-01 00:00:00.000000 +0000
===== END
===== START
B	312fe4ea2f2f11f3e25d389270e062ac	1549c0abb5366c04e4eb5e624bad5a47	2016-04-15 15:20:35.000000 +0000	2016-04-15 15:10:07.000000 +0000	2012-07-06 00:00:00.000000 +0000	671d5e9f1aed530ee543e7593dbe4d56	Stripe		STRIPE TRANSFER	ach_q5pyGQoXVPPZxA			c	1463/100	1463/100	2016-04-15 15:10:07.000000 +0000
B	312fe4ea2f2f11f3e25d389270e062ac	ad2ff5062c6ea31fa66a59923f619d79	2016-04-15 15:20:35.000000 +0000	2016-04-15 15:10:07.000000 +0000	2012-07-06 00:00:00.000000 +0000	4c3d01c1d3279640eb97b08de449d8c8	Stripe		STRIPE TRANSFER	ach_q5pyGQoXVPPZxA			n	-1463/100	-1463/100	1970-01-01 00:00:00.000000 +0000
===== END
===== START
C	312fe4ea2f2f11f3e25d389270e062ac	1549c0abb5366c04e4eb5e624bad5a47	2016-04-15 15:20:35.000000 +0000	2016-04-15 15:10:07.000000 +0000	2012-07-06 00:00:00.000000 +0000	671d5e9f1aed530ee543e7593dbe4d56	Stripe		STRIPE TRANSFER	ach_q5pyGQoXVPPZxA			c	1463/100	1463/100	2016-04-15 15:10:07.000000 +0000
C	312fe4ea2f2f11f3e25d389270e062ac	ad2ff5062c6ea31fa66a59923f619d79	2016-04-15 15:20:35.000000 +0000	2016-04-15 15:10:07.000000 +0000	2012-07-06 00:00:00.000000 +0000	4c3d01c1d3279640eb97b08de449d8c8	Stripe		STRIPE TRANSFER	ach_q5pyGQoXVPPZxA			c	-1463/100	-1463/100	2016-04-15 15:20:35.000000 +0000
===== END
===== START
D	b279c2553403ae4d6b2e5fdf0f1f6e22	c2b13b4b3e0a95cd112e61876cadfc8a	2016-04-15 15:20:35.000000 +0000	2016-04-15 15:20:35.000000 +0000	2012-07-06 00:00:00.000000 +0000	4c3d01c1d3279640eb97b08de449d8c8	Stripe	ach_q5pyGQoXVPPZxA	STRIPE TRANSFER				n	-1463/100	-1463/100	1970-01-01 00:00:00.000000 +0000
===== END
===== START
B	8551128e3c234825d466445454563265	4a2ddb7599db1d58e17e557eb64aa634	2016-04-15 15:20:35.000000 +0000	2016-04-15 15:10:07.000000 +0000	2012-07-20 00:00:00.000000 +0000	671d5e9f1aed530ee543e7593dbe4d56	Stripe		STRIPE TRANSFER	ach_pJxcOEEcRUGMBK			c	3011/100	3011/100	2016-04-15 15:10:07.000000 +0000
B	8551128e3c234825d466445454563265	0cfd7fddbc3ef41832082d57e93634c4	2016-04-15 15:20:35.000000 +0000	2016-04-15 15:10:07.000000 +0000	2012-07-20 00:00:00.000000 +0000	4c3d01c1d3279640eb97b08de449d8c8	Stripe		STRIPE TRANSFER	ach_pJxcOEEcRUGMBK			n	-3011/100	-3011/100	1970-01-01 00:00:00.000000 +0000
===== END
===== START
C	8551128e3c234825d466445454563265	4a2ddb7599db1d58e17e557eb64aa634	2016-04-15 15:20:35.000000 +0000	2016-04-15 15:10:07.000000 +0000	2012-07-20 00:00:00.000000 +0000	671d5e9f1aed530ee543e7593dbe4d56	Stripe		STRIPE TRANSFER	ach_pJxcOEEcRUGMBK			c	3011/100	3011/100	2016-04-15 15:10:07.000000 +0000
C	8551128e3c234825d466445454563265	0cfd7fddbc3ef41832082d57e93634c4	2016-04-15 15:20:35.000000 +0000	2016-04-15 15:10:07.000000 +0000	2012-07-20 00:00:00.000000 +0000	4c3d01c1d3279640eb97b08de449d8c8	Stripe		STRIPE TRANSFER	ach_pJxcOEEcRUGMBK			c	-3011/100	-3011/100	2016-04-15 15:20:35.000000 +0000
===== END
===== START
D	b2fe2d7c7c6ff7f0c92d0ed6d9abac21	bc362e37417580dde8f782500885a7c7	2016-04-15 15:20:35.000000 +0000	2016-04-15 15:20:35.000000 +0000	2012-07-20 00:00:00.000000 +0000	4c3d01c1d3279640eb97b08de449d8c8	Stripe	ach_pJxcOEEcRUGMBK	STRIPE TRANSFER				n	-3011/100	-3011/100	1970-01-01 00:00:00.000000 +0000
===== END
===== START
B	7ae668c300f220f99a976a20f55e0152	d564d96c6d1935d8912354915f66d5be	2016-04-15 15:20:35.000000 +0000	2016-04-15 15:10:07.000000 +0000	2012-07-20 00:00:00.000000 +0000	671d5e9f1aed530ee543e7593dbe4d56	Stripe		STRIPE TRANSFER	ach_pqHe13Pd7flbOk			c	4102/100	4102/100	2016-04-15 15:10:07.000000 +0000
B	7ae668c300f220f99a976a20f55e0152	2bf94f0f7eba0351c9aad734ca81a991	2016-04-15 15:20:35.000000 +0000	2016-04-15 15:10:07.000000 +0000	2012-07-20 00:00:00.000000 +0000	4c3d01c1d3279640eb97b08de449d8c8	Stripe		STRIPE TRANSFER	ach_pqHe13Pd7flbOk			n	-4102/100	-4102/100	1970-01-01 00:00:00.000000 +0000
===== END
===== START
C	7ae668c300f220f99a976a20f55e0152	d564d96c6d1935d8912354915f66d5be	2016-04-15 15:20:35.000000 +0000	2016-04-15 15:10:07.000000 +0000	2012-07-20 00:00:00.000000 +0000	671d5e9f1aed530ee543e7593dbe4d56	Stripe		STRIPE TRANSFER	ach_pqHe13Pd7flbOk			c	4102/100	4102/100	2016-04-15 15:10:07.000000 +0000
C	7ae668c300f220f99a976a20f55e0152	2bf94f0f7eba0351c9aad734ca81a991	2016-04-15 15:20:35.000000 +0000	2016-04-15 15:10:07.000000 +0000	2012-07-20 00:00:00.000000 +0000	4c3d01c1d3279640eb97b08de449d8c8	Stripe		STRIPE TRANSFER	ach_pqHe13Pd7flbOk			c	-4102/100	-4102/100	2016-04-15 15:20:35.000000 +0000
===== END
===== START
D	2f08f664b69128bba1483dfe8f671834	851c48b6a2b3870ff7eb29b6b410a69a	2016-04-15 15:20:35.000000 +0000	2016-04-15 15:20:35.000000 +0000	2012-07-20 00:00:00.000000 +0000	4c3d01c1d3279640eb97b08de449d8c8	Stripe	ach_pqHe13Pd7flbOk	STRIPE TRANSFER				n	-4102/100	-4102/100	1970-01-01 00:00:00.000000 +0000
===== END
===== START
B	9e8d589fe1eb75555d0d1a0c748c9f33	aa51b19fac1898411446def1e0cf6c16	2016-04-15 15:20:35.000000 +0000	2016-04-15 15:10:07.000000 +0000	2012-07-27 00:00:00.000000 +0000	671d5e9f1aed530ee543e7593dbe4d56	Stripe		STRIPE TRANSFER	ach_HdHUooVuNzkX2i			c	4145/100	4145/100	2016-04-15 15:10:07.000000 +0000
B	9e8d589fe1eb75555d0d1a0c748c9f33	4b39d0539de8535fe305a0b3b04b18bc	2016-04-15 15:20:35.000000 +0000	2016-04-15 15:10:07.000000 +0000	2012-07-27 00:00:00.000000 +0000	4c3d01c1d3279640eb97b08de449d8c8	Stripe		STRIPE TRANSFER	ach_HdHUooVuNzkX2i			n	-4145/100	-4145/100	1970-01-01 00:00:00.000000 +0000
===== END
===== START
C	9e8d589fe1eb75555d0d1a0c748c9f33	aa51b19fac1898411446def1e0cf6c16	2016-04-15 15:20:35.000000 +0000	2016-04-15 15:10:07.000000 +0000	2012-07-27 00:00:00.000000 +0000	671d5e9f1aed530ee543e7593dbe4d56	Stripe		STRIPE TRANSFER	ach_HdHUooVuNzkX2i			c	4145/100	4145/100	2016-04-15 15:10:07.000000 +0000
C	9e8d589fe1eb75555d0d1a0c748c9f33	4b39d0539de8535fe305a0b3b04b18bc	2016-04-15 15:20:35.000000 +0000	2016-04-15 15:10:07.000000 +0000	2012-07-27 00:00:00.000000 +0000	4c3d01c1d3279640eb97b08de449d8c8	Stripe		STRIPE TRANSFER	ach_HdHUooVuNzkX2i			c	-4145/100	-4145/100	2016-04-15 15:20:35.000000 +0000
===== END
===== START
D	68bc614f66d7b7cef3175cd73c7407ac	ad8fe363e74fb992cee591b240e9dc0b	2016-04-15 15:20:35.000000 +0000	2016-04-15 15:20:35.000000 +0000	2012-07-27 00:00:00.000000 +0000	4c3d01c1d3279640eb97b08de449d8c8	Stripe	ach_HdHUooVuNzkX2i	STRIPE TRANSFER				n	-4145/100	-4145/100	1970-01-01 00:00:00.000000 +0000
===== END
===== START
B	aee365576797dcab025ad9ae7828de0d	cd1de874eedaa2bcfff60a2921de1674	2016-04-15 15:20:35.000000 +0000	2016-04-15 15:10:07.000000 +0000	2012-08-03 00:00:00.000000 +0000	671d5e9f1aed530ee543e7593dbe4d56	Stripe		STRIPE TRANSFER	ach_04XPDHmpytkKhh			c	5642/100	5642/100	2016-04-15 15:10:07.000000 +0000
B	aee365576797dcab025ad9ae7828de0d	a233d79f36143fd789db57924657b5c5	2016-04-15 15:20:35.000000 +0000	2016-04-15 15:10:07.000000 +0000	2012-08-03 00:00:00.000000 +0000	4c3d01c1d3279640eb97b08de449d8c8	Stripe		STRIPE TRANSFER	ach_04XPDHmpytkKhh			n	-5642/100	-5642/100	1970-01-01 00:00:00.000000 +0000
===== END
===== START
C	aee365576797dcab025ad9ae7828de0d	cd1de874eedaa2bcfff60a2921de1674	2016-04-15 15:20:35.000000 +0000	2016-04-15 15:10:07.000000 +0000	2012-08-03 00:00:00.000000 +0000	671d5e9f1aed530ee543e7593dbe4d56	Stripe		STRIPE TRANSFER	ach_04XPDHmpytkKhh			c	5642/100	5642/100	2016-04-15 15:10:07.000000 +0000
C	aee365576797dcab025ad9ae7828de0d	a233d79f36143fd789db57924657b5c5	2016-04-15 15:20:35.000000 +0000	2016-04-15 15:10:07.000000 +0000	2012-08-03 00:00:00.000000 +0000	4c3d01c1d3279640eb97b08de449d8c8	Stripe		STRIPE TRANSFER	ach_04XPDHmpytkKhh			c	-5642/100	-5642/100	2016-04-15 15:20:35.000000 +0000
===== END
===== START
D	610ec4ed14245a9d526767aed45d3242	9c76786898ccee3e14697c0c7cae7912	2016-04-15 15:20:35.000000 +0000	2016-04-15 15:20:35.000000 +0000	2012-08-03 00:00:00.000000 +0000	4c3d01c1d3279640eb97b08de449d8c8	Stripe	ach_04XPDHmpytkKhh	STRIPE TRANSFER				n	-5642/100	-5642/100	1970-01-01 00:00:00.000000 +0000
===== END
===== START
B	e50a4f5a18b8c18f8b64fe3b95a5236d	d62991c7495993185f6569678cb408c6	2016-04-15 15:20:35.000000 +0000	2016-04-15 15:10:07.000000 +0000	2012-08-10 00:00:00.000000 +0000	671d5e9f1aed530ee543e7593dbe4d56	Stripe		STRIPE TRANSFER	ach_07JPj6iDtJFPv1			c	2268/100	2268/100	2016-04-15 15:10:07.000000 +0000
B	e50a4f5a18b8c18f8b64fe3b95a5236d	e29c185b81bea314a6a7a010d818f087	2016-04-15 15:20:35.000000 +0000	2016-04-15 15:10:07.000000 +0000	2012-08-10 00:00:00.000000 +0000	4c3d01c1d3279640eb97b08de449d8c8	Stripe		STRIPE TRANSFER	ach_07JPj6iDtJFPv1			n	-2268/100	-2268/100	1970-01-01 00:00:00.000000 +0000
===== END
===== START
C	e50a4f5a18b8c18f8b64fe3b95a5236d	d62991c7495993185f6569678cb408c6	2016-04-15 15:20:35.000000 +0000	2016-04-15 15:10:07.000000 +0000	2012-08-10 00:00:00.000000 +0000	671d5e9f1aed530ee543e7593dbe4d56	Stripe		STRIPE TRANSFER	ach_07JPj6iDtJFPv1			c	2268/100	2268/100	2016-04-15 15:10:07.000000 +0000
C	e50a4f5a18b8c18f8b64fe3b95a5236d	e29c185b81bea314a6a7a010d818f087	2016-04-15 15:20:35.000000 +0000	2016-04-15 15:10:07.000000 +0000	2012-08-10 00:00:00.000000 +0000	4c3d01c1d3279640eb97b08de449d8c8	Stripe		STRIPE TRANSFER	ach_07JPj6iDtJFPv1			c	-2268/100	-2268/100	2016-04-15 15:20:35.000000 +0000
===== END
===== START
D	7435f4ad7a7b2e67df2df88df2758081	3ea9bf64ed3b177708eecceba616696a	2016-04-15 15:20:35.000000 +0000	2016-04-15 15:20:35.000000 +0000	2012-08-10 00:00:00.000000 +0000	4c3d01c1d3279640eb97b08de449d8c8	Stripe	ach_07JPj6iDtJFPv1	STRIPE TRANSFER				n	-2268/100	-2268/100	1970-01-01 00:00:00.000000 +0000
===== END
===== START
B	433e1a8e6d754f414ddb1f638c5a1aa0	8141ff4abfc58e331b25267f42b44b40	2016-04-15 15:20:35.000000 +0000	2016-04-15 15:10:07.000000 +0000	2012-08-17 00:00:00.000000 +0000	671d5e9f1aed530ee543e7593dbe4d56	Stripe		STRIPE TRANSFER	ach_09xsw6de5RPnUF			c	2455/100	2455/100	2016-04-15 15:10:07.000000 +0000
B	433e1a8e6d754f414ddb1f638c5a1aa0	81ed0782e8823d6754c41c98459029d4	2016-04-15 15:20:35.000000 +0000	2016-04-15 15:10:07.000000 +0000	2012-08-17 00:00:00.000000 +0000	4c3d01c1d3279640eb97b08de449d8c8	Stripe		STRIPE TRANSFER	ach_09xsw6de5RPnUF			n	-2455/100	-2455/100	1970-01-01 00:00:00.000000 +0000
===== END
===== START
C	433e1a8e6d754f414ddb1f638c5a1aa0	8141ff4abfc58e331b25267f42b44b40	2016-04-15 15:20:35.000000 +0000	2016-04-15 15:10:07.000000 +0000	2012-08-17 00:00:00.000000 +0000	671d5e9f1aed530ee543e7593dbe4d56	Stripe		STRIPE TRANSFER	ach_09xsw6de5RPnUF			c	2455/100	2455/100	2016-04-15 15:10:07.000000 +0000
C	433e1a8e6d754f414ddb1f638c5a1aa0	81ed0782e8823d6754c41c98459029d4	2016-04-15 15:20:35.000000 +0000	2016-04-15 15:10:07.000000 +0000	2012-08-17 00:00:00.000000 +0000	4c3d01c1d3279640eb97b08de449d8c8	Stripe		STRIPE TRANSFER	ach_09xsw6de5RPnUF			c	-2455/100	-2455/100	2016-04-15 15:20:35.000000 +0000
===== END
===== START
D	b9e87ee761bc5f51f0add4360ed33bcc	b7511b9392e500dec953bc1552de79d2	2016-04-15 15:20:35.000000 +0000	2016-04-15 15:20:35.000000 +0000	2012-08-17 00:00:00.000000 +0000	4c3d01c1d3279640eb97b08de449d8c8	Stripe	ach_09xsw6de5RPnUF	STRIPE TRANSFER				n	-2455/100	-2455/100	1970-01-01 00:00:00.000000 +0000
===== END
===== START
B	2af8d0f324c489dcdd0d96c65666728c	f7dd8b87870340c31e6ba60184c37785	2016-04-15 15:20:35.000000 +0000	2016-04-15 15:10:07.000000 +0000	2012-08-31 00:00:00.000000 +0000	671d5e9f1aed530ee543e7593dbe4d56	Stripe		STRIPE TRANSFER	ach_0F4OjexTt6FVaf			c	59/100	59/100	2016-04-15 15:10:07.000000 +0000
B	2af8d0f324c489dcdd0d96c65666728c	9cd22883ebec598985504d867412c372	2016-04-15 15:20:35.000000 +0000	2016-04-15 15:10:07.000000 +0000	2012-08-31 00:00:00.000000 +0000	4c3d01c1d3279640eb97b08de449d8c8	Stripe		STRIPE TRANSFER	ach_0F4OjexTt6FVaf			n	-59/100	-59/100	1970-01-01 00:00:00.000000 +0000
===== END
===== START
C	2af8d0f324c489dcdd0d96c65666728c	f7dd8b87870340c31e6ba60184c37785	2016-04-15 15:20:35.000000 +0000	2016-04-15 15:10:07.000000 +0000	2012-08-31 00:00:00.000000 +0000	671d5e9f1aed530ee543e7593dbe4d56	Stripe		STRIPE TRANSFER	ach_0F4OjexTt6FVaf			c	59/100	59/100	2016-04-15 15:10:07.000000 +0000
C	2af8d0f324c489dcdd0d96c65666728c	9cd22883ebec598985504d867412c372	2016-04-15 15:20:35.000000 +0000	2016-04-15 15:10:07.000000 +0000	2012-08-31 00:00:00.000000 +0000	4c3d01c1d3279640eb97b08de449d8c8	Stripe		STRIPE TRANSFER	ach_0F4OjexTt6FVaf			c	-59/100	-59/100	2016-04-15 15:20:35.000000 +0000
===== END
===== START
D	6222d8eec92d7372d88d423d5227f68b	f28627f3b535d5ed7ff36bc6b7c8b56d	2016-04-15 15:20:35.000000 +0000	2016-04-15 15:20:35.000000 +0000	2012-08-31 00:00:00.000000 +0000	4c3d01c1d3279640eb97b08de449d8c8	Stripe	ach_0F4OjexTt6FVaf	STRIPE TRANSFER				n	-59/100	-59/100	1970-01-01 00:00:00.000000 +0000
===== END
===== START
B	a55b478bb40b11412ce413c42a894f37	fc2d15e4cdb6cc1bc01f80e2959231e1	2016-04-15 15:20:35.000000 +0000	2016-04-15 15:10:07.000000 +0000	2012-09-20 00:00:00.000000 +0000	671d5e9f1aed530ee543e7593dbe4d56	Stripe		STRIPE TRANSFER	ach_0MW9VSXVkwMeqi			c	59/100	59/100	2016-04-15 15:10:07.000000 +0000
B	a55b478bb40b11412ce413c42a894f37	0feccc5af0fec1a1108ec58a571c18d8	2016-04-15 15:20:35.000000 +0000	2016-04-15 15:10:07.000000 +0000	2012-09-20 00:00:00.000000 +0000	4c3d01c1d3279640eb97b08de449d8c8	Stripe		STRIPE TRANSFER	ach_0MW9VSXVkwMeqi			n	-59/100	-59/100	1970-01-01 00:00:00.000000 +0000
===== END
===== START
C	a55b478bb40b11412ce413c42a894f37	fc2d15e4cdb6cc1bc01f80e2959231e1	2016-04-15 15:20:35.000000 +0000	2016-04-15 15:10:07.000000 +0000	2012-09-20 00:00:00.000000 +0000	671d5e9f1aed530ee543e7593dbe4d56	Stripe		STRIPE TRANSFER	ach_0MW9VSXVkwMeqi			c	59/100	59/100	2016-04-15 15:10:07.000000 +0000
C	a55b478bb40b11412ce413c42a894f37	0feccc5af0fec1a1108ec58a571c18d8	2016-04-15 15:20:35.000000 +0000	2016-04-15 15:10:07.000000 +0000	2012-09-20 00:00:00.000000 +0000	4c3d01c1d3279640eb97b08de449d8c8	Stripe		STRIPE TRANSFER	ach_0MW9VSXVkwMeqi			c	-59/100	-59/100	2016-04-15 15:20:35.000000 +0000
===== END
===== START
D	390aaf2fe87dd6895f1d2b9b921cf59e	14192665af6fc737e6d1bd628d783f0f	2016-04-15 15:20:35.000000 +0000	2016-04-15 15:20:35.000000 +0000	2012-09-20 00:00:00.000000 +0000	4c3d01c1d3279640eb97b08de449d8c8	Stripe	ach_0MW9VSXVkwMeqi	STRIPE TRANSFER				n	-59/100	-59/100	1970-01-01 00:00:00.000000 +0000
===== END
===== START
B	db8b72396f2e8bbefb2248a7190ce1ff	a04cbb9c72dcd3667031016e8c1bd633	2016-04-15 15:20:35.000000 +0000	2016-04-15 15:10:07.000000 +0000	2012-10-11 00:00:00.000000 +0000	671d5e9f1aed530ee543e7593dbe4d56	Stripe		STRIPE TRANSFER	ach_0UNRP7vrsRPi7e			c	59/100	59/100	2016-04-15 15:10:07.000000 +0000
B	db8b72396f2e8bbefb2248a7190ce1ff	7f9624529e24ca971ee5974b86eb8e88	2016-04-15 15:20:35.000000 +0000	2016-04-15 15:10:07.000000 +0000	2012-10-11 00:00:00.000000 +0000	4c3d01c1d3279640eb97b08de449d8c8	Stripe		STRIPE TRANSFER	ach_0UNRP7vrsRPi7e			n	-59/100	-59/100	1970-01-01 00:00:00.000000 +0000
===== END
===== START
C	db8b72396f2e8bbefb2248a7190ce1ff	a04cbb9c72dcd3667031016e8c1bd633	2016-04-15 15:20:35.000000 +0000	2016-04-15 15:10:07.000000 +0000	2012-10-11 00:00:00.000000 +0000	671d5e9f1aed530ee543e7593dbe4d56	Stripe		STRIPE TRANSFER	ach_0UNRP7vrsRPi7e			c	59/100	59/100	2016-04-15 15:10:07.000000 +0000
C	db8b72396f2e8bbefb2248a7190ce1ff	7f9624529e24ca971ee5974b86eb8e88	2016-04-15 15:20:35.000000 +0000	2016-04-15 15:10:07.000000 +0000	2012-10-11 00:00:00.000000 +0000	4c3d01c1d3279640eb97b08de449d8c8	Stripe		STRIPE TRANSFER	ach_0UNRP7vrsRPi7e			c	-59/100	-59/100	2016-04-15 15:20:35.000000 +0000
===== END
===== START
D	c94d14ac0d4c813e53b7d8142f2babce	d03e1113e622e23c60cad400f5641d3a	2016-04-15 15:20:35.000000 +0000	2016-04-15 15:20:35.000000 +0000	2012-10-11 00:00:00.000000 +0000	4c3d01c1d3279640eb97b08de449d8c8	Stripe	ach_0UNRP7vrsRPi7e	STRIPE TRANSFER				n	-59/100	-59/100	1970-01-01 00:00:00.000000 +0000
===== END
===== START
B	f00e59ebb95b616b31b77b7a86823abe	763fa5d13ee99bf35642cb46315f570b	2016-04-15 15:20:35.000000 +0000	2016-04-15 15:10:07.000000 +0000	2012-11-01 00:00:00.000000 +0000	671d5e9f1aed530ee543e7593dbe4d56	Stripe		STRIPE TRANSFER	ach_0cGGhTLBRm05j6			c	59/100	59/100	2016-04-15 15:10:07.000000 +0000
B	f00e59ebb95b616b31b77b7a86823abe	26736cb7bde41b6cb87b2b445544059b	2016-04-15 15:20:35.000000 +0000	2016-04-15 15:10:07.000000 +0000	2012-11-01 00:00:00.000000 +0000	4c3d01c1d3279640eb97b08de449d8c8	Stripe		STRIPE TRANSFER	ach_0cGGhTLBRm05j6			n	-59/100	-59/100	1970-01-01 00:00:00.000000 +0000
===== END
===== START
C	f00e59ebb95b616b31b77b7a86823abe	763fa5d13ee99bf35642cb46315f570b	2016-04-15 15:20:35.000000 +0000	2016-04-15 15:10:07.000000 +0000	2012-11-01 00:00:00.000000 +0000	671d5e9f1aed530ee543e7593dbe4d56	Stripe		STRIPE TRANSFER	ach_0cGGhTLBRm05j6			c	59/100	59/100	2016-04-15 15:10:07.000000 +0000
C	f00e59ebb95b616b31b77b7a86823abe	26736cb7bde41b6cb87b2b445544059b	2016-04-15 15:20:35.000000 +0000	2016-04-15 15:10:07.000000 +0000	2012-11-01 00:00:00.000000 +0000	4c3d01c1d3279640eb97b08de449d8c8	Stripe		STRIPE TRANSFER	ach_0cGGhTLBRm05j6			c	-59/100	-59/100	2016-04-15 15:20:35.000000 +0000
===== END
===== START
D	9901c423a9cb168df5bbe765157897e0	a22fceba229d1f9ab2b4fc5f4fc4615e	2016-04-15 15:20:35.000000 +0000	2016-04-15 15:20:35.000000 +0000	2012-11-01 00:00:00.000000 +0000	4c3d01c1d3279640eb97b08de449d8c8	Stripe	ach_0cGGhTLBRm05j6	STRIPE TRANSFER				n	-59/100	-59/100	1970-01-01 00:00:00.000000 +0000
===== END
===== START
B	2d0c4abc708115667bbd7023f81b65a1	9aa27ddc0879a46901ffefd1e0fc5410	2016-04-15 15:20:35.000000 +0000	2016-04-15 15:10:07.000000 +0000	2012-11-22 00:00:00.000000 +0000	671d5e9f1aed530ee543e7593dbe4d56	Stripe		STRIPE TRANSFER	ach_0k87E8g9vjaM6I			c	59/100	59/100	2016-04-15 15:10:07.000000 +0000
B	2d0c4abc708115667bbd7023f81b65a1	9835dba64b8b482a9cb68504ed6e96b3	2016-04-15 15:20:35.000000 +0000	2016-04-15 15:10:07.000000 +0000	2012-11-22 00:00:00.000000 +0000	4c3d01c1d3279640eb97b08de449d8c8	Stripe		STRIPE TRANSFER	ach_0k87E8g9vjaM6I			n	-59/100	-59/100	1970-01-01 00:00:00.000000 +0000
===== END
===== START
C	2d0c4abc708115667bbd7023f81b65a1	9aa27ddc0879a46901ffefd1e0fc5410	2016-04-15 15:20:35.000000 +0000	2016-04-15 15:10:07.000000 +0000	2012-11-22 00:00:00.000000 +0000	671d5e9f1aed530ee543e7593dbe4d56	Stripe		STRIPE TRANSFER	ach_0k87E8g9vjaM6I			c	59/100	59/100	2016-04-15 15:10:07.000000 +0000
C	2d0c4abc708115667bbd7023f81b65a1	9835dba64b8b482a9cb68504ed6e96b3	2016-04-15 15:20:35.000000 +0000	2016-04-15 15:10:07.000000 +0000	2012-11-22 00:00:00.000000 +0000	4c3d01c1d3279640eb97b08de449d8c8	Stripe		STRIPE TRANSFER	ach_0k87E8g9vjaM6I			c	-59/100	-59/100	2016-04-15 15:20:35.000000 +0000
===== END
===== START
D	00298aa177fda467ad1ae9b9e87fb7d7	a2dc1b0e3087de7cc6c679bdacc841a2	2016-04-15 15:20:35.000000 +0000	2016-04-15 15:20:35.000000 +0000	2012-11-22 00:00:00.000000 +0000	4c3d01c1d3279640eb97b08de449d8c8	Stripe	ach_0k87E8g9vjaM6I	STRIPE TRANSFER				n	-59/100	-59/100	1970-01-01 00:00:00.000000 +0000
===== END
===== START
B	cc5c523c09dafc341f68e366ff5a862d	7fc11edbac222839213bf5b4498e192e	2016-04-15 15:20:35.000000 +0000	2016-04-15 15:10:07.000000 +0000	2012-12-13 00:00:00.000000 +0000	671d5e9f1aed530ee543e7593dbe4d56	Stripe		STRIPE TRANSFER	ach_0rz4oYKE3qI0wm			c	59/100	59/100	2016-04-15 15:10:07.000000 +0000
B	cc5c523c09dafc341f68e366ff5a862d	a5314cb2cb245e18861d201adff5dc3c	2016-04-15 15:20:35.000000 +0000	2016-04-15 15:10:07.000000 +0000	2012-12-13 00:00:00.000000 +0000	4c3d01c1d3279640eb97b08de449d8c8	Stripe		STRIPE TRANSFER	ach_0rz4oYKE3qI0wm			n	-59/100	-59/100	1970-01-01 00:00:00.000000 +0000
===== END
===== START
C	cc5c523c09dafc341f68e366ff5a862d	7fc11edbac222839213bf5b4498e192e	2016-04-15 15:20:35.000000 +0000	2016-04-15 15:10:07.000000 +0000	2012-12-13 00:00:00.000000 +0000	671d5e9f1aed530ee543e7593dbe4d56	Stripe		STRIPE TRANSFER	ach_0rz4oYKE3qI0wm			c	59/100	59/100	2016-04-15 15:10:07.000000 +0000
C	cc5c523c09dafc341f68e366ff5a862d	a5314cb2cb245e18861d201adff5dc3c	2016-04-15 15:20:35.000000 +0000	2016-04-15 15:10:07.000000 +0000	2012-12-13 00:00:00.000000 +0000	4c3d01c1d3279640eb97b08de449d8c8	Stripe		STRIPE TRANSFER	ach_0rz4oYKE3qI0wm			c	-59/100	-59/100	2016-04-15 15:20:35.000000 +0000
===== END
===== START
D	d2635eedae0dfa7a57b4d63a53fdaf4b	9010108f451c192daf4a2913515ac8f0	2016-04-15 15:20:35.000000 +0000	2016-04-15 15:20:35.000000 +0000	2012-12-13 00:00:00.000000 +0000	4c3d01c1d3279640eb97b08de449d8c8	Stripe	ach_0rz4oYKE3qI0wm	STRIPE TRANSFER				n	-59/100	-59/100	1970-01-01 00:00:00.000000 +0000
===== END
===== START
B	0c70e0f8def4bb53c1171298561ee70b	a90b7a9996bd9269cddd3e3f4d59ddf9	2016-04-15 15:20:35.000000 +0000	2016-04-15 15:10:07.000000 +0000	2013-01-10 00:00:00.000000 +0000	671d5e9f1aed530ee543e7593dbe4d56	Stripe		STRIPE TRANSFER	ach_12TkK5NAgVL3Ew			c	59/100	59/100	2016-04-15 15:10:07.000000 +0000
B	0c70e0f8def4bb53c1171298561ee70b	be33f00cb44f43c3398293b3e7f017a4	2016-04-15 15:20:35.000000 +0000	2016-04-15 15:10:07.000000 +0000	2013-01-10 00:00:00.000000 +0000	4c3d01c1d3279640eb97b08de449d8c8	Stripe		STRIPE TRANSFER	ach_12TkK5NAgVL3Ew			n	-59/100	-59/100	1970-01-01 00:00:00.000000 +0000
===== END
===== START
C	0c70e0f8def4bb53c1171298561ee70b	a90b7a9996bd9269cddd3e3f4d59ddf9	2016-04-15 15:20:35.000000 +0000	2016-04-15 15:10:07.000000 +0000	2013-01-10 00:00:00.000000 +0000	671d5e9f1aed530ee543e7593dbe4d56	Stripe		STRIPE TRANSFER	ach_12TkK5NAgVL3Ew			c	59/100	59/100	2016-04-15 15:10:07.000000 +0000
C	0c70e0f8def4bb53c1171298561ee70b	be33f00cb44f43c3398293b3e7f017a4	2016-04-15 15:20:35.000000 +0000	2016-04-15 15:10:07.000000 +0000	2013-01-10 00:00:00.000000 +0000	4c3d01c1d3279640eb97b08de449d8c8	Stripe		STRIPE TRANSFER	ach_12TkK5NAgVL3Ew			c	-59/100	-59/100	2016-04-15 15:20:35.000000 +0000
===== END
===== START
D	84385d4aef0dad0f9f4f2e607149cea1	d11520055a50ebcbada2756afcba90cc	2016-04-15 15:20:35.000000 +0000	2016-04-15 15:20:35.000000 +0000	2013-01-10 00:00:00.000000 +0000	4c3d01c1d3279640eb97b08de449d8c8	Stripe	ach_12TkK5NAgVL3Ew	STRIPE TRANSFER				n	-59/100	-59/100	1970-01-01 00:00:00.000000 +0000
===== END
===== START
B	446a0e68e1d0dd2d2428284b345abd24	037577cb8e2f281a3da6fe2e62e4d4a6	2016-04-15 15:20:35.000000 +0000	2016-04-15 15:10:07.000000 +0000	2013-01-31 00:00:00.000000 +0000	671d5e9f1aed530ee543e7593dbe4d56	Stripe		STRIPE TRANSFER	ach_1AMHaakfcPczbe			c	59/100	59/100	2016-04-15 15:10:07.000000 +0000
B	446a0e68e1d0dd2d2428284b345abd24	50ee8acb3be2163816bee69c84bdb1c4	2016-04-15 15:20:35.000000 +0000	2016-04-15 15:10:07.000000 +0000	2013-01-31 00:00:00.000000 +0000	4c3d01c1d3279640eb97b08de449d8c8	Stripe		STRIPE TRANSFER	ach_1AMHaakfcPczbe			n	-59/100	-59/100	1970-01-01 00:00:00.000000 +0000
===== END
===== START
C	446a0e68e1d0dd2d2428284b345abd24	037577cb8e2f281a3da6fe2e62e4d4a6	2016-04-15 15:20:35.000000 +0000	2016-04-15 15:10:07.000000 +0000	2013-01-31 00:00:00.000000 +0000	671d5e9f1aed530ee543e7593dbe4d56	Stripe		STRIPE TRANSFER	ach_1AMHaakfcPczbe			c	59/100	59/100	2016-04-15 15:10:07.000000 +0000
C	446a0e68e1d0dd2d2428284b345abd24	50ee8acb3be2163816bee69c84bdb1c4	2016-04-15 15:20:35.000000 +0000	2016-04-15 15:10:07.000000 +0000	2013-01-31 00:00:00.000000 +0000	4c3d01c1d3279640eb97b08de449d8c8	Stripe		STRIPE TRANSFER	ach_1AMHaakfcPczbe			c	-59/100	-59/100	2016-04-15 15:20:35.000000 +0000
===== END
===== START
D	1d29c548ba228b76ba22b2c66fbb3b92	e892853b426418550eb985d2e600b8be	2016-04-15 15:20:35.000000 +0000	2016-04-15 15:20:35.000000 +0000	2013-01-31 00:00:00.000000 +0000	4c3d01c1d3279640eb97b08de449d8c8	Stripe	ach_1AMHaakfcPczbe	STRIPE TRANSFER				n	-59/100	-59/100	1970-01-01 00:00:00.000000 +0000
===== END
===== START
B	261a5587a58de47f7cb15954d4d39328	37d0c323d1651154562aa53fe4976cc9	2016-04-15 15:20:35.000000 +0000	2016-04-15 15:10:07.000000 +0000	2013-02-21 00:00:00.000000 +0000	671d5e9f1aed530ee543e7593dbe4d56	Stripe		STRIPE TRANSFER	tr_1ID3mTT1l85B8J			c	59/100	59/100	2016-04-15 15:10:07.000000 +0000
B	261a5587a58de47f7cb15954d4d39328	5f8c0555f549481f65c526922ff17a9a	2016-04-15 15:20:35.000000 +0000	2016-04-15 15:10:07.000000 +0000	2013-02-21 00:00:00.000000 +0000	4c3d01c1d3279640eb97b08de449d8c8	Stripe		STRIPE TRANSFER	tr_1ID3mTT1l85B8J			n	-59/100	-59/100	1970-01-01 00:00:00.000000 +0000
===== END
===== START
C	261a5587a58de47f7cb15954d4d39328	37d0c323d1651154562aa53fe4976cc9	2016-04-15 15:20:35.000000 +0000	2016-04-15 15:10:07.000000 +0000	2013-02-21 00:00:00.000000 +0000	671d5e9f1aed530ee543e7593dbe4d56	Stripe		STRIPE TRANSFER	tr_1ID3mTT1l85B8J			c	59/100	59/100	2016-04-15 15:10:07.000000 +0000
C	261a5587a58de47f7cb15954d4d39328	5f8c0555f549481f65c526922ff17a9a	2016-04-15 15:20:35.000000 +0000	2016-04-15 15:10:07.000000 +0000	2013-02-21 00:00:00.000000 +0000	4c3d01c1d3279640eb97b08de449d8c8	Stripe		STRIPE TRANSFER	tr_1ID3mTT1l85B8J			c	-59/100	-59/100	2016-04-15 15:20:35.000000 +0000
===== END
===== START
D	359a8266eaa2cc7661c00e0618e79d32	b2da84168e684c10e4e965acb18bfd9a	2016-04-15 15:20:35.000000 +0000	2016-04-15 15:20:35.000000 +0000	2013-02-21 00:00:00.000000 +0000	4c3d01c1d3279640eb97b08de449d8c8	Stripe	tr_1ID3mTT1l85B8J	STRIPE TRANSFER				n	-59/100	-59/100	1970-01-01 00:00:00.000000 +0000
===== END
===== START
B	4ef01f59d0aa07266e0b6e8208ba5c11	a5ff6d0ed55b2984459529fd5fe53482	2016-04-15 15:20:35.000000 +0000	2016-04-15 15:10:07.000000 +0000	2013-03-21 00:00:00.000000 +0000	671d5e9f1aed530ee543e7593dbe4d56	Stripe		STRIPE TRANSFER	tr_1SiCTASa1awRMc			c	59/100	59/100	2016-04-15 15:10:07.000000 +0000
B	4ef01f59d0aa07266e0b6e8208ba5c11	d7016dfad19ece37f5ed8205972ccdf3	2016-04-15 15:20:35.000000 +0000	2016-04-15 15:10:07.000000 +0000	2013-03-21 00:00:00.000000 +0000	4c3d01c1d3279640eb97b08de449d8c8	Stripe		STRIPE TRANSFER	tr_1SiCTASa1awRMc			n	-59/100	-59/100	1970-01-01 00:00:00.000000 +0000
===== END
===== START
C	4ef01f59d0aa07266e0b6e8208ba5c11	a5ff6d0ed55b2984459529fd5fe53482	2016-04-15 15:20:35.000000 +0000	2016-04-15 15:10:07.000000 +0000	2013-03-21 00:00:00.000000 +0000	671d5e9f1aed530ee543e7593dbe4d56	Stripe		STRIPE TRANSFER	tr_1SiCTASa1awRMc			c	59/100	59/100	2016-04-15 15:10:07.000000 +0000
C	4ef01f59d0aa07266e0b6e8208ba5c11	d7016dfad19ece37f5ed8205972ccdf3	2016-04-15 15:20:35.000000 +0000	2016-04-15 15:10:07.000000 +0000	2013-03-21 00:00:00.000000 +0000	4c3d01c1d3279640eb97b08de449d8c8	Stripe		STRIPE TRANSFER	tr_1SiCTASa1awRMc			c	-59/100	-59/100	2016-04-15 15:20:35.000000 +0000
===== END
===== START
D	00ebebd9cdda8fb6bc30605b9cd306fc	efc9b9d2ca40ee11c4fde635a6664e2d	2016-04-15 15:20:35.000000 +0000	2016-04-15 15:20:35.000000 +0000	2013-03-21 00:00:00.000000 +0000	4c3d01c1d3279640eb97b08de449d8c8	Stripe	tr_1SiCTASa1awRMc	STRIPE TRANSFER				n	-59/100	-59/100	1970-01-01 00:00:00.000000 +0000
===== END
===== START
B	246b950a64e35a82f9e04f81cbf40323	f770f4480ac8865bfe9d377d60e49884	2016-04-15 15:20:35.000000 +0000	2016-04-15 15:10:07.000000 +0000	2013-06-20 00:00:00.000000 +0000	671d5e9f1aed530ee543e7593dbe4d56	Stripe		STRIPE TRANSFER	tr_20ovxTY4GQQ6k5			c	59/100	59/100	2016-04-15 15:10:07.000000 +0000
B	246b950a64e35a82f9e04f81cbf40323	0e3528f262ede410a26454c9e3a28db0	2016-04-15 15:20:35.000000 +0000	2016-04-15 15:10:07.000000 +0000	2013-06-20 00:00:00.000000 +0000	4c3d01c1d3279640eb97b08de449d8c8	Stripe		STRIPE TRANSFER	tr_20ovxTY4GQQ6k5			n	-59/100	-59/100	1970-01-01 00:00:00.000000 +0000
===== END
===== START
C	246b950a64e35a82f9e04f81cbf40323	f770f4480ac8865bfe9d377d60e49884	2016-04-15 15:20:35.000000 +0000	2016-04-15 15:10:07.000000 +0000	2013-06-20 00:00:00.000000 +0000	671d5e9f1aed530ee543e7593dbe4d56	Stripe		STRIPE TRANSFER	tr_20ovxTY4GQQ6k5			c	59/100	59/100	2016-04-15 15:10:07.000000 +0000
C	246b950a64e35a82f9e04f81cbf40323	0e3528f262ede410a26454c9e3a28db0	2016-04-15 15:20:35.000000 +0000	2016-04-15 15:10:07.000000 +0000	2013-06-20 00:00:00.000000 +0000	4c3d01c1d3279640eb97b08de449d8c8	Stripe		STRIPE TRANSFER	tr_20ovxTY4GQQ6k5			c	-59/100	-59/100	2016-04-15 15:20:35.000000 +0000
===== END
===== START
D	3bda966cbb13d81e8b5189aa110a5867	87d587777ab71fdacd1e0ff567b5220f	2016-04-15 15:20:35.000000 +0000	2016-04-15 15:20:35.000000 +0000	2013-06-20 00:00:00.000000 +0000	4c3d01c1d3279640eb97b08de449d8c8	Stripe	tr_20ovxTY4GQQ6k5	STRIPE TRANSFER				n	-59/100	-59/100	1970-01-01 00:00:00.000000 +0000
===== END
===== START
B	299181232f077b2f73a3500bae92dfcd	67f40f3662ee16e0ab237ee8bc5074dd	2016-04-15 15:20:35.000000 +0000	2016-04-15 15:10:07.000000 +0000	2013-06-27 00:00:00.000000 +0000	671d5e9f1aed530ee543e7593dbe4d56	Stripe		STRIPE TRANSFER	tr_23ohzRAr49gwqR			c	59/100	59/100	2016-04-15 15:10:07.000000 +0000
B	299181232f077b2f73a3500bae92dfcd	ab4c2a44cfdc4743f4d7083e3ff33ba0	2016-04-15 15:20:35.000000 +0000	2016-04-15 15:10:07.000000 +0000	2013-06-27 00:00:00.000000 +0000	4c3d01c1d3279640eb97b08de449d8c8	Stripe		STRIPE TRANSFER	tr_23ohzRAr49gwqR			n	-59/100	-59/100	1970-01-01 00:00:00.000000 +0000
===== END
===== START
C	299181232f077b2f73a3500bae92dfcd	67f40f3662ee16e0ab237ee8bc5074dd	2016-04-15 15:20:35.000000 +0000	2016-04-15 15:10:07.000000 +0000	2013-06-27 00:00:00.000000 +0000	671d5e9f1aed530ee543e7593dbe4d56	Stripe		STRIPE TRANSFER	tr_23ohzRAr49gwqR			c	59/100	59/100	2016-04-15 15:10:07.000000 +0000
C	299181232f077b2f73a3500bae92dfcd	ab4c2a44cfdc4743f4d7083e3ff33ba0	2016-04-15 15:20:35.000000 +0000	2016-04-15 15:10:07.000000 +0000	2013-06-27 00:00:00.000000 +0000	4c3d01c1d3279640eb97b08de449d8c8	Stripe		STRIPE TRANSFER	tr_23ohzRAr49gwqR			c	-59/100	-59/100	2016-04-15 15:20:35.000000 +0000
===== END
===== START
D	8c473e0eb01972dd6a5958bc4da670f2	e9fe023dcede3f178b41a83dbc8b0454	2016-04-15 15:20:35.000000 +0000	2016-04-15 15:20:35.000000 +0000	2013-06-27 00:00:00.000000 +0000	4c3d01c1d3279640eb97b08de449d8c8	Stripe	tr_23ohzRAr49gwqR	STRIPE TRANSFER				n	-59/100	-59/100	1970-01-01 00:00:00.000000 +0000
===== END
===== START
B	d3e19ba7e052300782619ef4cd42bdf2	139bb851a90c317421a0a893336917a0	2016-04-15 15:20:35.000000 +0000	2016-04-15 15:10:07.000000 +0000	2013-07-04 00:00:00.000000 +0000	671d5e9f1aed530ee543e7593dbe4d56	Stripe		STRIPE TRANSFER	tr_2649EMF3PIjM3C			c	59/100	59/100	2016-04-15 15:10:07.000000 +0000
B	d3e19ba7e052300782619ef4cd42bdf2	4c8503fe3db4c5b105572aa2610a415e	2016-04-15 15:20:35.000000 +0000	2016-04-15 15:10:07.000000 +0000	2013-07-04 00:00:00.000000 +0000	4c3d01c1d3279640eb97b08de449d8c8	Stripe		STRIPE TRANSFER	tr_2649EMF3PIjM3C			n	-59/100	-59/100	1970-01-01 00:00:00.000000 +0000
===== END
===== START
C	d3e19ba7e052300782619ef4cd42bdf2	139bb851a90c317421a0a893336917a0	2016-04-15 15:20:35.000000 +0000	2016-04-15 15:10:07.000000 +0000	2013-07-04 00:00:00.000000 +0000	671d5e9f1aed530ee543e7593dbe4d56	Stripe		STRIPE TRANSFER	tr_2649EMF3PIjM3C			c	59/100	59/100	2016-04-15 15:10:07.000000 +0000
C	d3e19ba7e052300782619ef4cd42bdf2	4c8503fe3db4c5b105572aa2610a415e	2016-04-15 15:20:35.000000 +0000	2016-04-15 15:10:07.000000 +0000	2013-07-04 00:00:00.000000 +0000	4c3d01c1d3279640eb97b08de449d8c8	Stripe		STRIPE TRANSFER	tr_2649EMF3PIjM3C			c	-59/100	-59/100	2016-04-15 15:20:35.000000 +0000
===== END
===== START
D	2a35be985e9f2234e1e9b73c3018e7e7	e2af188e7ba3b78ccdbd0bbb80ca937c	2016-04-15 15:20:35.000000 +0000	2016-04-15 15:20:35.000000 +0000	2013-07-04 00:00:00.000000 +0000	4c3d01c1d3279640eb97b08de449d8c8	Stripe	tr_2649EMF3PIjM3C	STRIPE TRANSFER				n	-59/100	-59/100	1970-01-01 00:00:00.000000 +0000
===== END
===== START
B	32ab191357e6a21abac3f47fcd619354	b70f3a0c0d4a4e87711b57da5388975c	2016-04-15 15:20:35.000000 +0000	2016-04-15 15:10:07.000000 +0000	2013-07-11 00:00:00.000000 +0000	671d5e9f1aed530ee543e7593dbe4d56	Stripe		STRIPE TRANSFER	tr_28g4Bt63jsCjhn			c	62/100	62/100	2016-04-15 15:10:07.000000 +0000
B	32ab191357e6a21abac3f47fcd619354	40e6e363458ed0797d01b1691e3bf3bb	2016-04-15 15:20:35.000000 +0000	2016-04-15 15:10:07.000000 +0000	2013-07-11 00:00:00.000000 +0000	4c3d01c1d3279640eb97b08de449d8c8	Stripe		STRIPE TRANSFER	tr_28g4Bt63jsCjhn			n	-62/100	-62/100	1970-01-01 00:00:00.000000 +0000
===== END
===== START
C	32ab191357e6a21abac3f47fcd619354	b70f3a0c0d4a4e87711b57da5388975c	2016-04-15 15:20:35.000000 +0000	2016-04-15 15:10:07.000000 +0000	2013-07-11 00:00:00.000000 +0000	671d5e9f1aed530ee543e7593dbe4d56	Stripe		STRIPE TRANSFER	tr_28g4Bt63jsCjhn			c	62/100	62/100	2016-04-15 15:10:07.000000 +0000
C	32ab191357e6a21abac3f47fcd619354	40e6e363458ed0797d01b1691e3bf3bb	2016-04-15 15:20:35.000000 +0000	2016-04-15 15:10:07.000000 +0000	2013-07-11 00:00:00.000000 +0000	4c3d01c1d3279640eb97b08de449d8c8	Stripe		STRIPE TRANSFER	tr_28g4Bt63jsCjhn			c	-62/100	-62/100	2016-04-15 15:20:35.000000 +0000
===== END
===== START
D	b9b77329a4238d8930635928694aec2b	1cd710479d2ce4065eb954bef022a1ba	2016-04-15 15:20:35.000000 +0000	2016-04-15 15:20:35.000000 +0000	2013-07-11 00:00:00.000000 +0000	4c3d01c1d3279640eb97b08de449d8c8	Stripe	tr_28g4Bt63jsCjhn	STRIPE TRANSFER				n	-62/100	-62/100	1970-01-01 00:00:00.000000 +0000
===== END
===== START
B	27d3a8e5e3514fbc0c29cc4ab693f8aa	21639b1a0cec3508ff1a9fbfbeb6d9da	2016-04-15 15:20:35.000000 +0000	2016-04-15 15:10:07.000000 +0000	2013-07-18 00:00:00.000000 +0000	671d5e9f1aed530ee543e7593dbe4d56	Stripe		STRIPE TRANSFER	tr_2BJDWx4kSZsPiC			c	69/100	69/100	2016-04-15 15:10:07.000000 +0000
B	27d3a8e5e3514fbc0c29cc4ab693f8aa	101c38016c9412d72e9936c6d9e8094b	2016-04-15 15:20:35.000000 +0000	2016-04-15 15:10:07.000000 +0000	2013-07-18 00:00:00.000000 +0000	4c3d01c1d3279640eb97b08de449d8c8	Stripe		STRIPE TRANSFER	tr_2BJDWx4kSZsPiC			n	-69/100	-69/100	1970-01-01 00:00:00.000000 +0000
===== END
===== START
C	27d3a8e5e3514fbc0c29cc4ab693f8aa	21639b1a0cec3508ff1a9fbfbeb6d9da	2016-04-15 15:20:35.000000 +0000	2016-04-15 15:10:07.000000 +0000	2013-07-18 00:00:00.000000 +0000	671d5e9f1aed530ee543e7593dbe4d56	Stripe		STRIPE TRANSFER	tr_2BJDWx4kSZsPiC			c	69/100	69/100	2016-04-15 15:10:07.000000 +0000
C	27d3a8e5e3514fbc0c29cc4ab693f8aa	101c38016c9412d72e9936c6d9e8094b	2016-04-15 15:20:35.000000 +0000	2016-04-15 15:10:07.000000 +0000	2013-07-18 00:00:00.000000 +0000	4c3d01c1d3279640eb97b08de449d8c8	Stripe		STRIPE TRANSFER	tr_2BJDWx4kSZsPiC			c	-69/100	-69/100	2016-04-15 15:20:35.000000 +0000
===== END
===== START
D	065478bec1011bb03062fd0a7be761aa	440ecfef364cbf6f64fb2172fe86ff8b	2016-04-15 15:20:35.000000 +0000	2016-04-15 15:20:35.000000 +0000	2013-07-18 00:00:00.000000 +0000	4c3d01c1d3279640eb97b08de449d8c8	Stripe	tr_2BJDWx4kSZsPiC	STRIPE TRANSFER				n	-69/100	-69/100	1970-01-01 00:00:00.000000 +0000
===== END
===== START
B	57ba2e0d14c7bb1bd67295631415c883	99fb4fe1468ae8bc9c18c7acd0c3d9d0	2016-04-15 15:20:35.000000 +0000	2016-04-15 15:10:07.000000 +0000	2013-07-25 00:00:00.000000 +0000	671d5e9f1aed530ee543e7593dbe4d56	Stripe		STRIPE TRANSFER	tr_2DwYXAGyLT7Dp8			c	69/100	69/100	2016-04-15 15:10:07.000000 +0000
B	57ba2e0d14c7bb1bd67295631415c883	f33070bc3ac883cea8cca59642e9e82d	2016-04-15 15:20:35.000000 +0000	2016-04-15 15:10:07.000000 +0000	2013-07-25 00:00:00.000000 +0000	4c3d01c1d3279640eb97b08de449d8c8	Stripe		STRIPE TRANSFER	tr_2DwYXAGyLT7Dp8			n	-69/100	-69/100	1970-01-01 00:00:00.000000 +0000
===== END
===== START
C	57ba2e0d14c7bb1bd67295631415c883	99fb4fe1468ae8bc9c18c7acd0c3d9d0	2016-04-15 15:20:35.000000 +0000	2016-04-15 15:10:07.000000 +0000	2013-07-25 00:00:00.000000 +0000	671d5e9f1aed530ee543e7593dbe4d56	Stripe		STRIPE TRANSFER	tr_2DwYXAGyLT7Dp8			c	69/100	69/100	2016-04-15 15:10:07.000000 +0000
C	57ba2e0d14c7bb1bd67295631415c883	f33070bc3ac883cea8cca59642e9e82d	2016-04-15 15:20:35.000000 +0000	2016-04-15 15:10:07.000000 +0000	2013-07-25 00:00:00.000000 +0000	4c3d01c1d3279640eb97b08de449d8c8	Stripe		STRIPE TRANSFER	tr_2DwYXAGyLT7Dp8			c	-69/100	-69/100	2016-04-15 15:20:35.000000 +0000
===== END
===== START
D	5f2c62bb3a91e35ae80d6d750214fdbc	f2e84b123cf06b0a7768a71a1218465f	2016-04-15 15:20:35.000000 +0000	2016-04-15 15:20:35.000000 +0000	2013-07-25 00:00:00.000000 +0000	4c3d01c1d3279640eb97b08de449d8c8	Stripe	tr_2DwYXAGyLT7Dp8	STRIPE TRANSFER				n	-69/100	-69/100	1970-01-01 00:00:00.000000 +0000
===== END
===== START
B	f281670d509e19d479c64d3bd0135375	04709d6b57be42cc9cefa3056e507b12	2016-04-15 15:20:35.000000 +0000	2016-04-15 15:10:07.000000 +0000	2013-08-08 00:00:00.000000 +0000	671d5e9f1aed530ee543e7593dbe4d56	Stripe		STRIPE TRANSFER	tr_2Kfp8ql9ratAAY			c	65/100	65/100	2016-04-15 15:10:07.000000 +0000
B	f281670d509e19d479c64d3bd0135375	fe02a1638f1fd5e73de36fcbfe2e0706	2016-04-15 15:20:35.000000 +0000	2016-04-15 15:10:07.000000 +0000	2013-08-08 00:00:00.000000 +0000	4c3d01c1d3279640eb97b08de449d8c8	Stripe		STRIPE TRANSFER	tr_2Kfp8ql9ratAAY			n	-65/100	-65/100	1970-01-01 00:00:00.000000 +0000
===== END
===== START
C	f281670d509e19d479c64d3bd0135375	04709d6b57be42cc9cefa3056e507b12	2016-04-15 15:20:35.000000 +0000	2016-04-15 15:10:07.000000 +0000	2013-08-08 00:00:00.000000 +0000	671d5e9f1aed530ee543e7593dbe4d56	Stripe		STRIPE TRANSFER	tr_2Kfp8ql9ratAAY			c	65/100	65/100	2016-04-15 15:10:07.000000 +0000
C	f281670d509e19d479c64d3bd0135375	fe02a1638f1fd5e73de36fcbfe2e0706	2016-04-15 15:20:35.000000 +0000	2016-04-15 15:10:07.000000 +0000	2013-08-08 00:00:00.000000 +0000	4c3d01c1d3279640eb97b08de449d8c8	Stripe		STRIPE TRANSFER	tr_2Kfp8ql9ratAAY			c	-65/100	-65/100	2016-04-15 15:20:35.000000 +0000
===== END
===== START
D	8e2a6c5f17ba06b13c57b7152d491892	e4873bdb5e963ca584d89ce8d8eec60b	2016-04-15 15:20:35.000000 +0000	2016-04-15 15:20:35.000000 +0000	2013-08-08 00:00:00.000000 +0000	4c3d01c1d3279640eb97b08de449d8c8	Stripe	tr_2Kfp8ql9ratAAY	STRIPE TRANSFER				n	-65/100	-65/100	1970-01-01 00:00:00.000000 +0000
===== END
===== START
B	296e0c5681d7b7fd0496148634913985	bd4ee6f1042b81a078a2bcdcdd95998e	2016-04-15 15:20:35.000000 +0000	2016-04-15 15:10:07.000000 +0000	2013-08-15 00:00:00.000000 +0000	671d5e9f1aed530ee543e7593dbe4d56	Stripe		STRIPE TRANSFER	tr_2Nj8IZ1MopJp8J			c	72/100	72/100	2016-04-15 15:10:07.000000 +0000
B	296e0c5681d7b7fd0496148634913985	301c9443a9f535c3126e803e64b7ff7b	2016-04-15 15:20:35.000000 +0000	2016-04-15 15:10:07.000000 +0000	2013-08-15 00:00:00.000000 +0000	4c3d01c1d3279640eb97b08de449d8c8	Stripe		STRIPE TRANSFER	tr_2Nj8IZ1MopJp8J			n	-72/100	-72/100	1970-01-01 00:00:00.000000 +0000
===== END
===== START
C	296e0c5681d7b7fd0496148634913985	bd4ee6f1042b81a078a2bcdcdd95998e	2016-04-15 15:20:35.000000 +0000	2016-04-15 15:10:07.000000 +0000	2013-08-15 00:00:00.000000 +0000	671d5e9f1aed530ee543e7593dbe4d56	Stripe		STRIPE TRANSFER	tr_2Nj8IZ1MopJp8J			c	72/100	72/100	2016-04-15 15:10:07.000000 +0000
C	296e0c5681d7b7fd0496148634913985	301c9443a9f535c3126e803e64b7ff7b	2016-04-15 15:20:35.000000 +0000	2016-04-15 15:10:07.000000 +0000	2013-08-15 00:00:00.000000 +0000	4c3d01c1d3279640eb97b08de449d8c8	Stripe		STRIPE TRANSFER	tr_2Nj8IZ1MopJp8J			c	-72/100	-72/100	2016-04-15 15:20:35.000000 +0000
===== END
===== START
D	0c870566026378fa8a833a4923ce89ba	97c6c9e09ffd3e8a7cd716dfbc9462bd	2016-04-15 15:20:35.000000 +0000	2016-04-15 15:20:35.000000 +0000	2013-08-15 00:00:00.000000 +0000	4c3d01c1d3279640eb97b08de449d8c8	Stripe	tr_2Nj8IZ1MopJp8J	STRIPE TRANSFER				n	-72/100	-72/100	1970-01-01 00:00:00.000000 +0000
===== END
===== START
B	537631a4f57a5ce7881f6beee3352d37	f7bb4ca2d2ce1b7db57cdb792e42299a	2016-04-15 15:20:35.000000 +0000	2016-04-15 15:10:07.000000 +0000	2013-08-22 00:00:00.000000 +0000	671d5e9f1aed530ee543e7593dbe4d56	Stripe		STRIPE TRANSFER	tr_2QMtAYgfPuHzMc			c	72/100	72/100	2016-04-15 15:10:07.000000 +0000
B	537631a4f57a5ce7881f6beee3352d37	ad5a2e9c90030e071b702f067a571f2c	2016-04-15 15:20:35.000000 +0000	2016-04-15 15:10:07.000000 +0000	2013-08-22 00:00:00.000000 +0000	4c3d01c1d3279640eb97b08de449d8c8	Stripe		STRIPE TRANSFER	tr_2QMtAYgfPuHzMc			n	-72/100	-72/100	1970-01-01 00:00:00.000000 +0000
===== END
===== START
C	537631a4f57a5ce7881f6beee3352d37	f7bb4ca2d2ce1b7db57cdb792e42299a	2016-04-15 15:20:35.000000 +0000	2016-04-15 15:10:07.000000 +0000	2013-08-22 00:00:00.000000 +0000	671d5e9f1aed530ee543e7593dbe4d56	Stripe		STRIPE TRANSFER	tr_2QMtAYgfPuHzMc			c	72/100	72/100	2016-04-15 15:10:07.000000 +0000
C	537631a4f57a5ce7881f6beee3352d37	ad5a2e9c90030e071b702f067a571f2c	2016-04-15 15:20:35.000000 +0000	2016-04-15 15:10:07.000000 +0000	2013-08-22 00:00:00.000000 +0000	4c3d01c1d3279640eb97b08de449d8c8	Stripe		STRIPE TRANSFER	tr_2QMtAYgfPuHzMc			c	-72/100	-72/100	2016-04-15 15:20:35.000000 +0000
===== END
===== START
D	19025861eac6f96327b1b344058ba00b	7b9d7af0acecd48e49537332fc42fbb5	2016-04-15 15:20:35.000000 +0000	2016-04-15 15:20:35.000000 +0000	2013-08-22 00:00:00.000000 +0000	4c3d01c1d3279640eb97b08de449d8c8	Stripe	tr_2QMtAYgfPuHzMc	STRIPE TRANSFER				n	-72/100	-72/100	1970-01-01 00:00:00.000000 +0000
===== END
===== START
B	41e87230edf68a1520f5808a1920a5c7	fad60e2a1671084bf7ad118c4730a09f	2016-04-15 15:20:35.000000 +0000	2016-04-15 15:10:07.000000 +0000	2013-09-12 00:00:00.000000 +0000	671d5e9f1aed530ee543e7593dbe4d56	Stripe		STRIPE TRANSFER	tr_2YMCY1NpxiAzRv			c	64/100	64/100	2016-04-15 15:10:07.000000 +0000
B	41e87230edf68a1520f5808a1920a5c7	673e4a5d3036c0032c540792e1a0afef	2016-04-15 15:20:35.000000 +0000	2016-04-15 15:10:07.000000 +0000	2013-09-12 00:00:00.000000 +0000	4c3d01c1d3279640eb97b08de449d8c8	Stripe		STRIPE TRANSFER	tr_2YMCY1NpxiAzRv			n	-64/100	-64/100	1970-01-01 00:00:00.000000 +0000
===== END
===== START
C	41e87230edf68a1520f5808a1920a5c7	fad60e2a1671084bf7ad118c4730a09f	2016-04-15 15:20:35.000000 +0000	2016-04-15 15:10:07.000000 +0000	2013-09-12 00:00:00.000000 +0000	671d5e9f1aed530ee543e7593dbe4d56	Stripe		STRIPE TRANSFER	tr_2YMCY1NpxiAzRv			c	64/100	64/100	2016-04-15 15:10:07.000000 +0000
C	41e87230edf68a1520f5808a1920a5c7	673e4a5d3036c0032c540792e1a0afef	2016-04-15 15:20:35.000000 +0000	2016-04-15 15:10:07.000000 +0000	2013-09-12 00:00:00.000000 +0000	4c3d01c1d3279640eb97b08de449d8c8	Stripe		STRIPE TRANSFER	tr_2YMCY1NpxiAzRv			c	-64/100	-64/100	2016-04-15 15:20:35.000000 +0000
===== END
===== START
D	b96ebbe8663d0ec4d51a6f65e329f6e9	9f85e4fddbbe53209cf9490ab6d80e03	2016-04-15 15:20:35.000000 +0000	2016-04-15 15:20:35.000000 +0000	2013-09-12 00:00:00.000000 +0000	4c3d01c1d3279640eb97b08de449d8c8	Stripe	tr_2YMCY1NpxiAzRv	STRIPE TRANSFER				n	-64/100	-64/100	1970-01-01 00:00:00.000000 +0000
===== END
===== START
B	b18729ff031951c18e17d8cb6594ba2d	c6ac60e512361be615f0f3f80fbd50eb	2016-04-15 15:20:35.000000 +0000	2016-04-15 15:10:07.000000 +0000	2013-09-26 00:00:00.000000 +0000	671d5e9f1aed530ee543e7593dbe4d56	Stripe		STRIPE TRANSFER	tr_2dQj2HxycNgo2Y			c	59/100	59/100	2016-04-15 15:10:07.000000 +0000
B	b18729ff031951c18e17d8cb6594ba2d	6157ff401d80a0336350229c2b86211a	2016-04-15 15:20:35.000000 +0000	2016-04-15 15:10:07.000000 +0000	2013-09-26 00:00:00.000000 +0000	4c3d01c1d3279640eb97b08de449d8c8	Stripe		STRIPE TRANSFER	tr_2dQj2HxycNgo2Y			n	-59/100	-59/100	1970-01-01 00:00:00.000000 +0000
===== END
===== START
C	b18729ff031951c18e17d8cb6594ba2d	c6ac60e512361be615f0f3f80fbd50eb	2016-04-15 15:20:35.000000 +0000	2016-04-15 15:10:07.000000 +0000	2013-09-26 00:00:00.000000 +0000	671d5e9f1aed530ee543e7593dbe4d56	Stripe		STRIPE TRANSFER	tr_2dQj2HxycNgo2Y			c	59/100	59/100	2016-04-15 15:10:07.000000 +0000
C	b18729ff031951c18e17d8cb6594ba2d	6157ff401d80a0336350229c2b86211a	2016-04-15 15:20:35.000000 +0000	2016-04-15 15:10:07.000000 +0000	2013-09-26 00:00:00.000000 +0000	4c3d01c1d3279640eb97b08de449d8c8	Stripe		STRIPE TRANSFER	tr_2dQj2HxycNgo2Y			c	-59/100	-59/100	2016-04-15 15:20:35.000000 +0000
===== END
===== START
D	323367167ebe03352f9dab12c9b010f8	5f408aa58d5d90b93ebc5610a04dab20	2016-04-15 15:20:35.000000 +0000	2016-04-15 15:20:35.000000 +0000	2013-09-26 00:00:00.000000 +0000	4c3d01c1d3279640eb97b08de449d8c8	Stripe	tr_2dQj2HxycNgo2Y	STRIPE TRANSFER				n	-59/100	-59/100	1970-01-01 00:00:00.000000 +0000
===== END
===== START
B	0d0da7222b00b38061a797ce8060e8fb	66a9f6e8c4ce4cad0abb48d91faee100	2016-04-15 15:20:35.000000 +0000	2016-04-15 15:10:07.000000 +0000	2013-10-10 00:00:00.000000 +0000	671d5e9f1aed530ee543e7593dbe4d56	Stripe		STRIPE TRANSFER	tr_2ihTvFmAZF7R24			c	59/100	59/100	2016-04-15 15:10:07.000000 +0000
B	0d0da7222b00b38061a797ce8060e8fb	cd449c7bee2527d6d0da15d9bf1c943e	2016-04-15 15:20:35.000000 +0000	2016-04-15 15:10:07.000000 +0000	2013-10-10 00:00:00.000000 +0000	4c3d01c1d3279640eb97b08de449d8c8	Stripe		STRIPE TRANSFER	tr_2ihTvFmAZF7R24			n	-59/100	-59/100	1970-01-01 00:00:00.000000 +0000
===== END
===== START
C	0d0da7222b00b38061a797ce8060e8fb	66a9f6e8c4ce4cad0abb48d91faee100	2016-04-15 15:20:35.000000 +0000	2016-04-15 15:10:07.000000 +0000	2013-10-10 00:00:00.000000 +0000	671d5e9f1aed530ee543e7593dbe4d56	Stripe		STRIPE TRANSFER	tr_2ihTvFmAZF7R24			c	59/100	59/100	2016-04-15 15:10:07.000000 +0000
C	0d0da7222b00b38061a797ce8060e8fb	cd449c7bee2527d6d0da15d9bf1c943e	2016-04-15 15:20:35.000000 +0000	2016-04-15 15:10:07.000000 +0000	2013-10-10 00:00:00.000000 +0000	4c3d01c1d3279640eb97b08de449d8c8	Stripe		STRIPE TRANSFER	tr_2ihTvFmAZF7R24			c	-59/100	-59/100	2016-04-15 15:20:35.000000 +0000
===== END
===== START
D	f7f757ed5e651b0125dc1e26b9108ae0	852cb502bc80c231530cb6df0c61ffa7	2016-04-15 15:20:35.000000 +0000	2016-04-15 15:20:35.000000 +0000	2013-10-10 00:00:00.000000 +0000	4c3d01c1d3279640eb97b08de449d8c8	Stripe	tr_2ihTvFmAZF7R24	STRIPE TRANSFER				n	-59/100	-59/100	1970-01-01 00:00:00.000000 +0000
===== END
===== START
B	271b0540ac5118819c9be1b585408ac1	c2dcc2d5d6f8a810925e34cf06955052	2016-04-15 15:20:35.000000 +0000	2016-04-15 15:10:07.000000 +0000	2013-10-17 00:00:00.000000 +0000	671d5e9f1aed530ee543e7593dbe4d56	Stripe		STRIPE TRANSFER	tr_2lK2qxf8cCL4dd			c	59/100	59/100	2016-04-15 15:10:07.000000 +0000
B	271b0540ac5118819c9be1b585408ac1	f0f737384269d1cfac7cf385ffc982d0	2016-04-15 15:20:35.000000 +0000	2016-04-15 15:10:07.000000 +0000	2013-10-17 00:00:00.000000 +0000	4c3d01c1d3279640eb97b08de449d8c8	Stripe		STRIPE TRANSFER	tr_2lK2qxf8cCL4dd			n	-59/100	-59/100	1970-01-01 00:00:00.000000 +0000
===== END
===== START
C	271b0540ac5118819c9be1b585408ac1	c2dcc2d5d6f8a810925e34cf06955052	2016-04-15 15:20:35.000000 +0000	2016-04-15 15:10:07.000000 +0000	2013-10-17 00:00:00.000000 +0000	671d5e9f1aed530ee543e7593dbe4d56	Stripe		STRIPE TRANSFER	tr_2lK2qxf8cCL4dd			c	59/100	59/100	2016-04-15 15:10:07.000000 +0000
C	271b0540ac5118819c9be1b585408ac1	f0f737384269d1cfac7cf385ffc982d0	2016-04-15 15:20:35.000000 +0000	2016-04-15 15:10:07.000000 +0000	2013-10-17 00:00:00.000000 +0000	4c3d01c1d3279640eb97b08de449d8c8	Stripe		STRIPE TRANSFER	tr_2lK2qxf8cCL4dd			c	-59/100	-59/100	2016-04-15 15:20:35.000000 +0000
===== END
===== START
D	9b217e75367cbba8837d12ca3b5cc57f	2dc74ae5ee3ec53e175abfface75f52a	2016-04-15 15:20:35.000000 +0000	2016-04-15 15:20:35.000000 +0000	2013-10-17 00:00:00.000000 +0000	4c3d01c1d3279640eb97b08de449d8c8	Stripe	tr_2lK2qxf8cCL4dd	STRIPE TRANSFER				n	-59/100	-59/100	1970-01-01 00:00:00.000000 +0000
===== END
===== START
B	7f506948166166703d8fae80e72ed0da	2d5e9424c7a88133cee94c2afd7ae13c	2016-04-15 15:20:35.000000 +0000	2016-04-15 15:10:07.000000 +0000	2013-10-24 00:00:00.000000 +0000	671d5e9f1aed530ee543e7593dbe4d56	Stripe		STRIPE TRANSFER	tr_2nx5SrwWLC7oQq			c	59/100	59/100	2016-04-15 15:10:07.000000 +0000
B	7f506948166166703d8fae80e72ed0da	78d1c3295b0f61e87c16e9c5c557df69	2016-04-15 15:20:35.000000 +0000	2016-04-15 15:10:07.000000 +0000	2013-10-24 00:00:00.000000 +0000	4c3d01c1d3279640eb97b08de449d8c8	Stripe		STRIPE TRANSFER	tr_2nx5SrwWLC7oQq			n	-59/100	-59/100	1970-01-01 00:00:00.000000 +0000
===== END
===== START
C	7f506948166166703d8fae80e72ed0da	2d5e9424c7a88133cee94c2afd7ae13c	2016-04-15 15:20:35.000000 +0000	2016-04-15 15:10:07.000000 +0000	2013-10-24 00:00:00.000000 +0000	671d5e9f1aed530ee543e7593dbe4d56	Stripe		STRIPE TRANSFER	tr_2nx5SrwWLC7oQq			c	59/100	59/100	2016-04-15 15:10:07.000000 +0000
C	7f506948166166703d8fae80e72ed0da	78d1c3295b0f61e87c16e9c5c557df69	2016-04-15 15:20:35.000000 +0000	2016-04-15 15:10:07.000000 +0000	2013-10-24 00:00:00.000000 +0000	4c3d01c1d3279640eb97b08de449d8c8	Stripe		STRIPE TRANSFER	tr_2nx5SrwWLC7oQq			c	-59/100	-59/100	2016-04-15 15:20:35.000000 +0000
===== END
===== START
D	c82a2ebe4c26e7bec6045dd924387d34	2f60a690c8e52dd2d676b9615739fa12	2016-04-15 15:20:35.000000 +0000	2016-04-15 15:20:35.000000 +0000	2013-10-24 00:00:00.000000 +0000	4c3d01c1d3279640eb97b08de449d8c8	Stripe	tr_2nx5SrwWLC7oQq	STRIPE TRANSFER				n	-59/100	-59/100	1970-01-01 00:00:00.000000 +0000
===== END
===== START
B	0c5499e36bb26a5745877c6a6bd37318	591d3fc368a4d4762e5de32e90f9ef43	2016-04-15 15:20:35.000000 +0000	2016-04-15 15:10:07.000000 +0000	2013-10-31 00:00:00.000000 +0000	671d5e9f1aed530ee543e7593dbe4d56	Stripe		STRIPE TRANSFER	tr_2qc6BPoj9EnkCR			c	59/100	59/100	2016-04-15 15:10:07.000000 +0000
B	0c5499e36bb26a5745877c6a6bd37318	c922c2727a951229201033b3f7e99ce3	2016-04-15 15:20:35.000000 +0000	2016-04-15 15:10:07.000000 +0000	2013-10-31 00:00:00.000000 +0000	4c3d01c1d3279640eb97b08de449d8c8	Stripe		STRIPE TRANSFER	tr_2qc6BPoj9EnkCR			n	-59/100	-59/100	1970-01-01 00:00:00.000000 +0000
===== END
===== START
C	0c5499e36bb26a5745877c6a6bd37318	591d3fc368a4d4762e5de32e90f9ef43	2016-04-15 15:20:35.000000 +0000	2016-04-15 15:10:07.000000 +0000	2013-10-31 00:00:00.000000 +0000	671d5e9f1aed530ee543e7593dbe4d56	Stripe		STRIPE TRANSFER	tr_2qc6BPoj9EnkCR			c	59/100	59/100	2016-04-15 15:10:07.000000 +0000
C	0c5499e36bb26a5745877c6a6bd37318	c922c2727a951229201033b3f7e99ce3	2016-04-15 15:20:35.000000 +0000	2016-04-15 15:10:07.000000 +0000	2013-10-31 00:00:00.000000 +0000	4c3d01c1d3279640eb97b08de449d8c8	Stripe		STRIPE TRANSFER	tr_2qc6BPoj9EnkCR			c	-59/100	-59/100	2016-04-15 15:20:35.000000 +0000
===== END
===== START
D	23a4b77f23bfa3704f744fa02751ff71	ba7298cb3c3ea22d936bf1e7e199edab	2016-04-15 15:20:35.000000 +0000	2016-04-15 15:20:35.000000 +0000	2013-10-31 00:00:00.000000 +0000	4c3d01c1d3279640eb97b08de449d8c8	Stripe	tr_2qc6BPoj9EnkCR	STRIPE TRANSFER				n	-59/100	-59/100	1970-01-01 00:00:00.000000 +0000
===== END
===== START
B	c0d80a2e58de4ba72fad3742400a47d0	f4484f1830dd074e241f46a906a40691	2016-04-15 15:20:35.000000 +0000	2016-04-15 15:10:07.000000 +0000	2013-11-14 00:00:00.000000 +0000	671d5e9f1aed530ee543e7593dbe4d56	Stripe		STRIPE TRANSFER	tr_2vks0dMIVGpbHE			c	59/100	59/100	2016-04-15 15:10:07.000000 +0000
B	c0d80a2e58de4ba72fad3742400a47d0	d335a773578bc28738f02c0a382b49cf	2016-04-15 15:20:35.000000 +0000	2016-04-15 15:10:07.000000 +0000	2013-11-14 00:00:00.000000 +0000	4c3d01c1d3279640eb97b08de449d8c8	Stripe		STRIPE TRANSFER	tr_2vks0dMIVGpbHE			n	-59/100	-59/100	1970-01-01 00:00:00.000000 +0000
===== END
===== START
C	c0d80a2e58de4ba72fad3742400a47d0	f4484f1830dd074e241f46a906a40691	2016-04-15 15:20:35.000000 +0000	2016-04-15 15:10:07.000000 +0000	2013-11-14 00:00:00.000000 +0000	671d5e9f1aed530ee543e7593dbe4d56	Stripe		STRIPE TRANSFER	tr_2vks0dMIVGpbHE			c	59/100	59/100	2016-04-15 15:10:07.000000 +0000
C	c0d80a2e58de4ba72fad3742400a47d0	d335a773578bc28738f02c0a382b49cf	2016-04-15 15:20:35.000000 +0000	2016-04-15 15:10:07.000000 +0000	2013-11-14 00:00:00.000000 +0000	4c3d01c1d3279640eb97b08de449d8c8	Stripe		STRIPE TRANSFER	tr_2vks0dMIVGpbHE			c	-59/100	-59/100	2016-04-15 15:20:35.000000 +0000
===== END
===== START
D	fffc1b9ee58a1ee996734bdf8f97d41a	6c44c855d9a0f172a5806a988c3d2b6e	2016-04-15 15:20:35.000000 +0000	2016-04-15 15:20:35.000000 +0000	2013-11-14 00:00:00.000000 +0000	4c3d01c1d3279640eb97b08de449d8c8	Stripe	tr_2vks0dMIVGpbHE	STRIPE TRANSFER				n	-59/100	-59/100	1970-01-01 00:00:00.000000 +0000
===== END
===== START
B	854bb6e6fcccd0f88847b052b15eae72	53868cc04c2734164f5cbd1181eb0945	2016-04-15 15:20:35.000000 +0000	2016-04-15 15:10:07.000000 +0000	2013-11-21 00:00:00.000000 +0000	671d5e9f1aed530ee543e7593dbe4d56	Stripe		STRIPE TRANSFER	tr_2yO9tyMzTPc911			c	59/100	59/100	2016-04-15 15:10:07.000000 +0000
B	854bb6e6fcccd0f88847b052b15eae72	cef70bb78b587c43c839690e83d8a525	2016-04-15 15:20:35.000000 +0000	2016-04-15 15:10:07.000000 +0000	2013-11-21 00:00:00.000000 +0000	4c3d01c1d3279640eb97b08de449d8c8	Stripe		STRIPE TRANSFER	tr_2yO9tyMzTPc911			n	-59/100	-59/100	1970-01-01 00:00:00.000000 +0000
===== END
===== START
C	854bb6e6fcccd0f88847b052b15eae72	53868cc04c2734164f5cbd1181eb0945	2016-04-15 15:20:35.000000 +0000	2016-04-15 15:10:07.000000 +0000	2013-11-21 00:00:00.000000 +0000	671d5e9f1aed530ee543e7593dbe4d56	Stripe		STRIPE TRANSFER	tr_2yO9tyMzTPc911			c	59/100	59/100	2016-04-15 15:10:07.000000 +0000
C	854bb6e6fcccd0f88847b052b15eae72	cef70bb78b587c43c839690e83d8a525	2016-04-15 15:20:35.000000 +0000	2016-04-15 15:10:07.000000 +0000	2013-11-21 00:00:00.000000 +0000	4c3d01c1d3279640eb97b08de449d8c8	Stripe		STRIPE TRANSFER	tr_2yO9tyMzTPc911			c	-59/100	-59/100	2016-04-15 15:20:35.000000 +0000
===== END
===== START
D	fb6e2076812db49a451c8ce0cd4f581b	04af603786da5e0451792268dd06d76f	2016-04-15 15:20:35.000000 +0000	2016-04-15 15:20:35.000000 +0000	2013-11-21 00:00:00.000000 +0000	4c3d01c1d3279640eb97b08de449d8c8	Stripe	tr_2yO9tyMzTPc911	STRIPE TRANSFER				n	-59/100	-59/100	1970-01-01 00:00:00.000000 +0000
===== END
===== START
B	5ece47692bbd5063f54185030e82a69e	a15a75261c1936dbfddee5bc7155bf03	2016-04-15 15:20:35.000000 +0000	2016-04-15 15:10:07.000000 +0000	2013-12-12 00:00:00.000000 +0000	671d5e9f1aed530ee543e7593dbe4d56	Stripe		STRIPE TRANSFER	tr_36EvQXgGStssAk			c	59/100	59/100	2016-04-15 15:10:07.000000 +0000
B	5ece47692bbd5063f54185030e82a69e	fbedb7f54d048c6e4ca067a7108a3e54	2016-04-15 15:20:35.000000 +0000	2016-04-15 15:10:07.000000 +0000	2013-12-12 00:00:00.000000 +0000	4c3d01c1d3279640eb97b08de449d8c8	Stripe		STRIPE TRANSFER	tr_36EvQXgGStssAk			n	-59/100	-59/100	1970-01-01 00:00:00.000000 +0000
===== END
===== START
C	5ece47692bbd5063f54185030e82a69e	a15a75261c1936dbfddee5bc7155bf03	2016-04-15 15:20:35.000000 +0000	2016-04-15 15:10:07.000000 +0000	2013-12-12 00:00:00.000000 +0000	671d5e9f1aed530ee543e7593dbe4d56	Stripe		STRIPE TRANSFER	tr_36EvQXgGStssAk			c	59/100	59/100	2016-04-15 15:10:07.000000 +0000
C	5ece47692bbd5063f54185030e82a69e	fbedb7f54d048c6e4ca067a7108a3e54	2016-04-15 15:20:35.000000 +0000	2016-04-15 15:10:07.000000 +0000	2013-12-12 00:00:00.000000 +0000	4c3d01c1d3279640eb97b08de449d8c8	Stripe		STRIPE TRANSFER	tr_36EvQXgGStssAk			c	-59/100	-59/100	2016-04-15 15:20:35.000000 +0000
===== END
===== START
D	6688c3cfdda8c4940dc1262e6b3c8e15	acf2792f682f97d1a36093169d675442	2016-04-15 15:20:35.000000 +0000	2016-04-15 15:20:35.000000 +0000	2013-12-12 00:00:00.000000 +0000	4c3d01c1d3279640eb97b08de449d8c8	Stripe	tr_36EvQXgGStssAk	STRIPE TRANSFER				n	-59/100	-59/100	1970-01-01 00:00:00.000000 +0000
===== END
===== START
B	53d84ddcc68ba81b22fd7390aa71f0dd	6a453dc2b4cfd7cc95dcfcac05572764	2016-04-15 15:20:35.000000 +0000	2016-04-15 15:10:07.000000 +0000	2013-12-19 00:00:00.000000 +0000	671d5e9f1aed530ee543e7593dbe4d56	Stripe		STRIPE TRANSFER	tr_38rdqfPfjmwNfV			c	59/100	59/100	2016-04-15 15:10:07.000000 +0000
B	53d84ddcc68ba81b22fd7390aa71f0dd	c7d90fe150cb61c465e56c2a3e434c53	2016-04-15 15:20:35.000000 +0000	2016-04-15 15:10:07.000000 +0000	2013-12-19 00:00:00.000000 +0000	4c3d01c1d3279640eb97b08de449d8c8	Stripe		STRIPE TRANSFER	tr_38rdqfPfjmwNfV			n	-59/100	-59/100	1970-01-01 00:00:00.000000 +0000
===== END
===== START
C	53d84ddcc68ba81b22fd7390aa71f0dd	6a453dc2b4cfd7cc95dcfcac05572764	2016-04-15 15:20:35.000000 +0000	2016-04-15 15:10:07.000000 +0000	2013-12-19 00:00:00.000000 +0000	671d5e9f1aed530ee543e7593dbe4d56	Stripe		STRIPE TRANSFER	tr_38rdqfPfjmwNfV			c	59/100	59/100	2016-04-15 15:10:07.000000 +0000
C	53d84ddcc68ba81b22fd7390aa71f0dd	c7d90fe150cb61c465e56c2a3e434c53	2016-04-15 15:20:35.000000 +0000	2016-04-15 15:10:07.000000 +0000	2013-12-19 00:00:00.000000 +0000	4c3d01c1d3279640eb97b08de449d8c8	Stripe		STRIPE TRANSFER	tr_38rdqfPfjmwNfV			c	-59/100	-59/100	2016-04-15 15:20:35.000000 +0000
===== END
===== START
D	172fb74b678ed4fd0f42c0323acd12c5	76f96e0e5c8c60c6740e1a4f189a04bc	2016-04-15 15:20:35.000000 +0000	2016-04-15 15:20:35.000000 +0000	2013-12-19 00:00:00.000000 +0000	4c3d01c1d3279640eb97b08de449d8c8	Stripe	tr_38rdqfPfjmwNfV	STRIPE TRANSFER				n	-59/100	-59/100	1970-01-01 00:00:00.000000 +0000
===== END
===== START
B	b653c2782283d53ec03c2c5ad824a0cd	b01a921d3e4f1c768feb49f2c44e543d	2016-04-15 15:20:35.000000 +0000	2016-04-15 15:10:07.000000 +0000	2014-01-02 00:00:00.000000 +0000	671d5e9f1aed530ee543e7593dbe4d56	Stripe		STRIPE TRANSFER	tr_3E6CuOckwjTGXg			c	59/100	59/100	2016-04-15 15:10:07.000000 +0000
B	b653c2782283d53ec03c2c5ad824a0cd	af95bc6dac6edb70d053a460df711971	2016-04-15 15:20:35.000000 +0000	2016-04-15 15:10:07.000000 +0000	2014-01-02 00:00:00.000000 +0000	4c3d01c1d3279640eb97b08de449d8c8	Stripe		STRIPE TRANSFER	tr_3E6CuOckwjTGXg			n	-59/100	-59/100	1970-01-01 00:00:00.000000 +0000
===== END
===== START
C	b653c2782283d53ec03c2c5ad824a0cd	b01a921d3e4f1c768feb49f2c44e543d	2016-04-15 15:20:35.000000 +0000	2016-04-15 15:10:07.000000 +0000	2014-01-02 00:00:00.000000 +0000	671d5e9f1aed530ee543e7593dbe4d56	Stripe		STRIPE TRANSFER	tr_3E6CuOckwjTGXg			c	59/100	59/100	2016-04-15 15:10:07.000000 +0000
C	b653c2782283d53ec03c2c5ad824a0cd	af95bc6dac6edb70d053a460df711971	2016-04-15 15:20:35.000000 +0000	2016-04-15 15:10:07.000000 +0000	2014-01-02 00:00:00.000000 +0000	4c3d01c1d3279640eb97b08de449d8c8	Stripe		STRIPE TRANSFER	tr_3E6CuOckwjTGXg			c	-59/100	-59/100	2016-04-15 15:20:35.000000 +0000
===== END
===== START
D	517a4200bf8e6a505eea81e173e2650d	ab0408a9b01dea3cc31827ad60ea30fd	2016-04-15 15:20:35.000000 +0000	2016-04-15 15:20:35.000000 +0000	2014-01-02 00:00:00.000000 +0000	4c3d01c1d3279640eb97b08de449d8c8	Stripe	tr_3E6CuOckwjTGXg	STRIPE TRANSFER				n	-59/100	-59/100	1970-01-01 00:00:00.000000 +0000
===== END
===== START
B	fa04eb34e6841f0486c3cfcca9dee364	39ced84a3e84fce24355275dde38d7d8	2016-04-15 15:20:35.000000 +0000	2016-04-15 15:10:07.000000 +0000	2014-01-09 00:00:00.000000 +0000	671d5e9f1aed530ee543e7593dbe4d56	Stripe		STRIPE TRANSFER	tr_3GivRPvHNEQsfG			c	59/100	59/100	2016-04-15 15:10:07.000000 +0000
B	fa04eb34e6841f0486c3cfcca9dee364	8c02e6fb159d35c4e4446815bcc02267	2016-04-15 15:20:35.000000 +0000	2016-04-15 15:10:07.000000 +0000	2014-01-09 00:00:00.000000 +0000	4c3d01c1d3279640eb97b08de449d8c8	Stripe		STRIPE TRANSFER	tr_3GivRPvHNEQsfG			n	-59/100	-59/100	1970-01-01 00:00:00.000000 +0000
===== END
===== START
C	fa04eb34e6841f0486c3cfcca9dee364	39ced84a3e84fce24355275dde38d7d8	2016-04-15 15:20:35.000000 +0000	2016-04-15 15:10:07.000000 +0000	2014-01-09 00:00:00.000000 +0000	671d5e9f1aed530ee543e7593dbe4d56	Stripe		STRIPE TRANSFER	tr_3GivRPvHNEQsfG			c	59/100	59/100	2016-04-15 15:10:07.000000 +0000
C	fa04eb34e6841f0486c3cfcca9dee364	8c02e6fb159d35c4e4446815bcc02267	2016-04-15 15:20:35.000000 +0000	2016-04-15 15:10:07.000000 +0000	2014-01-09 00:00:00.000000 +0000	4c3d01c1d3279640eb97b08de449d8c8	Stripe		STRIPE TRANSFER	tr_3GivRPvHNEQsfG			c	-59/100	-59/100	2016-04-15 15:20:35.000000 +0000
===== END
===== START
D	f3dfc5ab85cc8e255a4291c711a98f18	977961065ef9a42662f0279cb2cd5c06	2016-04-15 15:20:35.000000 +0000	2016-04-15 15:20:35.000000 +0000	2014-01-09 00:00:00.000000 +0000	4c3d01c1d3279640eb97b08de449d8c8	Stripe	tr_3GivRPvHNEQsfG	STRIPE TRANSFER				n	-59/100	-59/100	1970-01-01 00:00:00.000000 +0000
===== END
===== START
B	95ab476ce82c8307d3b88e229a621aae	74ef520a376a8a7034104dc2ff850fb4	2016-04-15 15:20:35.000000 +0000	2016-04-15 15:10:07.000000 +0000	2014-01-16 00:00:00.000000 +0000	671d5e9f1aed530ee543e7593dbe4d56	Stripe		STRIPE TRANSFER	tr_3JMGgLLLjuNkep			c	59/100	59/100	2016-04-15 15:10:07.000000 +0000
B	95ab476ce82c8307d3b88e229a621aae	cf5b9b05fd8784ee0e63bb65ca27f15e	2016-04-15 15:20:35.000000 +0000	2016-04-15 15:10:07.000000 +0000	2014-01-16 00:00:00.000000 +0000	4c3d01c1d3279640eb97b08de449d8c8	Stripe		STRIPE TRANSFER	tr_3JMGgLLLjuNkep			n	-59/100	-59/100	1970-01-01 00:00:00.000000 +0000
===== END
===== START
C	95ab476ce82c8307d3b88e229a621aae	74ef520a376a8a7034104dc2ff850fb4	2016-04-15 15:20:35.000000 +0000	2016-04-15 15:10:07.000000 +0000	2014-01-16 00:00:00.000000 +0000	671d5e9f1aed530ee543e7593dbe4d56	Stripe		STRIPE TRANSFER	tr_3JMGgLLLjuNkep			c	59/100	59/100	2016-04-15 15:10:07.000000 +0000
C	95ab476ce82c8307d3b88e229a621aae	cf5b9b05fd8784ee0e63bb65ca27f15e	2016-04-15 15:20:35.000000 +0000	2016-04-15 15:10:07.000000 +0000	2014-01-16 00:00:00.000000 +0000	4c3d01c1d3279640eb97b08de449d8c8	Stripe		STRIPE TRANSFER	tr_3JMGgLLLjuNkep			c	-59/100	-59/100	2016-04-15 15:20:35.000000 +0000
===== END
===== START
D	f49b95cc7d2e06ed1c07522b4e13d700	40fabaf6ae1c9ee58ffa338bfc9abc32	2016-04-15 15:20:35.000000 +0000	2016-04-15 15:20:35.000000 +0000	2014-01-16 00:00:00.000000 +0000	4c3d01c1d3279640eb97b08de449d8c8	Stripe	tr_3JMGgLLLjuNkep	STRIPE TRANSFER				n	-59/100	-59/100	1970-01-01 00:00:00.000000 +0000
===== END
===== START
B	a081f15eb8bd09dbd62c7b1a9a0136a5	889ff1ae01a81def06bdaf27f75deadb	2016-04-15 15:20:35.000000 +0000	2016-04-15 15:10:07.000000 +0000	2014-01-30 00:00:00.000000 +0000	671d5e9f1aed530ee543e7593dbe4d56	Stripe		STRIPE TRANSFER	tr_3ObZkigm8UeJ6X			c	59/100	59/100	2016-04-15 15:10:07.000000 +0000
B	a081f15eb8bd09dbd62c7b1a9a0136a5	acd38a98c10c776fe117bd01c409a286	2016-04-15 15:20:35.000000 +0000	2016-04-15 15:10:07.000000 +0000	2014-01-30 00:00:00.000000 +0000	4c3d01c1d3279640eb97b08de449d8c8	Stripe		STRIPE TRANSFER	tr_3ObZkigm8UeJ6X			n	-59/100	-59/100	1970-01-01 00:00:00.000000 +0000
===== END
===== START
C	a081f15eb8bd09dbd62c7b1a9a0136a5	889ff1ae01a81def06bdaf27f75deadb	2016-04-15 15:20:35.000000 +0000	2016-04-15 15:10:07.000000 +0000	2014-01-30 00:00:00.000000 +0000	671d5e9f1aed530ee543e7593dbe4d56	Stripe		STRIPE TRANSFER	tr_3ObZkigm8UeJ6X			c	59/100	59/100	2016-04-15 15:10:07.000000 +0000
C	a081f15eb8bd09dbd62c7b1a9a0136a5	acd38a98c10c776fe117bd01c409a286	2016-04-15 15:20:35.000000 +0000	2016-04-15 15:10:07.000000 +0000	2014-01-30 00:00:00.000000 +0000	4c3d01c1d3279640eb97b08de449d8c8	Stripe		STRIPE TRANSFER	tr_3ObZkigm8UeJ6X			c	-59/100	-59/100	2016-04-15 15:20:35.000000 +0000
===== END
===== START
D	8a1fc858fbf7c9171291c20897f5e5be	bba359bfd58cc882b45912a805b85acd	2016-04-15 15:20:35.000000 +0000	2016-04-15 15:20:35.000000 +0000	2014-01-30 00:00:00.000000 +0000	4c3d01c1d3279640eb97b08de449d8c8	Stripe	tr_3ObZkigm8UeJ6X	STRIPE TRANSFER				n	-59/100	-59/100	1970-01-01 00:00:00.000000 +0000
===== END
===== START
B	e2afe64f736ebfb5205e88950199bcf9	0b257ef9f584fa3cfeb084e9deec4bca	2016-04-15 15:20:35.000000 +0000	2016-04-15 15:10:07.000000 +0000	2014-02-06 00:00:00.000000 +0000	671d5e9f1aed530ee543e7593dbe4d56	Stripe		STRIPE TRANSFER	tr_3RD3yIOKMDIhbc			c	59/100	59/100	2016-04-15 15:10:07.000000 +0000
B	e2afe64f736ebfb5205e88950199bcf9	5e641459410dedd80ab51dffd3f5cb99	2016-04-15 15:20:35.000000 +0000	2016-04-15 15:10:07.000000 +0000	2014-02-06 00:00:00.000000 +0000	4c3d01c1d3279640eb97b08de449d8c8	Stripe		STRIPE TRANSFER	tr_3RD3yIOKMDIhbc			n	-59/100	-59/100	1970-01-01 00:00:00.000000 +0000
===== END
===== START
C	e2afe64f736ebfb5205e88950199bcf9	0b257ef9f584fa3cfeb084e9deec4bca	2016-04-15 15:20:35.000000 +0000	2016-04-15 15:10:07.000000 +0000	2014-02-06 00:00:00.000000 +0000	671d5e9f1aed530ee543e7593dbe4d56	Stripe		STRIPE TRANSFER	tr_3RD3yIOKMDIhbc			c	59/100	59/100	2016-04-15 15:10:07.000000 +0000
C	e2afe64f736ebfb5205e88950199bcf9	5e641459410dedd80ab51dffd3f5cb99	2016-04-15 15:20:35.000000 +0000	2016-04-15 15:10:07.000000 +0000	2014-02-06 00:00:00.000000 +0000	4c3d01c1d3279640eb97b08de449d8c8	Stripe		STRIPE TRANSFER	tr_3RD3yIOKMDIhbc			c	-59/100	-59/100	2016-04-15 15:20:35.000000 +0000
===== END
===== START
D	13f62eb23244f4ec282ad034b6961df0	93fefdb9d14edc7254ae383548c6b2af	2016-04-15 15:20:35.000000 +0000	2016-04-15 15:20:35.000000 +0000	2014-02-06 00:00:00.000000 +0000	4c3d01c1d3279640eb97b08de449d8c8	Stripe	tr_3RD3yIOKMDIhbc	STRIPE TRANSFER				n	-59/100	-59/100	1970-01-01 00:00:00.000000 +0000
===== END
===== START
B	0fa98a84ad0610e3dd8b794dcb222bbb	f550d9f40af122dc62603f38680ccb6e	2016-04-15 15:20:35.000000 +0000	2016-04-15 15:10:07.000000 +0000	2014-02-20 00:00:00.000000 +0000	671d5e9f1aed530ee543e7593dbe4d56	Stripe		STRIPE TRANSFER	tr_3WS81zssNhG4u8			c	59/100	59/100	2016-04-15 15:10:07.000000 +0000
B	0fa98a84ad0610e3dd8b794dcb222bbb	db35d4cc8a4e4f033c535e18bb67c704	2016-04-15 15:20:35.000000 +0000	2016-04-15 15:10:07.000000 +0000	2014-02-20 00:00:00.000000 +0000	4c3d01c1d3279640eb97b08de449d8c8	Stripe		STRIPE TRANSFER	tr_3WS81zssNhG4u8			n	-59/100	-59/100	1970-01-01 00:00:00.000000 +0000
===== END
===== START
C	0fa98a84ad0610e3dd8b794dcb222bbb	f550d9f40af122dc62603f38680ccb6e	2016-04-15 15:20:35.000000 +0000	2016-04-15 15:10:07.000000 +0000	2014-02-20 00:00:00.000000 +0000	671d5e9f1aed530ee543e7593dbe4d56	Stripe		STRIPE TRANSFER	tr_3WS81zssNhG4u8			c	59/100	59/100	2016-04-15 15:10:07.000000 +0000
C	0fa98a84ad0610e3dd8b794dcb222bbb	db35d4cc8a4e4f033c535e18bb67c704	2016-04-15 15:20:35.000000 +0000	2016-04-15 15:10:07.000000 +0000	2014-02-20 00:00:00.000000 +0000	4c3d01c1d3279640eb97b08de449d8c8	Stripe		STRIPE TRANSFER	tr_3WS81zssNhG4u8			c	-59/100	-59/100	2016-04-15 15:20:35.000000 +0000
===== END
===== START
D	a3ef0eb62ee3b7fbedecb00794946fc7	dbf72c89f42e243da1a01b1ea1274564	2016-04-15 15:20:35.000000 +0000	2016-04-15 15:20:35.000000 +0000	2014-02-20 00:00:00.000000 +0000	4c3d01c1d3279640eb97b08de449d8c8	Stripe	tr_3WS81zssNhG4u8	STRIPE TRANSFER				n	-59/100	-59/100	1970-01-01 00:00:00.000000 +0000
===== END
===== START
B	fa71918abadf79105d34e0ffaf63813a	ffd45b5e051d892c8a12ca58aad05d23	2016-04-15 15:20:35.000000 +0000	2016-04-15 15:10:07.000000 +0000	2014-02-27 00:00:00.000000 +0000	671d5e9f1aed530ee543e7593dbe4d56	Stripe		STRIPE TRANSFER	tr_3Z4cUwGjGu3yU8			c	59/100	59/100	2016-04-15 15:10:07.000000 +0000
B	fa71918abadf79105d34e0ffaf63813a	4feb4e571bbe61ca9736523886b07fa8	2016-04-15 15:20:35.000000 +0000	2016-04-15 15:10:07.000000 +0000	2014-02-27 00:00:00.000000 +0000	4c3d01c1d3279640eb97b08de449d8c8	Stripe		STRIPE TRANSFER	tr_3Z4cUwGjGu3yU8			n	-59/100	-59/100	1970-01-01 00:00:00.000000 +0000
===== END
===== START
C	fa71918abadf79105d34e0ffaf63813a	ffd45b5e051d892c8a12ca58aad05d23	2016-04-15 15:20:35.000000 +0000	2016-04-15 15:10:07.000000 +0000	2014-02-27 00:00:00.000000 +0000	671d5e9f1aed530ee543e7593dbe4d56	Stripe		STRIPE TRANSFER	tr_3Z4cUwGjGu3yU8			c	59/100	59/100	2016-04-15 15:10:07.000000 +0000
C	fa71918abadf79105d34e0ffaf63813a	4feb4e571bbe61ca9736523886b07fa8	2016-04-15 15:20:35.000000 +0000	2016-04-15 15:10:07.000000 +0000	2014-02-27 00:00:00.000000 +0000	4c3d01c1d3279640eb97b08de449d8c8	Stripe		STRIPE TRANSFER	tr_3Z4cUwGjGu3yU8			c	-59/100	-59/100	2016-04-15 15:20:35.000000 +0000
===== END
===== START
D	20e94a8634c4133d4dab8d0b1d4bcce5	07727d226c78d303eae9cc9dd28d92c4	2016-04-15 15:20:35.000000 +0000	2016-04-15 15:20:35.000000 +0000	2014-02-27 00:00:00.000000 +0000	4c3d01c1d3279640eb97b08de449d8c8	Stripe	tr_3Z4cUwGjGu3yU8	STRIPE TRANSFER				n	-59/100	-59/100	1970-01-01 00:00:00.000000 +0000
===== END
===== START
B	ad08a2f4be17d744431b31ac78d93136	8fff2d5f0576887ef5323992849dd302	2016-04-15 15:20:35.000000 +0000	2016-04-15 15:10:07.000000 +0000	2014-03-06 00:00:00.000000 +0000	671d5e9f1aed530ee543e7593dbe4d56	Stripe		STRIPE TRANSFER	tr_3bhE7yjHdnsfWJ			c	59/100	59/100	2016-04-15 15:10:07.000000 +0000
B	ad08a2f4be17d744431b31ac78d93136	e6703d5998a4f0364624572a09ed8a38	2016-04-15 15:20:35.000000 +0000	2016-04-15 15:10:07.000000 +0000	2014-03-06 00:00:00.000000 +0000	4c3d01c1d3279640eb97b08de449d8c8	Stripe		STRIPE TRANSFER	tr_3bhE7yjHdnsfWJ			n	-59/100	-59/100	1970-01-01 00:00:00.000000 +0000
===== END
===== START
C	ad08a2f4be17d744431b31ac78d93136	8fff2d5f0576887ef5323992849dd302	2016-04-15 15:20:35.000000 +0000	2016-04-15 15:10:07.000000 +0000	2014-03-06 00:00:00.000000 +0000	671d5e9f1aed530ee543e7593dbe4d56	Stripe		STRIPE TRANSFER	tr_3bhE7yjHdnsfWJ			c	59/100	59/100	2016-04-15 15:10:07.000000 +0000
C	ad08a2f4be17d744431b31ac78d93136	e6703d5998a4f0364624572a09ed8a38	2016-04-15 15:20:35.000000 +0000	2016-04-15 15:10:07.000000 +0000	2014-03-06 00:00:00.000000 +0000	4c3d01c1d3279640eb97b08de449d8c8	Stripe		STRIPE TRANSFER	tr_3bhE7yjHdnsfWJ			c	-59/100	-59/100	2016-04-15 15:20:35.000000 +0000
===== END
===== START
D	cc7e1c8b5c7e75dcbaa0359ae29972a1	f4bb8756cec955d44fe6be8bf5f9927f	2016-04-15 15:20:35.000000 +0000	2016-04-15 15:20:35.000000 +0000	2014-03-06 00:00:00.000000 +0000	4c3d01c1d3279640eb97b08de449d8c8	Stripe	tr_3bhE7yjHdnsfWJ	STRIPE TRANSFER				n	-59/100	-59/100	1970-01-01 00:00:00.000000 +0000
===== END
===== START
B	b09524e2f3130bddb5f0617326d1c8ae	768ebf72ae856288ac73518707077bf6	2016-04-15 15:20:35.000000 +0000	2016-04-15 15:10:07.000000 +0000	2014-03-20 00:00:00.000000 +0000	671d5e9f1aed530ee543e7593dbe4d56	Stripe		STRIPE TRANSFER	tr_3gwthpyqjZKnNv			c	59/100	59/100	2016-04-15 15:10:07.000000 +0000
B	b09524e2f3130bddb5f0617326d1c8ae	7c82215c9abacb1c6e8a5afc49452ecb	2016-04-15 15:20:35.000000 +0000	2016-04-15 15:10:07.000000 +0000	2014-03-20 00:00:00.000000 +0000	4c3d01c1d3279640eb97b08de449d8c8	Stripe		STRIPE TRANSFER	tr_3gwthpyqjZKnNv			n	-59/100	-59/100	1970-01-01 00:00:00.000000 +0000
===== END
===== START
C	b09524e2f3130bddb5f0617326d1c8ae	768ebf72ae856288ac73518707077bf6	2016-04-15 15:20:35.000000 +0000	2016-04-15 15:10:07.000000 +0000	2014-03-20 00:00:00.000000 +0000	671d5e9f1aed530ee543e7593dbe4d56	Stripe		STRIPE TRANSFER	tr_3gwthpyqjZKnNv			c	59/100	59/100	2016-04-15 15:10:07.000000 +0000
C	b09524e2f3130bddb5f0617326d1c8ae	7c82215c9abacb1c6e8a5afc49452ecb	2016-04-15 15:20:35.000000 +0000	2016-04-15 15:10:07.000000 +0000	2014-03-20 00:00:00.000000 +0000	4c3d01c1d3279640eb97b08de449d8c8	Stripe		STRIPE TRANSFER	tr_3gwthpyqjZKnNv			c	-59/100	-59/100	2016-04-15 15:20:35.000000 +0000
===== END
===== START
D	4591084066b4db4aa0c56b9dcb3fde01	585c2beed7636da22126c433ce87ffe0	2016-04-15 15:20:35.000000 +0000	2016-04-15 15:20:35.000000 +0000	2014-03-20 00:00:00.000000 +0000	4c3d01c1d3279640eb97b08de449d8c8	Stripe	tr_3gwthpyqjZKnNv	STRIPE TRANSFER				n	-59/100	-59/100	1970-01-01 00:00:00.000000 +0000
===== END
===== START
B	677fa692d8f5c23fa14881d71606a513	9e9a02c6bf2995643a01969941f58bc4	2016-04-15 15:20:35.000000 +0000	2016-04-15 15:10:07.000000 +0000	2014-03-27 00:00:00.000000 +0000	671d5e9f1aed530ee543e7593dbe4d56	Stripe		STRIPE TRANSFER	tr_3jZQ9WULrmpE6J			c	59/100	59/100	2016-04-15 15:10:07.000000 +0000
B	677fa692d8f5c23fa14881d71606a513	6fcc8f20e21bebfc6dfee466c9a88304	2016-04-15 15:20:35.000000 +0000	2016-04-15 15:10:07.000000 +0000	2014-03-27 00:00:00.000000 +0000	4c3d01c1d3279640eb97b08de449d8c8	Stripe		STRIPE TRANSFER	tr_3jZQ9WULrmpE6J			n	-59/100	-59/100	1970-01-01 00:00:00.000000 +0000
===== END
===== START
C	677fa692d8f5c23fa14881d71606a513	9e9a02c6bf2995643a01969941f58bc4	2016-04-15 15:20:35.000000 +0000	2016-04-15 15:10:07.000000 +0000	2014-03-27 00:00:00.000000 +0000	671d5e9f1aed530ee543e7593dbe4d56	Stripe		STRIPE TRANSFER	tr_3jZQ9WULrmpE6J			c	59/100	59/100	2016-04-15 15:10:07.000000 +0000
C	677fa692d8f5c23fa14881d71606a513	6fcc8f20e21bebfc6dfee466c9a88304	2016-04-15 15:20:35.000000 +0000	2016-04-15 15:10:07.000000 +0000	2014-03-27 00:00:00.000000 +0000	4c3d01c1d3279640eb97b08de449d8c8	Stripe		STRIPE TRANSFER	tr_3jZQ9WULrmpE6J			c	-59/100	-59/100	2016-04-15 15:20:35.000000 +0000
===== END
===== START
D	20caa22ba233ded5f135a5bd04107d7c	64d55e781f0c6892931da42572b334ef	2016-04-15 15:20:35.000000 +0000	2016-04-15 15:20:35.000000 +0000	2014-03-27 00:00:00.000000 +0000	4c3d01c1d3279640eb97b08de449d8c8	Stripe	tr_3jZQ9WULrmpE6J	STRIPE TRANSFER				n	-59/100	-59/100	1970-01-01 00:00:00.000000 +0000
===== END
===== START
B	a6dba484a8b812603c9b11657ce1bf07	83ddc8153f37c2422cf3c44eb59cc002	2016-04-15 15:20:35.000000 +0000	2016-04-15 15:10:07.000000 +0000	2014-04-10 00:00:00.000000 +0000	671d5e9f1aed530ee543e7593dbe4d56	Stripe		STRIPE TRANSFER	tr_3ooetHKkcUHJiD			c	59/100	59/100	2016-04-15 15:10:07.000000 +0000
B	a6dba484a8b812603c9b11657ce1bf07	408f743248e9b66b8c2e30373b80bba2	2016-04-15 15:20:35.000000 +0000	2016-04-15 15:10:07.000000 +0000	2014-04-10 00:00:00.000000 +0000	4c3d01c1d3279640eb97b08de449d8c8	Stripe		STRIPE TRANSFER	tr_3ooetHKkcUHJiD			n	-59/100	-59/100	1970-01-01 00:00:00.000000 +0000
===== END
===== START
C	a6dba484a8b812603c9b11657ce1bf07	83ddc8153f37c2422cf3c44eb59cc002	2016-04-15 15:20:35.000000 +0000	2016-04-15 15:10:07.000000 +0000	2014-04-10 00:00:00.000000 +0000	671d5e9f1aed530ee543e7593dbe4d56	Stripe		STRIPE TRANSFER	tr_3ooetHKkcUHJiD			c	59/100	59/100	2016-04-15 15:10:07.000000 +0000
C	a6dba484a8b812603c9b11657ce1bf07	408f743248e9b66b8c2e30373b80bba2	2016-04-15 15:20:35.000000 +0000	2016-04-15 15:10:07.000000 +0000	2014-04-10 00:00:00.000000 +0000	4c3d01c1d3279640eb97b08de449d8c8	Stripe		STRIPE TRANSFER	tr_3ooetHKkcUHJiD			c	-59/100	-59/100	2016-04-15 15:20:35.000000 +0000
===== END
===== START
D	95614175004d39618d0103f9557b8283	e39f690be073dc6b6fafd42619d6bf59	2016-04-15 15:20:35.000000 +0000	2016-04-15 15:20:35.000000 +0000	2014-04-10 00:00:00.000000 +0000	4c3d01c1d3279640eb97b08de449d8c8	Stripe	tr_3ooetHKkcUHJiD	STRIPE TRANSFER				n	-59/100	-59/100	1970-01-01 00:00:00.000000 +0000
===== END
===== START
B	2ab82022bdc4290e0c4f3276fad7c1e7	3f1a65702ff563040ddba4a5cfab8890	2016-04-15 15:20:35.000000 +0000	2016-04-15 15:10:07.000000 +0000	2014-04-17 00:00:00.000000 +0000	671d5e9f1aed530ee543e7593dbe4d56	Stripe		STRIPE TRANSFER	tr_3rRAH7vjdKEwB2			c	59/100	59/100	2016-04-15 15:10:07.000000 +0000
B	2ab82022bdc4290e0c4f3276fad7c1e7	24f12f152fef90d261c67cbe4496a247	2016-04-15 15:20:35.000000 +0000	2016-04-15 15:10:07.000000 +0000	2014-04-17 00:00:00.000000 +0000	4c3d01c1d3279640eb97b08de449d8c8	Stripe		STRIPE TRANSFER	tr_3rRAH7vjdKEwB2			n	-59/100	-59/100	1970-01-01 00:00:00.000000 +0000
===== END
===== START
C	2ab82022bdc4290e0c4f3276fad7c1e7	3f1a65702ff563040ddba4a5cfab8890	2016-04-15 15:20:35.000000 +0000	2016-04-15 15:10:07.000000 +0000	2014-04-17 00:00:00.000000 +0000	671d5e9f1aed530ee543e7593dbe4d56	Stripe		STRIPE TRANSFER	tr_3rRAH7vjdKEwB2			c	59/100	59/100	2016-04-15 15:10:07.000000 +0000
C	2ab82022bdc4290e0c4f3276fad7c1e7	24f12f152fef90d261c67cbe4496a247	2016-04-15 15:20:35.000000 +0000	2016-04-15 15:10:07.000000 +0000	2014-04-17 00:00:00.000000 +0000	4c3d01c1d3279640eb97b08de449d8c8	Stripe		STRIPE TRANSFER	tr_3rRAH7vjdKEwB2			c	-59/100	-59/100	2016-04-15 15:20:35.000000 +0000
===== END
===== START
D	5f87f44c1014e3e75df5aca215f76345	b4367384e2aff3bc5b5ce2cbef7873a9	2016-04-15 15:20:35.000000 +0000	2016-04-15 15:20:35.000000 +0000	2014-04-17 00:00:00.000000 +0000	4c3d01c1d3279640eb97b08de449d8c8	Stripe	tr_3rRAH7vjdKEwB2	STRIPE TRANSFER				n	-59/100	-59/100	1970-01-01 00:00:00.000000 +0000
===== END
===== START
B	d659582805190a6f3466265bd8b61d1e	aca34e574959dc555051e7bcea095948	2016-04-15 15:20:35.000000 +0000	2016-04-15 15:10:07.000000 +0000	2014-04-24 00:00:00.000000 +0000	671d5e9f1aed530ee543e7593dbe4d56	Stripe		STRIPE TRANSFER	tr_3u4mppOm4XMKDM			c	59/100	59/100	2016-04-15 15:10:07.000000 +0000
B	d659582805190a6f3466265bd8b61d1e	3522a5e97df50a2ea26026165735d9c6	2016-04-15 15:20:35.000000 +0000	2016-04-15 15:10:07.000000 +0000	2014-04-24 00:00:00.000000 +0000	4c3d01c1d3279640eb97b08de449d8c8	Stripe		STRIPE TRANSFER	tr_3u4mppOm4XMKDM			n	-59/100	-59/100	1970-01-01 00:00:00.000000 +0000
===== END
===== START
C	d659582805190a6f3466265bd8b61d1e	aca34e574959dc555051e7bcea095948	2016-04-15 15:20:35.000000 +0000	2016-04-15 15:10:07.000000 +0000	2014-04-24 00:00:00.000000 +0000	671d5e9f1aed530ee543e7593dbe4d56	Stripe		STRIPE TRANSFER	tr_3u4mppOm4XMKDM			c	59/100	59/100	2016-04-15 15:10:07.000000 +0000
C	d659582805190a6f3466265bd8b61d1e	3522a5e97df50a2ea26026165735d9c6	2016-04-15 15:20:35.000000 +0000	2016-04-15 15:10:07.000000 +0000	2014-04-24 00:00:00.000000 +0000	4c3d01c1d3279640eb97b08de449d8c8	Stripe		STRIPE TRANSFER	tr_3u4mppOm4XMKDM			c	-59/100	-59/100	2016-04-15 15:20:35.000000 +0000
===== END
===== START
D	b79a5fd3a7bbe92c9a925d744106be32	40e5f868bd97a5d756915af3c4ba7cf3	2016-04-15 15:20:35.000000 +0000	2016-04-15 15:20:35.000000 +0000	2014-04-24 00:00:00.000000 +0000	4c3d01c1d3279640eb97b08de449d8c8	Stripe	tr_3u4mppOm4XMKDM	STRIPE TRANSFER				n	-59/100	-59/100	1970-01-01 00:00:00.000000 +0000
===== END
===== START
B	1329e39e404783bc2be7a09459bbecb2	b09a73e53ab5a7a91452843491fd256e	2016-04-15 15:20:35.000000 +0000	2016-04-15 15:10:07.000000 +0000	2014-05-03 00:00:00.000000 +0000	671d5e9f1aed530ee543e7593dbe4d56	Stripe		STRIPE TRANSFER	tr_3xRgaG9ZtDQ64c			c	59/100	59/100	2016-04-15 15:10:07.000000 +0000
B	1329e39e404783bc2be7a09459bbecb2	d3371156d66a5d0fb62648f4f261d4dd	2016-04-15 15:20:35.000000 +0000	2016-04-15 15:10:07.000000 +0000	2014-05-03 00:00:00.000000 +0000	4c3d01c1d3279640eb97b08de449d8c8	Stripe		STRIPE TRANSFER	tr_3xRgaG9ZtDQ64c			n	-59/100	-59/100	1970-01-01 00:00:00.000000 +0000
===== END
===== START
C	1329e39e404783bc2be7a09459bbecb2	b09a73e53ab5a7a91452843491fd256e	2016-04-15 15:20:35.000000 +0000	2016-04-15 15:10:07.000000 +0000	2014-05-03 00:00:00.000000 +0000	671d5e9f1aed530ee543e7593dbe4d56	Stripe		STRIPE TRANSFER	tr_3xRgaG9ZtDQ64c			c	59/100	59/100	2016-04-15 15:10:07.000000 +0000
C	1329e39e404783bc2be7a09459bbecb2	d3371156d66a5d0fb62648f4f261d4dd	2016-04-15 15:20:35.000000 +0000	2016-04-15 15:10:07.000000 +0000	2014-05-03 00:00:00.000000 +0000	4c3d01c1d3279640eb97b08de449d8c8	Stripe		STRIPE TRANSFER	tr_3xRgaG9ZtDQ64c			c	-59/100	-59/100	2016-04-15 15:20:35.000000 +0000
===== END
===== START
D	05c79001df22691de1f2ff6fcad30fe5	485bfab239f1682bebb49e1e52402cc3	2016-04-15 15:20:35.000000 +0000	2016-04-15 15:20:35.000000 +0000	2014-05-03 00:00:00.000000 +0000	4c3d01c1d3279640eb97b08de449d8c8	Stripe	tr_3xRgaG9ZtDQ64c	STRIPE TRANSFER				n	-59/100	-59/100	1970-01-01 00:00:00.000000 +0000
===== END
===== START
B	8a1d27f7edea37c6ff8563ccac38f4b4	34e92257741705ad2420eef182f2ac8a	2016-04-15 15:20:35.000000 +0000	2016-04-15 15:10:07.000000 +0000	2014-05-10 00:00:00.000000 +0000	671d5e9f1aed530ee543e7593dbe4d56	Stripe		STRIPE TRANSFER	tr_403qnpVLU1MXB8			c	59/100	59/100	2016-04-15 15:10:07.000000 +0000
B	8a1d27f7edea37c6ff8563ccac38f4b4	31627cbd0523d05aaba4d4ec3752a941	2016-04-15 15:20:35.000000 +0000	2016-04-15 15:10:07.000000 +0000	2014-05-10 00:00:00.000000 +0000	4c3d01c1d3279640eb97b08de449d8c8	Stripe		STRIPE TRANSFER	tr_403qnpVLU1MXB8			n	-59/100	-59/100	1970-01-01 00:00:00.000000 +0000
===== END
===== START
C	8a1d27f7edea37c6ff8563ccac38f4b4	34e92257741705ad2420eef182f2ac8a	2016-04-15 15:20:35.000000 +0000	2016-04-15 15:10:07.000000 +0000	2014-05-10 00:00:00.000000 +0000	671d5e9f1aed530ee543e7593dbe4d56	Stripe		STRIPE TRANSFER	tr_403qnpVLU1MXB8			c	59/100	59/100	2016-04-15 15:10:07.000000 +0000
C	8a1d27f7edea37c6ff8563ccac38f4b4	31627cbd0523d05aaba4d4ec3752a941	2016-04-15 15:20:35.000000 +0000	2016-04-15 15:10:07.000000 +0000	2014-05-10 00:00:00.000000 +0000	4c3d01c1d3279640eb97b08de449d8c8	Stripe		STRIPE TRANSFER	tr_403qnpVLU1MXB8			c	-59/100	-59/100	2016-04-15 15:20:35.000000 +0000
===== END
===== START
D	f8c20ce9f6d215dffe112b910bc549d6	435e3a80c32d50f590f07fa732e885e5	2016-04-15 15:20:35.000000 +0000	2016-04-15 15:20:35.000000 +0000	2014-05-10 00:00:00.000000 +0000	4c3d01c1d3279640eb97b08de449d8c8	Stripe	tr_403qnpVLU1MXB8	STRIPE TRANSFER				n	-59/100	-59/100	1970-01-01 00:00:00.000000 +0000
===== END
===== START
B	5d1eb8fa15de5044c76a937befff894e	ac54352426a325e961ff321978446703	2016-04-15 15:20:35.000000 +0000	2016-04-15 15:10:07.000000 +0000	2014-05-24 00:00:00.000000 +0000	671d5e9f1aed530ee543e7593dbe4d56	Stripe		STRIPE TRANSFER	tr_45JSyMn6W7lqwW			c	59/100	59/100	2016-04-15 15:10:07.000000 +0000
B	5d1eb8fa15de5044c76a937befff894e	299366096968ce337665a8d8c703ff23	2016-04-15 15:20:35.000000 +0000	2016-04-15 15:10:07.000000 +0000	2014-05-24 00:00:00.000000 +0000	4c3d01c1d3279640eb97b08de449d8c8	Stripe		STRIPE TRANSFER	tr_45JSyMn6W7lqwW			n	-59/100	-59/100	1970-01-01 00:00:00.000000 +0000
===== END
===== START
C	5d1eb8fa15de5044c76a937befff894e	ac54352426a325e961ff321978446703	2016-04-15 15:20:35.000000 +0000	2016-04-15 15:10:07.000000 +0000	2014-05-24 00:00:00.000000 +0000	671d5e9f1aed530ee543e7593dbe4d56	Stripe		STRIPE TRANSFER	tr_45JSyMn6W7lqwW			c	59/100	59/100	2016-04-15 15:10:07.000000 +0000
C	5d1eb8fa15de5044c76a937befff894e	299366096968ce337665a8d8c703ff23	2016-04-15 15:20:35.000000 +0000	2016-04-15 15:10:07.000000 +0000	2014-05-24 00:00:00.000000 +0000	4c3d01c1d3279640eb97b08de449d8c8	Stripe		STRIPE TRANSFER	tr_45JSyMn6W7lqwW			c	-59/100	-59/100	2016-04-15 15:20:35.000000 +0000
===== END
===== START
D	4ae29f184bef7259a5970ba268d12d97	c4464547a71efa16c338f6f32d012b18	2016-04-15 15:20:35.000000 +0000	2016-04-15 15:20:35.000000 +0000	2014-05-24 00:00:00.000000 +0000	4c3d01c1d3279640eb97b08de449d8c8	Stripe	tr_45JSyMn6W7lqwW	STRIPE TRANSFER				n	-59/100	-59/100	1970-01-01 00:00:00.000000 +0000
===== END
===== START
B	c922e87d125db51ed80dab85e51106f7	41e9fb6f2cac5f20325914d090bf1a02	2016-04-15 15:20:35.000000 +0000	2016-04-15 15:10:07.000000 +0000	2014-05-31 00:00:00.000000 +0000	671d5e9f1aed530ee543e7593dbe4d56	Stripe		STRIPE TRANSFER	tr_47wOQTpGUAps6p			c	59/100	59/100	2016-04-15 15:10:07.000000 +0000
B	c922e87d125db51ed80dab85e51106f7	048d1603e04b65d6ee58f1a36ce1e421	2016-04-15 15:20:35.000000 +0000	2016-04-15 15:10:07.000000 +0000	2014-05-31 00:00:00.000000 +0000	4c3d01c1d3279640eb97b08de449d8c8	Stripe		STRIPE TRANSFER	tr_47wOQTpGUAps6p			n	-59/100	-59/100	1970-01-01 00:00:00.000000 +0000
===== END
===== START
C	c922e87d125db51ed80dab85e51106f7	41e9fb6f2cac5f20325914d090bf1a02	2016-04-15 15:20:35.000000 +0000	2016-04-15 15:10:07.000000 +0000	2014-05-31 00:00:00.000000 +0000	671d5e9f1aed530ee543e7593dbe4d56	Stripe		STRIPE TRANSFER	tr_47wOQTpGUAps6p			c	59/100	59/100	2016-04-15 15:10:07.000000 +0000
C	c922e87d125db51ed80dab85e51106f7	048d1603e04b65d6ee58f1a36ce1e421	2016-04-15 15:20:35.000000 +0000	2016-04-15 15:10:07.000000 +0000	2014-05-31 00:00:00.000000 +0000	4c3d01c1d3279640eb97b08de449d8c8	Stripe		STRIPE TRANSFER	tr_47wOQTpGUAps6p			c	-59/100	-59/100	2016-04-15 15:20:35.000000 +0000
===== END
===== START
D	e11d702002a03ff97cfb9fcc8b333cd7	ccaf2a79fc4781b987d5014edabdba57	2016-04-15 15:20:35.000000 +0000	2016-04-15 15:20:35.000000 +0000	2014-05-31 00:00:00.000000 +0000	4c3d01c1d3279640eb97b08de449d8c8	Stripe	tr_47wOQTpGUAps6p	STRIPE TRANSFER				n	-59/100	-59/100	1970-01-01 00:00:00.000000 +0000
===== END
===== START
===== END
===== START
===== END
===== START
===== END
===== START
===== END
===== START
===== END
===== START
===== END
===== START
===== END
===== START
===== END
===== START
===== END
===== START
===== END
===== START
===== END
===== START
===== END
===== START
===== END
===== START
===== END
===== START
===== END
===== START
===== END
===== START
===== END
===== START
===== END
===== START
===== END
===== START
===== END
===== START
===== END
===== START
===== END
===== START
===== END
===== START
===== END
===== START
===== END
===== START
===== END
===== START
===== END
===== START
===== END
===== START
===== END
===== START
===== END
===== START
===== END
===== START
===== END
===== START
===== END
===== START
===== END
===== START
===== END
===== START
===== END
===== START
===== END
===== START
===== END
===== START
===== END
===== START
===== END
===== START
===== END
===== START
===== END
===== START
===== END
===== START
===== END
===== START
===== END
===== START
===== END
===== START
===== END
===== START
===== END
===== START
===== END
===== START
===== END
===== START
===== END
===== START
===== END
===== START
===== END
===== START
===== END
