mod	trans_guid	split_guid	time_now	date_entered	date_posted	acc_guid	acc_name	num	description	notes	memo	action	reconciled	amount	value	date_reconciled
-----------------
===== START
===== END
===== START
===== END
===== START
===== END
===== START
===== END
===== START
C	1297059d94ff47e047989c6e734b28a7	4eb8e434bd53cf0762985f345509a739	2016-04-15 14:45:12.000000 +0000	2016-04-15 14:45:12.000000 +0000	2012-06-22 00:00:00.000000 +0000	671d5e9f1aed530ee543e7593dbe4d56	Stripe Expenses	ach_TbWKItYNIPfqx9	STRIPE TRANSFER				c	32/100	32/100	2016-04-15 14:45:12.000000 +0000
C	1297059d94ff47e047989c6e734b28a7	76e7e66c222c895abd9082e1e166aab4	2016-04-15 14:45:12.000000 +0000	2016-04-15 14:45:12.000000 +0000	2012-06-22 00:00:00.000000 +0000	0f81409f44507b14cd8df704008372ae	Stripe	ach_TbWKItYNIPfqx9	STRIPE TRANSFER				n	-32/100	-32/100	1970-01-01 00:00:00.000000 +0000
===== END
===== START
C	a73ac30af836d8f83d9e3f45b54ad442	3a4da510e7b0005c398824aa412938d6	2016-04-15 14:45:12.000000 +0000	2016-04-15 14:45:12.000000 +0000	2012-06-29 00:00:00.000000 +0000	671d5e9f1aed530ee543e7593dbe4d56	Stripe Expenses	ach_jCijaSZpHvwilV	STRIPE TRANSFER				c	432/100	432/100	2016-04-15 14:45:12.000000 +0000
C	a73ac30af836d8f83d9e3f45b54ad442	7e2ab0aa4fb0c5b0dce1e9afbc078ced	2016-04-15 14:45:12.000000 +0000	2016-04-15 14:45:12.000000 +0000	2012-06-29 00:00:00.000000 +0000	0f81409f44507b14cd8df704008372ae	Stripe	ach_jCijaSZpHvwilV	STRIPE TRANSFER				n	-432/100	-432/100	1970-01-01 00:00:00.000000 +0000
===== END
===== START
===== END
