mod	trans_guid	split_guid	time_now	date_entered	date_posted	acc_guid	acc_name	num	description	notes	memo	action	reconciled	amount	value	date_reconciled
-----------------
===== START
B	c809cccfa210d2afa356cd9e1ee310e9	3d7063663e26c0c3bceb06894faf9eaf	2016-04-15 16:49:47.000000 +0000	2016-04-15 16:30:04.000000 +0000	2012-06-18 00:00:00.000000 +0000	b7c0d245222f359deb255643e2fed1fb	Samurai		samurai by feefighters	EFT DEP - MERCHANT BANKCD  DEPOSIT			n	1980/100	1980/100	1970-01-01 00:00:00.000000 +0000
B	c809cccfa210d2afa356cd9e1ee310e9	8964f86c9ad898a509a5b3d89949b82d	2016-04-15 16:49:47.000000 +0000	2016-04-15 16:30:04.000000 +0000	2012-06-18 00:00:00.000000 +0000	e3ba307f6c2c120033884223a84180eb	New Alliance		samurai by feefighters	EFT DEP - MERCHANT BANKCD  DEPOSIT			c	-1980/100	-1980/100	2016-04-15 16:30:04.000000 +0000
===== END
===== START
C	c809cccfa210d2afa356cd9e1ee310e9	3d7063663e26c0c3bceb06894faf9eaf	2016-04-15 16:49:47.000000 +0000	2016-04-15 16:30:04.000000 +0000	2012-06-18 00:00:00.000000 +0000	b7c0d245222f359deb255643e2fed1fb	Samurai		samurai by feefighters	EFT DEP - MERCHANT BANKCD  DEPOSIT			n	1980/100	1980/100	1970-01-01 00:00:00.000000 +0000
C	c809cccfa210d2afa356cd9e1ee310e9	8964f86c9ad898a509a5b3d89949b82d	2016-04-15 16:49:47.000000 +0000	2016-04-15 16:30:04.000000 +0000	2012-06-18 00:00:00.000000 +0000	e3ba307f6c2c120033884223a84180eb	New Alliance		samurai by feefighters	EFT DEP - MERCHANT BANKCD  DEPOSIT			n	-1980/100	-1980/100	2016-04-15 16:30:04.000000 +0000
===== END
===== START
B	b1933cef295e6aac1e27f525b9133182	af2209d3f331b275bb6d80d2a97bebbe	2016-04-15 16:49:47.000000 +0000	2016-04-15 16:30:04.000000 +0000	2012-06-22 00:00:00.000000 +0000	b7c0d245222f359deb255643e2fed1fb	Samurai		Samurai -> Stripe	EFT DEP - STRIPE           MERCHANT			n	471/100	471/100	1970-01-01 00:00:00.000000 +0000
B	b1933cef295e6aac1e27f525b9133182	341a52958e970cdaf7d8819cc090570a	2016-04-15 16:49:47.000000 +0000	2016-04-15 16:30:04.000000 +0000	2012-06-22 00:00:00.000000 +0000	e3ba307f6c2c120033884223a84180eb	New Alliance		Samurai -> Stripe	EFT DEP - STRIPE           MERCHANT			c	-471/100	-471/100	2016-04-15 16:30:04.000000 +0000
===== END
===== START
C	b1933cef295e6aac1e27f525b9133182	af2209d3f331b275bb6d80d2a97bebbe	2016-04-15 16:49:47.000000 +0000	2016-04-15 16:30:04.000000 +0000	2012-06-22 00:00:00.000000 +0000	b7c0d245222f359deb255643e2fed1fb	Samurai		Samurai -> Stripe	EFT DEP - STRIPE           MERCHANT			n	471/100	471/100	1970-01-01 00:00:00.000000 +0000
C	b1933cef295e6aac1e27f525b9133182	341a52958e970cdaf7d8819cc090570a	2016-04-15 16:49:47.000000 +0000	2016-04-15 16:30:04.000000 +0000	2012-06-22 00:00:00.000000 +0000	e3ba307f6c2c120033884223a84180eb	New Alliance		Samurai -> Stripe	EFT DEP - STRIPE           MERCHANT			n	-471/100	-471/100	2016-04-15 16:30:04.000000 +0000
===== END
===== START
B	38c847d2c3d79d85b2f55798b9798273	d80c363e02d985a7566eab1ce82c2fdf	2016-04-15 16:49:47.000000 +0000	2016-04-15 16:30:04.000000 +0000	2012-06-25 00:00:00.000000 +0000	e3ba307f6c2c120033884223a84180eb	New Alliance		samurai by feefighters	EFT DEP - AMERICAN EXPRESS SETTLEMENT			c	277/100	277/100	2016-04-15 16:30:04.000000 +0000
B	38c847d2c3d79d85b2f55798b9798273	c5b1c2860a6d4342408b3b43f64fcc5e	2016-04-15 16:49:47.000000 +0000	2016-04-15 16:30:04.000000 +0000	2012-06-25 00:00:00.000000 +0000	b7c0d245222f359deb255643e2fed1fb	Samurai		samurai by feefighters	EFT DEP - AMERICAN EXPRESS SETTLEMENT			n	-277/100	-277/100	1970-01-01 00:00:00.000000 +0000
===== END
===== START
C	38c847d2c3d79d85b2f55798b9798273	d80c363e02d985a7566eab1ce82c2fdf	2016-04-15 16:49:47.000000 +0000	2016-04-15 16:30:04.000000 +0000	2012-06-25 00:00:00.000000 +0000	e3ba307f6c2c120033884223a84180eb	New Alliance		samurai by feefighters	EFT DEP - AMERICAN EXPRESS SETTLEMENT			n	277/100	277/100	2016-04-15 16:30:04.000000 +0000
C	38c847d2c3d79d85b2f55798b9798273	c5b1c2860a6d4342408b3b43f64fcc5e	2016-04-15 16:49:47.000000 +0000	2016-04-15 16:30:04.000000 +0000	2012-06-25 00:00:00.000000 +0000	b7c0d245222f359deb255643e2fed1fb	Samurai		samurai by feefighters	EFT DEP - AMERICAN EXPRESS SETTLEMENT			n	-277/100	-277/100	1970-01-01 00:00:00.000000 +0000
===== END
===== START
B	dd5b1ca27a151400c068a21aa48f642f	58aad08590c0458418a212579ee1f008	2016-04-15 16:49:47.000000 +0000	2016-04-15 16:30:04.000000 +0000	2012-06-28 00:00:00.000000 +0000	e3ba307f6c2c120033884223a84180eb	New Alliance			EFT DEP - STRIPE           MERCHANT			c	1798/100	1798/100	2016-04-15 16:30:04.000000 +0000
B	dd5b1ca27a151400c068a21aa48f642f	02809a0baa7a656e8a67219e35499c6f	2016-04-15 16:49:47.000000 +0000	2016-04-15 16:30:04.000000 +0000	2012-06-28 00:00:00.000000 +0000	4a6fae3ca1dfa0018afcc8da2a6e29fe	Imbalance			EFT DEP - STRIPE           MERCHANT			n	-1798/100	-1798/100	1970-01-01 00:00:00.000000 +0000
===== END
===== START
C	dd5b1ca27a151400c068a21aa48f642f	58aad08590c0458418a212579ee1f008	2016-04-15 16:49:47.000000 +0000	2016-04-15 16:30:04.000000 +0000	2012-06-28 00:00:00.000000 +0000	e3ba307f6c2c120033884223a84180eb	New Alliance			EFT DEP - STRIPE           MERCHANT			n	1798/100	1798/100	2016-04-15 16:30:04.000000 +0000
C	dd5b1ca27a151400c068a21aa48f642f	02809a0baa7a656e8a67219e35499c6f	2016-04-15 16:49:47.000000 +0000	2016-04-15 16:30:04.000000 +0000	2012-06-28 00:00:00.000000 +0000	4a6fae3ca1dfa0018afcc8da2a6e29fe	Imbalance			EFT DEP - STRIPE           MERCHANT			n	-1798/100	-1798/100	1970-01-01 00:00:00.000000 +0000
===== END
===== START
B	776c554795eab74cbe690c0b4384902a	6276cdd55fd49e57f909266b0b7bb0f6	2016-04-15 16:49:47.000000 +0000	2016-04-15 14:56:25.000000 +0000	2012-06-29 00:00:00.000000 +0000	e3ba307f6c2c120033884223a84180eb	New Alliance	ach_jCijaSZpHvwilV	STRIPE TRANSFER	NEW ALLIANCE FCU			n	2097/100	2097/100	1970-01-01 00:00:00.000000 +0000
B	776c554795eab74cbe690c0b4384902a	f1e8b6c1e8e832569d4218568071a19e	2016-04-15 16:49:47.000000 +0000	2016-04-15 14:56:25.000000 +0000	2012-06-29 00:00:00.000000 +0000	4c3d01c1d3279640eb97b08de449d8c8	Stripe	ach_jCijaSZpHvwilV	STRIPE TRANSFER	NEW ALLIANCE FCU			c	-2097/100	-2097/100	2016-04-15 15:30:34.000000 +0000
===== END
===== START
C	776c554795eab74cbe690c0b4384902a	6276cdd55fd49e57f909266b0b7bb0f6	2016-04-15 16:49:47.000000 +0000	2016-04-15 14:56:25.000000 +0000	2012-06-29 00:00:00.000000 +0000	e3ba307f6c2c120033884223a84180eb	New Alliance	ach_jCijaSZpHvwilV	STRIPE TRANSFER	NEW ALLIANCE FCU			c	2097/100	2097/100	1970-01-01 00:00:00.000000 +0000
C	776c554795eab74cbe690c0b4384902a	f1e8b6c1e8e832569d4218568071a19e	2016-04-15 16:49:47.000000 +0000	2016-04-15 14:56:25.000000 +0000	2012-06-29 00:00:00.000000 +0000	4c3d01c1d3279640eb97b08de449d8c8	Stripe	ach_jCijaSZpHvwilV	STRIPE TRANSFER	NEW ALLIANCE FCU			c	-2097/100	-2097/100	2016-04-15 15:30:34.000000 +0000
===== END
===== START
===== END
===== START
===== END
===== START
D	d8517139f7c0e4bec0f96a55c8c1ff50	0bc3fb354383610eb79954e388516fcd	2016-04-15 16:52:18.000000 +0000	2016-04-15 16:52:18.000000 +0000	2016-04-15 00:00:00.000000 +0000								n	0/1	0/100	1970-01-01 00:00:00.000000 +0000
===== END
