mod	trans_guid	split_guid	time_now	date_entered	date_posted	acc_guid	acc_name	num	description	notes	memo	action	reconciled	amount	value	date_reconciled
-----------------
===== START
D	371651853d6e9cabbc5b8be09641ee7f	6f556fce8508cb88b59a43a960602ea8	2016-04-15 16:54:51.000000 +0000	2016-04-15 16:54:51.000000 +0000	2016-04-15 00:00:00.000000 +0000								n	0/1	0/100	1970-01-01 00:00:00.000000 +0000
===== END
===== START
D	fb48e01170abe254526e4a7c989748fc	cfb123ba526267e8284ba994842b3b72	2016-04-15 16:54:52.000000 +0000	2016-04-15 16:54:52.000000 +0000	2016-04-15 00:00:00.000000 +0000								n	0/1	0/100	1970-01-01 00:00:00.000000 +0000
===== END
===== START
===== END
===== START
D	9233423e7a027797c07301e4bb84e199	26ec8c9c19708bb63de5e886dece7d55	2016-04-15 16:55:00.000000 +0000	2016-04-15 16:55:00.000000 +0000	2016-05-01 00:00:00.000000 +0000	e3ba307f6c2c120033884223a84180eb	New Alliance		1110.52				n	0/100	0/100	1970-01-01 00:00:00.000000 +0000
===== END
===== START
D	7f917519d8159b788594a19e7c3ad467	67a3f474355909587bff4c29d19267b6	2016-04-15 16:55:05.000000 +0000	2016-04-15 16:55:05.000000 +0000	2016-08-01 00:00:00.000000 +0000	e3ba307f6c2c120033884223a84180eb	New Alliance		-1275				n	0/100	0/100	1970-01-01 00:00:00.000000 +0000
===== END
===== START
D	d20423fb0989b0f2c3a9ba488d281493	22567e393ae010a037018481ba4c4e78	2016-04-15 16:55:26.000000 +0000	2016-04-15 16:55:26.000000 +0000	2016-08-01 00:00:00.000000 +0000	e3ba307f6c2c120033884223a84180eb	New Alliance		1012.43				n	0/100	0/100	1970-01-01 00:00:00.000000 +0000
===== END
===== START
D	9e84372d0455dfd0326fdf3296f04ed5	6776784f9a7f041839a9cd7bb8421902	2016-04-15 16:55:30.000000 +0000	2016-04-15 16:55:30.000000 +0000	2016-12-01 00:00:00.000000 +0000	e3ba307f6c2c120033884223a84180eb	New Alliance		21.74				n	0/100	0/100	1970-01-01 00:00:00.000000 +0000
===== END
===== START
D	de7ccff1b3be3a71182b7bdd8b3ea82a	95a4e2a794f470895e9f3d69f507beb5	2016-04-15 16:55:38.000000 +0000	2016-04-15 16:55:38.000000 +0000	2016-04-01 00:00:00.000000 +0000	e3ba307f6c2c120033884223a84180eb	New Alliance		-700				n	0/100	0/100	1970-01-01 00:00:00.000000 +0000
===== END
===== START
===== END
===== START
D	1762647e8bef69c33fd97872acb607f5	a99665249100ba9a78339bc339e87ab7	2016-04-15 16:56:22.000000 +0000	2016-04-15 16:56:22.000000 +0000	2016-04-15 00:00:00.000000 +0000								n	0/1	0/100	1970-01-01 00:00:00.000000 +0000
===== END
===== START
D	98c58e878bfce2fb1d1b5f14d0e0df72	5bd1fef71f92de8ac5f24718ef6144a9	2016-04-15 16:56:56.000000 +0000	2016-04-15 16:56:56.000000 +0000	2016-04-15 00:00:00.000000 +0000								n	0/1	0/100	1970-01-01 00:00:00.000000 +0000
===== END
