mod	trans_guid	split_guid	time_now	date_entered	date_posted	acc_guid	acc_name	num	description	notes	memo	action	reconciled	amount	value	date_reconciled
-----------------
===== START
===== END
===== START
===== END
===== START
===== END
===== START
===== END
===== START
C	335dcad1549b7cbb720c6d6f8af2b61d	926dcdd2a9e36d81d1cabdb10cd76e52	2016-04-15 15:42:54.000000 +0000	2016-04-15 15:42:54.000000 +0000	2015-09-24 00:00:00.000000 +0000	6c2333ad3690e268bd69a535d715bc68	Gratipay	8W290658L0442653W	Denied Funds Returned (Mass)				c	-11519/100	-11519/100	2016-04-15 15:42:54.000000 +0000
C	335dcad1549b7cbb720c6d6f8af2b61d	b95bc88a5a8cc615a5a0afa270ce70bb	2016-04-15 15:42:54.000000 +0000	2016-04-15 15:42:54.000000 +0000	2015-09-24 00:00:00.000000 +0000	328357cf013789990855e64151d5d03a	Paypal	8W290658L0442653W	Denied Funds Returned (Mass)				n	11519/100	11519/100	1970-01-01 00:00:00.000000 +0000
===== END
===== START
C	a031227803f2f11a825c6f6a5dc55003	07c3325b939fc646fa92a108a498854d	2016-04-15 15:42:54.000000 +0000	2016-04-15 15:42:54.000000 +0000	2015-09-24 00:00:00.000000 +0000	6c2333ad3690e268bd69a535d715bc68	Gratipay	FEE-8W290658L0442653W	Processing Fee				c	2426/100	2426/100	2016-04-15 15:42:54.000000 +0000
C	a031227803f2f11a825c6f6a5dc55003	e6dbcb140847150e4b5abafd2d887a64	2016-04-15 15:42:54.000000 +0000	2016-04-15 15:42:54.000000 +0000	2015-09-24 00:00:00.000000 +0000	328357cf013789990855e64151d5d03a	Paypal	FEE-8W290658L0442653W	Processing Fee				n	-2426/100	-2426/100	1970-01-01 00:00:00.000000 +0000
===== END
===== START
C	6c4d69633edba19eb1a91e3ec33d9337	7e50167bb7c6494455d902b9a81a0a1a	2016-04-15 15:42:54.000000 +0000	2016-04-15 15:42:54.000000 +0000	2015-09-24 00:00:00.000000 +0000	6c2333ad3690e268bd69a535d715bc68	Gratipay	8W290658L0442653W	Mass Payment Sent				c	185775/100	185775/100	2016-04-15 15:42:54.000000 +0000
C	6c4d69633edba19eb1a91e3ec33d9337	8c7049da9f7c6410a5abf11c37ee3669	2016-04-15 15:42:54.000000 +0000	2016-04-15 15:42:54.000000 +0000	2015-09-24 00:00:00.000000 +0000	328357cf013789990855e64151d5d03a	Paypal	8W290658L0442653W	Mass Payment Sent				n	-185775/100	-185775/100	1970-01-01 00:00:00.000000 +0000
===== END
===== START
===== END
===== START
B	a031227803f2f11a825c6f6a5dc55003	07c3325b939fc646fa92a108a498854d	2016-04-15 15:43:20.000000 +0000	2016-04-15 15:42:54.000000 +0000	2015-09-24 00:00:00.000000 +0000	6c2333ad3690e268bd69a535d715bc68	Gratipay	FEE-8W290658L0442653W	Processing Fee				c	2426/100	2426/100	2016-04-15 15:42:54.000000 +0000
B	a031227803f2f11a825c6f6a5dc55003	e6dbcb140847150e4b5abafd2d887a64	2016-04-15 15:43:20.000000 +0000	2016-04-15 15:42:54.000000 +0000	2015-09-24 00:00:00.000000 +0000	328357cf013789990855e64151d5d03a	Paypal	FEE-8W290658L0442653W	Processing Fee				n	-2426/100	-2426/100	1970-01-01 00:00:00.000000 +0000
===== END
===== START
C	a031227803f2f11a825c6f6a5dc55003	07c3325b939fc646fa92a108a498854d	2016-04-15 15:43:20.000000 +0000	2016-04-15 15:42:54.000000 +0000	2015-09-24 00:00:00.000000 +0000	6c2333ad3690e268bd69a535d715bc68	Gratipay	FEE-8W290658L0442653W	Processing Fee				c	2426/100	2426/100	2016-04-15 15:42:54.000000 +0000
C	a031227803f2f11a825c6f6a5dc55003	e6dbcb140847150e4b5abafd2d887a64	2016-04-15 15:43:20.000000 +0000	2016-04-15 15:42:54.000000 +0000	2015-09-24 00:00:00.000000 +0000	6d294b427caef2318579bbcf43c94a73	Paypal	FEE-8W290658L0442653W	Processing Fee				n	-2426/100	-2426/100	1970-01-01 00:00:00.000000 +0000
===== END
===== START
===== END
===== START
B	a031227803f2f11a825c6f6a5dc55003	07c3325b939fc646fa92a108a498854d	2016-04-15 15:43:41.000000 +0000	2016-04-15 15:42:54.000000 +0000	2015-09-24 00:00:00.000000 +0000	6c2333ad3690e268bd69a535d715bc68	Gratipay	FEE-8W290658L0442653W	Processing Fee				c	2426/100	2426/100	2016-04-15 15:42:54.000000 +0000
B	a031227803f2f11a825c6f6a5dc55003	e6dbcb140847150e4b5abafd2d887a64	2016-04-15 15:43:41.000000 +0000	2016-04-15 15:42:54.000000 +0000	2015-09-24 00:00:00.000000 +0000	6d294b427caef2318579bbcf43c94a73	Paypal	FEE-8W290658L0442653W	Processing Fee				n	-2426/100	-2426/100	1970-01-01 00:00:00.000000 +0000
===== END
===== START
C	a031227803f2f11a825c6f6a5dc55003	07c3325b939fc646fa92a108a498854d	2016-04-15 15:43:43.000000 +0000	2016-04-15 15:42:54.000000 +0000	2015-09-24 00:00:00.000000 +0000	6c2333ad3690e268bd69a535d715bc68	Gratipay	FEE-8W290658L0442653W	Processing Fee				c	-2426/100	-2426/100	2016-04-15 15:42:54.000000 +0000
C	a031227803f2f11a825c6f6a5dc55003	e6dbcb140847150e4b5abafd2d887a64	2016-04-15 15:43:43.000000 +0000	2016-04-15 15:42:54.000000 +0000	2015-09-24 00:00:00.000000 +0000	6d294b427caef2318579bbcf43c94a73	Paypal	FEE-8W290658L0442653W	Processing Fee				n	2426/100	2426/100	1970-01-01 00:00:00.000000 +0000
===== END
===== START
B	a031227803f2f11a825c6f6a5dc55003	e6dbcb140847150e4b5abafd2d887a64	2016-04-15 15:44:04.000000 +0000	2016-04-15 15:42:54.000000 +0000	2015-09-24 00:00:00.000000 +0000	6d294b427caef2318579bbcf43c94a73	Paypal	FEE-8W290658L0442653W	Processing Fee				n	2426/100	2426/100	1970-01-01 00:00:00.000000 +0000
B	a031227803f2f11a825c6f6a5dc55003	07c3325b939fc646fa92a108a498854d	2016-04-15 15:44:04.000000 +0000	2016-04-15 15:42:54.000000 +0000	2015-09-24 00:00:00.000000 +0000	6c2333ad3690e268bd69a535d715bc68	Gratipay	FEE-8W290658L0442653W	Processing Fee				c	-2426/100	-2426/100	2016-04-15 15:42:54.000000 +0000
===== END
===== START
C	a031227803f2f11a825c6f6a5dc55003	e6dbcb140847150e4b5abafd2d887a64	2016-04-15 15:44:04.000000 +0000	2016-04-15 15:42:54.000000 +0000	2015-09-24 00:00:00.000000 +0000	6d294b427caef2318579bbcf43c94a73	Paypal	FEE-8W290658L0442653W	Processing Fee				n	2426/100	2426/100	1970-01-01 00:00:00.000000 +0000
C	a031227803f2f11a825c6f6a5dc55003	07c3325b939fc646fa92a108a498854d	2016-04-15 15:44:04.000000 +0000	2016-04-15 15:42:54.000000 +0000	2015-09-24 00:00:00.000000 +0000	328357cf013789990855e64151d5d03a	Paypal	FEE-8W290658L0442653W	Processing Fee				c	-2426/100	-2426/100	2016-04-15 15:42:54.000000 +0000
===== END
===== START
D	ae7f21c258489b26cc4dfa9f16f0d76c	a93cf36a7475ff1b2807f9b5f4dd1f23	2016-04-15 15:44:26.000000 +0000	2016-04-15 15:44:26.000000 +0000	2016-04-15 00:00:00.000000 +0000								n	0/1	0/100	1970-01-01 00:00:00.000000 +0000
===== END
===== START
D	5ec67770326944373f84b683c71987eb	c2e1d3e86c7a37a85a596934ac99017a	2016-04-15 15:44:27.000000 +0000	2016-04-15 15:44:27.000000 +0000	2016-04-15 00:00:00.000000 +0000								n	0/1	0/100	1970-01-01 00:00:00.000000 +0000
===== END
===== START
D	d371f155702ff2252c1010f6f7310142	cc18de32112d6c6c445030d145b0f9f8	2016-04-15 15:44:28.000000 +0000	2016-04-15 15:44:28.000000 +0000	2016-04-15 00:00:00.000000 +0000								n	0/1	0/100	1970-01-01 00:00:00.000000 +0000
===== END
===== START
D	e29f7025953923bd890fa88e4360157f	d15caf1357061eab700c9eaa9f574e98	2016-04-15 15:44:29.000000 +0000	2016-04-15 15:44:29.000000 +0000	2016-04-15 00:00:00.000000 +0000								n	0/1	0/100	1970-01-01 00:00:00.000000 +0000
===== END
