mod	trans_guid	split_guid	time_now	date_entered	date_posted	acc_guid	acc_name	num	description	notes	memo	action	reconciled	amount	value	date_reconciled
-----------------
===== START
===== END
===== START
===== END
===== START
===== END
===== START
===== END
===== START
===== END
===== START
===== END
===== START
===== END
===== START
===== END
===== START
===== END
===== START
===== END
===== START
===== END
===== START
===== END
===== START
===== END
===== START
===== END
===== START
===== END
===== START
===== END
===== START
===== END
===== START
===== END
===== START
===== END
===== START
===== END
===== START
===== END
===== START
===== END
===== START
===== END
===== START
===== END
===== START
===== END
===== START
===== END
===== START
===== END
===== START
===== END
===== START
C	c13493cd93a8bdce79245179a8aa7694	2e8962fc9282d066bc8976a42d7626a7	2016-04-15 15:47:45.000000 +0000	2016-04-15 15:47:45.000000 +0000	2015-06-25 00:00:00.000000 +0000	51d78e4ea9ab049771e9a7fb655aa4c5	Operations	3MP20815CJ101843H	Payment Received	Gratipay			c	36130/100	36130/100	2016-04-15 15:47:45.000000 +0000
C	c13493cd93a8bdce79245179a8aa7694	caae4e7b302cd608afc72632ddc38ee7	2016-04-15 15:47:45.000000 +0000	2016-04-15 15:47:45.000000 +0000	2015-06-25 00:00:00.000000 +0000	627134f4895dc96519f8204e4ba8cbeb	Imbalance-USD	3MP20815CJ101843H	Payment Received	Gratipay			n	-36130/100	-36130/100	1970-01-01 00:00:00.000000 +0000
===== END
===== START
C	689eade79047d70dad3e2af284ec3716	561cdd5fd8dec6ba70214e566870c450	2016-04-15 15:47:45.000000 +0000	2016-04-15 15:47:45.000000 +0000	2015-07-02 00:00:00.000000 +0000	51d78e4ea9ab049771e9a7fb655aa4c5	Operations	76787043HW7517716	Payment Received	Gratipay			c	35614/100	35614/100	2016-04-15 15:47:45.000000 +0000
C	689eade79047d70dad3e2af284ec3716	4d4146c4f4f473852d7cd8e7efdd327a	2016-04-15 15:47:45.000000 +0000	2016-04-15 15:47:45.000000 +0000	2015-07-02 00:00:00.000000 +0000	627134f4895dc96519f8204e4ba8cbeb	Imbalance-USD	76787043HW7517716	Payment Received	Gratipay			n	-35614/100	-35614/100	1970-01-01 00:00:00.000000 +0000
===== END
===== START
C	9306dc203bdf0b287cba622e08b1cecb	967a231960c5bcf3313da4cac028bd6c	2016-04-15 15:47:45.000000 +0000	2016-04-15 15:47:45.000000 +0000	2015-07-03 00:00:00.000000 +0000	51d78e4ea9ab049771e9a7fb655aa4c5	Operations	3S769452337245632	Withdraw Funds to Bank Account	Bank Account			c	-50000/100	-50000/100	2016-04-15 15:47:45.000000 +0000
C	9306dc203bdf0b287cba622e08b1cecb	337f36733285fefb43085412341f0c91	2016-04-15 15:47:45.000000 +0000	2016-04-15 15:47:45.000000 +0000	2015-07-03 00:00:00.000000 +0000	627134f4895dc96519f8204e4ba8cbeb	Imbalance-USD	3S769452337245632	Withdraw Funds to Bank Account	Bank Account			n	50000/100	50000/100	1970-01-01 00:00:00.000000 +0000
===== END
===== START
C	be76940e44703b6e6350878c36d5c4b0	cecc3025aa9f098ee5354107a6465954	2016-04-15 15:47:45.000000 +0000	2016-04-15 15:47:45.000000 +0000	2015-07-09 00:00:00.000000 +0000	51d78e4ea9ab049771e9a7fb655aa4c5	Operations	4F9223819L0052738	PayPal card confirmation refund	PayPal			c	195/100	195/100	2016-04-15 15:47:45.000000 +0000
C	be76940e44703b6e6350878c36d5c4b0	a84c725f3233353f540698ff6241e470	2016-04-15 15:47:45.000000 +0000	2016-04-15 15:47:45.000000 +0000	2015-07-09 00:00:00.000000 +0000	627134f4895dc96519f8204e4ba8cbeb	Imbalance-USD	4F9223819L0052738	PayPal card confirmation refund	PayPal			n	-195/100	-195/100	1970-01-01 00:00:00.000000 +0000
===== END
===== START
C	ce477189d003f619ea52e3b7b568d9d4	670023637f4572b6a685977864ecb560	2016-04-15 15:47:45.000000 +0000	2016-04-15 15:47:45.000000 +0000	2015-07-09 00:00:00.000000 +0000	51d78e4ea9ab049771e9a7fb655aa4c5	Operations	8FC91880C7066030L	Withdraw Funds to Bank Account	Bank Account			c	-56743/100	-56743/100	2016-04-15 15:47:45.000000 +0000
C	ce477189d003f619ea52e3b7b568d9d4	740961b3cc03c9487ad9585170c565ea	2016-04-15 15:47:45.000000 +0000	2016-04-15 15:47:45.000000 +0000	2015-07-09 00:00:00.000000 +0000	627134f4895dc96519f8204e4ba8cbeb	Imbalance-USD	8FC91880C7066030L	Withdraw Funds to Bank Account	Bank Account			n	56743/100	56743/100	1970-01-01 00:00:00.000000 +0000
===== END
===== START
C	0fb14169a8a67271513fceba6a741290	e1f4dd9054aeda6401bd9e826a3815b5	2016-04-15 15:47:45.000000 +0000	2016-04-15 15:47:45.000000 +0000	2015-07-09 00:00:00.000000 +0000	51d78e4ea9ab049771e9a7fb655aa4c5	Operations	2XK22578CK589040Y	Payment Received	Gratipay			c	34999/100	34999/100	2016-04-15 15:47:45.000000 +0000
C	0fb14169a8a67271513fceba6a741290	9221f8dc916e1348a01444213b2cafc8	2016-04-15 15:47:45.000000 +0000	2016-04-15 15:47:45.000000 +0000	2015-07-09 00:00:00.000000 +0000	627134f4895dc96519f8204e4ba8cbeb	Imbalance-USD	2XK22578CK589040Y	Payment Received	Gratipay			n	-34999/100	-34999/100	1970-01-01 00:00:00.000000 +0000
===== END
===== START
C	ab414700aca8b33e8957056e01ff6591	a5d7f6c6097951c2048cc6a909bb0bd0	2016-04-15 15:47:45.000000 +0000	2016-04-15 15:47:45.000000 +0000	2015-07-16 00:00:00.000000 +0000	51d78e4ea9ab049771e9a7fb655aa4c5	Operations	59F42238RY386811D	Payment Received	Gratipay			c	34089/100	34089/100	2016-04-15 15:47:45.000000 +0000
C	ab414700aca8b33e8957056e01ff6591	ca6a0943f0c643b81b4fd0f2aa25c9aa	2016-04-15 15:47:45.000000 +0000	2016-04-15 15:47:45.000000 +0000	2015-07-16 00:00:00.000000 +0000	627134f4895dc96519f8204e4ba8cbeb	Imbalance-USD	59F42238RY386811D	Payment Received	Gratipay			n	-34089/100	-34089/100	1970-01-01 00:00:00.000000 +0000
===== END
===== START
C	af7362f4e2c7ec31ded98b130c461807	587a242f76f21f9a26174b37cd52f3c3	2016-04-15 15:47:45.000000 +0000	2016-04-15 15:47:45.000000 +0000	2015-07-17 00:00:00.000000 +0000	51d78e4ea9ab049771e9a7fb655aa4c5	Operations	6JS94473AJ838883G	Withdraw Funds to Bank Account	Bank Account			c	-34284/100	-34284/100	2016-04-15 15:47:45.000000 +0000
C	af7362f4e2c7ec31ded98b130c461807	535b10c9a44c9a18c2a6de0b9f0626d2	2016-04-15 15:47:45.000000 +0000	2016-04-15 15:47:45.000000 +0000	2015-07-17 00:00:00.000000 +0000	627134f4895dc96519f8204e4ba8cbeb	Imbalance-USD	6JS94473AJ838883G	Withdraw Funds to Bank Account	Bank Account			n	34284/100	34284/100	1970-01-01 00:00:00.000000 +0000
===== END
===== START
C	f991f6fcaf85f1e573f7c1a6531c90af	872df5478cd8c19e73428602df19d283	2016-04-15 15:47:45.000000 +0000	2016-04-15 15:47:45.000000 +0000	2015-07-23 00:00:00.000000 +0000	51d78e4ea9ab049771e9a7fb655aa4c5	Operations	25176266XH271954K	Withdraw Funds to Bank Account	Bank Account			c	-34080/100	-34080/100	2016-04-15 15:47:45.000000 +0000
C	f991f6fcaf85f1e573f7c1a6531c90af	ac7626b4a368fea9cd66866ef053cf0e	2016-04-15 15:47:45.000000 +0000	2016-04-15 15:47:45.000000 +0000	2015-07-23 00:00:00.000000 +0000	627134f4895dc96519f8204e4ba8cbeb	Imbalance-USD	25176266XH271954K	Withdraw Funds to Bank Account	Bank Account			n	34080/100	34080/100	1970-01-01 00:00:00.000000 +0000
===== END
===== START
C	cd94b8bb073c5e5c997627f7ca876476	e7703917152333b295d9f9af3d3d85c9	2016-04-15 15:47:45.000000 +0000	2016-04-15 15:47:45.000000 +0000	2015-07-23 00:00:00.000000 +0000	51d78e4ea9ab049771e9a7fb655aa4c5	Operations	3LC526185L706950P	Payment Received	Gratipay			c	34080/100	34080/100	2016-04-15 15:47:45.000000 +0000
C	cd94b8bb073c5e5c997627f7ca876476	b37578740a5d51f959080fb23f1563d9	2016-04-15 15:47:45.000000 +0000	2016-04-15 15:47:45.000000 +0000	2015-07-23 00:00:00.000000 +0000	627134f4895dc96519f8204e4ba8cbeb	Imbalance-USD	3LC526185L706950P	Payment Received	Gratipay			n	-34080/100	-34080/100	1970-01-01 00:00:00.000000 +0000
===== END
===== START
C	385f6c5cc4efb761f8f2235dd839f36f	fce22ff92b825eb5afcce272d5257d2e	2016-04-15 15:47:45.000000 +0000	2016-04-15 15:47:45.000000 +0000	2015-07-30 00:00:00.000000 +0000	51d78e4ea9ab049771e9a7fb655aa4c5	Operations	7V928414X56058804	Withdraw Funds to Bank Account	Bank Account			c	-32117/100	-32117/100	2016-04-15 15:47:45.000000 +0000
C	385f6c5cc4efb761f8f2235dd839f36f	bdb2ce7944dcffaec143d1ff479345a1	2016-04-15 15:47:45.000000 +0000	2016-04-15 15:47:45.000000 +0000	2015-07-30 00:00:00.000000 +0000	627134f4895dc96519f8204e4ba8cbeb	Imbalance-USD	7V928414X56058804	Withdraw Funds to Bank Account	Bank Account			n	32117/100	32117/100	1970-01-01 00:00:00.000000 +0000
===== END
===== START
C	35dc552cc42a9b5adacb401ee507338e	fff5ce00fe3e3244730749afa92098e3	2016-04-15 15:47:45.000000 +0000	2016-04-15 15:47:45.000000 +0000	2015-07-30 00:00:00.000000 +0000	51d78e4ea9ab049771e9a7fb655aa4c5	Operations	9J168576100913055	Payment Received	Gratipay			c	32117/100	32117/100	2016-04-15 15:47:45.000000 +0000
C	35dc552cc42a9b5adacb401ee507338e	6ccb1850e6963f74d6692905175936c2	2016-04-15 15:47:45.000000 +0000	2016-04-15 15:47:45.000000 +0000	2015-07-30 00:00:00.000000 +0000	627134f4895dc96519f8204e4ba8cbeb	Imbalance-USD	9J168576100913055	Payment Received	Gratipay			n	-32117/100	-32117/100	1970-01-01 00:00:00.000000 +0000
===== END
===== START
C	2b05ba06e6c6a6ef5325cf290a1a5688	fb2d8d7b2c6b7a907418d4822e96883e	2016-04-15 15:47:45.000000 +0000	2016-04-15 15:47:45.000000 +0000	2015-08-06 00:00:00.000000 +0000	51d78e4ea9ab049771e9a7fb655aa4c5	Operations	1AV92018CK021850Y	Withdraw Funds to Bank Account	Bank Account			c	-32267/100	-32267/100	2016-04-15 15:47:45.000000 +0000
C	2b05ba06e6c6a6ef5325cf290a1a5688	10173007821dbdb9f751310afaaa339f	2016-04-15 15:47:45.000000 +0000	2016-04-15 15:47:45.000000 +0000	2015-08-06 00:00:00.000000 +0000	627134f4895dc96519f8204e4ba8cbeb	Imbalance-USD	1AV92018CK021850Y	Withdraw Funds to Bank Account	Bank Account			n	32267/100	32267/100	1970-01-01 00:00:00.000000 +0000
===== END
===== START
C	1fb383601023a9e3ece2e8e4446199eb	65239256ca1de337b618c7066c72b1ec	2016-04-15 15:47:45.000000 +0000	2016-04-15 15:47:45.000000 +0000	2015-08-06 00:00:00.000000 +0000	51d78e4ea9ab049771e9a7fb655aa4c5	Operations	9RV89457WD8846455	Payment Received	Gratipay			c	32267/100	32267/100	2016-04-15 15:47:45.000000 +0000
C	1fb383601023a9e3ece2e8e4446199eb	dbdf80af78f94cdf75b3162e43972e71	2016-04-15 15:47:45.000000 +0000	2016-04-15 15:47:45.000000 +0000	2015-08-06 00:00:00.000000 +0000	627134f4895dc96519f8204e4ba8cbeb	Imbalance-USD	9RV89457WD8846455	Payment Received	Gratipay			n	-32267/100	-32267/100	1970-01-01 00:00:00.000000 +0000
===== END
===== START
C	c12320b3a0abdfd9b28181dded0487e6	05e7906ff711e8bc1ba04b6b0b470993	2016-04-15 15:47:45.000000 +0000	2016-04-15 15:47:45.000000 +0000	2015-08-13 00:00:00.000000 +0000	51d78e4ea9ab049771e9a7fb655aa4c5	Operations	2RK07710MP630214N	Withdraw Funds to Bank Account	Bank Account			c	-31587/100	-31587/100	2016-04-15 15:47:45.000000 +0000
C	c12320b3a0abdfd9b28181dded0487e6	ee56e4e58be8c927ccab165775f74691	2016-04-15 15:47:45.000000 +0000	2016-04-15 15:47:45.000000 +0000	2015-08-13 00:00:00.000000 +0000	627134f4895dc96519f8204e4ba8cbeb	Imbalance-USD	2RK07710MP630214N	Withdraw Funds to Bank Account	Bank Account			n	31587/100	31587/100	1970-01-01 00:00:00.000000 +0000
===== END
===== START
C	ab730004a53c73060c1be5a10a5c37ee	f32131b4328c4bbd1a2e7463df7e014b	2016-04-15 15:47:45.000000 +0000	2016-04-15 15:47:45.000000 +0000	2015-08-13 00:00:00.000000 +0000	51d78e4ea9ab049771e9a7fb655aa4c5	Operations	97T58733J3962663G	Payment Received	Gratipay			c	31587/100	31587/100	2016-04-15 15:47:45.000000 +0000
C	ab730004a53c73060c1be5a10a5c37ee	a73db01a9f4efc7577bb656be44f2846	2016-04-15 15:47:45.000000 +0000	2016-04-15 15:47:45.000000 +0000	2015-08-13 00:00:00.000000 +0000	627134f4895dc96519f8204e4ba8cbeb	Imbalance-USD	97T58733J3962663G	Payment Received	Gratipay			n	-31587/100	-31587/100	1970-01-01 00:00:00.000000 +0000
===== END
===== START
C	f4fc50f541ae8006754d8247f84aa282	d5508714664708d66795c53b6ed156b2	2016-04-15 15:47:45.000000 +0000	2016-04-15 15:47:45.000000 +0000	2015-08-20 00:00:00.000000 +0000	51d78e4ea9ab049771e9a7fb655aa4c5	Operations	13H17140T80629118	Withdraw Funds to Bank Account	Bank Account			c	-31988/100	-31988/100	2016-04-15 15:47:45.000000 +0000
C	f4fc50f541ae8006754d8247f84aa282	723d149a92afbbd86039edd3b8544244	2016-04-15 15:47:45.000000 +0000	2016-04-15 15:47:45.000000 +0000	2015-08-20 00:00:00.000000 +0000	627134f4895dc96519f8204e4ba8cbeb	Imbalance-USD	13H17140T80629118	Withdraw Funds to Bank Account	Bank Account			n	31988/100	31988/100	1970-01-01 00:00:00.000000 +0000
===== END
===== START
C	f417bccec06910abcebe229632eaeb56	20010b2648249162000da6786acfa3d5	2016-04-15 15:47:45.000000 +0000	2016-04-15 15:47:45.000000 +0000	2015-08-20 00:00:00.000000 +0000	51d78e4ea9ab049771e9a7fb655aa4c5	Operations	9WP77187N7033530R	Payment Received	Gratipay			c	31988/100	31988/100	2016-04-15 15:47:45.000000 +0000
C	f417bccec06910abcebe229632eaeb56	dc9668dd207c2c4a5128aded7cf28dec	2016-04-15 15:47:45.000000 +0000	2016-04-15 15:47:45.000000 +0000	2015-08-20 00:00:00.000000 +0000	627134f4895dc96519f8204e4ba8cbeb	Imbalance-USD	9WP77187N7033530R	Payment Received	Gratipay			n	-31988/100	-31988/100	1970-01-01 00:00:00.000000 +0000
===== END
===== START
C	55b7a849b382dc99b5a773f8d6385fa6	aac4c0289e9d5b446e8d3337192ee787	2016-04-15 15:47:45.000000 +0000	2016-04-15 15:47:45.000000 +0000	2015-08-27 00:00:00.000000 +0000	51d78e4ea9ab049771e9a7fb655aa4c5	Operations	2BV28673UA2196727	Withdraw Funds to Bank Account	Bank Account			c	-31717/100	-31717/100	2016-04-15 15:47:45.000000 +0000
C	55b7a849b382dc99b5a773f8d6385fa6	ef0e4294ce987adc7d87f79dc1f18eb1	2016-04-15 15:47:45.000000 +0000	2016-04-15 15:47:45.000000 +0000	2015-08-27 00:00:00.000000 +0000	627134f4895dc96519f8204e4ba8cbeb	Imbalance-USD	2BV28673UA2196727	Withdraw Funds to Bank Account	Bank Account			n	31717/100	31717/100	1970-01-01 00:00:00.000000 +0000
===== END
===== START
C	e1acf3c9977031467107089c469a16af	e65b1800e1935b94ba29da63e18615c4	2016-04-15 15:47:45.000000 +0000	2016-04-15 15:47:45.000000 +0000	2015-08-27 00:00:00.000000 +0000	51d78e4ea9ab049771e9a7fb655aa4c5	Operations	6LA81030RC747411R	Payment Received	Gratipay			c	31717/100	31717/100	2016-04-15 15:47:45.000000 +0000
C	e1acf3c9977031467107089c469a16af	d1317ca817a37e1967a0b0c01a9cbb6a	2016-04-15 15:47:45.000000 +0000	2016-04-15 15:47:45.000000 +0000	2015-08-27 00:00:00.000000 +0000	627134f4895dc96519f8204e4ba8cbeb	Imbalance-USD	6LA81030RC747411R	Payment Received	Gratipay			n	-31717/100	-31717/100	1970-01-01 00:00:00.000000 +0000
===== END
===== START
C	a0000a5ee6ec76db6a702f998be28be7	e947dd9b67a884d263a33ef2d4f205a7	2016-04-15 15:47:45.000000 +0000	2016-04-15 15:47:45.000000 +0000	2015-09-03 00:00:00.000000 +0000	51d78e4ea9ab049771e9a7fb655aa4c5	Operations	2FU82714NY961902V	Withdraw Funds to Bank Account	Bank Account			c	-30916/100	-30916/100	2016-04-15 15:47:45.000000 +0000
C	a0000a5ee6ec76db6a702f998be28be7	ecb049b6b6ae3a514fc172910ed39f8c	2016-04-15 15:47:45.000000 +0000	2016-04-15 15:47:45.000000 +0000	2015-09-03 00:00:00.000000 +0000	627134f4895dc96519f8204e4ba8cbeb	Imbalance-USD	2FU82714NY961902V	Withdraw Funds to Bank Account	Bank Account			n	30916/100	30916/100	1970-01-01 00:00:00.000000 +0000
===== END
===== START
C	30e36aff359ca338aadd12593964214a	4eff8c214b6a385abe97697c8f1633dd	2016-04-15 15:47:45.000000 +0000	2016-04-15 15:47:45.000000 +0000	2015-09-03 00:00:00.000000 +0000	51d78e4ea9ab049771e9a7fb655aa4c5	Operations	29E94700LP982841W	Payment Received	Gratipay			c	30916/100	30916/100	2016-04-15 15:47:45.000000 +0000
C	30e36aff359ca338aadd12593964214a	bbe1c2fd9397e3a91940287e6de4a9c8	2016-04-15 15:47:45.000000 +0000	2016-04-15 15:47:45.000000 +0000	2015-09-03 00:00:00.000000 +0000	627134f4895dc96519f8204e4ba8cbeb	Imbalance-USD	29E94700LP982841W	Payment Received	Gratipay			n	-30916/100	-30916/100	1970-01-01 00:00:00.000000 +0000
===== END
===== START
C	f7733a9953e6f6d0a23eb10a58c43557	bc413c675d342b0b1023997a0bc3d536	2016-04-15 15:47:45.000000 +0000	2016-04-15 15:47:45.000000 +0000	2015-09-10 00:00:00.000000 +0000	51d78e4ea9ab049771e9a7fb655aa4c5	Operations	2JL72546M4486761W	Withdraw Funds to Bank Account	Bank Account			c	-27982/100	-27982/100	2016-04-15 15:47:45.000000 +0000
C	f7733a9953e6f6d0a23eb10a58c43557	dec58b79abb635512b37ad1f97188438	2016-04-15 15:47:45.000000 +0000	2016-04-15 15:47:45.000000 +0000	2015-09-10 00:00:00.000000 +0000	627134f4895dc96519f8204e4ba8cbeb	Imbalance-USD	2JL72546M4486761W	Withdraw Funds to Bank Account	Bank Account			n	27982/100	27982/100	1970-01-01 00:00:00.000000 +0000
===== END
===== START
C	0c1f0832bb45fdabefc75cfbc160b7b6	0e45753f7dfe20ef9e56d7337d559ef2	2016-04-15 15:47:45.000000 +0000	2016-04-15 15:47:45.000000 +0000	2015-09-10 00:00:00.000000 +0000	51d78e4ea9ab049771e9a7fb655aa4c5	Operations	3X256512MA313720R	Payment Received	Gratipay			c	27982/100	27982/100	2016-04-15 15:47:45.000000 +0000
C	0c1f0832bb45fdabefc75cfbc160b7b6	80805fc610518c12d6758ed9040c7dfd	2016-04-15 15:47:45.000000 +0000	2016-04-15 15:47:45.000000 +0000	2015-09-10 00:00:00.000000 +0000	627134f4895dc96519f8204e4ba8cbeb	Imbalance-USD	3X256512MA313720R	Payment Received	Gratipay			n	-27982/100	-27982/100	1970-01-01 00:00:00.000000 +0000
===== END
===== START
C	c5a9fe0c882be1b9b0e7304b24b390f1	32322dfd6e16116133f880bbbc39b425	2016-04-15 15:47:45.000000 +0000	2016-04-15 15:47:45.000000 +0000	2015-09-17 00:00:00.000000 +0000	51d78e4ea9ab049771e9a7fb655aa4c5	Operations	331541779T755040V	Withdraw Funds to Bank Account	Bank Account			c	-26623/100	-26623/100	2016-04-15 15:47:45.000000 +0000
C	c5a9fe0c882be1b9b0e7304b24b390f1	8499a6f9d37f1c5d154d44e8259bcbd5	2016-04-15 15:47:45.000000 +0000	2016-04-15 15:47:45.000000 +0000	2015-09-17 00:00:00.000000 +0000	627134f4895dc96519f8204e4ba8cbeb	Imbalance-USD	331541779T755040V	Withdraw Funds to Bank Account	Bank Account			n	26623/100	26623/100	1970-01-01 00:00:00.000000 +0000
===== END
===== START
C	5176c979802da0e95266a4fca6e05488	59ad9b8f96727bf9b8fb948a2526c996	2016-04-15 15:47:45.000000 +0000	2016-04-15 15:47:45.000000 +0000	2015-09-17 00:00:00.000000 +0000	51d78e4ea9ab049771e9a7fb655aa4c5	Operations	7LD19317VV450594W	Payment Received	Gratipay			c	26623/100	26623/100	2016-04-15 15:47:45.000000 +0000
C	5176c979802da0e95266a4fca6e05488	f5658012715f3140d37aad288da728d4	2016-04-15 15:47:45.000000 +0000	2016-04-15 15:47:45.000000 +0000	2015-09-17 00:00:00.000000 +0000	627134f4895dc96519f8204e4ba8cbeb	Imbalance-USD	7LD19317VV450594W	Payment Received	Gratipay			n	-26623/100	-26623/100	1970-01-01 00:00:00.000000 +0000
===== END
===== START
C	1ff9c9e494daed6a02b3d38f9e5d7d69	e2476045ba532b0bc6dcc715e60ab935	2016-04-15 15:47:45.000000 +0000	2016-04-15 15:47:45.000000 +0000	2015-09-24 00:00:00.000000 +0000	51d78e4ea9ab049771e9a7fb655aa4c5	Operations	6U8737945B4944053	Withdraw Funds to Bank Account	Bank Account			c	-27198/100	-27198/100	2016-04-15 15:47:45.000000 +0000
C	1ff9c9e494daed6a02b3d38f9e5d7d69	4458ab1b156592247d03eb6819e0819b	2016-04-15 15:47:45.000000 +0000	2016-04-15 15:47:45.000000 +0000	2015-09-24 00:00:00.000000 +0000	627134f4895dc96519f8204e4ba8cbeb	Imbalance-USD	6U8737945B4944053	Withdraw Funds to Bank Account	Bank Account			n	27198/100	27198/100	1970-01-01 00:00:00.000000 +0000
===== END
===== START
C	e0df28a8fa7cb4ec3d5e8ded4284fe3c	3a923e2f518edc7a71f422eae286c98e	2016-04-15 15:47:45.000000 +0000	2016-04-15 15:47:45.000000 +0000	2015-09-24 00:00:00.000000 +0000	51d78e4ea9ab049771e9a7fb655aa4c5	Operations	3V156487BW259425T	Payment Received	Gratipay			c	27198/100	27198/100	2016-04-15 15:47:45.000000 +0000
C	e0df28a8fa7cb4ec3d5e8ded4284fe3c	d9e0336f438fcbbc2e079f66741ca45c	2016-04-15 15:47:45.000000 +0000	2016-04-15 15:47:45.000000 +0000	2015-09-24 00:00:00.000000 +0000	627134f4895dc96519f8204e4ba8cbeb	Imbalance-USD	3V156487BW259425T	Payment Received	Gratipay			n	-27198/100	-27198/100	1970-01-01 00:00:00.000000 +0000
===== END
===== START
===== END
===== START
B	a031227803f2f11a825c6f6a5dc55003	e6dbcb140847150e4b5abafd2d887a64	2016-04-15 15:48:11.000000 +0000	2016-04-15 15:42:54.000000 +0000	2015-09-24 00:00:00.000000 +0000	6d294b427caef2318579bbcf43c94a73	Paypal	FEE-8W290658L0442653W	Processing Fee				n	2426/100	2426/100	1970-01-01 00:00:00.000000 +0000
B	a031227803f2f11a825c6f6a5dc55003	07c3325b939fc646fa92a108a498854d	2016-04-15 15:48:11.000000 +0000	2016-04-15 15:42:54.000000 +0000	2015-09-24 00:00:00.000000 +0000	328357cf013789990855e64151d5d03a	Paypal	FEE-8W290658L0442653W	Processing Fee				c	-2426/100	-2426/100	2016-04-15 15:42:54.000000 +0000
===== END
===== START
C	a031227803f2f11a825c6f6a5dc55003	e6dbcb140847150e4b5abafd2d887a64	2016-04-15 15:48:11.000000 +0000	2016-04-15 15:42:54.000000 +0000	2015-09-24 00:00:00.000000 +0000	6d294b427caef2318579bbcf43c94a73	Paypal	FEE-8W290658L0442653W	Processing Fee				n	2426/100	2426/100	1970-01-01 00:00:00.000000 +0000
C	a031227803f2f11a825c6f6a5dc55003	07c3325b939fc646fa92a108a498854d	2016-04-15 15:48:11.000000 +0000	2016-04-15 15:42:54.000000 +0000	2015-09-24 00:00:00.000000 +0000	0bfef95088b6e896387f4595c9a9a077	Escrow	FEE-8W290658L0442653W	Processing Fee				c	-2426/100	-2426/100	2016-04-15 15:42:54.000000 +0000
===== END
===== START
B	6c4d69633edba19eb1a91e3ec33d9337	7e50167bb7c6494455d902b9a81a0a1a	2016-04-15 15:48:19.000000 +0000	2016-04-15 15:42:54.000000 +0000	2015-09-24 00:00:00.000000 +0000	6c2333ad3690e268bd69a535d715bc68	Gratipay	8W290658L0442653W	Mass Payment Sent				c	185775/100	185775/100	2016-04-15 15:42:54.000000 +0000
B	6c4d69633edba19eb1a91e3ec33d9337	8c7049da9f7c6410a5abf11c37ee3669	2016-04-15 15:48:19.000000 +0000	2016-04-15 15:42:54.000000 +0000	2015-09-24 00:00:00.000000 +0000	328357cf013789990855e64151d5d03a	Paypal	8W290658L0442653W	Mass Payment Sent				n	-185775/100	-185775/100	1970-01-01 00:00:00.000000 +0000
===== END
===== START
C	6c4d69633edba19eb1a91e3ec33d9337	7e50167bb7c6494455d902b9a81a0a1a	2016-04-15 15:48:19.000000 +0000	2016-04-15 15:42:54.000000 +0000	2015-09-24 00:00:00.000000 +0000	6c2333ad3690e268bd69a535d715bc68	Gratipay	8W290658L0442653W	Mass Payment Sent				c	185775/100	185775/100	2016-04-15 15:42:54.000000 +0000
C	6c4d69633edba19eb1a91e3ec33d9337	8c7049da9f7c6410a5abf11c37ee3669	2016-04-15 15:48:19.000000 +0000	2016-04-15 15:42:54.000000 +0000	2015-09-24 00:00:00.000000 +0000	0bfef95088b6e896387f4595c9a9a077	Escrow	8W290658L0442653W	Mass Payment Sent				n	-185775/100	-185775/100	1970-01-01 00:00:00.000000 +0000
===== END
===== START
B	335dcad1549b7cbb720c6d6f8af2b61d	b95bc88a5a8cc615a5a0afa270ce70bb	2016-04-15 15:48:22.000000 +0000	2016-04-15 15:42:54.000000 +0000	2015-09-24 00:00:00.000000 +0000	328357cf013789990855e64151d5d03a	Paypal	8W290658L0442653W	Denied Funds Returned (Mass)				n	11519/100	11519/100	1970-01-01 00:00:00.000000 +0000
B	335dcad1549b7cbb720c6d6f8af2b61d	926dcdd2a9e36d81d1cabdb10cd76e52	2016-04-15 15:48:22.000000 +0000	2016-04-15 15:42:54.000000 +0000	2015-09-24 00:00:00.000000 +0000	6c2333ad3690e268bd69a535d715bc68	Gratipay	8W290658L0442653W	Denied Funds Returned (Mass)				c	-11519/100	-11519/100	2016-04-15 15:42:54.000000 +0000
===== END
===== START
C	335dcad1549b7cbb720c6d6f8af2b61d	b95bc88a5a8cc615a5a0afa270ce70bb	2016-04-15 15:48:22.000000 +0000	2016-04-15 15:42:54.000000 +0000	2015-09-24 00:00:00.000000 +0000	0bfef95088b6e896387f4595c9a9a077	Escrow	8W290658L0442653W	Denied Funds Returned (Mass)				n	11519/100	11519/100	1970-01-01 00:00:00.000000 +0000
C	335dcad1549b7cbb720c6d6f8af2b61d	926dcdd2a9e36d81d1cabdb10cd76e52	2016-04-15 15:48:22.000000 +0000	2016-04-15 15:42:54.000000 +0000	2015-09-24 00:00:00.000000 +0000	6c2333ad3690e268bd69a535d715bc68	Gratipay	8W290658L0442653W	Denied Funds Returned (Mass)				c	-11519/100	-11519/100	2016-04-15 15:42:54.000000 +0000
===== END
===== START
===== END
===== START
===== END
===== START
D	8fff77111b53ba18ef69810fd5388a57	a0773f28917d513f91c0e47085876654	2016-04-15 15:49:52.000000 +0000	2016-04-15 15:49:52.000000 +0000	2016-04-15 00:00:00.000000 +0000								n	0/1	0/100	1970-01-01 00:00:00.000000 +0000
===== END
===== START
D	06a36e260e08a6690cffbc18537fbeb4	162fb6f04859f475f0cb85a9db731144	2016-04-15 15:49:52.000000 +0000	2016-04-15 15:49:52.000000 +0000	2016-04-15 00:00:00.000000 +0000								n	0/1	0/100	1970-01-01 00:00:00.000000 +0000
===== END
===== START
D	a31105f2708ef176e9aa2bb7cd1fa527	07af2ed2cca183a450938dad25bc4669	2016-04-15 15:49:54.000000 +0000	2016-04-15 15:49:54.000000 +0000	2016-04-15 00:00:00.000000 +0000								n	0/1	0/100	1970-01-01 00:00:00.000000 +0000
===== END
===== START
===== END
