mod	trans_guid	split_guid	time_now	date_entered	date_posted	acc_guid	acc_name	num	description	notes	memo	action	reconciled	amount	value	date_reconciled
-----------------
===== START
C	1993933d5b3f0d7957d6b0f17640739b	ef51d4eaca6b871b58685143e167a572	2016-04-15 14:56:25.000000 +0000	2016-04-15 14:56:25.000000 +0000	2012-06-22 00:00:00.000000 +0000	4c3d01c1d3279640eb97b08de449d8c8	Stripe	ach_TbWKItYNIPfqx9	STRIPE TRANSFER	NEW ALLIANCE FCU			c	-22/100	-22/100	2016-04-15 14:56:25.000000 +0000
C	1993933d5b3f0d7957d6b0f17640739b	c33584c3400c0056617ba115c7a452c0	2016-04-15 14:56:25.000000 +0000	2016-04-15 14:56:25.000000 +0000	2012-06-22 00:00:00.000000 +0000	e3ba307f6c2c120033884223a84180eb	New Alliance	ach_TbWKItYNIPfqx9	STRIPE TRANSFER	NEW ALLIANCE FCU			n	22/100	22/100	1970-01-01 00:00:00.000000 +0000
===== END
===== START
C	776c554795eab74cbe690c0b4384902a	f1e8b6c1e8e832569d4218568071a19e	2016-04-15 14:56:25.000000 +0000	2016-04-15 14:56:25.000000 +0000	2012-06-29 00:00:00.000000 +0000	4c3d01c1d3279640eb97b08de449d8c8	Stripe	ach_jCijaSZpHvwilV	STRIPE TRANSFER	NEW ALLIANCE FCU			c	-2097/100	-2097/100	2016-04-15 14:56:25.000000 +0000
C	776c554795eab74cbe690c0b4384902a	6276cdd55fd49e57f909266b0b7bb0f6	2016-04-15 14:56:25.000000 +0000	2016-04-15 14:56:25.000000 +0000	2012-06-29 00:00:00.000000 +0000	e3ba307f6c2c120033884223a84180eb	New Alliance	ach_jCijaSZpHvwilV	STRIPE TRANSFER	NEW ALLIANCE FCU			n	2097/100	2097/100	1970-01-01 00:00:00.000000 +0000
===== END
===== START
===== END
===== START
===== END
===== START
===== END
===== START
===== END
===== START
===== END
===== START
===== END
===== START
===== END
===== START
===== END
===== START
===== END
===== START
===== END
===== START
===== END
===== START
===== END
===== START
===== END
===== START
===== END
===== START
===== END
===== START
===== END
===== START
===== END
===== START
===== END
===== START
===== END
===== START
===== END
===== START
===== END
===== START
===== END
===== START
===== END
===== START
===== END
===== START
===== END
===== START
===== END
===== START
===== END
===== START
===== END
===== START
===== END
===== START
===== END
===== START
===== END
===== START
===== END
===== START
===== END
===== START
===== END
===== START
===== END
===== START
===== END
===== START
===== END
===== START
===== END
===== START
===== END
===== START
===== END
===== START
===== END
===== START
===== END
===== START
===== END
===== START
===== END
===== START
===== END
===== START
===== END
===== START
===== END
===== START
===== END
===== START
===== END
===== START
===== END
===== START
===== END
===== START
===== END
===== START
===== END
===== START
===== END
===== START
===== END
===== START
D	5517000243bd56db340f3061eb3d793d	3780615e9b0a0b6a9d9279b394a02810	2016-04-15 15:00:28.000000 +0000	2016-04-15 15:00:28.000000 +0000	2016-04-15 00:00:00.000000 +0000								n	0/1	0/100	1970-01-01 00:00:00.000000 +0000
===== END
===== START
B	da9f791d6946bd5d45f517c5b8046cac	768473fba9029073dc89f3fd2ac63bb2	2016-04-15 15:00:42.000000 +0000	2016-04-15 09:32:10.000000 +0000	2012-06-22 00:00:00.000000 +0000	e3ba307f6c2c120033884223a84180eb	New Alliance		EFT DEP - STRIPE           MERCHANT	Samurai -> Stripe			c	22/100	22/100	2016-04-15 09:32:10.000000 +0000
B	da9f791d6946bd5d45f517c5b8046cac	0ebb68cf29e9159bc7bb9e41bb601132	2016-04-15 15:00:42.000000 +0000	2016-04-15 09:32:10.000000 +0000	2012-06-22 00:00:00.000000 +0000	41840b9e2a03dcf1286359e9c5186fb0	asnsetStripe		EFT DEP - STRIPE           MERCHANT	Samurai -> Stripe			n	-22/100	-22/100	1970-01-01 00:00:00.000000 +0000
===== END
===== START
B	a24c4180f648f8d9fd65b2c3a03cfa36	f21afd3955ab809212110df5b5e071f0	2016-04-15 15:00:42.000000 +0000	2016-04-15 09:43:06.000000 +0000	2012-06-22 00:00:00.000000 +0000	627134f4895dc96519f8204e4ba8cbeb	Imbalance-USD		EFT DEP - STRIPE           MERCHANT	Samurai -> Stripe			c	22/100	22/100	2016-04-15 09:43:06.000000 +0000
B	a24c4180f648f8d9fd65b2c3a03cfa36	74f4c4863366dfb3f35d930f68c3df4d	2016-04-15 15:00:42.000000 +0000	2016-04-15 09:43:06.000000 +0000	2012-06-22 00:00:00.000000 +0000	41840b9e2a03dcf1286359e9c5186fb0	asnsetStripe		EFT DEP - STRIPE           MERCHANT	Samurai -> Stripe			n	-22/100	-22/100	1970-01-01 00:00:00.000000 +0000
===== END
===== START
B	2decd90092202b215372ddea6f0f5708	29b7cf2c7321ef012b6fabe697c591f3	2016-04-15 15:00:42.000000 +0000	2016-04-15 09:32:10.000000 +0000	2012-06-28 00:00:00.000000 +0000	e3ba307f6c2c120033884223a84180eb	New Alliance		EFT DEP - STRIPE           MERCHANT				c	2097/100	2097/100	2016-04-15 09:32:10.000000 +0000
B	2decd90092202b215372ddea6f0f5708	ff56607fa1ad9e180239fe0c09a7bd42	2016-04-15 15:00:42.000000 +0000	2016-04-15 09:32:10.000000 +0000	2012-06-28 00:00:00.000000 +0000	41840b9e2a03dcf1286359e9c5186fb0	asnsetStripe		EFT DEP - STRIPE           MERCHANT				n	-2097/100	-2097/100	1970-01-01 00:00:00.000000 +0000
===== END
===== START
B	3222f36433934edfaf84e5a5b5fa3363	ddacf6826cec13eb72d59e1e94066fc2	2016-04-15 15:00:42.000000 +0000	2016-04-15 09:43:06.000000 +0000	2012-06-28 00:00:00.000000 +0000	627134f4895dc96519f8204e4ba8cbeb	Imbalance-USD		EFT DEP - STRIPE           MERCHANT				c	2097/100	2097/100	2016-04-15 09:43:06.000000 +0000
B	3222f36433934edfaf84e5a5b5fa3363	11c123a92174c2ddac54f576f8f0393e	2016-04-15 15:00:42.000000 +0000	2016-04-15 09:43:06.000000 +0000	2012-06-28 00:00:00.000000 +0000	41840b9e2a03dcf1286359e9c5186fb0	asnsetStripe		EFT DEP - STRIPE           MERCHANT				n	-2097/100	-2097/100	1970-01-01 00:00:00.000000 +0000
===== END
===== START
B	5dd6d6ba9c69fb3e0aa0dd8d9d7dfded	062000db85474386be2331ad0b759b28	2016-04-15 15:00:42.000000 +0000	2016-04-15 09:43:06.000000 +0000	2012-07-05 00:00:00.000000 +0000	627134f4895dc96519f8204e4ba8cbeb	Imbalance-USD		EFT DEP - STRIPE           MERCHANT				c	9637/100	9637/100	2016-04-15 09:43:06.000000 +0000
B	5dd6d6ba9c69fb3e0aa0dd8d9d7dfded	18e0fec5962620a0ef50979cbe59a839	2016-04-15 15:00:42.000000 +0000	2016-04-15 09:43:06.000000 +0000	2012-07-05 00:00:00.000000 +0000	41840b9e2a03dcf1286359e9c5186fb0	asnsetStripe		EFT DEP - STRIPE           MERCHANT				n	-9637/100	-9637/100	1970-01-01 00:00:00.000000 +0000
===== END
===== START
B	5af85e8789f680e89cd155876acd70eb	9f6a023b5f4af2c261d7f9c474d9ce2d	2016-04-15 15:00:42.000000 +0000	2016-04-15 09:43:06.000000 +0000	2012-07-19 00:00:00.000000 +0000	627134f4895dc96519f8204e4ba8cbeb	Imbalance-USD		EFT DEP - STRIPE           MERCHANT				c	51425/100	51425/100	2016-04-15 09:43:06.000000 +0000
B	5af85e8789f680e89cd155876acd70eb	36dad9c81eea154143a8132efaaf99ac	2016-04-15 15:00:42.000000 +0000	2016-04-15 09:43:06.000000 +0000	2012-07-19 00:00:00.000000 +0000	41840b9e2a03dcf1286359e9c5186fb0	asnsetStripe		EFT DEP - STRIPE           MERCHANT				n	-51425/100	-51425/100	1970-01-01 00:00:00.000000 +0000
===== END
===== START
B	9781a10a41d52100c2c81592c215d975	286b32d74781c3d1c9bc1dae6cab3fd4	2016-04-15 15:00:42.000000 +0000	2016-04-15 09:43:06.000000 +0000	2012-07-19 00:00:00.000000 +0000	627134f4895dc96519f8204e4ba8cbeb	Imbalance-USD		EFT DEP - STRIPE           MERCHANT				c	34513/100	34513/100	2016-04-15 09:43:06.000000 +0000
B	9781a10a41d52100c2c81592c215d975	90d07d772a8ad53e520b674d5cd26bcc	2016-04-15 15:00:42.000000 +0000	2016-04-15 09:43:06.000000 +0000	2012-07-19 00:00:00.000000 +0000	41840b9e2a03dcf1286359e9c5186fb0	asnsetStripe		EFT DEP - STRIPE           MERCHANT				n	-34513/100	-34513/100	1970-01-01 00:00:00.000000 +0000
===== END
===== START
B	b69d5aaaabaa63cd41eecd9b2b2fd7f0	492237e88c3ac86ae48d27d661f92227	2016-04-15 15:00:42.000000 +0000	2016-04-15 09:43:06.000000 +0000	2012-07-26 00:00:00.000000 +0000	627134f4895dc96519f8204e4ba8cbeb	Imbalance-USD		EFT DEP - STRIPE           MERCHANT				c	46806/100	46806/100	2016-04-15 09:43:06.000000 +0000
B	b69d5aaaabaa63cd41eecd9b2b2fd7f0	e51c089a88c373b3337ba90acae4e326	2016-04-15 15:00:42.000000 +0000	2016-04-15 09:43:06.000000 +0000	2012-07-26 00:00:00.000000 +0000	41840b9e2a03dcf1286359e9c5186fb0	asnsetStripe		EFT DEP - STRIPE           MERCHANT				n	-46806/100	-46806/100	1970-01-01 00:00:00.000000 +0000
===== END
===== START
B	bc40ee475bbf952c920f23ce15942b6b	c3c733b941bd242a2e69f6d9ee5ae4b0	2016-04-15 15:00:42.000000 +0000	2016-04-15 09:43:06.000000 +0000	2012-08-02 00:00:00.000000 +0000	627134f4895dc96519f8204e4ba8cbeb	Imbalance-USD		EFT DEP - STRIPE           MERCHANT				c	103084/100	103084/100	2016-04-15 09:43:06.000000 +0000
B	bc40ee475bbf952c920f23ce15942b6b	24b152e2f71fd385f7fd89a627069e82	2016-04-15 15:00:42.000000 +0000	2016-04-15 09:43:06.000000 +0000	2012-08-02 00:00:00.000000 +0000	41840b9e2a03dcf1286359e9c5186fb0	asnsetStripe		EFT DEP - STRIPE           MERCHANT				n	-103084/100	-103084/100	1970-01-01 00:00:00.000000 +0000
===== END
===== START
B	149cc96f39a46d8c6805190700d95644	9d0d79bf370fef2e139584bb154db900	2016-04-15 15:00:42.000000 +0000	2016-04-15 09:43:06.000000 +0000	2012-08-09 00:00:00.000000 +0000	627134f4895dc96519f8204e4ba8cbeb	Imbalance-USD		EFT DEP - STRIPE           MERCHANT	Stripe -> Balanced			c	48015/100	48015/100	2016-04-15 09:43:06.000000 +0000
B	149cc96f39a46d8c6805190700d95644	6cd24ad180217e0a008884b8479645f7	2016-04-15 15:00:42.000000 +0000	2016-04-15 09:43:06.000000 +0000	2012-08-09 00:00:00.000000 +0000	41840b9e2a03dcf1286359e9c5186fb0	asnsetStripe		EFT DEP - STRIPE           MERCHANT	Stripe -> Balanced			n	-48015/100	-48015/100	1970-01-01 00:00:00.000000 +0000
===== END
===== START
B	0331570d45f45c119e93eee3f202c885	63ac01d0fab2c1f297c4c2f4c68066f0	2016-04-15 15:00:42.000000 +0000	2016-04-15 09:43:06.000000 +0000	2012-08-16 00:00:00.000000 +0000	627134f4895dc96519f8204e4ba8cbeb	Imbalance-USD		EFT DEP - STRIPE           MERCHANT				c	51166/100	51166/100	2016-04-15 09:43:06.000000 +0000
B	0331570d45f45c119e93eee3f202c885	c02c8a57482c5f5d76e11ddf0368af7e	2016-04-15 15:00:42.000000 +0000	2016-04-15 09:43:06.000000 +0000	2012-08-16 00:00:00.000000 +0000	41840b9e2a03dcf1286359e9c5186fb0	asnsetStripe		EFT DEP - STRIPE           MERCHANT				n	-51166/100	-51166/100	1970-01-01 00:00:00.000000 +0000
===== END
===== START
B	93f2fa71233214fe5cd7b3517d40b8e3	4e1d2fec11c92d454e8bd3f6faeb73ba	2016-04-15 15:00:42.000000 +0000	2016-04-15 09:43:06.000000 +0000	2012-08-30 00:00:00.000000 +0000	627134f4895dc96519f8204e4ba8cbeb	Imbalance-USD		EFT DEP - STRIPE           MERCHANT	There was a migration hiccup; see https://github.com/gittip/www.gittip.com/issues/173.			c	941/100	941/100	2016-04-15 09:43:06.000000 +0000
B	93f2fa71233214fe5cd7b3517d40b8e3	78dbd95fa134dbbf9e2f474b255526e7	2016-04-15 15:00:42.000000 +0000	2016-04-15 09:43:06.000000 +0000	2012-08-30 00:00:00.000000 +0000	41840b9e2a03dcf1286359e9c5186fb0	asnsetStripe		EFT DEP - STRIPE           MERCHANT	There was a migration hiccup; see https://github.com/gittip/www.gittip.com/issues/173.			n	-941/100	-941/100	1970-01-01 00:00:00.000000 +0000
===== END
===== START
B	56eea92dcf11a5bad786303d4bc150d2	f3808d432f3bc4616d10ab276480bd30	2016-04-15 15:00:42.000000 +0000	2016-04-15 09:43:06.000000 +0000	2012-09-19 00:00:00.000000 +0000	627134f4895dc96519f8204e4ba8cbeb	Imbalance-USD		EFT DEP - STRIPE           MERCHANT				c	941/100	941/100	2016-04-15 09:43:06.000000 +0000
B	56eea92dcf11a5bad786303d4bc150d2	f41e60d56b1f8d74e9ace202df662942	2016-04-15 15:00:42.000000 +0000	2016-04-15 09:43:06.000000 +0000	2012-09-19 00:00:00.000000 +0000	41840b9e2a03dcf1286359e9c5186fb0	asnsetStripe		EFT DEP - STRIPE           MERCHANT				n	-941/100	-941/100	1970-01-01 00:00:00.000000 +0000
===== END
===== START
B	446ef11082ca3fceee94d193d6056b75	7586004ec2b76faaad27c6e1933f71ad	2016-04-15 15:00:42.000000 +0000	2016-04-15 09:43:06.000000 +0000	2012-10-10 00:00:00.000000 +0000	627134f4895dc96519f8204e4ba8cbeb	Imbalance-USD		EFT DEP - STRIPE           MERCHANT				c	941/100	941/100	2016-04-15 09:43:06.000000 +0000
B	446ef11082ca3fceee94d193d6056b75	c91480214a0b163abdf70333dc83018f	2016-04-15 15:00:42.000000 +0000	2016-04-15 09:43:06.000000 +0000	2012-10-10 00:00:00.000000 +0000	41840b9e2a03dcf1286359e9c5186fb0	asnsetStripe		EFT DEP - STRIPE           MERCHANT				n	-941/100	-941/100	1970-01-01 00:00:00.000000 +0000
===== END
===== START
B	fe9199d7a9ddbb86a7c83b259078a5c4	1f22d24a2fd82bf18f1966684ae011af	2016-04-15 15:00:42.000000 +0000	2016-04-15 09:43:06.000000 +0000	2012-10-31 00:00:00.000000 +0000	627134f4895dc96519f8204e4ba8cbeb	Imbalance-USD		EFT DEP - STRIPE           MERCHANT				c	941/100	941/100	2016-04-15 09:43:06.000000 +0000
B	fe9199d7a9ddbb86a7c83b259078a5c4	2c7c124dbb1f7169cd7fcd834c7c763b	2016-04-15 15:00:42.000000 +0000	2016-04-15 09:43:06.000000 +0000	2012-10-31 00:00:00.000000 +0000	41840b9e2a03dcf1286359e9c5186fb0	asnsetStripe		EFT DEP - STRIPE           MERCHANT				n	-941/100	-941/100	1970-01-01 00:00:00.000000 +0000
===== END
===== START
B	6d33978cb0e502712f16d8a3e5f9acc8	dafbea24970efc3eb410036fa6adda69	2016-04-15 15:00:42.000000 +0000	2016-04-15 09:43:06.000000 +0000	2012-11-20 00:00:00.000000 +0000	627134f4895dc96519f8204e4ba8cbeb	Imbalance-USD		EFT DEP - STRIPE           MERCHANT				c	941/100	941/100	2016-04-15 09:43:06.000000 +0000
B	6d33978cb0e502712f16d8a3e5f9acc8	4aa4df2f231a4a0e6df2e1ba98d8c2f8	2016-04-15 15:00:42.000000 +0000	2016-04-15 09:43:06.000000 +0000	2012-11-20 00:00:00.000000 +0000	41840b9e2a03dcf1286359e9c5186fb0	asnsetStripe		EFT DEP - STRIPE           MERCHANT				n	-941/100	-941/100	1970-01-01 00:00:00.000000 +0000
===== END
===== START
B	f4518346c3a26862398d0b32350126dd	97f6f1cd37014cf24f5465b078773685	2016-04-15 15:00:42.000000 +0000	2016-04-15 09:43:06.000000 +0000	2013-01-30 00:00:00.000000 +0000	627134f4895dc96519f8204e4ba8cbeb	Imbalance-USD		EFT DEP - STRIPE           MERCHANT				c	941/100	941/100	2016-04-15 09:43:06.000000 +0000
B	f4518346c3a26862398d0b32350126dd	3c981f24e51a8f49387941259b030520	2016-04-15 15:00:42.000000 +0000	2016-04-15 09:43:06.000000 +0000	2013-01-30 00:00:00.000000 +0000	41840b9e2a03dcf1286359e9c5186fb0	asnsetStripe		EFT DEP - STRIPE           MERCHANT				n	-941/100	-941/100	1970-01-01 00:00:00.000000 +0000
===== END
===== START
B	e53f734e4f57d6b8c767523d1cdb2033	05ccca21f5f50ae62cd711d7056061ff	2016-04-15 15:00:42.000000 +0000	2016-04-15 09:43:06.000000 +0000	2013-02-20 00:00:00.000000 +0000	627134f4895dc96519f8204e4ba8cbeb	Imbalance-USD		EFT DEP - STRIPE           MERCHANT				c	941/100	941/100	2016-04-15 09:43:06.000000 +0000
B	e53f734e4f57d6b8c767523d1cdb2033	b86d53e563e5231c411e774df9e4e726	2016-04-15 15:00:42.000000 +0000	2016-04-15 09:43:06.000000 +0000	2013-02-20 00:00:00.000000 +0000	41840b9e2a03dcf1286359e9c5186fb0	asnsetStripe		EFT DEP - STRIPE           MERCHANT				n	-941/100	-941/100	1970-01-01 00:00:00.000000 +0000
===== END
===== START
B	54e3ea375350ac4e1ed71d429296909b	a452b66b77a530ca22061b86be46238c	2016-04-15 15:00:42.000000 +0000	2016-04-15 09:43:06.000000 +0000	2013-03-20 00:00:00.000000 +0000	627134f4895dc96519f8204e4ba8cbeb	Imbalance-USD		EFT DEP - STRIPE           TRANSFER				c	941/100	941/100	2016-04-15 09:43:06.000000 +0000
B	54e3ea375350ac4e1ed71d429296909b	6882ddfe6d0d7fafac6628f3fe455b68	2016-04-15 15:00:42.000000 +0000	2016-04-15 09:43:06.000000 +0000	2013-03-20 00:00:00.000000 +0000	41840b9e2a03dcf1286359e9c5186fb0	asnsetStripe		EFT DEP - STRIPE           TRANSFER				n	-941/100	-941/100	1970-01-01 00:00:00.000000 +0000
===== END
===== START
C	da9f791d6946bd5d45f517c5b8046cac	768473fba9029073dc89f3fd2ac63bb2	2016-04-15 15:00:42.000000 +0000	2016-04-15 09:32:10.000000 +0000	2012-06-22 00:00:00.000000 +0000	e3ba307f6c2c120033884223a84180eb	New Alliance		EFT DEP - STRIPE           MERCHANT	Samurai -> Stripe			c	22/100	22/100	2016-04-15 09:32:10.000000 +0000
C	da9f791d6946bd5d45f517c5b8046cac	0ebb68cf29e9159bc7bb9e41bb601132	2016-04-15 15:00:42.000000 +0000	2016-04-15 09:32:10.000000 +0000	2012-06-22 00:00:00.000000 +0000	4c3d01c1d3279640eb97b08de449d8c8	Stripe		EFT DEP - STRIPE           MERCHANT	Samurai -> Stripe			n	-22/100	-22/100	1970-01-01 00:00:00.000000 +0000
===== END
===== START
C	a24c4180f648f8d9fd65b2c3a03cfa36	f21afd3955ab809212110df5b5e071f0	2016-04-15 15:00:42.000000 +0000	2016-04-15 09:43:06.000000 +0000	2012-06-22 00:00:00.000000 +0000	627134f4895dc96519f8204e4ba8cbeb	Imbalance-USD		EFT DEP - STRIPE           MERCHANT	Samurai -> Stripe			c	22/100	22/100	2016-04-15 09:43:06.000000 +0000
C	a24c4180f648f8d9fd65b2c3a03cfa36	74f4c4863366dfb3f35d930f68c3df4d	2016-04-15 15:00:42.000000 +0000	2016-04-15 09:43:06.000000 +0000	2012-06-22 00:00:00.000000 +0000	4c3d01c1d3279640eb97b08de449d8c8	Stripe		EFT DEP - STRIPE           MERCHANT	Samurai -> Stripe			n	-22/100	-22/100	1970-01-01 00:00:00.000000 +0000
===== END
===== START
C	2decd90092202b215372ddea6f0f5708	29b7cf2c7321ef012b6fabe697c591f3	2016-04-15 15:00:42.000000 +0000	2016-04-15 09:32:10.000000 +0000	2012-06-28 00:00:00.000000 +0000	e3ba307f6c2c120033884223a84180eb	New Alliance		EFT DEP - STRIPE           MERCHANT				c	2097/100	2097/100	2016-04-15 09:32:10.000000 +0000
C	2decd90092202b215372ddea6f0f5708	ff56607fa1ad9e180239fe0c09a7bd42	2016-04-15 15:00:42.000000 +0000	2016-04-15 09:32:10.000000 +0000	2012-06-28 00:00:00.000000 +0000	4c3d01c1d3279640eb97b08de449d8c8	Stripe		EFT DEP - STRIPE           MERCHANT				n	-2097/100	-2097/100	1970-01-01 00:00:00.000000 +0000
===== END
===== START
C	3222f36433934edfaf84e5a5b5fa3363	ddacf6826cec13eb72d59e1e94066fc2	2016-04-15 15:00:42.000000 +0000	2016-04-15 09:43:06.000000 +0000	2012-06-28 00:00:00.000000 +0000	627134f4895dc96519f8204e4ba8cbeb	Imbalance-USD		EFT DEP - STRIPE           MERCHANT				c	2097/100	2097/100	2016-04-15 09:43:06.000000 +0000
C	3222f36433934edfaf84e5a5b5fa3363	11c123a92174c2ddac54f576f8f0393e	2016-04-15 15:00:42.000000 +0000	2016-04-15 09:43:06.000000 +0000	2012-06-28 00:00:00.000000 +0000	4c3d01c1d3279640eb97b08de449d8c8	Stripe		EFT DEP - STRIPE           MERCHANT				n	-2097/100	-2097/100	1970-01-01 00:00:00.000000 +0000
===== END
===== START
C	5dd6d6ba9c69fb3e0aa0dd8d9d7dfded	062000db85474386be2331ad0b759b28	2016-04-15 15:00:42.000000 +0000	2016-04-15 09:43:06.000000 +0000	2012-07-05 00:00:00.000000 +0000	627134f4895dc96519f8204e4ba8cbeb	Imbalance-USD		EFT DEP - STRIPE           MERCHANT				c	9637/100	9637/100	2016-04-15 09:43:06.000000 +0000
C	5dd6d6ba9c69fb3e0aa0dd8d9d7dfded	18e0fec5962620a0ef50979cbe59a839	2016-04-15 15:00:42.000000 +0000	2016-04-15 09:43:06.000000 +0000	2012-07-05 00:00:00.000000 +0000	4c3d01c1d3279640eb97b08de449d8c8	Stripe		EFT DEP - STRIPE           MERCHANT				n	-9637/100	-9637/100	1970-01-01 00:00:00.000000 +0000
===== END
===== START
C	5af85e8789f680e89cd155876acd70eb	9f6a023b5f4af2c261d7f9c474d9ce2d	2016-04-15 15:00:42.000000 +0000	2016-04-15 09:43:06.000000 +0000	2012-07-19 00:00:00.000000 +0000	627134f4895dc96519f8204e4ba8cbeb	Imbalance-USD		EFT DEP - STRIPE           MERCHANT				c	51425/100	51425/100	2016-04-15 09:43:06.000000 +0000
C	5af85e8789f680e89cd155876acd70eb	36dad9c81eea154143a8132efaaf99ac	2016-04-15 15:00:42.000000 +0000	2016-04-15 09:43:06.000000 +0000	2012-07-19 00:00:00.000000 +0000	4c3d01c1d3279640eb97b08de449d8c8	Stripe		EFT DEP - STRIPE           MERCHANT				n	-51425/100	-51425/100	1970-01-01 00:00:00.000000 +0000
===== END
===== START
C	9781a10a41d52100c2c81592c215d975	286b32d74781c3d1c9bc1dae6cab3fd4	2016-04-15 15:00:42.000000 +0000	2016-04-15 09:43:06.000000 +0000	2012-07-19 00:00:00.000000 +0000	627134f4895dc96519f8204e4ba8cbeb	Imbalance-USD		EFT DEP - STRIPE           MERCHANT				c	34513/100	34513/100	2016-04-15 09:43:06.000000 +0000
C	9781a10a41d52100c2c81592c215d975	90d07d772a8ad53e520b674d5cd26bcc	2016-04-15 15:00:42.000000 +0000	2016-04-15 09:43:06.000000 +0000	2012-07-19 00:00:00.000000 +0000	4c3d01c1d3279640eb97b08de449d8c8	Stripe		EFT DEP - STRIPE           MERCHANT				n	-34513/100	-34513/100	1970-01-01 00:00:00.000000 +0000
===== END
===== START
C	b69d5aaaabaa63cd41eecd9b2b2fd7f0	492237e88c3ac86ae48d27d661f92227	2016-04-15 15:00:42.000000 +0000	2016-04-15 09:43:06.000000 +0000	2012-07-26 00:00:00.000000 +0000	627134f4895dc96519f8204e4ba8cbeb	Imbalance-USD		EFT DEP - STRIPE           MERCHANT				c	46806/100	46806/100	2016-04-15 09:43:06.000000 +0000
C	b69d5aaaabaa63cd41eecd9b2b2fd7f0	e51c089a88c373b3337ba90acae4e326	2016-04-15 15:00:42.000000 +0000	2016-04-15 09:43:06.000000 +0000	2012-07-26 00:00:00.000000 +0000	4c3d01c1d3279640eb97b08de449d8c8	Stripe		EFT DEP - STRIPE           MERCHANT				n	-46806/100	-46806/100	1970-01-01 00:00:00.000000 +0000
===== END
===== START
C	bc40ee475bbf952c920f23ce15942b6b	c3c733b941bd242a2e69f6d9ee5ae4b0	2016-04-15 15:00:42.000000 +0000	2016-04-15 09:43:06.000000 +0000	2012-08-02 00:00:00.000000 +0000	627134f4895dc96519f8204e4ba8cbeb	Imbalance-USD		EFT DEP - STRIPE           MERCHANT				c	103084/100	103084/100	2016-04-15 09:43:06.000000 +0000
C	bc40ee475bbf952c920f23ce15942b6b	24b152e2f71fd385f7fd89a627069e82	2016-04-15 15:00:42.000000 +0000	2016-04-15 09:43:06.000000 +0000	2012-08-02 00:00:00.000000 +0000	4c3d01c1d3279640eb97b08de449d8c8	Stripe		EFT DEP - STRIPE           MERCHANT				n	-103084/100	-103084/100	1970-01-01 00:00:00.000000 +0000
===== END
===== START
C	149cc96f39a46d8c6805190700d95644	9d0d79bf370fef2e139584bb154db900	2016-04-15 15:00:42.000000 +0000	2016-04-15 09:43:06.000000 +0000	2012-08-09 00:00:00.000000 +0000	627134f4895dc96519f8204e4ba8cbeb	Imbalance-USD		EFT DEP - STRIPE           MERCHANT	Stripe -> Balanced			c	48015/100	48015/100	2016-04-15 09:43:06.000000 +0000
C	149cc96f39a46d8c6805190700d95644	6cd24ad180217e0a008884b8479645f7	2016-04-15 15:00:42.000000 +0000	2016-04-15 09:43:06.000000 +0000	2012-08-09 00:00:00.000000 +0000	4c3d01c1d3279640eb97b08de449d8c8	Stripe		EFT DEP - STRIPE           MERCHANT	Stripe -> Balanced			n	-48015/100	-48015/100	1970-01-01 00:00:00.000000 +0000
===== END
===== START
C	0331570d45f45c119e93eee3f202c885	63ac01d0fab2c1f297c4c2f4c68066f0	2016-04-15 15:00:42.000000 +0000	2016-04-15 09:43:06.000000 +0000	2012-08-16 00:00:00.000000 +0000	627134f4895dc96519f8204e4ba8cbeb	Imbalance-USD		EFT DEP - STRIPE           MERCHANT				c	51166/100	51166/100	2016-04-15 09:43:06.000000 +0000
C	0331570d45f45c119e93eee3f202c885	c02c8a57482c5f5d76e11ddf0368af7e	2016-04-15 15:00:42.000000 +0000	2016-04-15 09:43:06.000000 +0000	2012-08-16 00:00:00.000000 +0000	4c3d01c1d3279640eb97b08de449d8c8	Stripe		EFT DEP - STRIPE           MERCHANT				n	-51166/100	-51166/100	1970-01-01 00:00:00.000000 +0000
===== END
===== START
C	93f2fa71233214fe5cd7b3517d40b8e3	4e1d2fec11c92d454e8bd3f6faeb73ba	2016-04-15 15:00:42.000000 +0000	2016-04-15 09:43:06.000000 +0000	2012-08-30 00:00:00.000000 +0000	627134f4895dc96519f8204e4ba8cbeb	Imbalance-USD		EFT DEP - STRIPE           MERCHANT	There was a migration hiccup; see https://github.com/gittip/www.gittip.com/issues/173.			c	941/100	941/100	2016-04-15 09:43:06.000000 +0000
C	93f2fa71233214fe5cd7b3517d40b8e3	78dbd95fa134dbbf9e2f474b255526e7	2016-04-15 15:00:42.000000 +0000	2016-04-15 09:43:06.000000 +0000	2012-08-30 00:00:00.000000 +0000	4c3d01c1d3279640eb97b08de449d8c8	Stripe		EFT DEP - STRIPE           MERCHANT	There was a migration hiccup; see https://github.com/gittip/www.gittip.com/issues/173.			n	-941/100	-941/100	1970-01-01 00:00:00.000000 +0000
===== END
===== START
C	56eea92dcf11a5bad786303d4bc150d2	f3808d432f3bc4616d10ab276480bd30	2016-04-15 15:00:42.000000 +0000	2016-04-15 09:43:06.000000 +0000	2012-09-19 00:00:00.000000 +0000	627134f4895dc96519f8204e4ba8cbeb	Imbalance-USD		EFT DEP - STRIPE           MERCHANT				c	941/100	941/100	2016-04-15 09:43:06.000000 +0000
C	56eea92dcf11a5bad786303d4bc150d2	f41e60d56b1f8d74e9ace202df662942	2016-04-15 15:00:42.000000 +0000	2016-04-15 09:43:06.000000 +0000	2012-09-19 00:00:00.000000 +0000	4c3d01c1d3279640eb97b08de449d8c8	Stripe		EFT DEP - STRIPE           MERCHANT				n	-941/100	-941/100	1970-01-01 00:00:00.000000 +0000
===== END
===== START
C	446ef11082ca3fceee94d193d6056b75	7586004ec2b76faaad27c6e1933f71ad	2016-04-15 15:00:42.000000 +0000	2016-04-15 09:43:06.000000 +0000	2012-10-10 00:00:00.000000 +0000	627134f4895dc96519f8204e4ba8cbeb	Imbalance-USD		EFT DEP - STRIPE           MERCHANT				c	941/100	941/100	2016-04-15 09:43:06.000000 +0000
C	446ef11082ca3fceee94d193d6056b75	c91480214a0b163abdf70333dc83018f	2016-04-15 15:00:42.000000 +0000	2016-04-15 09:43:06.000000 +0000	2012-10-10 00:00:00.000000 +0000	4c3d01c1d3279640eb97b08de449d8c8	Stripe		EFT DEP - STRIPE           MERCHANT				n	-941/100	-941/100	1970-01-01 00:00:00.000000 +0000
===== END
===== START
C	fe9199d7a9ddbb86a7c83b259078a5c4	1f22d24a2fd82bf18f1966684ae011af	2016-04-15 15:00:42.000000 +0000	2016-04-15 09:43:06.000000 +0000	2012-10-31 00:00:00.000000 +0000	627134f4895dc96519f8204e4ba8cbeb	Imbalance-USD		EFT DEP - STRIPE           MERCHANT				c	941/100	941/100	2016-04-15 09:43:06.000000 +0000
C	fe9199d7a9ddbb86a7c83b259078a5c4	2c7c124dbb1f7169cd7fcd834c7c763b	2016-04-15 15:00:42.000000 +0000	2016-04-15 09:43:06.000000 +0000	2012-10-31 00:00:00.000000 +0000	4c3d01c1d3279640eb97b08de449d8c8	Stripe		EFT DEP - STRIPE           MERCHANT				n	-941/100	-941/100	1970-01-01 00:00:00.000000 +0000
===== END
===== START
C	6d33978cb0e502712f16d8a3e5f9acc8	dafbea24970efc3eb410036fa6adda69	2016-04-15 15:00:42.000000 +0000	2016-04-15 09:43:06.000000 +0000	2012-11-20 00:00:00.000000 +0000	627134f4895dc96519f8204e4ba8cbeb	Imbalance-USD		EFT DEP - STRIPE           MERCHANT				c	941/100	941/100	2016-04-15 09:43:06.000000 +0000
C	6d33978cb0e502712f16d8a3e5f9acc8	4aa4df2f231a4a0e6df2e1ba98d8c2f8	2016-04-15 15:00:42.000000 +0000	2016-04-15 09:43:06.000000 +0000	2012-11-20 00:00:00.000000 +0000	4c3d01c1d3279640eb97b08de449d8c8	Stripe		EFT DEP - STRIPE           MERCHANT				n	-941/100	-941/100	1970-01-01 00:00:00.000000 +0000
===== END
===== START
C	f4518346c3a26862398d0b32350126dd	97f6f1cd37014cf24f5465b078773685	2016-04-15 15:00:42.000000 +0000	2016-04-15 09:43:06.000000 +0000	2013-01-30 00:00:00.000000 +0000	627134f4895dc96519f8204e4ba8cbeb	Imbalance-USD		EFT DEP - STRIPE           MERCHANT				c	941/100	941/100	2016-04-15 09:43:06.000000 +0000
C	f4518346c3a26862398d0b32350126dd	3c981f24e51a8f49387941259b030520	2016-04-15 15:00:42.000000 +0000	2016-04-15 09:43:06.000000 +0000	2013-01-30 00:00:00.000000 +0000	4c3d01c1d3279640eb97b08de449d8c8	Stripe		EFT DEP - STRIPE           MERCHANT				n	-941/100	-941/100	1970-01-01 00:00:00.000000 +0000
===== END
===== START
C	e53f734e4f57d6b8c767523d1cdb2033	05ccca21f5f50ae62cd711d7056061ff	2016-04-15 15:00:42.000000 +0000	2016-04-15 09:43:06.000000 +0000	2013-02-20 00:00:00.000000 +0000	627134f4895dc96519f8204e4ba8cbeb	Imbalance-USD		EFT DEP - STRIPE           MERCHANT				c	941/100	941/100	2016-04-15 09:43:06.000000 +0000
C	e53f734e4f57d6b8c767523d1cdb2033	b86d53e563e5231c411e774df9e4e726	2016-04-15 15:00:42.000000 +0000	2016-04-15 09:43:06.000000 +0000	2013-02-20 00:00:00.000000 +0000	4c3d01c1d3279640eb97b08de449d8c8	Stripe		EFT DEP - STRIPE           MERCHANT				n	-941/100	-941/100	1970-01-01 00:00:00.000000 +0000
===== END
===== START
C	54e3ea375350ac4e1ed71d429296909b	a452b66b77a530ca22061b86be46238c	2016-04-15 15:00:42.000000 +0000	2016-04-15 09:43:06.000000 +0000	2013-03-20 00:00:00.000000 +0000	627134f4895dc96519f8204e4ba8cbeb	Imbalance-USD		EFT DEP - STRIPE           TRANSFER				c	941/100	941/100	2016-04-15 09:43:06.000000 +0000
C	54e3ea375350ac4e1ed71d429296909b	6882ddfe6d0d7fafac6628f3fe455b68	2016-04-15 15:00:42.000000 +0000	2016-04-15 09:43:06.000000 +0000	2013-03-20 00:00:00.000000 +0000	4c3d01c1d3279640eb97b08de449d8c8	Stripe		EFT DEP - STRIPE           TRANSFER				n	-941/100	-941/100	1970-01-01 00:00:00.000000 +0000
===== END
