mod	trans_guid	split_guid	time_now	date_entered	date_posted	acc_guid	acc_name	num	description	notes	memo	action	reconciled	amount	value	date_reconciled
-----------------
===== START
===== END
===== START
D	295fe4289e806f59048bdfd1e3d9e48f	7086afcbfb35a462d9e9d37abaa5a93b	2016-04-15 16:47:30.000000 +0000	2016-04-15 16:47:30.000000 +0000	2016-04-15 00:00:00.000000 +0000								n	0/1	0/100	1970-01-01 00:00:00.000000 +0000
===== END
===== START
D	31584c68ad6b6284f286595638e0a420	7a743a1b0a3d1cd1a00646d497e14b0c	2016-04-15 16:47:31.000000 +0000	2016-04-15 16:47:31.000000 +0000	2016-04-15 00:00:00.000000 +0000								n	0/1	0/100	1970-01-01 00:00:00.000000 +0000
===== END
===== START
D	904c7ba7bfd4dcdc6da632e3a0ca1988	79efc708323ab4846c05e27c45dec2e7	2016-04-15 16:47:32.000000 +0000	2016-04-15 16:47:32.000000 +0000	2016-04-15 00:00:00.000000 +0000								n	0/1	0/100	1970-01-01 00:00:00.000000 +0000
===== END
===== START
===== END
===== START
B	18975588c4684c54e99e5ea3edfa705d	6d55e8ac6fdc2ce63ed7469e485e9e7b	2016-04-15 16:48:16.000000 +0000	2016-04-15 16:30:04.000000 +0000	2012-06-04 00:00:00.000000 +0000	e3ba307f6c2c120033884223a84180eb	New Alliance		samurai by feefighters	EFT DEP - MERCHANT BANKCD  DEPOSIT			c	11001/100	11001/100	2016-04-15 16:30:04.000000 +0000
B	18975588c4684c54e99e5ea3edfa705d	6d7119281060f2e34829712413216ec5	2016-04-15 16:48:16.000000 +0000	2016-04-15 16:30:04.000000 +0000	2012-06-04 00:00:00.000000 +0000	b7c0d245222f359deb255643e2fed1fb	Samurai		samurai by feefighters	EFT DEP - MERCHANT BANKCD  DEPOSIT			n	-11001/100	-11001/100	1970-01-01 00:00:00.000000 +0000
===== END
===== START
D	18975588c4684c54e99e5ea3edfa705d	6d55e8ac6fdc2ce63ed7469e485e9e7b	2016-04-15 16:48:16.000000 +0000	2016-04-15 16:30:04.000000 +0000	2012-06-04 00:00:00.000000 +0000	e3ba307f6c2c120033884223a84180eb	New Alliance		samurai by feefighters	EFT DEP - MERCHANT BANKCD  DEPOSIT			c	11001/100	11001/100	2016-04-15 16:30:04.000000 +0000
D	18975588c4684c54e99e5ea3edfa705d	6d7119281060f2e34829712413216ec5	2016-04-15 16:48:16.000000 +0000	2016-04-15 16:30:04.000000 +0000	2012-06-04 00:00:00.000000 +0000	b7c0d245222f359deb255643e2fed1fb	Samurai		samurai by feefighters	EFT DEP - MERCHANT BANKCD  DEPOSIT			n	-11001/100	-11001/100	1970-01-01 00:00:00.000000 +0000
===== END
===== START
B	db69ebe996c13b0a313a4cf5055a8e7d	6f5b293320a29d469937e350f4264f91	2016-04-15 16:48:43.000000 +0000	2016-04-15 09:32:10.000000 +0000	2012-06-11 00:00:00.000000 +0000	e3ba307f6c2c120033884223a84180eb	New Alliance		EFT DEP - MERCHANT BANKCD  DEPOSIT	samurai by feefighters			c	2411/100	2411/100	2016-04-15 16:37:40.000000 +0000
B	db69ebe996c13b0a313a4cf5055a8e7d	a8add2a6806d5a26651bbe1b278f71ed	2016-04-15 16:48:43.000000 +0000	2016-04-15 09:32:10.000000 +0000	2012-06-11 00:00:00.000000 +0000	b7c0d245222f359deb255643e2fed1fb	Samurai		EFT DEP - MERCHANT BANKCD  DEPOSIT	samurai by feefighters			n	-2411/100	-2411/100	1970-01-01 00:00:00.000000 +0000
===== END
===== START
D	db69ebe996c13b0a313a4cf5055a8e7d	6f5b293320a29d469937e350f4264f91	2016-04-15 16:48:43.000000 +0000	2016-04-15 09:32:10.000000 +0000	2012-06-11 00:00:00.000000 +0000	e3ba307f6c2c120033884223a84180eb	New Alliance		EFT DEP - MERCHANT BANKCD  DEPOSIT	samurai by feefighters			c	2411/100	2411/100	2016-04-15 16:37:40.000000 +0000
D	db69ebe996c13b0a313a4cf5055a8e7d	a8add2a6806d5a26651bbe1b278f71ed	2016-04-15 16:48:43.000000 +0000	2016-04-15 09:32:10.000000 +0000	2012-06-11 00:00:00.000000 +0000	b7c0d245222f359deb255643e2fed1fb	Samurai		EFT DEP - MERCHANT BANKCD  DEPOSIT	samurai by feefighters			n	-2411/100	-2411/100	1970-01-01 00:00:00.000000 +0000
===== END
