mod	trans_guid	split_guid	time_now	date_entered	date_posted	acc_guid	acc_name	num	description	notes	memo	action	reconciled	amount	value	date_reconciled
-----------------
===== START
===== END
===== START
===== END
===== START
===== END
===== START
===== END
===== START
===== END
===== START
===== END
===== START
C	4bb7432e42a0aab67c5c73eea38ec57b	4733ccd9c25d964bd5696a73aab5413a	2016-04-15 17:01:31.000000 +0000	2016-04-15 17:01:31.000000 +0000	2012-06-28 00:00:00.000000 +0000	e3ba307f6c2c120033884223a84180eb	New Alliance		Balancing entry from reconcilation				n	10245/100	10245/100	1970-01-01 00:00:00.000000 +0000
C	4bb7432e42a0aab67c5c73eea38ec57b	9e242f25a8607b13ef22d1517f31d7b6	2016-04-15 17:01:31.000000 +0000	2016-04-15 17:01:31.000000 +0000	2012-06-28 00:00:00.000000 +0000	0aaec76fc1c81cdff9cd6e0f4ee28c91	Orphan-USD		Balancing entry from reconcilation				n	-10245/100	-10245/100	1970-01-01 00:00:00.000000 +0000
===== END
===== START
===== END
===== START
B	4bb7432e42a0aab67c5c73eea38ec57b	4733ccd9c25d964bd5696a73aab5413a	2016-04-15 17:03:03.000000 +0000	2016-04-15 17:01:31.000000 +0000	2012-06-28 00:00:00.000000 +0000	e3ba307f6c2c120033884223a84180eb	New Alliance		Balancing entry from reconcilation				n	10245/100	10245/100	1970-01-01 00:00:00.000000 +0000
B	4bb7432e42a0aab67c5c73eea38ec57b	9e242f25a8607b13ef22d1517f31d7b6	2016-04-15 17:03:03.000000 +0000	2016-04-15 17:01:31.000000 +0000	2012-06-28 00:00:00.000000 +0000	0aaec76fc1c81cdff9cd6e0f4ee28c91	Orphan-USD		Balancing entry from reconcilation				n	-10245/100	-10245/100	1970-01-01 00:00:00.000000 +0000
===== END
===== START
C	4bb7432e42a0aab67c5c73eea38ec57b	4733ccd9c25d964bd5696a73aab5413a	2016-04-15 17:03:09.000000 +0000	2016-04-15 17:01:31.000000 +0000	2012-06-28 00:00:00.000000 +0000	e3ba307f6c2c120033884223a84180eb	New Alliance		Balancing entry from reconcilation				n	10245/100	10245/100	1970-01-01 00:00:00.000000 +0000
C	4bb7432e42a0aab67c5c73eea38ec57b	9e242f25a8607b13ef22d1517f31d7b6	2016-04-15 17:03:09.000000 +0000	2016-04-15 17:01:31.000000 +0000	2012-06-28 00:00:00.000000 +0000	0aaec76fc1c81cdff9cd6e0f4ee28c91	Orphan-USD		Balancing entry from reconcilation				n	-10245/100	-10245/100	1970-01-01 00:00:00.000000 +0000
===== END
===== START
D	d8fe38dd82f6d5c58e815c30f3bb944a	875e0739c2b3cd95dde2af7cdc6130b3	2016-04-15 17:03:11.000000 +0000	2016-04-15 17:03:11.000000 +0000	2016-04-15 00:00:00.000000 +0000								n	0/1	0/100	1970-01-01 00:00:00.000000 +0000
===== END
===== START
D	99df78a2136b27eb3f4e42dc5859701d	a1b3cbccfb6f2a78bfa8d125c515587e	2016-04-15 17:03:13.000000 +0000	2016-04-15 17:03:13.000000 +0000	2016-04-15 00:00:00.000000 +0000								n	0/1	0/100	1970-01-01 00:00:00.000000 +0000
===== END
===== START
D	9711f36e1f9ade877628def37261d3e0	43e48440c529140734eb443762482a94	2016-04-15 17:03:13.000000 +0000	2016-04-15 17:03:13.000000 +0000	2016-04-15 00:00:00.000000 +0000								n	0/1	0/100	1970-01-01 00:00:00.000000 +0000
===== END
===== START
D	07230153d9f4855664824f984a25db03	90ee1c6ce03152f215b1a8eba1b1eb1a	2016-04-15 17:03:14.000000 +0000	2016-04-15 17:03:14.000000 +0000	2016-04-15 00:00:00.000000 +0000								n	0/1	0/100	1970-01-01 00:00:00.000000 +0000
===== END
===== START
D	7a7ec9f74523cae9099970616614cd5b	309333aca07a27f9f253abea2049f2a2	2016-04-15 17:03:15.000000 +0000	2016-04-15 17:03:15.000000 +0000	2016-04-15 00:00:00.000000 +0000								n	0/1	0/100	1970-01-01 00:00:00.000000 +0000
===== END
===== START
D	eedb6dc73964ade55e7fca10f8e0a1d8	ea1d9d33df59fe0237cea9544f71d68c	2016-04-15 17:03:15.000000 +0000	2016-04-15 17:03:15.000000 +0000	2016-04-15 00:00:00.000000 +0000								n	0/1	0/100	1970-01-01 00:00:00.000000 +0000
===== END
