mod	trans_guid	split_guid	time_now	date_entered	date_posted	acc_guid	acc_name	num	description	notes	memo	action	reconciled	amount	value	date_reconciled
-----------------
===== START
B	c13493cd93a8bdce79245179a8aa7694	2e8962fc9282d066bc8976a42d7626a7	2016-04-15 15:54:15.000000 +0000	2016-04-15 15:47:45.000000 +0000	2015-06-25 00:00:00.000000 +0000	51d78e4ea9ab049771e9a7fb655aa4c5	Operations	3MP20815CJ101843H	Payment Received	Gratipay			c	36130/100	36130/100	2016-04-15 15:47:45.000000 +0000
B	c13493cd93a8bdce79245179a8aa7694	caae4e7b302cd608afc72632ddc38ee7	2016-04-15 15:54:15.000000 +0000	2016-04-15 15:47:45.000000 +0000	2015-06-25 00:00:00.000000 +0000	627134f4895dc96519f8204e4ba8cbeb	Imbalance-USD	3MP20815CJ101843H	Payment Received	Gratipay			n	-36130/100	-36130/100	1970-01-01 00:00:00.000000 +0000
===== END
===== START
C	c13493cd93a8bdce79245179a8aa7694	2e8962fc9282d066bc8976a42d7626a7	2016-04-15 15:54:15.000000 +0000	2016-04-15 15:47:45.000000 +0000	2015-06-25 00:00:00.000000 +0000	51d78e4ea9ab049771e9a7fb655aa4c5	Operations	3MP20815CJ101843H	Payment Received	Gratipay			c	36130/100	36130/100	2016-04-15 15:47:45.000000 +0000
C	c13493cd93a8bdce79245179a8aa7694	caae4e7b302cd608afc72632ddc38ee7	2016-04-15 15:54:15.000000 +0000	2016-04-15 15:47:45.000000 +0000	2015-06-25 00:00:00.000000 +0000	6bcf01a5eeb813b6c33d8ff105130579	Vendors	3MP20815CJ101843H	Payment Received	Gratipay			n	-36130/100	-36130/100	1970-01-01 00:00:00.000000 +0000
===== END
===== START
B	689eade79047d70dad3e2af284ec3716	561cdd5fd8dec6ba70214e566870c450	2016-04-15 15:54:21.000000 +0000	2016-04-15 15:47:45.000000 +0000	2015-07-02 00:00:00.000000 +0000	51d78e4ea9ab049771e9a7fb655aa4c5	Operations	76787043HW7517716	Payment Received	Gratipay			c	35614/100	35614/100	2016-04-15 15:47:45.000000 +0000
B	689eade79047d70dad3e2af284ec3716	4d4146c4f4f473852d7cd8e7efdd327a	2016-04-15 15:54:21.000000 +0000	2016-04-15 15:47:45.000000 +0000	2015-07-02 00:00:00.000000 +0000	627134f4895dc96519f8204e4ba8cbeb	Imbalance-USD	76787043HW7517716	Payment Received	Gratipay			n	-35614/100	-35614/100	1970-01-01 00:00:00.000000 +0000
===== END
===== START
C	689eade79047d70dad3e2af284ec3716	561cdd5fd8dec6ba70214e566870c450	2016-04-15 15:54:21.000000 +0000	2016-04-15 15:47:45.000000 +0000	2015-07-02 00:00:00.000000 +0000	51d78e4ea9ab049771e9a7fb655aa4c5	Operations	76787043HW7517716	Payment Received	Gratipay			c	35614/100	35614/100	2016-04-15 15:47:45.000000 +0000
C	689eade79047d70dad3e2af284ec3716	4d4146c4f4f473852d7cd8e7efdd327a	2016-04-15 15:54:21.000000 +0000	2016-04-15 15:47:45.000000 +0000	2015-07-02 00:00:00.000000 +0000	6bcf01a5eeb813b6c33d8ff105130579	Vendors	76787043HW7517716	Payment Received	Gratipay			n	-35614/100	-35614/100	1970-01-01 00:00:00.000000 +0000
===== END
===== START
B	0fb14169a8a67271513fceba6a741290	e1f4dd9054aeda6401bd9e826a3815b5	2016-04-15 15:54:25.000000 +0000	2016-04-15 15:47:45.000000 +0000	2015-07-09 00:00:00.000000 +0000	51d78e4ea9ab049771e9a7fb655aa4c5	Operations	2XK22578CK589040Y	Payment Received	Gratipay			c	34999/100	34999/100	2016-04-15 15:47:45.000000 +0000
B	0fb14169a8a67271513fceba6a741290	9221f8dc916e1348a01444213b2cafc8	2016-04-15 15:54:25.000000 +0000	2016-04-15 15:47:45.000000 +0000	2015-07-09 00:00:00.000000 +0000	627134f4895dc96519f8204e4ba8cbeb	Imbalance-USD	2XK22578CK589040Y	Payment Received	Gratipay			n	-34999/100	-34999/100	1970-01-01 00:00:00.000000 +0000
===== END
===== START
C	0fb14169a8a67271513fceba6a741290	e1f4dd9054aeda6401bd9e826a3815b5	2016-04-15 15:54:26.000000 +0000	2016-04-15 15:47:45.000000 +0000	2015-07-09 00:00:00.000000 +0000	51d78e4ea9ab049771e9a7fb655aa4c5	Operations	2XK22578CK589040Y	Payment Received	Gratipay			c	34999/100	34999/100	2016-04-15 15:47:45.000000 +0000
C	0fb14169a8a67271513fceba6a741290	9221f8dc916e1348a01444213b2cafc8	2016-04-15 15:54:26.000000 +0000	2016-04-15 15:47:45.000000 +0000	2015-07-09 00:00:00.000000 +0000	6bcf01a5eeb813b6c33d8ff105130579	Vendors	2XK22578CK589040Y	Payment Received	Gratipay			n	-34999/100	-34999/100	1970-01-01 00:00:00.000000 +0000
===== END
===== START
B	ab414700aca8b33e8957056e01ff6591	a5d7f6c6097951c2048cc6a909bb0bd0	2016-04-15 15:54:29.000000 +0000	2016-04-15 15:47:45.000000 +0000	2015-07-16 00:00:00.000000 +0000	51d78e4ea9ab049771e9a7fb655aa4c5	Operations	59F42238RY386811D	Payment Received	Gratipay			c	34089/100	34089/100	2016-04-15 15:47:45.000000 +0000
B	ab414700aca8b33e8957056e01ff6591	ca6a0943f0c643b81b4fd0f2aa25c9aa	2016-04-15 15:54:29.000000 +0000	2016-04-15 15:47:45.000000 +0000	2015-07-16 00:00:00.000000 +0000	627134f4895dc96519f8204e4ba8cbeb	Imbalance-USD	59F42238RY386811D	Payment Received	Gratipay			n	-34089/100	-34089/100	1970-01-01 00:00:00.000000 +0000
===== END
===== START
C	ab414700aca8b33e8957056e01ff6591	a5d7f6c6097951c2048cc6a909bb0bd0	2016-04-15 15:54:29.000000 +0000	2016-04-15 15:47:45.000000 +0000	2015-07-16 00:00:00.000000 +0000	51d78e4ea9ab049771e9a7fb655aa4c5	Operations	59F42238RY386811D	Payment Received	Gratipay			c	34089/100	34089/100	2016-04-15 15:47:45.000000 +0000
C	ab414700aca8b33e8957056e01ff6591	ca6a0943f0c643b81b4fd0f2aa25c9aa	2016-04-15 15:54:29.000000 +0000	2016-04-15 15:47:45.000000 +0000	2015-07-16 00:00:00.000000 +0000	6bcf01a5eeb813b6c33d8ff105130579	Vendors	59F42238RY386811D	Payment Received	Gratipay			n	-34089/100	-34089/100	1970-01-01 00:00:00.000000 +0000
===== END
===== START
B	cd94b8bb073c5e5c997627f7ca876476	e7703917152333b295d9f9af3d3d85c9	2016-04-15 15:54:34.000000 +0000	2016-04-15 15:47:45.000000 +0000	2015-07-23 00:00:00.000000 +0000	51d78e4ea9ab049771e9a7fb655aa4c5	Operations	3LC526185L706950P	Payment Received	Gratipay			c	34080/100	34080/100	2016-04-15 15:47:45.000000 +0000
B	cd94b8bb073c5e5c997627f7ca876476	b37578740a5d51f959080fb23f1563d9	2016-04-15 15:54:34.000000 +0000	2016-04-15 15:47:45.000000 +0000	2015-07-23 00:00:00.000000 +0000	627134f4895dc96519f8204e4ba8cbeb	Imbalance-USD	3LC526185L706950P	Payment Received	Gratipay			n	-34080/100	-34080/100	1970-01-01 00:00:00.000000 +0000
===== END
===== START
C	cd94b8bb073c5e5c997627f7ca876476	e7703917152333b295d9f9af3d3d85c9	2016-04-15 15:54:34.000000 +0000	2016-04-15 15:47:45.000000 +0000	2015-07-23 00:00:00.000000 +0000	51d78e4ea9ab049771e9a7fb655aa4c5	Operations	3LC526185L706950P	Payment Received	Gratipay			c	34080/100	34080/100	2016-04-15 15:47:45.000000 +0000
C	cd94b8bb073c5e5c997627f7ca876476	b37578740a5d51f959080fb23f1563d9	2016-04-15 15:54:34.000000 +0000	2016-04-15 15:47:45.000000 +0000	2015-07-23 00:00:00.000000 +0000	6bcf01a5eeb813b6c33d8ff105130579	Vendors	3LC526185L706950P	Payment Received	Gratipay			n	-34080/100	-34080/100	1970-01-01 00:00:00.000000 +0000
===== END
===== START
B	35dc552cc42a9b5adacb401ee507338e	fff5ce00fe3e3244730749afa92098e3	2016-04-15 15:54:37.000000 +0000	2016-04-15 15:47:45.000000 +0000	2015-07-30 00:00:00.000000 +0000	51d78e4ea9ab049771e9a7fb655aa4c5	Operations	9J168576100913055	Payment Received	Gratipay			c	32117/100	32117/100	2016-04-15 15:47:45.000000 +0000
B	35dc552cc42a9b5adacb401ee507338e	6ccb1850e6963f74d6692905175936c2	2016-04-15 15:54:37.000000 +0000	2016-04-15 15:47:45.000000 +0000	2015-07-30 00:00:00.000000 +0000	627134f4895dc96519f8204e4ba8cbeb	Imbalance-USD	9J168576100913055	Payment Received	Gratipay			n	-32117/100	-32117/100	1970-01-01 00:00:00.000000 +0000
===== END
===== START
C	35dc552cc42a9b5adacb401ee507338e	fff5ce00fe3e3244730749afa92098e3	2016-04-15 15:54:38.000000 +0000	2016-04-15 15:47:45.000000 +0000	2015-07-30 00:00:00.000000 +0000	51d78e4ea9ab049771e9a7fb655aa4c5	Operations	9J168576100913055	Payment Received	Gratipay			c	32117/100	32117/100	2016-04-15 15:47:45.000000 +0000
C	35dc552cc42a9b5adacb401ee507338e	6ccb1850e6963f74d6692905175936c2	2016-04-15 15:54:38.000000 +0000	2016-04-15 15:47:45.000000 +0000	2015-07-30 00:00:00.000000 +0000	6bcf01a5eeb813b6c33d8ff105130579	Vendors	9J168576100913055	Payment Received	Gratipay			n	-32117/100	-32117/100	1970-01-01 00:00:00.000000 +0000
===== END
===== START
B	1fb383601023a9e3ece2e8e4446199eb	65239256ca1de337b618c7066c72b1ec	2016-04-15 15:54:40.000000 +0000	2016-04-15 15:47:45.000000 +0000	2015-08-06 00:00:00.000000 +0000	51d78e4ea9ab049771e9a7fb655aa4c5	Operations	9RV89457WD8846455	Payment Received	Gratipay			c	32267/100	32267/100	2016-04-15 15:47:45.000000 +0000
B	1fb383601023a9e3ece2e8e4446199eb	dbdf80af78f94cdf75b3162e43972e71	2016-04-15 15:54:40.000000 +0000	2016-04-15 15:47:45.000000 +0000	2015-08-06 00:00:00.000000 +0000	627134f4895dc96519f8204e4ba8cbeb	Imbalance-USD	9RV89457WD8846455	Payment Received	Gratipay			n	-32267/100	-32267/100	1970-01-01 00:00:00.000000 +0000
===== END
===== START
C	1fb383601023a9e3ece2e8e4446199eb	65239256ca1de337b618c7066c72b1ec	2016-04-15 15:54:41.000000 +0000	2016-04-15 15:47:45.000000 +0000	2015-08-06 00:00:00.000000 +0000	51d78e4ea9ab049771e9a7fb655aa4c5	Operations	9RV89457WD8846455	Payment Received	Gratipay			c	32267/100	32267/100	2016-04-15 15:47:45.000000 +0000
C	1fb383601023a9e3ece2e8e4446199eb	dbdf80af78f94cdf75b3162e43972e71	2016-04-15 15:54:41.000000 +0000	2016-04-15 15:47:45.000000 +0000	2015-08-06 00:00:00.000000 +0000	6bcf01a5eeb813b6c33d8ff105130579	Vendors	9RV89457WD8846455	Payment Received	Gratipay			n	-32267/100	-32267/100	1970-01-01 00:00:00.000000 +0000
===== END
===== START
B	ab730004a53c73060c1be5a10a5c37ee	f32131b4328c4bbd1a2e7463df7e014b	2016-04-15 15:54:52.000000 +0000	2016-04-15 15:47:45.000000 +0000	2015-08-13 00:00:00.000000 +0000	51d78e4ea9ab049771e9a7fb655aa4c5	Operations	97T58733J3962663G	Payment Received	Gratipay			c	31587/100	31587/100	2016-04-15 15:47:45.000000 +0000
B	ab730004a53c73060c1be5a10a5c37ee	a73db01a9f4efc7577bb656be44f2846	2016-04-15 15:54:52.000000 +0000	2016-04-15 15:47:45.000000 +0000	2015-08-13 00:00:00.000000 +0000	627134f4895dc96519f8204e4ba8cbeb	Imbalance-USD	97T58733J3962663G	Payment Received	Gratipay			n	-31587/100	-31587/100	1970-01-01 00:00:00.000000 +0000
===== END
===== START
C	ab730004a53c73060c1be5a10a5c37ee	f32131b4328c4bbd1a2e7463df7e014b	2016-04-15 15:54:52.000000 +0000	2016-04-15 15:47:45.000000 +0000	2015-08-13 00:00:00.000000 +0000	51d78e4ea9ab049771e9a7fb655aa4c5	Operations	97T58733J3962663G	Payment Received	Gratipay			c	31587/100	31587/100	2016-04-15 15:47:45.000000 +0000
C	ab730004a53c73060c1be5a10a5c37ee	a73db01a9f4efc7577bb656be44f2846	2016-04-15 15:54:52.000000 +0000	2016-04-15 15:47:45.000000 +0000	2015-08-13 00:00:00.000000 +0000	6bcf01a5eeb813b6c33d8ff105130579	Vendors	97T58733J3962663G	Payment Received	Gratipay			n	-31587/100	-31587/100	1970-01-01 00:00:00.000000 +0000
===== END
===== START
B	f417bccec06910abcebe229632eaeb56	20010b2648249162000da6786acfa3d5	2016-04-15 15:54:56.000000 +0000	2016-04-15 15:47:45.000000 +0000	2015-08-20 00:00:00.000000 +0000	51d78e4ea9ab049771e9a7fb655aa4c5	Operations	9WP77187N7033530R	Payment Received	Gratipay			c	31988/100	31988/100	2016-04-15 15:47:45.000000 +0000
B	f417bccec06910abcebe229632eaeb56	dc9668dd207c2c4a5128aded7cf28dec	2016-04-15 15:54:56.000000 +0000	2016-04-15 15:47:45.000000 +0000	2015-08-20 00:00:00.000000 +0000	627134f4895dc96519f8204e4ba8cbeb	Imbalance-USD	9WP77187N7033530R	Payment Received	Gratipay			n	-31988/100	-31988/100	1970-01-01 00:00:00.000000 +0000
===== END
===== START
C	f417bccec06910abcebe229632eaeb56	20010b2648249162000da6786acfa3d5	2016-04-15 15:54:57.000000 +0000	2016-04-15 15:47:45.000000 +0000	2015-08-20 00:00:00.000000 +0000	51d78e4ea9ab049771e9a7fb655aa4c5	Operations	9WP77187N7033530R	Payment Received	Gratipay			c	31988/100	31988/100	2016-04-15 15:47:45.000000 +0000
C	f417bccec06910abcebe229632eaeb56	dc9668dd207c2c4a5128aded7cf28dec	2016-04-15 15:54:57.000000 +0000	2016-04-15 15:47:45.000000 +0000	2015-08-20 00:00:00.000000 +0000	6bcf01a5eeb813b6c33d8ff105130579	Vendors	9WP77187N7033530R	Payment Received	Gratipay			n	-31988/100	-31988/100	1970-01-01 00:00:00.000000 +0000
===== END
===== START
B	e1acf3c9977031467107089c469a16af	e65b1800e1935b94ba29da63e18615c4	2016-04-15 15:55:01.000000 +0000	2016-04-15 15:47:45.000000 +0000	2015-08-27 00:00:00.000000 +0000	51d78e4ea9ab049771e9a7fb655aa4c5	Operations	6LA81030RC747411R	Payment Received	Gratipay			c	31717/100	31717/100	2016-04-15 15:47:45.000000 +0000
B	e1acf3c9977031467107089c469a16af	d1317ca817a37e1967a0b0c01a9cbb6a	2016-04-15 15:55:01.000000 +0000	2016-04-15 15:47:45.000000 +0000	2015-08-27 00:00:00.000000 +0000	627134f4895dc96519f8204e4ba8cbeb	Imbalance-USD	6LA81030RC747411R	Payment Received	Gratipay			n	-31717/100	-31717/100	1970-01-01 00:00:00.000000 +0000
===== END
===== START
C	e1acf3c9977031467107089c469a16af	e65b1800e1935b94ba29da63e18615c4	2016-04-15 15:55:01.000000 +0000	2016-04-15 15:47:45.000000 +0000	2015-08-27 00:00:00.000000 +0000	51d78e4ea9ab049771e9a7fb655aa4c5	Operations	6LA81030RC747411R	Payment Received	Gratipay			c	31717/100	31717/100	2016-04-15 15:47:45.000000 +0000
C	e1acf3c9977031467107089c469a16af	d1317ca817a37e1967a0b0c01a9cbb6a	2016-04-15 15:55:01.000000 +0000	2016-04-15 15:47:45.000000 +0000	2015-08-27 00:00:00.000000 +0000	6bcf01a5eeb813b6c33d8ff105130579	Vendors	6LA81030RC747411R	Payment Received	Gratipay			n	-31717/100	-31717/100	1970-01-01 00:00:00.000000 +0000
===== END
===== START
B	30e36aff359ca338aadd12593964214a	4eff8c214b6a385abe97697c8f1633dd	2016-04-15 15:55:03.000000 +0000	2016-04-15 15:47:45.000000 +0000	2015-09-03 00:00:00.000000 +0000	51d78e4ea9ab049771e9a7fb655aa4c5	Operations	29E94700LP982841W	Payment Received	Gratipay			c	30916/100	30916/100	2016-04-15 15:47:45.000000 +0000
B	30e36aff359ca338aadd12593964214a	bbe1c2fd9397e3a91940287e6de4a9c8	2016-04-15 15:55:03.000000 +0000	2016-04-15 15:47:45.000000 +0000	2015-09-03 00:00:00.000000 +0000	627134f4895dc96519f8204e4ba8cbeb	Imbalance-USD	29E94700LP982841W	Payment Received	Gratipay			n	-30916/100	-30916/100	1970-01-01 00:00:00.000000 +0000
===== END
===== START
C	30e36aff359ca338aadd12593964214a	4eff8c214b6a385abe97697c8f1633dd	2016-04-15 15:55:04.000000 +0000	2016-04-15 15:47:45.000000 +0000	2015-09-03 00:00:00.000000 +0000	51d78e4ea9ab049771e9a7fb655aa4c5	Operations	29E94700LP982841W	Payment Received	Gratipay			c	30916/100	30916/100	2016-04-15 15:47:45.000000 +0000
C	30e36aff359ca338aadd12593964214a	bbe1c2fd9397e3a91940287e6de4a9c8	2016-04-15 15:55:04.000000 +0000	2016-04-15 15:47:45.000000 +0000	2015-09-03 00:00:00.000000 +0000	6bcf01a5eeb813b6c33d8ff105130579	Vendors	29E94700LP982841W	Payment Received	Gratipay			n	-30916/100	-30916/100	1970-01-01 00:00:00.000000 +0000
===== END
===== START
B	0c1f0832bb45fdabefc75cfbc160b7b6	0e45753f7dfe20ef9e56d7337d559ef2	2016-04-15 15:55:09.000000 +0000	2016-04-15 15:47:45.000000 +0000	2015-09-10 00:00:00.000000 +0000	51d78e4ea9ab049771e9a7fb655aa4c5	Operations	3X256512MA313720R	Payment Received	Gratipay			c	27982/100	27982/100	2016-04-15 15:47:45.000000 +0000
B	0c1f0832bb45fdabefc75cfbc160b7b6	80805fc610518c12d6758ed9040c7dfd	2016-04-15 15:55:09.000000 +0000	2016-04-15 15:47:45.000000 +0000	2015-09-10 00:00:00.000000 +0000	627134f4895dc96519f8204e4ba8cbeb	Imbalance-USD	3X256512MA313720R	Payment Received	Gratipay			n	-27982/100	-27982/100	1970-01-01 00:00:00.000000 +0000
===== END
===== START
C	0c1f0832bb45fdabefc75cfbc160b7b6	0e45753f7dfe20ef9e56d7337d559ef2	2016-04-15 15:55:09.000000 +0000	2016-04-15 15:47:45.000000 +0000	2015-09-10 00:00:00.000000 +0000	51d78e4ea9ab049771e9a7fb655aa4c5	Operations	3X256512MA313720R	Payment Received	Gratipay			c	27982/100	27982/100	2016-04-15 15:47:45.000000 +0000
C	0c1f0832bb45fdabefc75cfbc160b7b6	80805fc610518c12d6758ed9040c7dfd	2016-04-15 15:55:09.000000 +0000	2016-04-15 15:47:45.000000 +0000	2015-09-10 00:00:00.000000 +0000	6bcf01a5eeb813b6c33d8ff105130579	Vendors	3X256512MA313720R	Payment Received	Gratipay			n	-27982/100	-27982/100	1970-01-01 00:00:00.000000 +0000
===== END
===== START
B	5176c979802da0e95266a4fca6e05488	59ad9b8f96727bf9b8fb948a2526c996	2016-04-15 15:55:12.000000 +0000	2016-04-15 15:47:45.000000 +0000	2015-09-17 00:00:00.000000 +0000	51d78e4ea9ab049771e9a7fb655aa4c5	Operations	7LD19317VV450594W	Payment Received	Gratipay			c	26623/100	26623/100	2016-04-15 15:47:45.000000 +0000
B	5176c979802da0e95266a4fca6e05488	f5658012715f3140d37aad288da728d4	2016-04-15 15:55:12.000000 +0000	2016-04-15 15:47:45.000000 +0000	2015-09-17 00:00:00.000000 +0000	627134f4895dc96519f8204e4ba8cbeb	Imbalance-USD	7LD19317VV450594W	Payment Received	Gratipay			n	-26623/100	-26623/100	1970-01-01 00:00:00.000000 +0000
===== END
===== START
C	5176c979802da0e95266a4fca6e05488	59ad9b8f96727bf9b8fb948a2526c996	2016-04-15 15:55:12.000000 +0000	2016-04-15 15:47:45.000000 +0000	2015-09-17 00:00:00.000000 +0000	51d78e4ea9ab049771e9a7fb655aa4c5	Operations	7LD19317VV450594W	Payment Received	Gratipay			c	26623/100	26623/100	2016-04-15 15:47:45.000000 +0000
C	5176c979802da0e95266a4fca6e05488	f5658012715f3140d37aad288da728d4	2016-04-15 15:55:12.000000 +0000	2016-04-15 15:47:45.000000 +0000	2015-09-17 00:00:00.000000 +0000	6bcf01a5eeb813b6c33d8ff105130579	Vendors	7LD19317VV450594W	Payment Received	Gratipay			n	-26623/100	-26623/100	1970-01-01 00:00:00.000000 +0000
===== END
