mod	trans_guid	split_guid	time_now	date_entered	date_posted	acc_guid	acc_name	num	description	notes	memo	action	reconciled	amount	value	date_reconciled
-----------------
===== START
B	4f1c9abf7df81978bd641d9c14345a8c	bdb8a0b737d539bcbfed944424f2d19f	2016-04-15 17:17:10.000000 +0000	2016-04-15 16:30:04.000000 +0000	2012-07-02 00:00:00.000000 +0000	b7c0d245222f359deb255643e2fed1fb	Samurai		samurai by feefighters	EFT DEP - MERCHANT BANKCD  DEPOSIT			n	1805/100	1805/100	1970-01-01 00:00:00.000000 +0000
B	4f1c9abf7df81978bd641d9c14345a8c	3c35fb135c9b2181c3bcf4bd711c7d59	2016-04-15 17:17:10.000000 +0000	2016-04-15 16:30:04.000000 +0000	2012-07-02 00:00:00.000000 +0000	e3ba307f6c2c120033884223a84180eb	New Alliance		samurai by feefighters	EFT DEP - MERCHANT BANKCD  DEPOSIT			c	-1805/100	-1805/100	2016-04-15 16:30:04.000000 +0000
===== END
===== START
C	4f1c9abf7df81978bd641d9c14345a8c	bdb8a0b737d539bcbfed944424f2d19f	2016-04-15 17:17:10.000000 +0000	2016-04-15 16:30:04.000000 +0000	2012-07-02 00:00:00.000000 +0000	b7c0d245222f359deb255643e2fed1fb	Samurai		samurai by feefighters	EFT DEP - MERCHANT BANKCD  DEPOSIT			n	1805/100	1805/100	1970-01-01 00:00:00.000000 +0000
C	4f1c9abf7df81978bd641d9c14345a8c	3c35fb135c9b2181c3bcf4bd711c7d59	2016-04-15 17:17:10.000000 +0000	2016-04-15 16:30:04.000000 +0000	2012-07-02 00:00:00.000000 +0000	e3ba307f6c2c120033884223a84180eb	New Alliance		samurai by feefighters	EFT DEP - MERCHANT BANKCD  DEPOSIT			n	-1805/100	-1805/100	2016-04-15 16:30:04.000000 +0000
===== END
===== START
B	66ad442aed560f25c4c351647c1d36f9	0dd91950d1b32218a91a1cb0f6adfb23	2016-04-15 17:17:10.000000 +0000	2016-04-15 16:30:04.000000 +0000	2012-07-09 00:00:00.000000 +0000	b7c0d245222f359deb255643e2fed1fb	Samurai		samurai by feefighters	EFT W/D - MERCHANT BANKCD  FEE			n	9837/100	9837/100	1970-01-01 00:00:00.000000 +0000
B	66ad442aed560f25c4c351647c1d36f9	0bd9c9ccbbd0b315cefdc9ef33a6f432	2016-04-15 17:17:10.000000 +0000	2016-04-15 16:30:04.000000 +0000	2012-07-09 00:00:00.000000 +0000	e3ba307f6c2c120033884223a84180eb	New Alliance		samurai by feefighters	EFT W/D - MERCHANT BANKCD  FEE			c	-9837/100	-9837/100	2016-04-15 16:30:04.000000 +0000
===== END
===== START
C	66ad442aed560f25c4c351647c1d36f9	0dd91950d1b32218a91a1cb0f6adfb23	2016-04-15 17:17:10.000000 +0000	2016-04-15 16:30:04.000000 +0000	2012-07-09 00:00:00.000000 +0000	b7c0d245222f359deb255643e2fed1fb	Samurai		samurai by feefighters	EFT W/D - MERCHANT BANKCD  FEE			n	9837/100	9837/100	1970-01-01 00:00:00.000000 +0000
C	66ad442aed560f25c4c351647c1d36f9	0bd9c9ccbbd0b315cefdc9ef33a6f432	2016-04-15 17:17:10.000000 +0000	2016-04-15 16:30:04.000000 +0000	2012-07-09 00:00:00.000000 +0000	e3ba307f6c2c120033884223a84180eb	New Alliance		samurai by feefighters	EFT W/D - MERCHANT BANKCD  FEE			n	-9837/100	-9837/100	2016-04-15 16:30:04.000000 +0000
===== END
===== START
B	0548692817068ac64718600500f53d2d	ec789de76ca4fe4d6a1418ae2e10c7e2	2016-04-15 17:17:10.000000 +0000	2016-04-15 16:30:04.000000 +0000	2012-07-26 00:00:00.000000 +0000	4a6fae3ca1dfa0018afcc8da2a6e29fe	Imbalance			EFT DEP - STRIPE           MERCHANT			n	39132/100	39132/100	1970-01-01 00:00:00.000000 +0000
B	0548692817068ac64718600500f53d2d	e3f637cb27ba5a224ee04d4271557fe1	2016-04-15 17:17:10.000000 +0000	2016-04-15 16:30:04.000000 +0000	2012-07-26 00:00:00.000000 +0000	e3ba307f6c2c120033884223a84180eb	New Alliance			EFT DEP - STRIPE           MERCHANT			c	-39132/100	-39132/100	2016-04-15 16:30:04.000000 +0000
===== END
===== START
C	0548692817068ac64718600500f53d2d	ec789de76ca4fe4d6a1418ae2e10c7e2	2016-04-15 17:17:10.000000 +0000	2016-04-15 16:30:04.000000 +0000	2012-07-26 00:00:00.000000 +0000	4a6fae3ca1dfa0018afcc8da2a6e29fe	Imbalance			EFT DEP - STRIPE           MERCHANT			n	39132/100	39132/100	1970-01-01 00:00:00.000000 +0000
C	0548692817068ac64718600500f53d2d	e3f637cb27ba5a224ee04d4271557fe1	2016-04-15 17:17:10.000000 +0000	2016-04-15 16:30:04.000000 +0000	2012-07-26 00:00:00.000000 +0000	e3ba307f6c2c120033884223a84180eb	New Alliance			EFT DEP - STRIPE           MERCHANT			n	-39132/100	-39132/100	2016-04-15 16:30:04.000000 +0000
===== END
===== START
B	159f04bf8b001b4c8d430a6d48e7409e	2ffda9d0c9cb9ba8b996ce2109d5aa69	2016-04-15 17:17:10.000000 +0000	2016-04-15 16:30:05.000000 +0000	2012-08-09 00:00:00.000000 +0000	4a6fae3ca1dfa0018afcc8da2a6e29fe	Imbalance		Stripe -> Balanced	EFT DEP - STRIPE           MERCHANT			n	55069/100	55069/100	1970-01-01 00:00:00.000000 +0000
B	159f04bf8b001b4c8d430a6d48e7409e	5d82ec2bb780823a050fe608896364dc	2016-04-15 17:17:10.000000 +0000	2016-04-15 16:30:05.000000 +0000	2012-08-09 00:00:00.000000 +0000	e3ba307f6c2c120033884223a84180eb	New Alliance		Stripe -> Balanced	EFT DEP - STRIPE           MERCHANT			c	-55069/100	-55069/100	2016-04-15 16:30:05.000000 +0000
===== END
===== START
C	159f04bf8b001b4c8d430a6d48e7409e	2ffda9d0c9cb9ba8b996ce2109d5aa69	2016-04-15 17:17:10.000000 +0000	2016-04-15 16:30:05.000000 +0000	2012-08-09 00:00:00.000000 +0000	4a6fae3ca1dfa0018afcc8da2a6e29fe	Imbalance		Stripe -> Balanced	EFT DEP - STRIPE           MERCHANT			n	55069/100	55069/100	1970-01-01 00:00:00.000000 +0000
C	159f04bf8b001b4c8d430a6d48e7409e	5d82ec2bb780823a050fe608896364dc	2016-04-15 17:17:10.000000 +0000	2016-04-15 16:30:05.000000 +0000	2012-08-09 00:00:00.000000 +0000	e3ba307f6c2c120033884223a84180eb	New Alliance		Stripe -> Balanced	EFT DEP - STRIPE           MERCHANT			n	-55069/100	-55069/100	2016-04-15 16:30:05.000000 +0000
===== END
===== START
B	c570cbd35debe178d329c4e70cf0d823	3ce096cbebea65c3ed5955d43ec45e2d	2016-04-15 17:17:10.000000 +0000	2016-04-15 16:30:05.000000 +0000	2012-08-30 00:00:00.000000 +0000	4a6fae3ca1dfa0018afcc8da2a6e29fe	Imbalance		There was a migration hiccup; see https://github.com/gittip/www.gittip.com/issues/173.	EFT DEP - STRIPE           MERCHANT			n	50225/100	50225/100	1970-01-01 00:00:00.000000 +0000
B	c570cbd35debe178d329c4e70cf0d823	b7fef3f409c12b5f1e06f41dca4b9b02	2016-04-15 17:17:10.000000 +0000	2016-04-15 16:30:05.000000 +0000	2012-08-30 00:00:00.000000 +0000	e3ba307f6c2c120033884223a84180eb	New Alliance		There was a migration hiccup; see https://github.com/gittip/www.gittip.com/issues/173.	EFT DEP - STRIPE           MERCHANT			c	-50225/100	-50225/100	2016-04-15 16:30:05.000000 +0000
===== END
===== START
C	c570cbd35debe178d329c4e70cf0d823	3ce096cbebea65c3ed5955d43ec45e2d	2016-04-15 17:17:10.000000 +0000	2016-04-15 16:30:05.000000 +0000	2012-08-30 00:00:00.000000 +0000	4a6fae3ca1dfa0018afcc8da2a6e29fe	Imbalance		There was a migration hiccup; see https://github.com/gittip/www.gittip.com/issues/173.	EFT DEP - STRIPE           MERCHANT			n	50225/100	50225/100	1970-01-01 00:00:00.000000 +0000
C	c570cbd35debe178d329c4e70cf0d823	b7fef3f409c12b5f1e06f41dca4b9b02	2016-04-15 17:17:10.000000 +0000	2016-04-15 16:30:05.000000 +0000	2012-08-30 00:00:00.000000 +0000	e3ba307f6c2c120033884223a84180eb	New Alliance		There was a migration hiccup; see https://github.com/gittip/www.gittip.com/issues/173.	EFT DEP - STRIPE           MERCHANT			n	-50225/100	-50225/100	2016-04-15 16:30:05.000000 +0000
===== END
===== START
B	a7665a2f42b2702b4b0ecb67742904a0	01850ee1efda26bb8405db372a514e61	2016-04-15 17:17:10.000000 +0000	2016-04-15 16:30:05.000000 +0000	2012-09-19 00:00:00.000000 +0000	e3ba307f6c2c120033884223a84180eb	New Alliance			EFT DEP - STRIPE           MERCHANT			c	0/100	0/100	2016-04-15 16:30:05.000000 +0000
===== END
===== START
C	a7665a2f42b2702b4b0ecb67742904a0	01850ee1efda26bb8405db372a514e61	2016-04-15 17:17:10.000000 +0000	2016-04-15 16:30:05.000000 +0000	2012-09-19 00:00:00.000000 +0000	e3ba307f6c2c120033884223a84180eb	New Alliance			EFT DEP - STRIPE           MERCHANT			n	0/100	0/100	2016-04-15 16:30:05.000000 +0000
===== END
===== START
B	3981d33210b69f4b0edf068b408ab8bd	2a39f33de3e3dcb7bab2ed933a927f73	2016-04-15 17:17:10.000000 +0000	2016-04-15 16:30:05.000000 +0000	2012-10-10 00:00:00.000000 +0000	e3ba307f6c2c120033884223a84180eb	New Alliance			EFT DEP - STRIPE           MERCHANT			c	0/100	0/100	2016-04-15 16:30:05.000000 +0000
===== END
===== START
C	3981d33210b69f4b0edf068b408ab8bd	2a39f33de3e3dcb7bab2ed933a927f73	2016-04-15 17:17:10.000000 +0000	2016-04-15 16:30:05.000000 +0000	2012-10-10 00:00:00.000000 +0000	e3ba307f6c2c120033884223a84180eb	New Alliance			EFT DEP - STRIPE           MERCHANT			n	0/100	0/100	2016-04-15 16:30:05.000000 +0000
===== END
===== START
B	f43d5540d29b191d39fa27f1f6dd4315	9459649f573ac28aa3501046edd5cb76	2016-04-15 17:17:10.000000 +0000	2016-04-15 16:30:05.000000 +0000	2012-11-20 00:00:00.000000 +0000	e3ba307f6c2c120033884223a84180eb	New Alliance			EFT DEP - STRIPE           MERCHANT			c	0/100	0/100	2016-04-15 16:30:05.000000 +0000
===== END
===== START
C	f43d5540d29b191d39fa27f1f6dd4315	9459649f573ac28aa3501046edd5cb76	2016-04-15 17:17:10.000000 +0000	2016-04-15 16:30:05.000000 +0000	2012-11-20 00:00:00.000000 +0000	e3ba307f6c2c120033884223a84180eb	New Alliance			EFT DEP - STRIPE           MERCHANT			n	0/100	0/100	2016-04-15 16:30:05.000000 +0000
===== END
===== START
B	4a784f8e7d9ee201d3194ada491e6a9a	49426dad08da79d92b0d61b85597b090	2016-04-15 17:17:10.000000 +0000	2016-04-15 16:30:05.000000 +0000	2012-11-29 00:00:00.000000 +0000	2d342341b632a9e8ffaea4c64a3c9484	Chad		reimbursement to Chad: $279.80 for Heroku and iWantMyName; $107.44 from Oct 19	WITHDRAWAL			n	39665/100	39665/100	1970-01-01 00:00:00.000000 +0000
B	4a784f8e7d9ee201d3194ada491e6a9a	503358a4516b38105747c3a81b69ffea	2016-04-15 17:17:10.000000 +0000	2016-04-15 16:30:05.000000 +0000	2012-11-29 00:00:00.000000 +0000	e3ba307f6c2c120033884223a84180eb	New Alliance		reimbursement to Chad: $279.80 for Heroku and iWantMyName; $107.44 from Oct 19	WITHDRAWAL			c	-39665/100	-39665/100	2016-04-15 16:30:05.000000 +0000
===== END
===== START
C	4a784f8e7d9ee201d3194ada491e6a9a	49426dad08da79d92b0d61b85597b090	2016-04-15 17:17:10.000000 +0000	2016-04-15 16:30:05.000000 +0000	2012-11-29 00:00:00.000000 +0000	2d342341b632a9e8ffaea4c64a3c9484	Chad		reimbursement to Chad: $279.80 for Heroku and iWantMyName; $107.44 from Oct 19	WITHDRAWAL			n	39665/100	39665/100	1970-01-01 00:00:00.000000 +0000
C	4a784f8e7d9ee201d3194ada491e6a9a	503358a4516b38105747c3a81b69ffea	2016-04-15 17:17:10.000000 +0000	2016-04-15 16:30:05.000000 +0000	2012-11-29 00:00:00.000000 +0000	e3ba307f6c2c120033884223a84180eb	New Alliance		reimbursement to Chad: $279.80 for Heroku and iWantMyName; $107.44 from Oct 19	WITHDRAWAL			n	-39665/100	-39665/100	2016-04-15 16:30:05.000000 +0000
===== END
===== START
B	7aac4381715f5ecb1fb258a85b0f074c	d23b4fcb04710b7a609ebe801a3a8a75	2016-04-15 17:17:10.000000 +0000	2016-04-15 16:30:05.000000 +0000	2012-12-21 00:00:00.000000 +0000	2d342341b632a9e8ffaea4c64a3c9484	Chad		personal float to Chad (repaid Jan 2)	WITHDRAWAL			n	40941/100	40941/100	1970-01-01 00:00:00.000000 +0000
B	7aac4381715f5ecb1fb258a85b0f074c	1a02c3550e7267a4949a6fa38eeb40b9	2016-04-15 17:17:10.000000 +0000	2016-04-15 16:30:05.000000 +0000	2012-12-21 00:00:00.000000 +0000	e3ba307f6c2c120033884223a84180eb	New Alliance		personal float to Chad (repaid Jan 2)	WITHDRAWAL			c	-40941/100	-40941/100	2016-04-15 16:30:05.000000 +0000
===== END
===== START
C	7aac4381715f5ecb1fb258a85b0f074c	d23b4fcb04710b7a609ebe801a3a8a75	2016-04-15 17:17:10.000000 +0000	2016-04-15 16:30:05.000000 +0000	2012-12-21 00:00:00.000000 +0000	2d342341b632a9e8ffaea4c64a3c9484	Chad		personal float to Chad (repaid Jan 2)	WITHDRAWAL			n	40941/100	40941/100	1970-01-01 00:00:00.000000 +0000
C	7aac4381715f5ecb1fb258a85b0f074c	1a02c3550e7267a4949a6fa38eeb40b9	2016-04-15 17:17:10.000000 +0000	2016-04-15 16:30:05.000000 +0000	2012-12-21 00:00:00.000000 +0000	e3ba307f6c2c120033884223a84180eb	New Alliance		personal float to Chad (repaid Jan 2)	WITHDRAWAL			n	-40941/100	-40941/100	2016-04-15 16:30:05.000000 +0000
===== END
===== START
B	2b1dfa347442d250a43e10ea4052d798	dedf92ac2a69af2c7f43b1290a91f1c6	2016-04-15 17:17:10.000000 +0000	2016-04-15 15:30:34.000000 +0000	2012-07-27 00:00:00.000000 +0000	e3ba307f6c2c120033884223a84180eb	New Alliance	ach_HdHUooVuNzkX2i	STRIPE TRANSFER				n	46806/100	46806/100	1970-01-01 00:00:00.000000 +0000
B	2b1dfa347442d250a43e10ea4052d798	70273597d155b25202e698e08a754586	2016-04-15 17:17:10.000000 +0000	2016-04-15 15:30:34.000000 +0000	2012-07-27 00:00:00.000000 +0000	4c3d01c1d3279640eb97b08de449d8c8	Stripe	ach_HdHUooVuNzkX2i	STRIPE TRANSFER				c	-46806/100	-46806/100	2016-04-15 15:30:34.000000 +0000
===== END
===== START
C	2b1dfa347442d250a43e10ea4052d798	dedf92ac2a69af2c7f43b1290a91f1c6	2016-04-15 17:17:10.000000 +0000	2016-04-15 15:30:34.000000 +0000	2012-07-27 00:00:00.000000 +0000	e3ba307f6c2c120033884223a84180eb	New Alliance	ach_HdHUooVuNzkX2i	STRIPE TRANSFER				c	46806/100	46806/100	1970-01-01 00:00:00.000000 +0000
C	2b1dfa347442d250a43e10ea4052d798	70273597d155b25202e698e08a754586	2016-04-15 17:17:10.000000 +0000	2016-04-15 15:30:34.000000 +0000	2012-07-27 00:00:00.000000 +0000	4c3d01c1d3279640eb97b08de449d8c8	Stripe	ach_HdHUooVuNzkX2i	STRIPE TRANSFER				c	-46806/100	-46806/100	2016-04-15 15:30:34.000000 +0000
===== END
===== START
B	27d545080943aa62829ba09435170156	7b8b5f70f698454131d4cf612afaf60f	2016-04-15 17:17:10.000000 +0000	2016-04-15 16:30:04.000000 +0000	2012-08-02 00:00:00.000000 +0000	e3ba307f6c2c120033884223a84180eb	New Alliance			EFT DEP - STRIPE           MERCHANT			c	56278/100	56278/100	2016-04-15 16:30:04.000000 +0000
B	27d545080943aa62829ba09435170156	d38ddd822da1531bff93b32afd7093bb	2016-04-15 17:17:10.000000 +0000	2016-04-15 16:30:04.000000 +0000	2012-08-02 00:00:00.000000 +0000	4a6fae3ca1dfa0018afcc8da2a6e29fe	Imbalance			EFT DEP - STRIPE           MERCHANT			n	-56278/100	-56278/100	1970-01-01 00:00:00.000000 +0000
===== END
===== START
C	27d545080943aa62829ba09435170156	7b8b5f70f698454131d4cf612afaf60f	2016-04-15 17:17:10.000000 +0000	2016-04-15 16:30:04.000000 +0000	2012-08-02 00:00:00.000000 +0000	e3ba307f6c2c120033884223a84180eb	New Alliance			EFT DEP - STRIPE           MERCHANT			n	56278/100	56278/100	2016-04-15 16:30:04.000000 +0000
C	27d545080943aa62829ba09435170156	d38ddd822da1531bff93b32afd7093bb	2016-04-15 17:17:10.000000 +0000	2016-04-15 16:30:04.000000 +0000	2012-08-02 00:00:00.000000 +0000	4a6fae3ca1dfa0018afcc8da2a6e29fe	Imbalance			EFT DEP - STRIPE           MERCHANT			n	-56278/100	-56278/100	1970-01-01 00:00:00.000000 +0000
===== END
===== START
B	666d0de4ad78a18c4bdca6578ebabe06	c8829377c4be607ffbb6566628dcc99a	2016-04-15 17:17:10.000000 +0000	2016-04-15 15:30:34.000000 +0000	2012-08-03 00:00:00.000000 +0000	e3ba307f6c2c120033884223a84180eb	New Alliance	ach_04XPDHmpytkKhh	STRIPE TRANSFER				n	103084/100	103084/100	1970-01-01 00:00:00.000000 +0000
B	666d0de4ad78a18c4bdca6578ebabe06	2bd6b0e050f6f52cab58c9636b7d091e	2016-04-15 17:17:10.000000 +0000	2016-04-15 15:30:34.000000 +0000	2012-08-03 00:00:00.000000 +0000	4c3d01c1d3279640eb97b08de449d8c8	Stripe	ach_04XPDHmpytkKhh	STRIPE TRANSFER				c	-103084/100	-103084/100	2016-04-15 15:30:34.000000 +0000
===== END
===== START
C	666d0de4ad78a18c4bdca6578ebabe06	c8829377c4be607ffbb6566628dcc99a	2016-04-15 17:17:10.000000 +0000	2016-04-15 15:30:34.000000 +0000	2012-08-03 00:00:00.000000 +0000	e3ba307f6c2c120033884223a84180eb	New Alliance	ach_04XPDHmpytkKhh	STRIPE TRANSFER				c	103084/100	103084/100	1970-01-01 00:00:00.000000 +0000
C	666d0de4ad78a18c4bdca6578ebabe06	2bd6b0e050f6f52cab58c9636b7d091e	2016-04-15 17:17:10.000000 +0000	2016-04-15 15:30:34.000000 +0000	2012-08-03 00:00:00.000000 +0000	4c3d01c1d3279640eb97b08de449d8c8	Stripe	ach_04XPDHmpytkKhh	STRIPE TRANSFER				c	-103084/100	-103084/100	2016-04-15 15:30:34.000000 +0000
===== END
===== START
B	bc62d7f8e9bcc99e3e6d7d6028a018e2	a48709cdc7d28322123430de9675f2c7	2016-04-15 17:17:10.000000 +0000	2016-04-15 15:30:34.000000 +0000	2012-08-10 00:00:00.000000 +0000	e3ba307f6c2c120033884223a84180eb	New Alliance	ach_07JPj6iDtJFPv1	STRIPE TRANSFER				n	48015/100	48015/100	1970-01-01 00:00:00.000000 +0000
B	bc62d7f8e9bcc99e3e6d7d6028a018e2	56214758ddb9d93d7e46d04a91c238cc	2016-04-15 17:17:10.000000 +0000	2016-04-15 15:30:34.000000 +0000	2012-08-10 00:00:00.000000 +0000	4c3d01c1d3279640eb97b08de449d8c8	Stripe	ach_07JPj6iDtJFPv1	STRIPE TRANSFER				c	-48015/100	-48015/100	2016-04-15 15:30:34.000000 +0000
===== END
===== START
C	bc62d7f8e9bcc99e3e6d7d6028a018e2	a48709cdc7d28322123430de9675f2c7	2016-04-15 17:17:10.000000 +0000	2016-04-15 15:30:34.000000 +0000	2012-08-10 00:00:00.000000 +0000	e3ba307f6c2c120033884223a84180eb	New Alliance	ach_07JPj6iDtJFPv1	STRIPE TRANSFER				c	48015/100	48015/100	1970-01-01 00:00:00.000000 +0000
C	bc62d7f8e9bcc99e3e6d7d6028a018e2	56214758ddb9d93d7e46d04a91c238cc	2016-04-15 17:17:10.000000 +0000	2016-04-15 15:30:34.000000 +0000	2012-08-10 00:00:00.000000 +0000	4c3d01c1d3279640eb97b08de449d8c8	Stripe	ach_07JPj6iDtJFPv1	STRIPE TRANSFER				c	-48015/100	-48015/100	2016-04-15 15:30:34.000000 +0000
===== END
===== START
B	b9ba5014bd636b7b039064e586c098fe	d1e7b516b9211d5a10622e3d73503d6c	2016-04-15 17:17:10.000000 +0000	2016-04-15 16:30:05.000000 +0000	2012-08-16 00:00:00.000000 +0000	e3ba307f6c2c120033884223a84180eb	New Alliance			EFT DEP - STRIPE           MERCHANT			c	3151/100	3151/100	2016-04-15 16:30:05.000000 +0000
B	b9ba5014bd636b7b039064e586c098fe	cf902aabb51786ccc99e4234276c4b25	2016-04-15 17:17:10.000000 +0000	2016-04-15 16:30:05.000000 +0000	2012-08-16 00:00:00.000000 +0000	4a6fae3ca1dfa0018afcc8da2a6e29fe	Imbalance			EFT DEP - STRIPE           MERCHANT			n	-3151/100	-3151/100	1970-01-01 00:00:00.000000 +0000
===== END
===== START
C	b9ba5014bd636b7b039064e586c098fe	d1e7b516b9211d5a10622e3d73503d6c	2016-04-15 17:17:10.000000 +0000	2016-04-15 16:30:05.000000 +0000	2012-08-16 00:00:00.000000 +0000	e3ba307f6c2c120033884223a84180eb	New Alliance			EFT DEP - STRIPE           MERCHANT			n	3151/100	3151/100	2016-04-15 16:30:05.000000 +0000
C	b9ba5014bd636b7b039064e586c098fe	cf902aabb51786ccc99e4234276c4b25	2016-04-15 17:17:10.000000 +0000	2016-04-15 16:30:05.000000 +0000	2012-08-16 00:00:00.000000 +0000	4a6fae3ca1dfa0018afcc8da2a6e29fe	Imbalance			EFT DEP - STRIPE           MERCHANT			n	-3151/100	-3151/100	1970-01-01 00:00:00.000000 +0000
===== END
===== START
B	304e53d3dafe81537605d76b42918a11	4cc0639d32077d2b0b92a827ea849a7c	2016-04-15 17:17:10.000000 +0000	2016-04-15 15:30:34.000000 +0000	2012-08-17 00:00:00.000000 +0000	e3ba307f6c2c120033884223a84180eb	New Alliance	ach_09xsw6de5RPnUF	STRIPE TRANSFER				n	51166/100	51166/100	1970-01-01 00:00:00.000000 +0000
B	304e53d3dafe81537605d76b42918a11	40fa57f0660b7885c3237b5c25eb5b96	2016-04-15 17:17:10.000000 +0000	2016-04-15 15:30:34.000000 +0000	2012-08-17 00:00:00.000000 +0000	4c3d01c1d3279640eb97b08de449d8c8	Stripe	ach_09xsw6de5RPnUF	STRIPE TRANSFER				c	-51166/100	-51166/100	2016-04-15 15:30:34.000000 +0000
===== END
===== START
C	304e53d3dafe81537605d76b42918a11	4cc0639d32077d2b0b92a827ea849a7c	2016-04-15 17:17:10.000000 +0000	2016-04-15 15:30:34.000000 +0000	2012-08-17 00:00:00.000000 +0000	e3ba307f6c2c120033884223a84180eb	New Alliance	ach_09xsw6de5RPnUF	STRIPE TRANSFER				c	51166/100	51166/100	1970-01-01 00:00:00.000000 +0000
C	304e53d3dafe81537605d76b42918a11	40fa57f0660b7885c3237b5c25eb5b96	2016-04-15 17:17:10.000000 +0000	2016-04-15 15:30:34.000000 +0000	2012-08-17 00:00:00.000000 +0000	4c3d01c1d3279640eb97b08de449d8c8	Stripe	ach_09xsw6de5RPnUF	STRIPE TRANSFER				c	-51166/100	-51166/100	2016-04-15 15:30:34.000000 +0000
===== END
===== START
B	d6e1fc9ad4f3a9f5d4dccd9d91f93205	22980262b329b7224d4bf974d87bb759	2016-04-15 17:17:10.000000 +0000	2016-04-15 15:30:34.000000 +0000	2012-08-31 00:00:00.000000 +0000	e3ba307f6c2c120033884223a84180eb	New Alliance	ach_0F4OjexTt6FVaf	STRIPE TRANSFER				n	941/100	941/100	1970-01-01 00:00:00.000000 +0000
B	d6e1fc9ad4f3a9f5d4dccd9d91f93205	35034f29dfff9beb7f88ee334b39480b	2016-04-15 17:17:10.000000 +0000	2016-04-15 15:30:34.000000 +0000	2012-08-31 00:00:00.000000 +0000	4c3d01c1d3279640eb97b08de449d8c8	Stripe	ach_0F4OjexTt6FVaf	STRIPE TRANSFER				c	-941/100	-941/100	2016-04-15 15:30:34.000000 +0000
===== END
===== START
C	d6e1fc9ad4f3a9f5d4dccd9d91f93205	22980262b329b7224d4bf974d87bb759	2016-04-15 17:17:10.000000 +0000	2016-04-15 15:30:34.000000 +0000	2012-08-31 00:00:00.000000 +0000	e3ba307f6c2c120033884223a84180eb	New Alliance	ach_0F4OjexTt6FVaf	STRIPE TRANSFER				c	941/100	941/100	1970-01-01 00:00:00.000000 +0000
C	d6e1fc9ad4f3a9f5d4dccd9d91f93205	35034f29dfff9beb7f88ee334b39480b	2016-04-15 17:17:10.000000 +0000	2016-04-15 15:30:34.000000 +0000	2012-08-31 00:00:00.000000 +0000	4c3d01c1d3279640eb97b08de449d8c8	Stripe	ach_0F4OjexTt6FVaf	STRIPE TRANSFER				c	-941/100	-941/100	2016-04-15 15:30:34.000000 +0000
===== END
===== START
B	95623ddb823eb82aa4b023c1a3086789	ffef515d090177c902f5b6c1b8a0a669	2016-04-15 17:17:10.000000 +0000	2016-04-15 15:30:34.000000 +0000	2012-09-20 00:00:00.000000 +0000	e3ba307f6c2c120033884223a84180eb	New Alliance	ach_0MW9VSXVkwMeqi	STRIPE TRANSFER				n	941/100	941/100	1970-01-01 00:00:00.000000 +0000
B	95623ddb823eb82aa4b023c1a3086789	21265d3c6cb73467aec82bc9b6055269	2016-04-15 17:17:10.000000 +0000	2016-04-15 15:30:34.000000 +0000	2012-09-20 00:00:00.000000 +0000	4c3d01c1d3279640eb97b08de449d8c8	Stripe	ach_0MW9VSXVkwMeqi	STRIPE TRANSFER				c	-941/100	-941/100	2016-04-15 15:30:34.000000 +0000
===== END
===== START
C	95623ddb823eb82aa4b023c1a3086789	ffef515d090177c902f5b6c1b8a0a669	2016-04-15 17:17:10.000000 +0000	2016-04-15 15:30:34.000000 +0000	2012-09-20 00:00:00.000000 +0000	e3ba307f6c2c120033884223a84180eb	New Alliance	ach_0MW9VSXVkwMeqi	STRIPE TRANSFER				c	941/100	941/100	1970-01-01 00:00:00.000000 +0000
C	95623ddb823eb82aa4b023c1a3086789	21265d3c6cb73467aec82bc9b6055269	2016-04-15 17:17:10.000000 +0000	2016-04-15 15:30:34.000000 +0000	2012-09-20 00:00:00.000000 +0000	4c3d01c1d3279640eb97b08de449d8c8	Stripe	ach_0MW9VSXVkwMeqi	STRIPE TRANSFER				c	-941/100	-941/100	2016-04-15 15:30:34.000000 +0000
===== END
===== START
B	c9799969ab745c834a55384cc6f709a7	3d52602ee7ae36e8b6d842dbd942c22b	2016-04-15 17:17:10.000000 +0000	2016-04-15 15:30:34.000000 +0000	2012-10-11 00:00:00.000000 +0000	e3ba307f6c2c120033884223a84180eb	New Alliance	ach_0UNRP7vrsRPi7e	STRIPE TRANSFER				n	941/100	941/100	1970-01-01 00:00:00.000000 +0000
B	c9799969ab745c834a55384cc6f709a7	647c5a1b8c3c3576d4a216c62fae7cf9	2016-04-15 17:17:10.000000 +0000	2016-04-15 15:30:34.000000 +0000	2012-10-11 00:00:00.000000 +0000	4c3d01c1d3279640eb97b08de449d8c8	Stripe	ach_0UNRP7vrsRPi7e	STRIPE TRANSFER				c	-941/100	-941/100	2016-04-15 15:30:34.000000 +0000
===== END
===== START
C	c9799969ab745c834a55384cc6f709a7	3d52602ee7ae36e8b6d842dbd942c22b	2016-04-15 17:17:10.000000 +0000	2016-04-15 15:30:34.000000 +0000	2012-10-11 00:00:00.000000 +0000	e3ba307f6c2c120033884223a84180eb	New Alliance	ach_0UNRP7vrsRPi7e	STRIPE TRANSFER				c	941/100	941/100	1970-01-01 00:00:00.000000 +0000
C	c9799969ab745c834a55384cc6f709a7	647c5a1b8c3c3576d4a216c62fae7cf9	2016-04-15 17:17:10.000000 +0000	2016-04-15 15:30:34.000000 +0000	2012-10-11 00:00:00.000000 +0000	4c3d01c1d3279640eb97b08de449d8c8	Stripe	ach_0UNRP7vrsRPi7e	STRIPE TRANSFER				c	-941/100	-941/100	2016-04-15 15:30:34.000000 +0000
===== END
===== START
B	bcb5c34dfbb93298d513ae713038cf39	a99b1a1150967ec52f46681aa7f15a77	2016-04-15 17:17:10.000000 +0000	2016-04-15 16:30:05.000000 +0000	2012-10-19 00:00:00.000000 +0000	e3ba307f6c2c120033884223a84180eb	New Alliance		I was collecting $10/mo from a friend in PayPal. This clears that out.	EFT DEP - PAYPAL           TRANSFER			c	9803/100	9803/100	2016-04-15 16:30:05.000000 +0000
B	bcb5c34dfbb93298d513ae713038cf39	3cbb9f8516059e414a03ff8dd2884fee	2016-04-15 17:17:10.000000 +0000	2016-04-15 16:30:05.000000 +0000	2012-10-19 00:00:00.000000 +0000	4a6fae3ca1dfa0018afcc8da2a6e29fe	Imbalance		I was collecting $10/mo from a friend in PayPal. This clears that out.	EFT DEP - PAYPAL           TRANSFER			n	-9803/100	-9803/100	1970-01-01 00:00:00.000000 +0000
===== END
===== START
C	bcb5c34dfbb93298d513ae713038cf39	a99b1a1150967ec52f46681aa7f15a77	2016-04-15 17:17:10.000000 +0000	2016-04-15 16:30:05.000000 +0000	2012-10-19 00:00:00.000000 +0000	e3ba307f6c2c120033884223a84180eb	New Alliance		I was collecting $10/mo from a friend in PayPal. This clears that out.	EFT DEP - PAYPAL           TRANSFER			n	9803/100	9803/100	2016-04-15 16:30:05.000000 +0000
C	bcb5c34dfbb93298d513ae713038cf39	3cbb9f8516059e414a03ff8dd2884fee	2016-04-15 17:17:10.000000 +0000	2016-04-15 16:30:05.000000 +0000	2012-10-19 00:00:00.000000 +0000	4a6fae3ca1dfa0018afcc8da2a6e29fe	Imbalance		I was collecting $10/mo from a friend in PayPal. This clears that out.	EFT DEP - PAYPAL           TRANSFER			n	-9803/100	-9803/100	1970-01-01 00:00:00.000000 +0000
===== END
===== START
B	bf0186e0a50fcabb67ec424cfc135413	a4251219f6a59063594c89eebcac989d	2016-04-15 17:17:10.000000 +0000	2016-04-15 15:30:34.000000 +0000	2012-11-22 00:00:00.000000 +0000	e3ba307f6c2c120033884223a84180eb	New Alliance	ach_0k87E8g9vjaM6I	STRIPE TRANSFER				n	941/100	941/100	1970-01-01 00:00:00.000000 +0000
B	bf0186e0a50fcabb67ec424cfc135413	ce38ec5027ce0777f3e30a81756ec372	2016-04-15 17:17:10.000000 +0000	2016-04-15 15:30:34.000000 +0000	2012-11-22 00:00:00.000000 +0000	4c3d01c1d3279640eb97b08de449d8c8	Stripe	ach_0k87E8g9vjaM6I	STRIPE TRANSFER				c	-941/100	-941/100	2016-04-15 15:30:34.000000 +0000
===== END
===== START
C	bf0186e0a50fcabb67ec424cfc135413	a4251219f6a59063594c89eebcac989d	2016-04-15 17:17:10.000000 +0000	2016-04-15 15:30:34.000000 +0000	2012-11-22 00:00:00.000000 +0000	e3ba307f6c2c120033884223a84180eb	New Alliance	ach_0k87E8g9vjaM6I	STRIPE TRANSFER				c	941/100	941/100	1970-01-01 00:00:00.000000 +0000
C	bf0186e0a50fcabb67ec424cfc135413	ce38ec5027ce0777f3e30a81756ec372	2016-04-15 17:17:10.000000 +0000	2016-04-15 15:30:34.000000 +0000	2012-11-22 00:00:00.000000 +0000	4c3d01c1d3279640eb97b08de449d8c8	Stripe	ach_0k87E8g9vjaM6I	STRIPE TRANSFER				c	-941/100	-941/100	2016-04-15 15:30:34.000000 +0000
===== END
