mod	trans_guid	split_guid	time_now	date_entered	date_posted	acc_guid	acc_name	num	description	notes	memo	action	reconciled	amount	value	date_reconciled
-----------------
===== START
===== END
===== START
===== END
===== START
===== END
===== START
===== END
===== START
===== END
===== START
===== END
===== START
===== END
===== START
===== END
===== START
===== END
===== START
===== END
===== START
===== END
===== START
===== END
===== START
===== END
===== START
===== END
===== START
===== END
===== START
===== END
===== START
===== END
===== START
===== END
===== START
===== END
===== START
===== END
===== START
===== END
===== START
===== END
===== START
===== END
===== START
===== END
===== START
===== END
===== START
===== END
===== START
===== END
===== START
===== END
===== START
===== END
===== START
===== END
===== START
===== END
===== START
===== END
===== START
===== END
===== START
===== END
===== START
===== END
===== START
===== END
===== START
===== END
===== START
===== END
===== START
===== END
===== START
===== END
===== START
===== END
===== START
===== END
===== START
===== END
===== START
===== END
===== START
===== END
===== START
===== END
===== START
===== END
===== START
===== END
===== START
===== END
===== START
===== END
===== START
===== END
===== START
===== END
===== START
===== END
===== START
===== END
===== START
===== END
===== START
===== END
===== START
B	1993933d5b3f0d7957d6b0f17640739b	c33584c3400c0056617ba115c7a452c0	2016-04-15 15:30:34.000000 +0000	2016-04-15 14:56:25.000000 +0000	2012-06-22 00:00:00.000000 +0000	e3ba307f6c2c120033884223a84180eb	New Alliance	ach_TbWKItYNIPfqx9	STRIPE TRANSFER	NEW ALLIANCE FCU			n	22/100	22/100	1970-01-01 00:00:00.000000 +0000
B	1993933d5b3f0d7957d6b0f17640739b	ef51d4eaca6b871b58685143e167a572	2016-04-15 15:30:34.000000 +0000	2016-04-15 14:56:25.000000 +0000	2012-06-22 00:00:00.000000 +0000	4c3d01c1d3279640eb97b08de449d8c8	Stripe	ach_TbWKItYNIPfqx9	STRIPE TRANSFER	NEW ALLIANCE FCU			c	-22/100	-22/100	2016-04-15 14:56:25.000000 +0000
===== END
===== START
C	1993933d5b3f0d7957d6b0f17640739b	c33584c3400c0056617ba115c7a452c0	2016-04-15 15:30:34.000000 +0000	2016-04-15 14:56:25.000000 +0000	2012-06-22 00:00:00.000000 +0000	e3ba307f6c2c120033884223a84180eb	New Alliance	ach_TbWKItYNIPfqx9	STRIPE TRANSFER	NEW ALLIANCE FCU			n	22/100	22/100	1970-01-01 00:00:00.000000 +0000
C	1993933d5b3f0d7957d6b0f17640739b	ef51d4eaca6b871b58685143e167a572	2016-04-15 15:30:34.000000 +0000	2016-04-15 14:56:25.000000 +0000	2012-06-22 00:00:00.000000 +0000	4c3d01c1d3279640eb97b08de449d8c8	Stripe	ach_TbWKItYNIPfqx9	STRIPE TRANSFER	NEW ALLIANCE FCU			c	-22/100	-22/100	2016-04-15 15:30:34.000000 +0000
===== END
===== START
D	0528d29019be3b7d8198068fce0625e7	802cbf45bf74d333d60eb56160f3dae0	2016-04-15 15:30:34.000000 +0000	2016-04-15 15:30:34.000000 +0000	2012-06-22 00:00:00.000000 +0000	4c3d01c1d3279640eb97b08de449d8c8	Stripe	ach_TbWKItYNIPfqx9	STRIPE TRANSFER				n	-22/100	-22/100	1970-01-01 00:00:00.000000 +0000
===== END
===== START
B	776c554795eab74cbe690c0b4384902a	6276cdd55fd49e57f909266b0b7bb0f6	2016-04-15 15:30:34.000000 +0000	2016-04-15 14:56:25.000000 +0000	2012-06-29 00:00:00.000000 +0000	e3ba307f6c2c120033884223a84180eb	New Alliance	ach_jCijaSZpHvwilV	STRIPE TRANSFER	NEW ALLIANCE FCU			n	2097/100	2097/100	1970-01-01 00:00:00.000000 +0000
B	776c554795eab74cbe690c0b4384902a	f1e8b6c1e8e832569d4218568071a19e	2016-04-15 15:30:34.000000 +0000	2016-04-15 14:56:25.000000 +0000	2012-06-29 00:00:00.000000 +0000	4c3d01c1d3279640eb97b08de449d8c8	Stripe	ach_jCijaSZpHvwilV	STRIPE TRANSFER	NEW ALLIANCE FCU			c	-2097/100	-2097/100	2016-04-15 14:56:25.000000 +0000
===== END
===== START
C	776c554795eab74cbe690c0b4384902a	6276cdd55fd49e57f909266b0b7bb0f6	2016-04-15 15:30:34.000000 +0000	2016-04-15 14:56:25.000000 +0000	2012-06-29 00:00:00.000000 +0000	e3ba307f6c2c120033884223a84180eb	New Alliance	ach_jCijaSZpHvwilV	STRIPE TRANSFER	NEW ALLIANCE FCU			n	2097/100	2097/100	1970-01-01 00:00:00.000000 +0000
C	776c554795eab74cbe690c0b4384902a	f1e8b6c1e8e832569d4218568071a19e	2016-04-15 15:30:34.000000 +0000	2016-04-15 14:56:25.000000 +0000	2012-06-29 00:00:00.000000 +0000	4c3d01c1d3279640eb97b08de449d8c8	Stripe	ach_jCijaSZpHvwilV	STRIPE TRANSFER	NEW ALLIANCE FCU			c	-2097/100	-2097/100	2016-04-15 15:30:34.000000 +0000
===== END
===== START
D	d5003a1aeec0cdc1c39fa2d8910a5d22	61f19762092ad86e22dab63d01435383	2016-04-15 15:30:34.000000 +0000	2016-04-15 15:30:34.000000 +0000	2012-06-29 00:00:00.000000 +0000	4c3d01c1d3279640eb97b08de449d8c8	Stripe	ach_jCijaSZpHvwilV	STRIPE TRANSFER				n	-2097/100	-2097/100	1970-01-01 00:00:00.000000 +0000
===== END
===== START
C	f7487d2c385b1f1716193eca62be610b	7a6349b1991ee1351c424340664b7c3b	2016-04-15 15:30:34.000000 +0000	2016-04-15 15:30:34.000000 +0000	2012-07-06 00:00:00.000000 +0000	4c3d01c1d3279640eb97b08de449d8c8	Stripe	ach_q5pyGQoXVPPZxA	STRIPE TRANSFER				c	-9637/100	-9637/100	2016-04-15 15:30:34.000000 +0000
C	f7487d2c385b1f1716193eca62be610b	9126c8c46182c2235ee102b2d4cd5b30	2016-04-15 15:30:34.000000 +0000	2016-04-15 15:30:34.000000 +0000	2012-07-06 00:00:00.000000 +0000	e3ba307f6c2c120033884223a84180eb	New Alliance	ach_q5pyGQoXVPPZxA	STRIPE TRANSFER				n	9637/100	9637/100	1970-01-01 00:00:00.000000 +0000
===== END
===== START
C	172ce5f21f3cbf0cda4357993efda674	f6e8076450796d16268e4d032fcaa418	2016-04-15 15:30:34.000000 +0000	2016-04-15 15:30:34.000000 +0000	2012-07-20 00:00:00.000000 +0000	4c3d01c1d3279640eb97b08de449d8c8	Stripe	ach_pJxcOEEcRUGMBK	STRIPE TRANSFER				c	-34513/100	-34513/100	2016-04-15 15:30:34.000000 +0000
C	172ce5f21f3cbf0cda4357993efda674	5a3feee3f4b45209b966c3f075497571	2016-04-15 15:30:34.000000 +0000	2016-04-15 15:30:34.000000 +0000	2012-07-20 00:00:00.000000 +0000	e3ba307f6c2c120033884223a84180eb	New Alliance	ach_pJxcOEEcRUGMBK	STRIPE TRANSFER				n	34513/100	34513/100	1970-01-01 00:00:00.000000 +0000
===== END
===== START
C	f231e9de08356ab2766b24aee688b568	3c06862307d4b57f6b05e53dc7568208	2016-04-15 15:30:34.000000 +0000	2016-04-15 15:30:34.000000 +0000	2012-07-20 00:00:00.000000 +0000	4c3d01c1d3279640eb97b08de449d8c8	Stripe	ach_pqHe13Pd7flbOk	STRIPE TRANSFER				c	-51425/100	-51425/100	2016-04-15 15:30:34.000000 +0000
C	f231e9de08356ab2766b24aee688b568	f7ddbe74f01da31b07447be3ad135d7f	2016-04-15 15:30:34.000000 +0000	2016-04-15 15:30:34.000000 +0000	2012-07-20 00:00:00.000000 +0000	e3ba307f6c2c120033884223a84180eb	New Alliance	ach_pqHe13Pd7flbOk	STRIPE TRANSFER				n	51425/100	51425/100	1970-01-01 00:00:00.000000 +0000
===== END
===== START
C	2b1dfa347442d250a43e10ea4052d798	70273597d155b25202e698e08a754586	2016-04-15 15:30:34.000000 +0000	2016-04-15 15:30:34.000000 +0000	2012-07-27 00:00:00.000000 +0000	4c3d01c1d3279640eb97b08de449d8c8	Stripe	ach_HdHUooVuNzkX2i	STRIPE TRANSFER				c	-46806/100	-46806/100	2016-04-15 15:30:34.000000 +0000
C	2b1dfa347442d250a43e10ea4052d798	dedf92ac2a69af2c7f43b1290a91f1c6	2016-04-15 15:30:34.000000 +0000	2016-04-15 15:30:34.000000 +0000	2012-07-27 00:00:00.000000 +0000	e3ba307f6c2c120033884223a84180eb	New Alliance	ach_HdHUooVuNzkX2i	STRIPE TRANSFER				n	46806/100	46806/100	1970-01-01 00:00:00.000000 +0000
===== END
===== START
C	666d0de4ad78a18c4bdca6578ebabe06	2bd6b0e050f6f52cab58c9636b7d091e	2016-04-15 15:30:34.000000 +0000	2016-04-15 15:30:34.000000 +0000	2012-08-03 00:00:00.000000 +0000	4c3d01c1d3279640eb97b08de449d8c8	Stripe	ach_04XPDHmpytkKhh	STRIPE TRANSFER				c	-103084/100	-103084/100	2016-04-15 15:30:34.000000 +0000
C	666d0de4ad78a18c4bdca6578ebabe06	c8829377c4be607ffbb6566628dcc99a	2016-04-15 15:30:34.000000 +0000	2016-04-15 15:30:34.000000 +0000	2012-08-03 00:00:00.000000 +0000	e3ba307f6c2c120033884223a84180eb	New Alliance	ach_04XPDHmpytkKhh	STRIPE TRANSFER				n	103084/100	103084/100	1970-01-01 00:00:00.000000 +0000
===== END
===== START
C	bc62d7f8e9bcc99e3e6d7d6028a018e2	56214758ddb9d93d7e46d04a91c238cc	2016-04-15 15:30:34.000000 +0000	2016-04-15 15:30:34.000000 +0000	2012-08-10 00:00:00.000000 +0000	4c3d01c1d3279640eb97b08de449d8c8	Stripe	ach_07JPj6iDtJFPv1	STRIPE TRANSFER				c	-48015/100	-48015/100	2016-04-15 15:30:34.000000 +0000
C	bc62d7f8e9bcc99e3e6d7d6028a018e2	a48709cdc7d28322123430de9675f2c7	2016-04-15 15:30:34.000000 +0000	2016-04-15 15:30:34.000000 +0000	2012-08-10 00:00:00.000000 +0000	e3ba307f6c2c120033884223a84180eb	New Alliance	ach_07JPj6iDtJFPv1	STRIPE TRANSFER				n	48015/100	48015/100	1970-01-01 00:00:00.000000 +0000
===== END
===== START
C	304e53d3dafe81537605d76b42918a11	40fa57f0660b7885c3237b5c25eb5b96	2016-04-15 15:30:34.000000 +0000	2016-04-15 15:30:34.000000 +0000	2012-08-17 00:00:00.000000 +0000	4c3d01c1d3279640eb97b08de449d8c8	Stripe	ach_09xsw6de5RPnUF	STRIPE TRANSFER				c	-51166/100	-51166/100	2016-04-15 15:30:34.000000 +0000
C	304e53d3dafe81537605d76b42918a11	4cc0639d32077d2b0b92a827ea849a7c	2016-04-15 15:30:34.000000 +0000	2016-04-15 15:30:34.000000 +0000	2012-08-17 00:00:00.000000 +0000	e3ba307f6c2c120033884223a84180eb	New Alliance	ach_09xsw6de5RPnUF	STRIPE TRANSFER				n	51166/100	51166/100	1970-01-01 00:00:00.000000 +0000
===== END
===== START
C	d6e1fc9ad4f3a9f5d4dccd9d91f93205	35034f29dfff9beb7f88ee334b39480b	2016-04-15 15:30:34.000000 +0000	2016-04-15 15:30:34.000000 +0000	2012-08-31 00:00:00.000000 +0000	4c3d01c1d3279640eb97b08de449d8c8	Stripe	ach_0F4OjexTt6FVaf	STRIPE TRANSFER				c	-941/100	-941/100	2016-04-15 15:30:34.000000 +0000
C	d6e1fc9ad4f3a9f5d4dccd9d91f93205	22980262b329b7224d4bf974d87bb759	2016-04-15 15:30:34.000000 +0000	2016-04-15 15:30:34.000000 +0000	2012-08-31 00:00:00.000000 +0000	e3ba307f6c2c120033884223a84180eb	New Alliance	ach_0F4OjexTt6FVaf	STRIPE TRANSFER				n	941/100	941/100	1970-01-01 00:00:00.000000 +0000
===== END
===== START
C	95623ddb823eb82aa4b023c1a3086789	21265d3c6cb73467aec82bc9b6055269	2016-04-15 15:30:34.000000 +0000	2016-04-15 15:30:34.000000 +0000	2012-09-20 00:00:00.000000 +0000	4c3d01c1d3279640eb97b08de449d8c8	Stripe	ach_0MW9VSXVkwMeqi	STRIPE TRANSFER				c	-941/100	-941/100	2016-04-15 15:30:34.000000 +0000
C	95623ddb823eb82aa4b023c1a3086789	ffef515d090177c902f5b6c1b8a0a669	2016-04-15 15:30:34.000000 +0000	2016-04-15 15:30:34.000000 +0000	2012-09-20 00:00:00.000000 +0000	e3ba307f6c2c120033884223a84180eb	New Alliance	ach_0MW9VSXVkwMeqi	STRIPE TRANSFER				n	941/100	941/100	1970-01-01 00:00:00.000000 +0000
===== END
===== START
C	c9799969ab745c834a55384cc6f709a7	647c5a1b8c3c3576d4a216c62fae7cf9	2016-04-15 15:30:34.000000 +0000	2016-04-15 15:30:34.000000 +0000	2012-10-11 00:00:00.000000 +0000	4c3d01c1d3279640eb97b08de449d8c8	Stripe	ach_0UNRP7vrsRPi7e	STRIPE TRANSFER				c	-941/100	-941/100	2016-04-15 15:30:34.000000 +0000
C	c9799969ab745c834a55384cc6f709a7	3d52602ee7ae36e8b6d842dbd942c22b	2016-04-15 15:30:34.000000 +0000	2016-04-15 15:30:34.000000 +0000	2012-10-11 00:00:00.000000 +0000	e3ba307f6c2c120033884223a84180eb	New Alliance	ach_0UNRP7vrsRPi7e	STRIPE TRANSFER				n	941/100	941/100	1970-01-01 00:00:00.000000 +0000
===== END
===== START
C	32f3e4ed3aaffae2d7f1c774eee3a216	93a9a36f027db2d4537e1f0a10582300	2016-04-15 15:30:34.000000 +0000	2016-04-15 15:30:34.000000 +0000	2012-11-01 00:00:00.000000 +0000	4c3d01c1d3279640eb97b08de449d8c8	Stripe	ach_0cGGhTLBRm05j6	STRIPE TRANSFER				c	-941/100	-941/100	2016-04-15 15:30:34.000000 +0000
C	32f3e4ed3aaffae2d7f1c774eee3a216	3e62203143cf7a724dce5e0e7964bb59	2016-04-15 15:30:34.000000 +0000	2016-04-15 15:30:34.000000 +0000	2012-11-01 00:00:00.000000 +0000	e3ba307f6c2c120033884223a84180eb	New Alliance	ach_0cGGhTLBRm05j6	STRIPE TRANSFER				n	941/100	941/100	1970-01-01 00:00:00.000000 +0000
===== END
===== START
C	bf0186e0a50fcabb67ec424cfc135413	ce38ec5027ce0777f3e30a81756ec372	2016-04-15 15:30:34.000000 +0000	2016-04-15 15:30:34.000000 +0000	2012-11-22 00:00:00.000000 +0000	4c3d01c1d3279640eb97b08de449d8c8	Stripe	ach_0k87E8g9vjaM6I	STRIPE TRANSFER				c	-941/100	-941/100	2016-04-15 15:30:34.000000 +0000
C	bf0186e0a50fcabb67ec424cfc135413	a4251219f6a59063594c89eebcac989d	2016-04-15 15:30:34.000000 +0000	2016-04-15 15:30:34.000000 +0000	2012-11-22 00:00:00.000000 +0000	e3ba307f6c2c120033884223a84180eb	New Alliance	ach_0k87E8g9vjaM6I	STRIPE TRANSFER				n	941/100	941/100	1970-01-01 00:00:00.000000 +0000
===== END
===== START
C	46f89746103b5d1d43113641d36b5d4e	36f370a1482ec461dbd0d0b393930009	2016-04-15 15:30:34.000000 +0000	2016-04-15 15:30:34.000000 +0000	2012-12-13 00:00:00.000000 +0000	4c3d01c1d3279640eb97b08de449d8c8	Stripe	ach_0rz4oYKE3qI0wm	STRIPE TRANSFER				c	-941/100	-941/100	2016-04-15 15:30:34.000000 +0000
C	46f89746103b5d1d43113641d36b5d4e	79a06f1a773221e277629a3d4c3702ee	2016-04-15 15:30:34.000000 +0000	2016-04-15 15:30:34.000000 +0000	2012-12-13 00:00:00.000000 +0000	e3ba307f6c2c120033884223a84180eb	New Alliance	ach_0rz4oYKE3qI0wm	STRIPE TRANSFER				n	941/100	941/100	1970-01-01 00:00:00.000000 +0000
===== END
===== START
C	8043b3cf3f4e124ab9bff1272b529e79	d39677456134889a93dc933560085461	2016-04-15 15:30:34.000000 +0000	2016-04-15 15:30:34.000000 +0000	2013-01-10 00:00:00.000000 +0000	4c3d01c1d3279640eb97b08de449d8c8	Stripe	ach_12TkK5NAgVL3Ew	STRIPE TRANSFER				c	-941/100	-941/100	2016-04-15 15:30:34.000000 +0000
C	8043b3cf3f4e124ab9bff1272b529e79	e965908a9fdf030c64d3c8307df32186	2016-04-15 15:30:34.000000 +0000	2016-04-15 15:30:34.000000 +0000	2013-01-10 00:00:00.000000 +0000	e3ba307f6c2c120033884223a84180eb	New Alliance	ach_12TkK5NAgVL3Ew	STRIPE TRANSFER				n	941/100	941/100	1970-01-01 00:00:00.000000 +0000
===== END
===== START
C	7ca731c72fc558e6f83d94d1beb57ac5	2109eee0d12d3dc299d2833cadac38b4	2016-04-15 15:30:34.000000 +0000	2016-04-15 15:30:34.000000 +0000	2013-01-31 00:00:00.000000 +0000	4c3d01c1d3279640eb97b08de449d8c8	Stripe	ach_1AMHaakfcPczbe	STRIPE TRANSFER				c	-941/100	-941/100	2016-04-15 15:30:34.000000 +0000
C	7ca731c72fc558e6f83d94d1beb57ac5	2b1c25aab06791d75e61c8ca79dc9e5f	2016-04-15 15:30:34.000000 +0000	2016-04-15 15:30:34.000000 +0000	2013-01-31 00:00:00.000000 +0000	e3ba307f6c2c120033884223a84180eb	New Alliance	ach_1AMHaakfcPczbe	STRIPE TRANSFER				n	941/100	941/100	1970-01-01 00:00:00.000000 +0000
===== END
===== START
C	1a88710e2d8a3195a7c299dce6258da0	245e79284f02f5cdc24fdf425bdd485e	2016-04-15 15:30:34.000000 +0000	2016-04-15 15:30:34.000000 +0000	2013-02-21 00:00:00.000000 +0000	4c3d01c1d3279640eb97b08de449d8c8	Stripe	tr_1ID3mTT1l85B8J	STRIPE TRANSFER				c	-941/100	-941/100	2016-04-15 15:30:34.000000 +0000
C	1a88710e2d8a3195a7c299dce6258da0	2042180816ecb1aba467f93fe6992eea	2016-04-15 15:30:34.000000 +0000	2016-04-15 15:30:34.000000 +0000	2013-02-21 00:00:00.000000 +0000	e3ba307f6c2c120033884223a84180eb	New Alliance	tr_1ID3mTT1l85B8J	STRIPE TRANSFER				n	941/100	941/100	1970-01-01 00:00:00.000000 +0000
===== END
===== START
C	0e2b395454622cbab812ae7ccb6bb86a	403798f950522cd5c47f29259fb2cee3	2016-04-15 15:30:34.000000 +0000	2016-04-15 15:30:34.000000 +0000	2013-03-21 00:00:00.000000 +0000	4c3d01c1d3279640eb97b08de449d8c8	Stripe	tr_1SiCTASa1awRMc	STRIPE TRANSFER				c	-941/100	-941/100	2016-04-15 15:30:34.000000 +0000
C	0e2b395454622cbab812ae7ccb6bb86a	b993ff05d3312199f612bd9354cf81dc	2016-04-15 15:30:34.000000 +0000	2016-04-15 15:30:34.000000 +0000	2013-03-21 00:00:00.000000 +0000	e3ba307f6c2c120033884223a84180eb	New Alliance	tr_1SiCTASa1awRMc	STRIPE TRANSFER				n	941/100	941/100	1970-01-01 00:00:00.000000 +0000
===== END
===== START
C	8031db0bdbc3ceb699707a5d0cbd2dcf	a0fcb6242a164d2d0ed0528de03d0966	2016-04-15 15:30:34.000000 +0000	2016-04-15 15:30:34.000000 +0000	2013-06-20 00:00:00.000000 +0000	4c3d01c1d3279640eb97b08de449d8c8	Stripe	tr_20ovxTY4GQQ6k5	STRIPE TRANSFER				c	-941/100	-941/100	2016-04-15 15:30:34.000000 +0000
C	8031db0bdbc3ceb699707a5d0cbd2dcf	68eed54cd816ad017f2eb1eb716d662d	2016-04-15 15:30:34.000000 +0000	2016-04-15 15:30:34.000000 +0000	2013-06-20 00:00:00.000000 +0000	e3ba307f6c2c120033884223a84180eb	New Alliance	tr_20ovxTY4GQQ6k5	STRIPE TRANSFER				n	941/100	941/100	1970-01-01 00:00:00.000000 +0000
===== END
===== START
C	cee52bdea9b57a4f88bf8be076d8e973	21416b341c012bf84863ff426c685342	2016-04-15 15:30:34.000000 +0000	2016-04-15 15:30:34.000000 +0000	2013-06-27 00:00:00.000000 +0000	4c3d01c1d3279640eb97b08de449d8c8	Stripe	tr_23ohzRAr49gwqR	STRIPE TRANSFER				c	-941/100	-941/100	2016-04-15 15:30:34.000000 +0000
C	cee52bdea9b57a4f88bf8be076d8e973	d7bea372e2b61d851af283c280dde1c7	2016-04-15 15:30:34.000000 +0000	2016-04-15 15:30:34.000000 +0000	2013-06-27 00:00:00.000000 +0000	e3ba307f6c2c120033884223a84180eb	New Alliance	tr_23ohzRAr49gwqR	STRIPE TRANSFER				n	941/100	941/100	1970-01-01 00:00:00.000000 +0000
===== END
===== START
C	5ae19a207952f274d244e78a073f3574	23f8cd8c80b9956d6aa0810c620e08f6	2016-04-15 15:30:34.000000 +0000	2016-04-15 15:30:34.000000 +0000	2013-07-04 00:00:00.000000 +0000	4c3d01c1d3279640eb97b08de449d8c8	Stripe	tr_2649EMF3PIjM3C	STRIPE TRANSFER				c	-941/100	-941/100	2016-04-15 15:30:34.000000 +0000
C	5ae19a207952f274d244e78a073f3574	1e71a93e6e1161cf16550851f51d1f32	2016-04-15 15:30:34.000000 +0000	2016-04-15 15:30:34.000000 +0000	2013-07-04 00:00:00.000000 +0000	e3ba307f6c2c120033884223a84180eb	New Alliance	tr_2649EMF3PIjM3C	STRIPE TRANSFER				n	941/100	941/100	1970-01-01 00:00:00.000000 +0000
===== END
===== START
C	aef739417d388cd9e5e206e85e514d0c	f8a4213c0d2909282b70839c7641fd3e	2016-04-15 15:30:34.000000 +0000	2016-04-15 15:30:34.000000 +0000	2013-07-11 00:00:00.000000 +0000	4c3d01c1d3279640eb97b08de449d8c8	Stripe	tr_28g4Bt63jsCjhn	STRIPE TRANSFER				c	-1044/100	-1044/100	2016-04-15 15:30:34.000000 +0000
C	aef739417d388cd9e5e206e85e514d0c	b692da733aa580c3cf69cb752138b037	2016-04-15 15:30:34.000000 +0000	2016-04-15 15:30:34.000000 +0000	2013-07-11 00:00:00.000000 +0000	e3ba307f6c2c120033884223a84180eb	New Alliance	tr_28g4Bt63jsCjhn	STRIPE TRANSFER				n	1044/100	1044/100	1970-01-01 00:00:00.000000 +0000
===== END
===== START
C	086b1663f149b4107f29eec11060ef28	c95a0b0d092cb0fe2eec042db34af284	2016-04-15 15:30:34.000000 +0000	2016-04-15 15:30:34.000000 +0000	2013-07-18 00:00:00.000000 +0000	4c3d01c1d3279640eb97b08de449d8c8	Stripe	tr_2BJDWx4kSZsPiC	STRIPE TRANSFER				c	-1274/100	-1274/100	2016-04-15 15:30:34.000000 +0000
C	086b1663f149b4107f29eec11060ef28	41e34039b8f726509b3bb853194713ea	2016-04-15 15:30:34.000000 +0000	2016-04-15 15:30:34.000000 +0000	2013-07-18 00:00:00.000000 +0000	e3ba307f6c2c120033884223a84180eb	New Alliance	tr_2BJDWx4kSZsPiC	STRIPE TRANSFER				n	1274/100	1274/100	1970-01-01 00:00:00.000000 +0000
===== END
===== START
C	bbc60676d5beac0a2a3940df3fa44274	6b79f6b3ebd8df5428d37da25f4b7c5d	2016-04-15 15:30:34.000000 +0000	2016-04-15 15:30:34.000000 +0000	2013-08-08 00:00:00.000000 +0000	4c3d01c1d3279640eb97b08de449d8c8	Stripe	tr_2Kfp8ql9ratAAY	STRIPE TRANSFER				c	-1149/100	-1149/100	2016-04-15 15:30:34.000000 +0000
C	bbc60676d5beac0a2a3940df3fa44274	c9e6629a31078bad85b41c3419bdefd1	2016-04-15 15:30:34.000000 +0000	2016-04-15 15:30:34.000000 +0000	2013-08-08 00:00:00.000000 +0000	e3ba307f6c2c120033884223a84180eb	New Alliance	tr_2Kfp8ql9ratAAY	STRIPE TRANSFER				n	1149/100	1149/100	1970-01-01 00:00:00.000000 +0000
===== END
===== START
C	3b4736e0ebaef045afa9ded69ff6429d	010139649afe59a9004e62308bc93436	2016-04-15 15:30:34.000000 +0000	2016-04-15 15:30:34.000000 +0000	2013-07-25 00:00:00.000000 +0000	4c3d01c1d3279640eb97b08de449d8c8	Stripe	tr_2DwYXAGyLT7Dp8	STRIPE TRANSFER				c	-1274/100	-1274/100	2016-04-15 15:30:34.000000 +0000
C	3b4736e0ebaef045afa9ded69ff6429d	cf254f1d930df436e8b1215518e8a793	2016-04-15 15:30:34.000000 +0000	2016-04-15 15:30:34.000000 +0000	2013-07-25 00:00:00.000000 +0000	e3ba307f6c2c120033884223a84180eb	New Alliance	tr_2DwYXAGyLT7Dp8	STRIPE TRANSFER				n	1274/100	1274/100	1970-01-01 00:00:00.000000 +0000
===== END
===== START
C	a9524c0d6d6eb58e107b55e270bf2b8d	da90b4063be0585f27ea279176ee9715	2016-04-15 15:30:34.000000 +0000	2016-04-15 15:30:34.000000 +0000	2013-08-15 00:00:00.000000 +0000	4c3d01c1d3279640eb97b08de449d8c8	Stripe	tr_2Nj8IZ1MopJp8J	STRIPE TRANSFER				c	-1374/100	-1374/100	2016-04-15 15:30:34.000000 +0000
C	a9524c0d6d6eb58e107b55e270bf2b8d	cfbd3fc8cdc28cee540b1638e8f450f0	2016-04-15 15:30:34.000000 +0000	2016-04-15 15:30:34.000000 +0000	2013-08-15 00:00:00.000000 +0000	e3ba307f6c2c120033884223a84180eb	New Alliance	tr_2Nj8IZ1MopJp8J	STRIPE TRANSFER				n	1374/100	1374/100	1970-01-01 00:00:00.000000 +0000
===== END
===== START
C	0b06669e7e187f2c9bccabf83e3fcaed	a4ec328df56daeab73d08d7e84875aa8	2016-04-15 15:30:34.000000 +0000	2016-04-15 15:30:34.000000 +0000	2013-08-22 00:00:00.000000 +0000	4c3d01c1d3279640eb97b08de449d8c8	Stripe	tr_2QMtAYgfPuHzMc	STRIPE TRANSFER				c	-1374/100	-1374/100	2016-04-15 15:30:34.000000 +0000
C	0b06669e7e187f2c9bccabf83e3fcaed	bdddbbb9a36871ac560afd21465522d1	2016-04-15 15:30:34.000000 +0000	2016-04-15 15:30:34.000000 +0000	2013-08-22 00:00:00.000000 +0000	e3ba307f6c2c120033884223a84180eb	New Alliance	tr_2QMtAYgfPuHzMc	STRIPE TRANSFER				n	1374/100	1374/100	1970-01-01 00:00:00.000000 +0000
===== END
===== START
C	30a8392f61c3dd06d9d8bc5be35fa300	62ca71c5cb64b809747cfd7cfcd548db	2016-04-15 15:30:34.000000 +0000	2016-04-15 15:30:34.000000 +0000	2013-09-12 00:00:00.000000 +0000	4c3d01c1d3279640eb97b08de449d8c8	Stripe	tr_2YMCY1NpxiAzRv	STRIPE TRANSFER				c	-1123/100	-1123/100	2016-04-15 15:30:34.000000 +0000
C	30a8392f61c3dd06d9d8bc5be35fa300	f90c6ac20a700d47ee1d658d273491a4	2016-04-15 15:30:34.000000 +0000	2016-04-15 15:30:34.000000 +0000	2013-09-12 00:00:00.000000 +0000	e3ba307f6c2c120033884223a84180eb	New Alliance	tr_2YMCY1NpxiAzRv	STRIPE TRANSFER				n	1123/100	1123/100	1970-01-01 00:00:00.000000 +0000
===== END
===== START
C	64ddf27b390ee7de7693a026dd088345	eb031d308880541e91010262c0a87f66	2016-04-15 15:30:34.000000 +0000	2016-04-15 15:30:34.000000 +0000	2013-09-26 00:00:00.000000 +0000	4c3d01c1d3279640eb97b08de449d8c8	Stripe	tr_2dQj2HxycNgo2Y	STRIPE TRANSFER				c	-941/100	-941/100	2016-04-15 15:30:34.000000 +0000
C	64ddf27b390ee7de7693a026dd088345	bdf695dd0c5e664290e90413128d343a	2016-04-15 15:30:34.000000 +0000	2016-04-15 15:30:34.000000 +0000	2013-09-26 00:00:00.000000 +0000	e3ba307f6c2c120033884223a84180eb	New Alliance	tr_2dQj2HxycNgo2Y	STRIPE TRANSFER				n	941/100	941/100	1970-01-01 00:00:00.000000 +0000
===== END
===== START
C	9c6135a26e8c4454547e8cdbb7c2e99c	d4c51303013e63caf4c85b959cdd8722	2016-04-15 15:30:34.000000 +0000	2016-04-15 15:30:34.000000 +0000	2013-10-10 00:00:00.000000 +0000	4c3d01c1d3279640eb97b08de449d8c8	Stripe	tr_2ihTvFmAZF7R24	STRIPE TRANSFER				c	-941/100	-941/100	2016-04-15 15:30:34.000000 +0000
C	9c6135a26e8c4454547e8cdbb7c2e99c	6161d4aa176c76117adf4d92ef822c92	2016-04-15 15:30:34.000000 +0000	2016-04-15 15:30:34.000000 +0000	2013-10-10 00:00:00.000000 +0000	e3ba307f6c2c120033884223a84180eb	New Alliance	tr_2ihTvFmAZF7R24	STRIPE TRANSFER				n	941/100	941/100	1970-01-01 00:00:00.000000 +0000
===== END
===== START
C	08967071ff62d32188d0e2b91587862f	2a232af9a63343a2f17af4524a05891c	2016-04-15 15:30:34.000000 +0000	2016-04-15 15:30:34.000000 +0000	2013-10-17 00:00:00.000000 +0000	4c3d01c1d3279640eb97b08de449d8c8	Stripe	tr_2lK2qxf8cCL4dd	STRIPE TRANSFER				c	-941/100	-941/100	2016-04-15 15:30:34.000000 +0000
C	08967071ff62d32188d0e2b91587862f	7695f184e7b2581b749c07f1bbfec6ec	2016-04-15 15:30:34.000000 +0000	2016-04-15 15:30:34.000000 +0000	2013-10-17 00:00:00.000000 +0000	e3ba307f6c2c120033884223a84180eb	New Alliance	tr_2lK2qxf8cCL4dd	STRIPE TRANSFER				n	941/100	941/100	1970-01-01 00:00:00.000000 +0000
===== END
===== START
C	cee880597e1d8b5830e3c30be5a2217e	32f4e45926f031483828b89f1f0a7661	2016-04-15 15:30:34.000000 +0000	2016-04-15 15:30:34.000000 +0000	2013-10-24 00:00:00.000000 +0000	4c3d01c1d3279640eb97b08de449d8c8	Stripe	tr_2nx5SrwWLC7oQq	STRIPE TRANSFER				c	-941/100	-941/100	2016-04-15 15:30:34.000000 +0000
C	cee880597e1d8b5830e3c30be5a2217e	98bd26481cdc93330db5e2f0e41c0ec2	2016-04-15 15:30:34.000000 +0000	2016-04-15 15:30:34.000000 +0000	2013-10-24 00:00:00.000000 +0000	e3ba307f6c2c120033884223a84180eb	New Alliance	tr_2nx5SrwWLC7oQq	STRIPE TRANSFER				n	941/100	941/100	1970-01-01 00:00:00.000000 +0000
===== END
===== START
C	9e73ba246a889446c736dcd6f2c11c51	6c3bedb89d5ba14231afe219e1473b2e	2016-04-15 15:30:34.000000 +0000	2016-04-15 15:30:34.000000 +0000	2013-10-31 00:00:00.000000 +0000	4c3d01c1d3279640eb97b08de449d8c8	Stripe	tr_2qc6BPoj9EnkCR	STRIPE TRANSFER				c	-941/100	-941/100	2016-04-15 15:30:34.000000 +0000
C	9e73ba246a889446c736dcd6f2c11c51	5bd6712684c6bd82fe33121e6f7a0f36	2016-04-15 15:30:34.000000 +0000	2016-04-15 15:30:34.000000 +0000	2013-10-31 00:00:00.000000 +0000	e3ba307f6c2c120033884223a84180eb	New Alliance	tr_2qc6BPoj9EnkCR	STRIPE TRANSFER				n	941/100	941/100	1970-01-01 00:00:00.000000 +0000
===== END
===== START
C	0a298099c53f2190fb6e525ac7d9f5f4	32ffe41995ff6e7a6bf538a33e4c3adb	2016-04-15 15:30:34.000000 +0000	2016-04-15 15:30:34.000000 +0000	2013-11-14 00:00:00.000000 +0000	4c3d01c1d3279640eb97b08de449d8c8	Stripe	tr_2vks0dMIVGpbHE	STRIPE TRANSFER				c	-941/100	-941/100	2016-04-15 15:30:34.000000 +0000
C	0a298099c53f2190fb6e525ac7d9f5f4	d3e5e816f687a126cfcb0eaf0ddb4367	2016-04-15 15:30:34.000000 +0000	2016-04-15 15:30:34.000000 +0000	2013-11-14 00:00:00.000000 +0000	e3ba307f6c2c120033884223a84180eb	New Alliance	tr_2vks0dMIVGpbHE	STRIPE TRANSFER				n	941/100	941/100	1970-01-01 00:00:00.000000 +0000
===== END
===== START
C	3d853cf621c0fdc4fa8887da383d644a	f44d6bcb38d2d223e5c7f14acc21d9a7	2016-04-15 15:30:34.000000 +0000	2016-04-15 15:30:34.000000 +0000	2013-11-21 00:00:00.000000 +0000	4c3d01c1d3279640eb97b08de449d8c8	Stripe	tr_2yO9tyMzTPc911	STRIPE TRANSFER				c	-941/100	-941/100	2016-04-15 15:30:34.000000 +0000
C	3d853cf621c0fdc4fa8887da383d644a	d34d93bbc8927d195bc812a0c08cc34e	2016-04-15 15:30:34.000000 +0000	2016-04-15 15:30:34.000000 +0000	2013-11-21 00:00:00.000000 +0000	e3ba307f6c2c120033884223a84180eb	New Alliance	tr_2yO9tyMzTPc911	STRIPE TRANSFER				n	941/100	941/100	1970-01-01 00:00:00.000000 +0000
===== END
===== START
C	c1972a64f9c975093383d3cf9cac1ae4	86f4768d51504a48b4aabac581c96cb7	2016-04-15 15:30:34.000000 +0000	2016-04-15 15:30:34.000000 +0000	2013-12-12 00:00:00.000000 +0000	4c3d01c1d3279640eb97b08de449d8c8	Stripe	tr_36EvQXgGStssAk	STRIPE TRANSFER				c	-941/100	-941/100	2016-04-15 15:30:34.000000 +0000
C	c1972a64f9c975093383d3cf9cac1ae4	9d1d56d2c012cadeee5afcfe9a73e8e2	2016-04-15 15:30:34.000000 +0000	2016-04-15 15:30:34.000000 +0000	2013-12-12 00:00:00.000000 +0000	e3ba307f6c2c120033884223a84180eb	New Alliance	tr_36EvQXgGStssAk	STRIPE TRANSFER				n	941/100	941/100	1970-01-01 00:00:00.000000 +0000
===== END
===== START
C	bd63dd1a3a0da675f75253c9d7656f6d	591c9fae65a6d763def203a575228b02	2016-04-15 15:30:34.000000 +0000	2016-04-15 15:30:34.000000 +0000	2013-12-19 00:00:00.000000 +0000	4c3d01c1d3279640eb97b08de449d8c8	Stripe	tr_38rdqfPfjmwNfV	STRIPE TRANSFER				c	-941/100	-941/100	2016-04-15 15:30:34.000000 +0000
C	bd63dd1a3a0da675f75253c9d7656f6d	1e3b1d9a36cb427a48cfc97bc1e51976	2016-04-15 15:30:34.000000 +0000	2016-04-15 15:30:34.000000 +0000	2013-12-19 00:00:00.000000 +0000	e3ba307f6c2c120033884223a84180eb	New Alliance	tr_38rdqfPfjmwNfV	STRIPE TRANSFER				n	941/100	941/100	1970-01-01 00:00:00.000000 +0000
===== END
===== START
C	678c4a232dea9d5a36b836e62faf3449	6440c15d60e699d1f1a9cbe26b788a94	2016-04-15 15:30:34.000000 +0000	2016-04-15 15:30:34.000000 +0000	2014-01-02 00:00:00.000000 +0000	4c3d01c1d3279640eb97b08de449d8c8	Stripe	tr_3E6CuOckwjTGXg	STRIPE TRANSFER				c	-941/100	-941/100	2016-04-15 15:30:34.000000 +0000
C	678c4a232dea9d5a36b836e62faf3449	faa7901eb766abf0b3bcff0fbff93f94	2016-04-15 15:30:34.000000 +0000	2016-04-15 15:30:34.000000 +0000	2014-01-02 00:00:00.000000 +0000	e3ba307f6c2c120033884223a84180eb	New Alliance	tr_3E6CuOckwjTGXg	STRIPE TRANSFER				n	941/100	941/100	1970-01-01 00:00:00.000000 +0000
===== END
===== START
C	f0f7942318b79c9b85b9a7a29b07600e	42d026d2d45e985d44304f606ae5ef44	2016-04-15 15:30:34.000000 +0000	2016-04-15 15:30:34.000000 +0000	2014-01-09 00:00:00.000000 +0000	4c3d01c1d3279640eb97b08de449d8c8	Stripe	tr_3GivRPvHNEQsfG	STRIPE TRANSFER				c	-941/100	-941/100	2016-04-15 15:30:34.000000 +0000
C	f0f7942318b79c9b85b9a7a29b07600e	3249b0afea56109a395b295202f21a14	2016-04-15 15:30:34.000000 +0000	2016-04-15 15:30:34.000000 +0000	2014-01-09 00:00:00.000000 +0000	e3ba307f6c2c120033884223a84180eb	New Alliance	tr_3GivRPvHNEQsfG	STRIPE TRANSFER				n	941/100	941/100	1970-01-01 00:00:00.000000 +0000
===== END
===== START
C	10e963ec1f115eeeea62f9d43bf028ee	263a73a5da58423e406a061f18751691	2016-04-15 15:30:34.000000 +0000	2016-04-15 15:30:34.000000 +0000	2014-01-16 00:00:00.000000 +0000	4c3d01c1d3279640eb97b08de449d8c8	Stripe	tr_3JMGgLLLjuNkep	STRIPE TRANSFER				c	-941/100	-941/100	2016-04-15 15:30:34.000000 +0000
C	10e963ec1f115eeeea62f9d43bf028ee	876166e94c3368c1ae2fab420c5c8f18	2016-04-15 15:30:34.000000 +0000	2016-04-15 15:30:34.000000 +0000	2014-01-16 00:00:00.000000 +0000	e3ba307f6c2c120033884223a84180eb	New Alliance	tr_3JMGgLLLjuNkep	STRIPE TRANSFER				n	941/100	941/100	1970-01-01 00:00:00.000000 +0000
===== END
===== START
C	cd07075dfc84325f249df41a2024c686	685696c65a61e22070a2491003e4d6e9	2016-04-15 15:30:34.000000 +0000	2016-04-15 15:30:34.000000 +0000	2014-01-30 00:00:00.000000 +0000	4c3d01c1d3279640eb97b08de449d8c8	Stripe	tr_3ObZkigm8UeJ6X	STRIPE TRANSFER				c	-941/100	-941/100	2016-04-15 15:30:34.000000 +0000
C	cd07075dfc84325f249df41a2024c686	e4983ad0fad89b0a2c5ddf348ecff7e8	2016-04-15 15:30:34.000000 +0000	2016-04-15 15:30:34.000000 +0000	2014-01-30 00:00:00.000000 +0000	e3ba307f6c2c120033884223a84180eb	New Alliance	tr_3ObZkigm8UeJ6X	STRIPE TRANSFER				n	941/100	941/100	1970-01-01 00:00:00.000000 +0000
===== END
===== START
C	bcf78ac39766bb99411bd5626beabd15	74b5ca87e1b2761a91c1fa5da45abad2	2016-04-15 15:30:34.000000 +0000	2016-04-15 15:30:34.000000 +0000	2014-02-06 00:00:00.000000 +0000	4c3d01c1d3279640eb97b08de449d8c8	Stripe	tr_3RD3yIOKMDIhbc	STRIPE TRANSFER				c	-941/100	-941/100	2016-04-15 15:30:34.000000 +0000
C	bcf78ac39766bb99411bd5626beabd15	d3bd4f210aa1169f62d36f1fecc9726b	2016-04-15 15:30:34.000000 +0000	2016-04-15 15:30:34.000000 +0000	2014-02-06 00:00:00.000000 +0000	e3ba307f6c2c120033884223a84180eb	New Alliance	tr_3RD3yIOKMDIhbc	STRIPE TRANSFER				n	941/100	941/100	1970-01-01 00:00:00.000000 +0000
===== END
===== START
C	e93b1b8737dd5c9943af88d80b69cc5b	f3c641ea37f8f012bfaf2485286aaf20	2016-04-15 15:30:34.000000 +0000	2016-04-15 15:30:34.000000 +0000	2014-02-20 00:00:00.000000 +0000	4c3d01c1d3279640eb97b08de449d8c8	Stripe	tr_3WS81zssNhG4u8	STRIPE TRANSFER				c	-941/100	-941/100	2016-04-15 15:30:34.000000 +0000
C	e93b1b8737dd5c9943af88d80b69cc5b	c26a8c70c76735bb041bfe8df46b0505	2016-04-15 15:30:34.000000 +0000	2016-04-15 15:30:34.000000 +0000	2014-02-20 00:00:00.000000 +0000	e3ba307f6c2c120033884223a84180eb	New Alliance	tr_3WS81zssNhG4u8	STRIPE TRANSFER				n	941/100	941/100	1970-01-01 00:00:00.000000 +0000
===== END
===== START
C	f1012637fb5826b2cb370636932259cf	9f1a99e0ceba56871fb0c4be96bb4820	2016-04-15 15:30:34.000000 +0000	2016-04-15 15:30:34.000000 +0000	2014-02-27 00:00:00.000000 +0000	4c3d01c1d3279640eb97b08de449d8c8	Stripe	tr_3Z4cUwGjGu3yU8	STRIPE TRANSFER				c	-941/100	-941/100	2016-04-15 15:30:34.000000 +0000
C	f1012637fb5826b2cb370636932259cf	db32a82688a46d12311d37172298d559	2016-04-15 15:30:34.000000 +0000	2016-04-15 15:30:34.000000 +0000	2014-02-27 00:00:00.000000 +0000	e3ba307f6c2c120033884223a84180eb	New Alliance	tr_3Z4cUwGjGu3yU8	STRIPE TRANSFER				n	941/100	941/100	1970-01-01 00:00:00.000000 +0000
===== END
===== START
C	ca1fda6d5437ceb5b9c504a9e0decf13	6ab651e0dd9c163921479853ecbff243	2016-04-15 15:30:34.000000 +0000	2016-04-15 15:30:34.000000 +0000	2014-03-06 00:00:00.000000 +0000	4c3d01c1d3279640eb97b08de449d8c8	Stripe	tr_3bhE7yjHdnsfWJ	STRIPE TRANSFER				c	-941/100	-941/100	2016-04-15 15:30:34.000000 +0000
C	ca1fda6d5437ceb5b9c504a9e0decf13	d3af557fdd88058a7512c41c621296b9	2016-04-15 15:30:34.000000 +0000	2016-04-15 15:30:34.000000 +0000	2014-03-06 00:00:00.000000 +0000	e3ba307f6c2c120033884223a84180eb	New Alliance	tr_3bhE7yjHdnsfWJ	STRIPE TRANSFER				n	941/100	941/100	1970-01-01 00:00:00.000000 +0000
===== END
===== START
C	0f1423d9a1e7b646e3dc989b0f221607	71615ab46ec771629a1e541c9b9ef15c	2016-04-15 15:30:34.000000 +0000	2016-04-15 15:30:34.000000 +0000	2014-03-20 00:00:00.000000 +0000	4c3d01c1d3279640eb97b08de449d8c8	Stripe	tr_3gwthpyqjZKnNv	STRIPE TRANSFER				c	-941/100	-941/100	2016-04-15 15:30:34.000000 +0000
C	0f1423d9a1e7b646e3dc989b0f221607	5cd4376e9c55117c5d571f1c86e52be5	2016-04-15 15:30:34.000000 +0000	2016-04-15 15:30:34.000000 +0000	2014-03-20 00:00:00.000000 +0000	e3ba307f6c2c120033884223a84180eb	New Alliance	tr_3gwthpyqjZKnNv	STRIPE TRANSFER				n	941/100	941/100	1970-01-01 00:00:00.000000 +0000
===== END
===== START
C	2bd63ab3959977dfe64e38c3e391bd7d	051f6ca4efc33ec22793cd3662e6dcb2	2016-04-15 15:30:34.000000 +0000	2016-04-15 15:30:34.000000 +0000	2014-03-27 00:00:00.000000 +0000	4c3d01c1d3279640eb97b08de449d8c8	Stripe	tr_3jZQ9WULrmpE6J	STRIPE TRANSFER				c	-941/100	-941/100	2016-04-15 15:30:34.000000 +0000
C	2bd63ab3959977dfe64e38c3e391bd7d	a6dd1a8a8d0360dc0322721d0b6a6484	2016-04-15 15:30:34.000000 +0000	2016-04-15 15:30:34.000000 +0000	2014-03-27 00:00:00.000000 +0000	e3ba307f6c2c120033884223a84180eb	New Alliance	tr_3jZQ9WULrmpE6J	STRIPE TRANSFER				n	941/100	941/100	1970-01-01 00:00:00.000000 +0000
===== END
===== START
C	d8c119fb8605d9d964a7778a62290a08	34203c1e0171d8924aaa374cd114ff3a	2016-04-15 15:30:34.000000 +0000	2016-04-15 15:30:34.000000 +0000	2014-04-10 00:00:00.000000 +0000	4c3d01c1d3279640eb97b08de449d8c8	Stripe	tr_3ooetHKkcUHJiD	STRIPE TRANSFER				c	-941/100	-941/100	2016-04-15 15:30:34.000000 +0000
C	d8c119fb8605d9d964a7778a62290a08	e59b9cb43bf160f26fb425127d32c0ab	2016-04-15 15:30:34.000000 +0000	2016-04-15 15:30:34.000000 +0000	2014-04-10 00:00:00.000000 +0000	e3ba307f6c2c120033884223a84180eb	New Alliance	tr_3ooetHKkcUHJiD	STRIPE TRANSFER				n	941/100	941/100	1970-01-01 00:00:00.000000 +0000
===== END
===== START
C	18b77761b6786252033ab1d684efa184	0ce9be9664da63d972f06d7f015b2135	2016-04-15 15:30:34.000000 +0000	2016-04-15 15:30:34.000000 +0000	2014-04-17 00:00:00.000000 +0000	4c3d01c1d3279640eb97b08de449d8c8	Stripe	tr_3rRAH7vjdKEwB2	STRIPE TRANSFER				c	-941/100	-941/100	2016-04-15 15:30:34.000000 +0000
C	18b77761b6786252033ab1d684efa184	feb2a4b529d14873097c18a6811402a2	2016-04-15 15:30:34.000000 +0000	2016-04-15 15:30:34.000000 +0000	2014-04-17 00:00:00.000000 +0000	e3ba307f6c2c120033884223a84180eb	New Alliance	tr_3rRAH7vjdKEwB2	STRIPE TRANSFER				n	941/100	941/100	1970-01-01 00:00:00.000000 +0000
===== END
===== START
C	e185ddbc9ea04374d21b99fb6b9272a3	e9267252afa67d719e0253bfefd3a997	2016-04-15 15:30:34.000000 +0000	2016-04-15 15:30:34.000000 +0000	2014-04-24 00:00:00.000000 +0000	4c3d01c1d3279640eb97b08de449d8c8	Stripe	tr_3u4mppOm4XMKDM	STRIPE TRANSFER				c	-941/100	-941/100	2016-04-15 15:30:34.000000 +0000
C	e185ddbc9ea04374d21b99fb6b9272a3	379049cf3989b5666e12224896ba4261	2016-04-15 15:30:34.000000 +0000	2016-04-15 15:30:34.000000 +0000	2014-04-24 00:00:00.000000 +0000	e3ba307f6c2c120033884223a84180eb	New Alliance	tr_3u4mppOm4XMKDM	STRIPE TRANSFER				n	941/100	941/100	1970-01-01 00:00:00.000000 +0000
===== END
===== START
C	e81d9334c4c11a158d6da515dcc60d7f	496dce14f04468dfc65652d7333b94d7	2016-04-15 15:30:34.000000 +0000	2016-04-15 15:30:34.000000 +0000	2014-05-03 00:00:00.000000 +0000	4c3d01c1d3279640eb97b08de449d8c8	Stripe	tr_3xRgaG9ZtDQ64c	STRIPE TRANSFER				c	-941/100	-941/100	2016-04-15 15:30:34.000000 +0000
C	e81d9334c4c11a158d6da515dcc60d7f	d773358350c9dc3e604367d349d8c1fd	2016-04-15 15:30:34.000000 +0000	2016-04-15 15:30:34.000000 +0000	2014-05-03 00:00:00.000000 +0000	e3ba307f6c2c120033884223a84180eb	New Alliance	tr_3xRgaG9ZtDQ64c	STRIPE TRANSFER				n	941/100	941/100	1970-01-01 00:00:00.000000 +0000
===== END
===== START
C	1cccc5332902cb1d31dcac0e5fb5ed7f	62adb25f10d764809f423b209e63c7b6	2016-04-15 15:30:34.000000 +0000	2016-04-15 15:30:34.000000 +0000	2014-05-10 00:00:00.000000 +0000	4c3d01c1d3279640eb97b08de449d8c8	Stripe	tr_403qnpVLU1MXB8	STRIPE TRANSFER				c	-941/100	-941/100	2016-04-15 15:30:34.000000 +0000
C	1cccc5332902cb1d31dcac0e5fb5ed7f	3d2a227982f1bc016e1be8897cd96ebe	2016-04-15 15:30:34.000000 +0000	2016-04-15 15:30:34.000000 +0000	2014-05-10 00:00:00.000000 +0000	e3ba307f6c2c120033884223a84180eb	New Alliance	tr_403qnpVLU1MXB8	STRIPE TRANSFER				n	941/100	941/100	1970-01-01 00:00:00.000000 +0000
===== END
===== START
C	626aa2b313523f57e35331c720f9ca79	336518ed7ef45061f7603b4fea32c677	2016-04-15 15:30:34.000000 +0000	2016-04-15 15:30:34.000000 +0000	2014-05-24 00:00:00.000000 +0000	4c3d01c1d3279640eb97b08de449d8c8	Stripe	tr_45JSyMn6W7lqwW	STRIPE TRANSFER				c	-941/100	-941/100	2016-04-15 15:30:34.000000 +0000
C	626aa2b313523f57e35331c720f9ca79	39e255cfaffc76ac86009068a8b0628d	2016-04-15 15:30:34.000000 +0000	2016-04-15 15:30:34.000000 +0000	2014-05-24 00:00:00.000000 +0000	e3ba307f6c2c120033884223a84180eb	New Alliance	tr_45JSyMn6W7lqwW	STRIPE TRANSFER				n	941/100	941/100	1970-01-01 00:00:00.000000 +0000
===== END
===== START
C	79850bffc96e94a3d3ef44cba749416b	210f478439b7eb53d6a94b7345036156	2016-04-15 15:30:34.000000 +0000	2016-04-15 15:30:34.000000 +0000	2014-05-31 00:00:00.000000 +0000	4c3d01c1d3279640eb97b08de449d8c8	Stripe	tr_47wOQTpGUAps6p	STRIPE TRANSFER				c	-941/100	-941/100	2016-04-15 15:30:34.000000 +0000
C	79850bffc96e94a3d3ef44cba749416b	827705f875c813e85bc7edf0d493cbae	2016-04-15 15:30:34.000000 +0000	2016-04-15 15:30:34.000000 +0000	2014-05-31 00:00:00.000000 +0000	e3ba307f6c2c120033884223a84180eb	New Alliance	tr_47wOQTpGUAps6p	STRIPE TRANSFER				n	941/100	941/100	1970-01-01 00:00:00.000000 +0000
===== END
