mod	trans_guid	split_guid	time_now	date_entered	date_posted	acc_guid	acc_name	num	description	notes	memo	action	reconciled	amount	value	date_reconciled
-----------------
===== START
B	4bb7432e42a0aab67c5c73eea38ec57b	4733ccd9c25d964bd5696a73aab5413a	2016-04-15 17:32:04.000000 +0000	2016-04-15 17:01:31.000000 +0000	2012-06-28 00:00:00.000000 +0000	e3ba307f6c2c120033884223a84180eb	New Alliance		Balancing entry from reconcilation				y	10245/100	10245/100	2012-06-28 23:59:59.000000 +0000
B	4bb7432e42a0aab67c5c73eea38ec57b	9e242f25a8607b13ef22d1517f31d7b6	2016-04-15 17:32:04.000000 +0000	2016-04-15 17:01:31.000000 +0000	2012-06-28 00:00:00.000000 +0000	0aaec76fc1c81cdff9cd6e0f4ee28c91	Opening Balances		Balancing entry from reconcilation				n	-10245/100	-10245/100	1970-01-01 00:00:00.000000 +0000
===== END
===== START
C	4bb7432e42a0aab67c5c73eea38ec57b	4733ccd9c25d964bd5696a73aab5413a	2016-04-15 17:32:04.000000 +0000	2016-04-15 17:01:31.000000 +0000	2012-06-01 00:00:00.000000 +0000	e3ba307f6c2c120033884223a84180eb	New Alliance		Balancing entry from reconcilation				y	10245/100	10245/100	2012-06-28 23:59:59.000000 +0000
C	4bb7432e42a0aab67c5c73eea38ec57b	9e242f25a8607b13ef22d1517f31d7b6	2016-04-15 17:32:04.000000 +0000	2016-04-15 17:01:31.000000 +0000	2012-06-01 00:00:00.000000 +0000	0aaec76fc1c81cdff9cd6e0f4ee28c91	Opening Balances		Balancing entry from reconcilation				n	-10245/100	-10245/100	1970-01-01 00:00:00.000000 +0000
===== END
===== START
===== END
===== START
===== END
===== START
C	39c551ea35563db910fffb50fd58eb5a	ab4ba958842a279d7bdf3f63e4958a47	2016-04-15 17:34:14.000000 +0000	2016-04-15 17:34:14.000000 +0000	2012-07-02 00:00:00.000000 +0000	e3ba307f6c2c120033884223a84180eb	New Alliance		EFT DEP - MERCHANT BANKCD  DEPOSIT	samurai by feefighters			n	292/100	292/100	1970-01-01 00:00:00.000000 +0000
C	39c551ea35563db910fffb50fd58eb5a	3641e420ba5a29f7ea722898a209be60	2016-04-15 17:34:14.000000 +0000	2016-04-15 17:34:14.000000 +0000	2012-07-02 00:00:00.000000 +0000	b7c0d245222f359deb255643e2fed1fb	Samurai		EFT DEP - MERCHANT BANKCD  DEPOSIT	samurai by feefighters			n	-292/100	-292/100	1970-01-01 00:00:00.000000 +0000
===== END
===== START
B	a85487fd6f7bc09228dc1053bdfb4b92	aae8079720ba9638f60adcd67e001397	2016-04-15 17:35:03.000000 +0000	2016-04-15 17:30:41.000000 +0000	2012-07-09 00:00:00.000000 +0000	df422746658b06a4f801c54beeee8607	Other SaaSS		EFT W/D - MERCHANT BANKCD  FEE				n	200/100	200/100	1970-01-01 00:00:00.000000 +0000
B	a85487fd6f7bc09228dc1053bdfb4b92	c6b305bdbe62e5d86f611430f8cebfd9	2016-04-15 17:35:03.000000 +0000	2016-04-15 17:30:41.000000 +0000	2012-07-09 00:00:00.000000 +0000	e3ba307f6c2c120033884223a84180eb	New Alliance		EFT W/D - MERCHANT BANKCD  FEE				n	-200/100	-200/100	1970-01-01 00:00:00.000000 +0000
===== END
===== START
C	a85487fd6f7bc09228dc1053bdfb4b92	aae8079720ba9638f60adcd67e001397	2016-04-15 17:35:03.000000 +0000	2016-04-15 17:30:41.000000 +0000	2012-07-09 00:00:00.000000 +0000	df422746658b06a4f801c54beeee8607	Other SaaSS		EFT W/D - MERCHANT BANKCD  FEE				n	200/100	200/100	1970-01-01 00:00:00.000000 +0000
C	a85487fd6f7bc09228dc1053bdfb4b92	c6b305bdbe62e5d86f611430f8cebfd9	2016-04-15 17:35:03.000000 +0000	2016-04-15 17:30:41.000000 +0000	2012-07-09 00:00:00.000000 +0000	e3ba307f6c2c120033884223a84180eb	New Alliance		EFT W/D - MERCHANT BANKCD  FEE				y	-200/100	-200/100	1970-01-01 00:00:00.000000 +0000
===== END
===== START
B	a85487fd6f7bc09228dc1053bdfb4b92	aae8079720ba9638f60adcd67e001397	2016-04-15 17:35:03.000000 +0000	2016-04-15 17:30:41.000000 +0000	2012-07-09 00:00:00.000000 +0000	df422746658b06a4f801c54beeee8607	Other SaaSS		EFT W/D - MERCHANT BANKCD  FEE				n	200/100	200/100	1970-01-01 00:00:00.000000 +0000
B	a85487fd6f7bc09228dc1053bdfb4b92	c6b305bdbe62e5d86f611430f8cebfd9	2016-04-15 17:35:03.000000 +0000	2016-04-15 17:30:41.000000 +0000	2012-07-09 00:00:00.000000 +0000	e3ba307f6c2c120033884223a84180eb	New Alliance		EFT W/D - MERCHANT BANKCD  FEE				y	-200/100	-200/100	1970-01-01 00:00:00.000000 +0000
===== END
===== START
C	a85487fd6f7bc09228dc1053bdfb4b92	aae8079720ba9638f60adcd67e001397	2016-04-15 17:35:03.000000 +0000	2016-04-15 17:30:41.000000 +0000	2012-07-09 00:00:00.000000 +0000	df422746658b06a4f801c54beeee8607	Other SaaSS		EFT W/D - MERCHANT BANKCD  FEE				n	200/100	200/100	1970-01-01 00:00:00.000000 +0000
C	a85487fd6f7bc09228dc1053bdfb4b92	c6b305bdbe62e5d86f611430f8cebfd9	2016-04-15 17:35:03.000000 +0000	2016-04-15 17:30:41.000000 +0000	2012-07-09 00:00:00.000000 +0000	e3ba307f6c2c120033884223a84180eb	New Alliance		EFT W/D - MERCHANT BANKCD  FEE				y	-200/100	-200/100	2012-07-26 23:59:59.000000 +0000
===== END
===== START
B	41e41ede2543215c818a821f00b6be1f	8d1238e72b0951fe09fa348e6c254266	2016-04-15 17:35:03.000000 +0000	2016-04-15 16:30:04.000000 +0000	2012-07-03 00:00:00.000000 +0000	b7c0d245222f359deb255643e2fed1fb	Samurai		samurai by feefighters	EFT W/D - AMERICAN EXPRESS COLLECTION			n	795/100	795/100	1970-01-01 00:00:00.000000 +0000
B	41e41ede2543215c818a821f00b6be1f	5488d65ca58d38749cbfb38e22c71a20	2016-04-15 17:35:03.000000 +0000	2016-04-15 16:30:04.000000 +0000	2012-07-03 00:00:00.000000 +0000	e3ba307f6c2c120033884223a84180eb	New Alliance		samurai by feefighters	EFT W/D - AMERICAN EXPRESS COLLECTION			c	-795/100	-795/100	2016-04-15 16:37:40.000000 +0000
===== END
===== START
C	41e41ede2543215c818a821f00b6be1f	8d1238e72b0951fe09fa348e6c254266	2016-04-15 17:35:03.000000 +0000	2016-04-15 16:30:04.000000 +0000	2012-07-03 00:00:00.000000 +0000	b7c0d245222f359deb255643e2fed1fb	Samurai		samurai by feefighters	EFT W/D - AMERICAN EXPRESS COLLECTION			n	795/100	795/100	1970-01-01 00:00:00.000000 +0000
C	41e41ede2543215c818a821f00b6be1f	5488d65ca58d38749cbfb38e22c71a20	2016-04-15 17:35:03.000000 +0000	2016-04-15 16:30:04.000000 +0000	2012-07-03 00:00:00.000000 +0000	e3ba307f6c2c120033884223a84180eb	New Alliance		samurai by feefighters	EFT W/D - AMERICAN EXPRESS COLLECTION			y	-795/100	-795/100	2016-04-15 16:37:40.000000 +0000
===== END
===== START
B	41e41ede2543215c818a821f00b6be1f	8d1238e72b0951fe09fa348e6c254266	2016-04-15 17:35:03.000000 +0000	2016-04-15 16:30:04.000000 +0000	2012-07-03 00:00:00.000000 +0000	b7c0d245222f359deb255643e2fed1fb	Samurai		samurai by feefighters	EFT W/D - AMERICAN EXPRESS COLLECTION			n	795/100	795/100	1970-01-01 00:00:00.000000 +0000
B	41e41ede2543215c818a821f00b6be1f	5488d65ca58d38749cbfb38e22c71a20	2016-04-15 17:35:03.000000 +0000	2016-04-15 16:30:04.000000 +0000	2012-07-03 00:00:00.000000 +0000	e3ba307f6c2c120033884223a84180eb	New Alliance		samurai by feefighters	EFT W/D - AMERICAN EXPRESS COLLECTION			y	-795/100	-795/100	2016-04-15 16:37:40.000000 +0000
===== END
===== START
C	41e41ede2543215c818a821f00b6be1f	8d1238e72b0951fe09fa348e6c254266	2016-04-15 17:35:03.000000 +0000	2016-04-15 16:30:04.000000 +0000	2012-07-03 00:00:00.000000 +0000	b7c0d245222f359deb255643e2fed1fb	Samurai		samurai by feefighters	EFT W/D - AMERICAN EXPRESS COLLECTION			n	795/100	795/100	1970-01-01 00:00:00.000000 +0000
C	41e41ede2543215c818a821f00b6be1f	5488d65ca58d38749cbfb38e22c71a20	2016-04-15 17:35:03.000000 +0000	2016-04-15 16:30:04.000000 +0000	2012-07-03 00:00:00.000000 +0000	e3ba307f6c2c120033884223a84180eb	New Alliance		samurai by feefighters	EFT W/D - AMERICAN EXPRESS COLLECTION			y	-795/100	-795/100	2012-07-26 23:59:59.000000 +0000
===== END
===== START
B	0720f319b7bd791656fee06fb0268e23	3165aa191ce85688f9bce68b892ced81	2016-04-15 17:35:03.000000 +0000	2016-04-15 16:30:04.000000 +0000	2012-07-02 00:00:00.000000 +0000	b7c0d245222f359deb255643e2fed1fb	Samurai		samurai by feefighters	EFT W/D - AMERICAN EXPRESS COLLECTION			n	795/100	795/100	1970-01-01 00:00:00.000000 +0000
B	0720f319b7bd791656fee06fb0268e23	e097685d43e592fe316ca232169570c5	2016-04-15 17:35:03.000000 +0000	2016-04-15 16:30:04.000000 +0000	2012-07-02 00:00:00.000000 +0000	e3ba307f6c2c120033884223a84180eb	New Alliance		samurai by feefighters	EFT W/D - AMERICAN EXPRESS COLLECTION			c	-795/100	-795/100	2016-04-15 16:37:40.000000 +0000
===== END
===== START
C	0720f319b7bd791656fee06fb0268e23	3165aa191ce85688f9bce68b892ced81	2016-04-15 17:35:03.000000 +0000	2016-04-15 16:30:04.000000 +0000	2012-07-02 00:00:00.000000 +0000	b7c0d245222f359deb255643e2fed1fb	Samurai		samurai by feefighters	EFT W/D - AMERICAN EXPRESS COLLECTION			n	795/100	795/100	1970-01-01 00:00:00.000000 +0000
C	0720f319b7bd791656fee06fb0268e23	e097685d43e592fe316ca232169570c5	2016-04-15 17:35:03.000000 +0000	2016-04-15 16:30:04.000000 +0000	2012-07-02 00:00:00.000000 +0000	e3ba307f6c2c120033884223a84180eb	New Alliance		samurai by feefighters	EFT W/D - AMERICAN EXPRESS COLLECTION			y	-795/100	-795/100	2016-04-15 16:37:40.000000 +0000
===== END
===== START
B	0720f319b7bd791656fee06fb0268e23	3165aa191ce85688f9bce68b892ced81	2016-04-15 17:35:03.000000 +0000	2016-04-15 16:30:04.000000 +0000	2012-07-02 00:00:00.000000 +0000	b7c0d245222f359deb255643e2fed1fb	Samurai		samurai by feefighters	EFT W/D - AMERICAN EXPRESS COLLECTION			n	795/100	795/100	1970-01-01 00:00:00.000000 +0000
B	0720f319b7bd791656fee06fb0268e23	e097685d43e592fe316ca232169570c5	2016-04-15 17:35:03.000000 +0000	2016-04-15 16:30:04.000000 +0000	2012-07-02 00:00:00.000000 +0000	e3ba307f6c2c120033884223a84180eb	New Alliance		samurai by feefighters	EFT W/D - AMERICAN EXPRESS COLLECTION			y	-795/100	-795/100	2016-04-15 16:37:40.000000 +0000
===== END
===== START
C	0720f319b7bd791656fee06fb0268e23	3165aa191ce85688f9bce68b892ced81	2016-04-15 17:35:03.000000 +0000	2016-04-15 16:30:04.000000 +0000	2012-07-02 00:00:00.000000 +0000	b7c0d245222f359deb255643e2fed1fb	Samurai		samurai by feefighters	EFT W/D - AMERICAN EXPRESS COLLECTION			n	795/100	795/100	1970-01-01 00:00:00.000000 +0000
C	0720f319b7bd791656fee06fb0268e23	e097685d43e592fe316ca232169570c5	2016-04-15 17:35:03.000000 +0000	2016-04-15 16:30:04.000000 +0000	2012-07-02 00:00:00.000000 +0000	e3ba307f6c2c120033884223a84180eb	New Alliance		samurai by feefighters	EFT W/D - AMERICAN EXPRESS COLLECTION			y	-795/100	-795/100	2012-07-26 23:59:59.000000 +0000
===== END
===== START
B	138386b00e19a310bfa4ab68716edea2	9ded3843440fc3d0010a38e6205ea628	2016-04-15 17:35:03.000000 +0000	2016-04-15 16:30:04.000000 +0000	2012-07-05 00:00:00.000000 +0000	b7c0d245222f359deb255643e2fed1fb	Samurai		samurai by feefighters	EFT W/D - MERCHANT BANKCD  INTERCHNG			n	307/100	307/100	1970-01-01 00:00:00.000000 +0000
B	138386b00e19a310bfa4ab68716edea2	489fdedbaf6a19f720a305579b073788	2016-04-15 17:35:03.000000 +0000	2016-04-15 16:30:04.000000 +0000	2012-07-05 00:00:00.000000 +0000	e3ba307f6c2c120033884223a84180eb	New Alliance		samurai by feefighters	EFT W/D - MERCHANT BANKCD  INTERCHNG			c	-307/100	-307/100	2016-04-15 16:37:40.000000 +0000
===== END
===== START
C	138386b00e19a310bfa4ab68716edea2	9ded3843440fc3d0010a38e6205ea628	2016-04-15 17:35:03.000000 +0000	2016-04-15 16:30:04.000000 +0000	2012-07-05 00:00:00.000000 +0000	b7c0d245222f359deb255643e2fed1fb	Samurai		samurai by feefighters	EFT W/D - MERCHANT BANKCD  INTERCHNG			n	307/100	307/100	1970-01-01 00:00:00.000000 +0000
C	138386b00e19a310bfa4ab68716edea2	489fdedbaf6a19f720a305579b073788	2016-04-15 17:35:03.000000 +0000	2016-04-15 16:30:04.000000 +0000	2012-07-05 00:00:00.000000 +0000	e3ba307f6c2c120033884223a84180eb	New Alliance		samurai by feefighters	EFT W/D - MERCHANT BANKCD  INTERCHNG			y	-307/100	-307/100	2016-04-15 16:37:40.000000 +0000
===== END
===== START
B	138386b00e19a310bfa4ab68716edea2	9ded3843440fc3d0010a38e6205ea628	2016-04-15 17:35:03.000000 +0000	2016-04-15 16:30:04.000000 +0000	2012-07-05 00:00:00.000000 +0000	b7c0d245222f359deb255643e2fed1fb	Samurai		samurai by feefighters	EFT W/D - MERCHANT BANKCD  INTERCHNG			n	307/100	307/100	1970-01-01 00:00:00.000000 +0000
B	138386b00e19a310bfa4ab68716edea2	489fdedbaf6a19f720a305579b073788	2016-04-15 17:35:03.000000 +0000	2016-04-15 16:30:04.000000 +0000	2012-07-05 00:00:00.000000 +0000	e3ba307f6c2c120033884223a84180eb	New Alliance		samurai by feefighters	EFT W/D - MERCHANT BANKCD  INTERCHNG			y	-307/100	-307/100	2016-04-15 16:37:40.000000 +0000
===== END
===== START
C	138386b00e19a310bfa4ab68716edea2	9ded3843440fc3d0010a38e6205ea628	2016-04-15 17:35:03.000000 +0000	2016-04-15 16:30:04.000000 +0000	2012-07-05 00:00:00.000000 +0000	b7c0d245222f359deb255643e2fed1fb	Samurai		samurai by feefighters	EFT W/D - MERCHANT BANKCD  INTERCHNG			n	307/100	307/100	1970-01-01 00:00:00.000000 +0000
C	138386b00e19a310bfa4ab68716edea2	489fdedbaf6a19f720a305579b073788	2016-04-15 17:35:03.000000 +0000	2016-04-15 16:30:04.000000 +0000	2012-07-05 00:00:00.000000 +0000	e3ba307f6c2c120033884223a84180eb	New Alliance		samurai by feefighters	EFT W/D - MERCHANT BANKCD  INTERCHNG			y	-307/100	-307/100	2012-07-26 23:59:59.000000 +0000
===== END
===== START
B	c4d08eef02d923cc3a8a6a87ff38b0fa	8302e3032a56bd3cd39f61b1ec50ed7f	2016-04-15 17:35:03.000000 +0000	2016-04-15 16:30:04.000000 +0000	2012-07-05 00:00:00.000000 +0000	b7c0d245222f359deb255643e2fed1fb	Samurai		samurai by feefighters - wtf!?	EFT W/D - MERCHANT BANKCD  FEE			n	16380/100	16380/100	1970-01-01 00:00:00.000000 +0000
B	c4d08eef02d923cc3a8a6a87ff38b0fa	64ebd198d91d8b51d28ae5e0f65818a7	2016-04-15 17:35:03.000000 +0000	2016-04-15 16:30:04.000000 +0000	2012-07-05 00:00:00.000000 +0000	e3ba307f6c2c120033884223a84180eb	New Alliance		samurai by feefighters - wtf!?	EFT W/D - MERCHANT BANKCD  FEE			c	-16380/100	-16380/100	2016-04-15 16:37:40.000000 +0000
===== END
===== START
C	c4d08eef02d923cc3a8a6a87ff38b0fa	8302e3032a56bd3cd39f61b1ec50ed7f	2016-04-15 17:35:03.000000 +0000	2016-04-15 16:30:04.000000 +0000	2012-07-05 00:00:00.000000 +0000	b7c0d245222f359deb255643e2fed1fb	Samurai		samurai by feefighters - wtf!?	EFT W/D - MERCHANT BANKCD  FEE			n	16380/100	16380/100	1970-01-01 00:00:00.000000 +0000
C	c4d08eef02d923cc3a8a6a87ff38b0fa	64ebd198d91d8b51d28ae5e0f65818a7	2016-04-15 17:35:03.000000 +0000	2016-04-15 16:30:04.000000 +0000	2012-07-05 00:00:00.000000 +0000	e3ba307f6c2c120033884223a84180eb	New Alliance		samurai by feefighters - wtf!?	EFT W/D - MERCHANT BANKCD  FEE			y	-16380/100	-16380/100	2016-04-15 16:37:40.000000 +0000
===== END
===== START
B	c4d08eef02d923cc3a8a6a87ff38b0fa	8302e3032a56bd3cd39f61b1ec50ed7f	2016-04-15 17:35:03.000000 +0000	2016-04-15 16:30:04.000000 +0000	2012-07-05 00:00:00.000000 +0000	b7c0d245222f359deb255643e2fed1fb	Samurai		samurai by feefighters - wtf!?	EFT W/D - MERCHANT BANKCD  FEE			n	16380/100	16380/100	1970-01-01 00:00:00.000000 +0000
B	c4d08eef02d923cc3a8a6a87ff38b0fa	64ebd198d91d8b51d28ae5e0f65818a7	2016-04-15 17:35:03.000000 +0000	2016-04-15 16:30:04.000000 +0000	2012-07-05 00:00:00.000000 +0000	e3ba307f6c2c120033884223a84180eb	New Alliance		samurai by feefighters - wtf!?	EFT W/D - MERCHANT BANKCD  FEE			y	-16380/100	-16380/100	2016-04-15 16:37:40.000000 +0000
===== END
===== START
C	c4d08eef02d923cc3a8a6a87ff38b0fa	8302e3032a56bd3cd39f61b1ec50ed7f	2016-04-15 17:35:03.000000 +0000	2016-04-15 16:30:04.000000 +0000	2012-07-05 00:00:00.000000 +0000	b7c0d245222f359deb255643e2fed1fb	Samurai		samurai by feefighters - wtf!?	EFT W/D - MERCHANT BANKCD  FEE			n	16380/100	16380/100	1970-01-01 00:00:00.000000 +0000
C	c4d08eef02d923cc3a8a6a87ff38b0fa	64ebd198d91d8b51d28ae5e0f65818a7	2016-04-15 17:35:03.000000 +0000	2016-04-15 16:30:04.000000 +0000	2012-07-05 00:00:00.000000 +0000	e3ba307f6c2c120033884223a84180eb	New Alliance		samurai by feefighters - wtf!?	EFT W/D - MERCHANT BANKCD  FEE			y	-16380/100	-16380/100	2012-07-26 23:59:59.000000 +0000
===== END
===== START
B	f231e9de08356ab2766b24aee688b568	f7ddbe74f01da31b07447be3ad135d7f	2016-04-15 17:35:03.000000 +0000	2016-04-15 15:30:34.000000 +0000	2012-07-19 00:00:00.000000 +0000	e3ba307f6c2c120033884223a84180eb	New Alliance	ach_pqHe13Pd7flbOk					c	51425/100	51425/100	2016-04-15 16:37:40.000000 +0000
B	f231e9de08356ab2766b24aee688b568	3c06862307d4b57f6b05e53dc7568208	2016-04-15 17:35:03.000000 +0000	2016-04-15 15:30:34.000000 +0000	2012-07-19 00:00:00.000000 +0000	4c3d01c1d3279640eb97b08de449d8c8	Stripe	ach_pqHe13Pd7flbOk					c	-51425/100	-51425/100	2016-04-15 15:30:34.000000 +0000
===== END
===== START
C	f231e9de08356ab2766b24aee688b568	f7ddbe74f01da31b07447be3ad135d7f	2016-04-15 17:35:03.000000 +0000	2016-04-15 15:30:34.000000 +0000	2012-07-19 00:00:00.000000 +0000	e3ba307f6c2c120033884223a84180eb	New Alliance	ach_pqHe13Pd7flbOk					y	51425/100	51425/100	2016-04-15 16:37:40.000000 +0000
C	f231e9de08356ab2766b24aee688b568	3c06862307d4b57f6b05e53dc7568208	2016-04-15 17:35:03.000000 +0000	2016-04-15 15:30:34.000000 +0000	2012-07-19 00:00:00.000000 +0000	4c3d01c1d3279640eb97b08de449d8c8	Stripe	ach_pqHe13Pd7flbOk					c	-51425/100	-51425/100	2016-04-15 15:30:34.000000 +0000
===== END
===== START
B	f231e9de08356ab2766b24aee688b568	f7ddbe74f01da31b07447be3ad135d7f	2016-04-15 17:35:03.000000 +0000	2016-04-15 15:30:34.000000 +0000	2012-07-19 00:00:00.000000 +0000	e3ba307f6c2c120033884223a84180eb	New Alliance	ach_pqHe13Pd7flbOk					y	51425/100	51425/100	2016-04-15 16:37:40.000000 +0000
B	f231e9de08356ab2766b24aee688b568	3c06862307d4b57f6b05e53dc7568208	2016-04-15 17:35:03.000000 +0000	2016-04-15 15:30:34.000000 +0000	2012-07-19 00:00:00.000000 +0000	4c3d01c1d3279640eb97b08de449d8c8	Stripe	ach_pqHe13Pd7flbOk					c	-51425/100	-51425/100	2016-04-15 15:30:34.000000 +0000
===== END
===== START
C	f231e9de08356ab2766b24aee688b568	f7ddbe74f01da31b07447be3ad135d7f	2016-04-15 17:35:03.000000 +0000	2016-04-15 15:30:34.000000 +0000	2012-07-19 00:00:00.000000 +0000	e3ba307f6c2c120033884223a84180eb	New Alliance	ach_pqHe13Pd7flbOk					y	51425/100	51425/100	2012-07-26 23:59:59.000000 +0000
C	f231e9de08356ab2766b24aee688b568	3c06862307d4b57f6b05e53dc7568208	2016-04-15 17:35:03.000000 +0000	2016-04-15 15:30:34.000000 +0000	2012-07-19 00:00:00.000000 +0000	4c3d01c1d3279640eb97b08de449d8c8	Stripe	ach_pqHe13Pd7flbOk					c	-51425/100	-51425/100	2016-04-15 15:30:34.000000 +0000
===== END
===== START
B	b617723f4fa13be73a88a5501d210948	33995f90baba8387ad0095ebe3f39673	2016-04-15 17:35:03.000000 +0000	2016-04-15 16:30:04.000000 +0000	2012-07-05 00:00:00.000000 +0000	e3ba307f6c2c120033884223a84180eb	New Alliance		account verification	EFT DEP - AMAZON PAYMENTS  DEPOSIT			c	8/100	8/100	2016-04-15 16:37:40.000000 +0000
B	b617723f4fa13be73a88a5501d210948	f60d10049d6aeb4561e8c8fcf075929f	2016-04-15 17:35:03.000000 +0000	2016-04-15 16:30:04.000000 +0000	2012-07-05 00:00:00.000000 +0000	4a6fae3ca1dfa0018afcc8da2a6e29fe	Imbalance		account verification	EFT DEP - AMAZON PAYMENTS  DEPOSIT			n	-8/100	-8/100	1970-01-01 00:00:00.000000 +0000
===== END
===== START
C	b617723f4fa13be73a88a5501d210948	33995f90baba8387ad0095ebe3f39673	2016-04-15 17:35:03.000000 +0000	2016-04-15 16:30:04.000000 +0000	2012-07-05 00:00:00.000000 +0000	e3ba307f6c2c120033884223a84180eb	New Alliance		account verification	EFT DEP - AMAZON PAYMENTS  DEPOSIT			y	8/100	8/100	2016-04-15 16:37:40.000000 +0000
C	b617723f4fa13be73a88a5501d210948	f60d10049d6aeb4561e8c8fcf075929f	2016-04-15 17:35:03.000000 +0000	2016-04-15 16:30:04.000000 +0000	2012-07-05 00:00:00.000000 +0000	4a6fae3ca1dfa0018afcc8da2a6e29fe	Imbalance		account verification	EFT DEP - AMAZON PAYMENTS  DEPOSIT			n	-8/100	-8/100	1970-01-01 00:00:00.000000 +0000
===== END
===== START
B	b617723f4fa13be73a88a5501d210948	33995f90baba8387ad0095ebe3f39673	2016-04-15 17:35:03.000000 +0000	2016-04-15 16:30:04.000000 +0000	2012-07-05 00:00:00.000000 +0000	e3ba307f6c2c120033884223a84180eb	New Alliance		account verification	EFT DEP - AMAZON PAYMENTS  DEPOSIT			y	8/100	8/100	2016-04-15 16:37:40.000000 +0000
B	b617723f4fa13be73a88a5501d210948	f60d10049d6aeb4561e8c8fcf075929f	2016-04-15 17:35:03.000000 +0000	2016-04-15 16:30:04.000000 +0000	2012-07-05 00:00:00.000000 +0000	4a6fae3ca1dfa0018afcc8da2a6e29fe	Imbalance		account verification	EFT DEP - AMAZON PAYMENTS  DEPOSIT			n	-8/100	-8/100	1970-01-01 00:00:00.000000 +0000
===== END
===== START
C	b617723f4fa13be73a88a5501d210948	33995f90baba8387ad0095ebe3f39673	2016-04-15 17:35:03.000000 +0000	2016-04-15 16:30:04.000000 +0000	2012-07-05 00:00:00.000000 +0000	e3ba307f6c2c120033884223a84180eb	New Alliance		account verification	EFT DEP - AMAZON PAYMENTS  DEPOSIT			y	8/100	8/100	2012-07-26 23:59:59.000000 +0000
C	b617723f4fa13be73a88a5501d210948	f60d10049d6aeb4561e8c8fcf075929f	2016-04-15 17:35:03.000000 +0000	2016-04-15 16:30:04.000000 +0000	2012-07-05 00:00:00.000000 +0000	4a6fae3ca1dfa0018afcc8da2a6e29fe	Imbalance		account verification	EFT DEP - AMAZON PAYMENTS  DEPOSIT			n	-8/100	-8/100	1970-01-01 00:00:00.000000 +0000
===== END
===== START
B	172ce5f21f3cbf0cda4357993efda674	5a3feee3f4b45209b966c3f075497571	2016-04-15 17:35:03.000000 +0000	2016-04-15 15:30:34.000000 +0000	2012-07-19 00:00:00.000000 +0000	e3ba307f6c2c120033884223a84180eb	New Alliance	ach_pJxcOEEcRUGMBK					c	34513/100	34513/100	2016-04-15 16:37:40.000000 +0000
B	172ce5f21f3cbf0cda4357993efda674	f6e8076450796d16268e4d032fcaa418	2016-04-15 17:35:03.000000 +0000	2016-04-15 15:30:34.000000 +0000	2012-07-19 00:00:00.000000 +0000	4c3d01c1d3279640eb97b08de449d8c8	Stripe	ach_pJxcOEEcRUGMBK					c	-34513/100	-34513/100	2016-04-15 15:30:34.000000 +0000
===== END
===== START
C	172ce5f21f3cbf0cda4357993efda674	5a3feee3f4b45209b966c3f075497571	2016-04-15 17:35:03.000000 +0000	2016-04-15 15:30:34.000000 +0000	2012-07-19 00:00:00.000000 +0000	e3ba307f6c2c120033884223a84180eb	New Alliance	ach_pJxcOEEcRUGMBK					y	34513/100	34513/100	2016-04-15 16:37:40.000000 +0000
C	172ce5f21f3cbf0cda4357993efda674	f6e8076450796d16268e4d032fcaa418	2016-04-15 17:35:03.000000 +0000	2016-04-15 15:30:34.000000 +0000	2012-07-19 00:00:00.000000 +0000	4c3d01c1d3279640eb97b08de449d8c8	Stripe	ach_pJxcOEEcRUGMBK					c	-34513/100	-34513/100	2016-04-15 15:30:34.000000 +0000
===== END
===== START
B	172ce5f21f3cbf0cda4357993efda674	5a3feee3f4b45209b966c3f075497571	2016-04-15 17:35:03.000000 +0000	2016-04-15 15:30:34.000000 +0000	2012-07-19 00:00:00.000000 +0000	e3ba307f6c2c120033884223a84180eb	New Alliance	ach_pJxcOEEcRUGMBK					y	34513/100	34513/100	2016-04-15 16:37:40.000000 +0000
B	172ce5f21f3cbf0cda4357993efda674	f6e8076450796d16268e4d032fcaa418	2016-04-15 17:35:03.000000 +0000	2016-04-15 15:30:34.000000 +0000	2012-07-19 00:00:00.000000 +0000	4c3d01c1d3279640eb97b08de449d8c8	Stripe	ach_pJxcOEEcRUGMBK					c	-34513/100	-34513/100	2016-04-15 15:30:34.000000 +0000
===== END
===== START
C	172ce5f21f3cbf0cda4357993efda674	5a3feee3f4b45209b966c3f075497571	2016-04-15 17:35:03.000000 +0000	2016-04-15 15:30:34.000000 +0000	2012-07-19 00:00:00.000000 +0000	e3ba307f6c2c120033884223a84180eb	New Alliance	ach_pJxcOEEcRUGMBK					y	34513/100	34513/100	2012-07-26 23:59:59.000000 +0000
C	172ce5f21f3cbf0cda4357993efda674	f6e8076450796d16268e4d032fcaa418	2016-04-15 17:35:03.000000 +0000	2016-04-15 15:30:34.000000 +0000	2012-07-19 00:00:00.000000 +0000	4c3d01c1d3279640eb97b08de449d8c8	Stripe	ach_pJxcOEEcRUGMBK					c	-34513/100	-34513/100	2016-04-15 15:30:34.000000 +0000
===== END
===== START
B	39c551ea35563db910fffb50fd58eb5a	ab4ba958842a279d7bdf3f63e4958a47	2016-04-15 17:35:03.000000 +0000	2016-04-15 17:34:14.000000 +0000	2012-07-02 00:00:00.000000 +0000	e3ba307f6c2c120033884223a84180eb	New Alliance		EFT DEP - MERCHANT BANKCD  DEPOSIT	samurai by feefighters			n	292/100	292/100	1970-01-01 00:00:00.000000 +0000
B	39c551ea35563db910fffb50fd58eb5a	3641e420ba5a29f7ea722898a209be60	2016-04-15 17:35:03.000000 +0000	2016-04-15 17:34:14.000000 +0000	2012-07-02 00:00:00.000000 +0000	b7c0d245222f359deb255643e2fed1fb	Samurai		EFT DEP - MERCHANT BANKCD  DEPOSIT	samurai by feefighters			n	-292/100	-292/100	1970-01-01 00:00:00.000000 +0000
===== END
===== START
C	39c551ea35563db910fffb50fd58eb5a	ab4ba958842a279d7bdf3f63e4958a47	2016-04-15 17:35:03.000000 +0000	2016-04-15 17:34:14.000000 +0000	2012-07-02 00:00:00.000000 +0000	e3ba307f6c2c120033884223a84180eb	New Alliance		EFT DEP - MERCHANT BANKCD  DEPOSIT	samurai by feefighters			y	292/100	292/100	1970-01-01 00:00:00.000000 +0000
C	39c551ea35563db910fffb50fd58eb5a	3641e420ba5a29f7ea722898a209be60	2016-04-15 17:35:03.000000 +0000	2016-04-15 17:34:14.000000 +0000	2012-07-02 00:00:00.000000 +0000	b7c0d245222f359deb255643e2fed1fb	Samurai		EFT DEP - MERCHANT BANKCD  DEPOSIT	samurai by feefighters			n	-292/100	-292/100	1970-01-01 00:00:00.000000 +0000
===== END
===== START
B	39c551ea35563db910fffb50fd58eb5a	ab4ba958842a279d7bdf3f63e4958a47	2016-04-15 17:35:03.000000 +0000	2016-04-15 17:34:14.000000 +0000	2012-07-02 00:00:00.000000 +0000	e3ba307f6c2c120033884223a84180eb	New Alliance		EFT DEP - MERCHANT BANKCD  DEPOSIT	samurai by feefighters			y	292/100	292/100	1970-01-01 00:00:00.000000 +0000
B	39c551ea35563db910fffb50fd58eb5a	3641e420ba5a29f7ea722898a209be60	2016-04-15 17:35:03.000000 +0000	2016-04-15 17:34:14.000000 +0000	2012-07-02 00:00:00.000000 +0000	b7c0d245222f359deb255643e2fed1fb	Samurai		EFT DEP - MERCHANT BANKCD  DEPOSIT	samurai by feefighters			n	-292/100	-292/100	1970-01-01 00:00:00.000000 +0000
===== END
===== START
C	39c551ea35563db910fffb50fd58eb5a	ab4ba958842a279d7bdf3f63e4958a47	2016-04-15 17:35:03.000000 +0000	2016-04-15 17:34:14.000000 +0000	2012-07-02 00:00:00.000000 +0000	e3ba307f6c2c120033884223a84180eb	New Alliance		EFT DEP - MERCHANT BANKCD  DEPOSIT	samurai by feefighters			y	292/100	292/100	2012-07-26 23:59:59.000000 +0000
C	39c551ea35563db910fffb50fd58eb5a	3641e420ba5a29f7ea722898a209be60	2016-04-15 17:35:03.000000 +0000	2016-04-15 17:34:14.000000 +0000	2012-07-02 00:00:00.000000 +0000	b7c0d245222f359deb255643e2fed1fb	Samurai		EFT DEP - MERCHANT BANKCD  DEPOSIT	samurai by feefighters			n	-292/100	-292/100	1970-01-01 00:00:00.000000 +0000
===== END
===== START
B	f7487d2c385b1f1716193eca62be610b	9126c8c46182c2235ee102b2d4cd5b30	2016-04-15 17:35:03.000000 +0000	2016-04-15 15:30:34.000000 +0000	2012-07-05 00:00:00.000000 +0000	e3ba307f6c2c120033884223a84180eb	New Alliance	ach_q5pyGQoXVPPZxA					c	9637/100	9637/100	2016-04-15 16:37:40.000000 +0000
B	f7487d2c385b1f1716193eca62be610b	7a6349b1991ee1351c424340664b7c3b	2016-04-15 17:35:03.000000 +0000	2016-04-15 15:30:34.000000 +0000	2012-07-05 00:00:00.000000 +0000	4c3d01c1d3279640eb97b08de449d8c8	Stripe	ach_q5pyGQoXVPPZxA					c	-9637/100	-9637/100	2016-04-15 15:30:34.000000 +0000
===== END
===== START
C	f7487d2c385b1f1716193eca62be610b	9126c8c46182c2235ee102b2d4cd5b30	2016-04-15 17:35:03.000000 +0000	2016-04-15 15:30:34.000000 +0000	2012-07-05 00:00:00.000000 +0000	e3ba307f6c2c120033884223a84180eb	New Alliance	ach_q5pyGQoXVPPZxA					y	9637/100	9637/100	2016-04-15 16:37:40.000000 +0000
C	f7487d2c385b1f1716193eca62be610b	7a6349b1991ee1351c424340664b7c3b	2016-04-15 17:35:03.000000 +0000	2016-04-15 15:30:34.000000 +0000	2012-07-05 00:00:00.000000 +0000	4c3d01c1d3279640eb97b08de449d8c8	Stripe	ach_q5pyGQoXVPPZxA					c	-9637/100	-9637/100	2016-04-15 15:30:34.000000 +0000
===== END
===== START
B	f7487d2c385b1f1716193eca62be610b	9126c8c46182c2235ee102b2d4cd5b30	2016-04-15 17:35:03.000000 +0000	2016-04-15 15:30:34.000000 +0000	2012-07-05 00:00:00.000000 +0000	e3ba307f6c2c120033884223a84180eb	New Alliance	ach_q5pyGQoXVPPZxA					y	9637/100	9637/100	2016-04-15 16:37:40.000000 +0000
B	f7487d2c385b1f1716193eca62be610b	7a6349b1991ee1351c424340664b7c3b	2016-04-15 17:35:03.000000 +0000	2016-04-15 15:30:34.000000 +0000	2012-07-05 00:00:00.000000 +0000	4c3d01c1d3279640eb97b08de449d8c8	Stripe	ach_q5pyGQoXVPPZxA					c	-9637/100	-9637/100	2016-04-15 15:30:34.000000 +0000
===== END
===== START
C	f7487d2c385b1f1716193eca62be610b	9126c8c46182c2235ee102b2d4cd5b30	2016-04-15 17:35:03.000000 +0000	2016-04-15 15:30:34.000000 +0000	2012-07-05 00:00:00.000000 +0000	e3ba307f6c2c120033884223a84180eb	New Alliance	ach_q5pyGQoXVPPZxA					y	9637/100	9637/100	2012-07-26 23:59:59.000000 +0000
C	f7487d2c385b1f1716193eca62be610b	7a6349b1991ee1351c424340664b7c3b	2016-04-15 17:35:03.000000 +0000	2016-04-15 15:30:34.000000 +0000	2012-07-05 00:00:00.000000 +0000	4c3d01c1d3279640eb97b08de449d8c8	Stripe	ach_q5pyGQoXVPPZxA					c	-9637/100	-9637/100	2016-04-15 15:30:34.000000 +0000
===== END
===== START
B	863a9e57695c5553037d2025b61c4ca3	ff5d0cfaf63a11a032a471eae03b7914	2016-04-15 17:35:03.000000 +0000	2016-04-15 16:30:04.000000 +0000	2012-07-05 00:00:00.000000 +0000	e3ba307f6c2c120033884223a84180eb	New Alliance		account verification	EFT DEP - AMAZON PAYMENTS  DEPOSIT			c	4/100	4/100	2016-04-15 16:37:40.000000 +0000
B	863a9e57695c5553037d2025b61c4ca3	19916dbeebd2f3ead55721809c01a392	2016-04-15 17:35:03.000000 +0000	2016-04-15 16:30:04.000000 +0000	2012-07-05 00:00:00.000000 +0000	4a6fae3ca1dfa0018afcc8da2a6e29fe	Imbalance		account verification	EFT DEP - AMAZON PAYMENTS  DEPOSIT			n	-4/100	-4/100	1970-01-01 00:00:00.000000 +0000
===== END
===== START
C	863a9e57695c5553037d2025b61c4ca3	ff5d0cfaf63a11a032a471eae03b7914	2016-04-15 17:35:03.000000 +0000	2016-04-15 16:30:04.000000 +0000	2012-07-05 00:00:00.000000 +0000	e3ba307f6c2c120033884223a84180eb	New Alliance		account verification	EFT DEP - AMAZON PAYMENTS  DEPOSIT			y	4/100	4/100	2016-04-15 16:37:40.000000 +0000
C	863a9e57695c5553037d2025b61c4ca3	19916dbeebd2f3ead55721809c01a392	2016-04-15 17:35:03.000000 +0000	2016-04-15 16:30:04.000000 +0000	2012-07-05 00:00:00.000000 +0000	4a6fae3ca1dfa0018afcc8da2a6e29fe	Imbalance		account verification	EFT DEP - AMAZON PAYMENTS  DEPOSIT			n	-4/100	-4/100	1970-01-01 00:00:00.000000 +0000
===== END
===== START
B	863a9e57695c5553037d2025b61c4ca3	ff5d0cfaf63a11a032a471eae03b7914	2016-04-15 17:35:03.000000 +0000	2016-04-15 16:30:04.000000 +0000	2012-07-05 00:00:00.000000 +0000	e3ba307f6c2c120033884223a84180eb	New Alliance		account verification	EFT DEP - AMAZON PAYMENTS  DEPOSIT			y	4/100	4/100	2016-04-15 16:37:40.000000 +0000
B	863a9e57695c5553037d2025b61c4ca3	19916dbeebd2f3ead55721809c01a392	2016-04-15 17:35:03.000000 +0000	2016-04-15 16:30:04.000000 +0000	2012-07-05 00:00:00.000000 +0000	4a6fae3ca1dfa0018afcc8da2a6e29fe	Imbalance		account verification	EFT DEP - AMAZON PAYMENTS  DEPOSIT			n	-4/100	-4/100	1970-01-01 00:00:00.000000 +0000
===== END
===== START
C	863a9e57695c5553037d2025b61c4ca3	ff5d0cfaf63a11a032a471eae03b7914	2016-04-15 17:35:03.000000 +0000	2016-04-15 16:30:04.000000 +0000	2012-07-05 00:00:00.000000 +0000	e3ba307f6c2c120033884223a84180eb	New Alliance		account verification	EFT DEP - AMAZON PAYMENTS  DEPOSIT			y	4/100	4/100	2012-07-26 23:59:59.000000 +0000
C	863a9e57695c5553037d2025b61c4ca3	19916dbeebd2f3ead55721809c01a392	2016-04-15 17:35:03.000000 +0000	2016-04-15 16:30:04.000000 +0000	2012-07-05 00:00:00.000000 +0000	4a6fae3ca1dfa0018afcc8da2a6e29fe	Imbalance		account verification	EFT DEP - AMAZON PAYMENTS  DEPOSIT			n	-4/100	-4/100	1970-01-01 00:00:00.000000 +0000
===== END
===== START
B	2b1dfa347442d250a43e10ea4052d798	dedf92ac2a69af2c7f43b1290a91f1c6	2016-04-15 17:35:03.000000 +0000	2016-04-15 15:30:34.000000 +0000	2012-07-27 00:00:00.000000 +0000	e3ba307f6c2c120033884223a84180eb	New Alliance	ach_HdHUooVuNzkX2i	STRIPE TRANSFER				c	46806/100	46806/100	1970-01-01 00:00:00.000000 +0000
B	2b1dfa347442d250a43e10ea4052d798	70273597d155b25202e698e08a754586	2016-04-15 17:35:03.000000 +0000	2016-04-15 15:30:34.000000 +0000	2012-07-27 00:00:00.000000 +0000	4c3d01c1d3279640eb97b08de449d8c8	Stripe	ach_HdHUooVuNzkX2i	STRIPE TRANSFER				c	-46806/100	-46806/100	2016-04-15 15:30:34.000000 +0000
===== END
===== START
C	2b1dfa347442d250a43e10ea4052d798	dedf92ac2a69af2c7f43b1290a91f1c6	2016-04-15 17:35:03.000000 +0000	2016-04-15 15:30:34.000000 +0000	2012-07-27 00:00:00.000000 +0000	e3ba307f6c2c120033884223a84180eb	New Alliance	ach_HdHUooVuNzkX2i	STRIPE TRANSFER				y	46806/100	46806/100	1970-01-01 00:00:00.000000 +0000
C	2b1dfa347442d250a43e10ea4052d798	70273597d155b25202e698e08a754586	2016-04-15 17:35:03.000000 +0000	2016-04-15 15:30:34.000000 +0000	2012-07-27 00:00:00.000000 +0000	4c3d01c1d3279640eb97b08de449d8c8	Stripe	ach_HdHUooVuNzkX2i	STRIPE TRANSFER				c	-46806/100	-46806/100	2016-04-15 15:30:34.000000 +0000
===== END
===== START
B	2b1dfa347442d250a43e10ea4052d798	dedf92ac2a69af2c7f43b1290a91f1c6	2016-04-15 17:35:03.000000 +0000	2016-04-15 15:30:34.000000 +0000	2012-07-27 00:00:00.000000 +0000	e3ba307f6c2c120033884223a84180eb	New Alliance	ach_HdHUooVuNzkX2i	STRIPE TRANSFER				y	46806/100	46806/100	1970-01-01 00:00:00.000000 +0000
B	2b1dfa347442d250a43e10ea4052d798	70273597d155b25202e698e08a754586	2016-04-15 17:35:03.000000 +0000	2016-04-15 15:30:34.000000 +0000	2012-07-27 00:00:00.000000 +0000	4c3d01c1d3279640eb97b08de449d8c8	Stripe	ach_HdHUooVuNzkX2i	STRIPE TRANSFER				c	-46806/100	-46806/100	2016-04-15 15:30:34.000000 +0000
===== END
===== START
C	2b1dfa347442d250a43e10ea4052d798	dedf92ac2a69af2c7f43b1290a91f1c6	2016-04-15 17:35:03.000000 +0000	2016-04-15 15:30:34.000000 +0000	2012-07-27 00:00:00.000000 +0000	e3ba307f6c2c120033884223a84180eb	New Alliance	ach_HdHUooVuNzkX2i	STRIPE TRANSFER				y	46806/100	46806/100	2012-07-26 23:59:59.000000 +0000
C	2b1dfa347442d250a43e10ea4052d798	70273597d155b25202e698e08a754586	2016-04-15 17:35:03.000000 +0000	2016-04-15 15:30:34.000000 +0000	2012-07-27 00:00:00.000000 +0000	4c3d01c1d3279640eb97b08de449d8c8	Stripe	ach_HdHUooVuNzkX2i	STRIPE TRANSFER				c	-46806/100	-46806/100	2016-04-15 15:30:34.000000 +0000
===== END
===== START
D	5b68001687b00fd38b81d06033a6ba0d	de8079e211851e847bed82d524d8fbd6	2016-04-15 17:35:07.000000 +0000	2016-04-15 17:35:07.000000 +0000	2016-04-15 00:00:00.000000 +0000								n	0/1	0/100	1970-01-01 00:00:00.000000 +0000
===== END
===== START
D	30bce1680fd7cd1f0fafb3e264c23104	7b1a2a163b68bfe84a7cfebccb746fb3	2016-04-15 17:35:08.000000 +0000	2016-04-15 17:35:08.000000 +0000	2016-04-15 00:00:00.000000 +0000								n	0/1	0/100	1970-01-01 00:00:00.000000 +0000
===== END
