mod	trans_guid	split_guid	time_now	date_entered	date_posted	acc_guid	acc_name	num	description	notes	memo	action	reconciled	amount	value	date_reconciled
-----------------
===== START
===== END
===== START
===== END
===== START
===== END
===== START
===== END
===== START
===== END
===== START
B	38c847d2c3d79d85b2f55798b9798273	d80c363e02d985a7566eab1ce82c2fdf	2016-04-15 17:26:43.000000 +0000	2016-04-15 16:30:04.000000 +0000	2012-06-25 00:00:00.000000 +0000	e3ba307f6c2c120033884223a84180eb	New Alliance		samurai by feefighters	EFT DEP - AMERICAN EXPRESS SETTLEMENT			n	277/100	277/100	2016-04-15 16:30:04.000000 +0000
B	38c847d2c3d79d85b2f55798b9798273	c5b1c2860a6d4342408b3b43f64fcc5e	2016-04-15 17:26:43.000000 +0000	2016-04-15 16:30:04.000000 +0000	2012-06-25 00:00:00.000000 +0000	b7c0d245222f359deb255643e2fed1fb	Samurai		samurai by feefighters	EFT DEP - AMERICAN EXPRESS SETTLEMENT			n	-277/100	-277/100	1970-01-01 00:00:00.000000 +0000
===== END
===== START
D	38c847d2c3d79d85b2f55798b9798273	d80c363e02d985a7566eab1ce82c2fdf	2016-04-15 17:26:43.000000 +0000	2016-04-15 16:30:04.000000 +0000	2012-06-25 00:00:00.000000 +0000	e3ba307f6c2c120033884223a84180eb	New Alliance		samurai by feefighters	EFT DEP - AMERICAN EXPRESS SETTLEMENT			n	277/100	277/100	2016-04-15 16:30:04.000000 +0000
D	38c847d2c3d79d85b2f55798b9798273	c5b1c2860a6d4342408b3b43f64fcc5e	2016-04-15 17:26:43.000000 +0000	2016-04-15 16:30:04.000000 +0000	2012-06-25 00:00:00.000000 +0000	b7c0d245222f359deb255643e2fed1fb	Samurai		samurai by feefighters	EFT DEP - AMERICAN EXPRESS SETTLEMENT			n	-277/100	-277/100	1970-01-01 00:00:00.000000 +0000
===== END
===== START
B	dd5b1ca27a151400c068a21aa48f642f	58aad08590c0458418a212579ee1f008	2016-04-15 17:26:48.000000 +0000	2016-04-15 16:30:04.000000 +0000	2012-06-28 00:00:00.000000 +0000	e3ba307f6c2c120033884223a84180eb	New Alliance			EFT DEP - STRIPE           MERCHANT			n	1798/100	1798/100	2016-04-15 16:30:04.000000 +0000
B	dd5b1ca27a151400c068a21aa48f642f	02809a0baa7a656e8a67219e35499c6f	2016-04-15 17:26:48.000000 +0000	2016-04-15 16:30:04.000000 +0000	2012-06-28 00:00:00.000000 +0000	4a6fae3ca1dfa0018afcc8da2a6e29fe	Imbalance			EFT DEP - STRIPE           MERCHANT			n	-1798/100	-1798/100	1970-01-01 00:00:00.000000 +0000
===== END
===== START
D	dd5b1ca27a151400c068a21aa48f642f	58aad08590c0458418a212579ee1f008	2016-04-15 17:26:48.000000 +0000	2016-04-15 16:30:04.000000 +0000	2012-06-28 00:00:00.000000 +0000	e3ba307f6c2c120033884223a84180eb	New Alliance			EFT DEP - STRIPE           MERCHANT			n	1798/100	1798/100	2016-04-15 16:30:04.000000 +0000
D	dd5b1ca27a151400c068a21aa48f642f	02809a0baa7a656e8a67219e35499c6f	2016-04-15 17:26:48.000000 +0000	2016-04-15 16:30:04.000000 +0000	2012-06-28 00:00:00.000000 +0000	4a6fae3ca1dfa0018afcc8da2a6e29fe	Imbalance			EFT DEP - STRIPE           MERCHANT			n	-1798/100	-1798/100	1970-01-01 00:00:00.000000 +0000
===== END
===== START
B	c809cccfa210d2afa356cd9e1ee310e9	3d7063663e26c0c3bceb06894faf9eaf	2016-04-15 17:27:38.000000 +0000	2016-04-15 16:30:04.000000 +0000	2012-06-18 00:00:00.000000 +0000	b7c0d245222f359deb255643e2fed1fb	Samurai		samurai by feefighters	EFT DEP - MERCHANT BANKCD  DEPOSIT			n	1980/100	1980/100	1970-01-01 00:00:00.000000 +0000
B	c809cccfa210d2afa356cd9e1ee310e9	8964f86c9ad898a509a5b3d89949b82d	2016-04-15 17:27:38.000000 +0000	2016-04-15 16:30:04.000000 +0000	2012-06-18 00:00:00.000000 +0000	e3ba307f6c2c120033884223a84180eb	New Alliance		samurai by feefighters	EFT DEP - MERCHANT BANKCD  DEPOSIT			n	-1980/100	-1980/100	2016-04-15 16:30:04.000000 +0000
===== END
===== START
D	c809cccfa210d2afa356cd9e1ee310e9	3d7063663e26c0c3bceb06894faf9eaf	2016-04-15 17:27:38.000000 +0000	2016-04-15 16:30:04.000000 +0000	2012-06-18 00:00:00.000000 +0000	b7c0d245222f359deb255643e2fed1fb	Samurai		samurai by feefighters	EFT DEP - MERCHANT BANKCD  DEPOSIT			n	1980/100	1980/100	1970-01-01 00:00:00.000000 +0000
D	c809cccfa210d2afa356cd9e1ee310e9	8964f86c9ad898a509a5b3d89949b82d	2016-04-15 17:27:38.000000 +0000	2016-04-15 16:30:04.000000 +0000	2012-06-18 00:00:00.000000 +0000	e3ba307f6c2c120033884223a84180eb	New Alliance		samurai by feefighters	EFT DEP - MERCHANT BANKCD  DEPOSIT			n	-1980/100	-1980/100	2016-04-15 16:30:04.000000 +0000
===== END
===== START
B	b1933cef295e6aac1e27f525b9133182	af2209d3f331b275bb6d80d2a97bebbe	2016-04-15 17:27:42.000000 +0000	2016-04-15 16:30:04.000000 +0000	2012-06-22 00:00:00.000000 +0000	b7c0d245222f359deb255643e2fed1fb	Samurai		Samurai -> Stripe	EFT DEP - STRIPE           MERCHANT			n	471/100	471/100	1970-01-01 00:00:00.000000 +0000
B	b1933cef295e6aac1e27f525b9133182	341a52958e970cdaf7d8819cc090570a	2016-04-15 17:27:42.000000 +0000	2016-04-15 16:30:04.000000 +0000	2012-06-22 00:00:00.000000 +0000	e3ba307f6c2c120033884223a84180eb	New Alliance		Samurai -> Stripe	EFT DEP - STRIPE           MERCHANT			n	-471/100	-471/100	2016-04-15 16:30:04.000000 +0000
===== END
===== START
D	b1933cef295e6aac1e27f525b9133182	af2209d3f331b275bb6d80d2a97bebbe	2016-04-15 17:27:42.000000 +0000	2016-04-15 16:30:04.000000 +0000	2012-06-22 00:00:00.000000 +0000	b7c0d245222f359deb255643e2fed1fb	Samurai		Samurai -> Stripe	EFT DEP - STRIPE           MERCHANT			n	471/100	471/100	1970-01-01 00:00:00.000000 +0000
D	b1933cef295e6aac1e27f525b9133182	341a52958e970cdaf7d8819cc090570a	2016-04-15 17:27:42.000000 +0000	2016-04-15 16:30:04.000000 +0000	2012-06-22 00:00:00.000000 +0000	e3ba307f6c2c120033884223a84180eb	New Alliance		Samurai -> Stripe	EFT DEP - STRIPE           MERCHANT			n	-471/100	-471/100	2016-04-15 16:30:04.000000 +0000
===== END
===== START
B	4f1c9abf7df81978bd641d9c14345a8c	bdb8a0b737d539bcbfed944424f2d19f	2016-04-15 17:27:53.000000 +0000	2016-04-15 16:30:04.000000 +0000	2012-07-02 00:00:00.000000 +0000	b7c0d245222f359deb255643e2fed1fb	Samurai		samurai by feefighters	EFT DEP - MERCHANT BANKCD  DEPOSIT			n	1805/100	1805/100	1970-01-01 00:00:00.000000 +0000
B	4f1c9abf7df81978bd641d9c14345a8c	3c35fb135c9b2181c3bcf4bd711c7d59	2016-04-15 17:27:53.000000 +0000	2016-04-15 16:30:04.000000 +0000	2012-07-02 00:00:00.000000 +0000	e3ba307f6c2c120033884223a84180eb	New Alliance		samurai by feefighters	EFT DEP - MERCHANT BANKCD  DEPOSIT			n	-1805/100	-1805/100	2016-04-15 16:30:04.000000 +0000
===== END
===== START
D	4f1c9abf7df81978bd641d9c14345a8c	bdb8a0b737d539bcbfed944424f2d19f	2016-04-15 17:27:53.000000 +0000	2016-04-15 16:30:04.000000 +0000	2012-07-02 00:00:00.000000 +0000	b7c0d245222f359deb255643e2fed1fb	Samurai		samurai by feefighters	EFT DEP - MERCHANT BANKCD  DEPOSIT			n	1805/100	1805/100	1970-01-01 00:00:00.000000 +0000
D	4f1c9abf7df81978bd641d9c14345a8c	3c35fb135c9b2181c3bcf4bd711c7d59	2016-04-15 17:27:53.000000 +0000	2016-04-15 16:30:04.000000 +0000	2012-07-02 00:00:00.000000 +0000	e3ba307f6c2c120033884223a84180eb	New Alliance		samurai by feefighters	EFT DEP - MERCHANT BANKCD  DEPOSIT			n	-1805/100	-1805/100	2016-04-15 16:30:04.000000 +0000
===== END
===== START
===== END
===== START
D	c638f8e19b18dd16459ae300a7003917	74e3a2091d3ffd7b1e26e48d80f0666a	2016-04-15 17:29:21.000000 +0000	2016-04-15 17:29:21.000000 +0000	2016-04-15 00:00:00.000000 +0000								n	0/1	0/100	1970-01-01 00:00:00.000000 +0000
===== END
===== START
D	d59d366e1c986fbab2a06aa497afd2e6	a776ebf65d3a13cc45cb64cb38a9256f	2016-04-15 17:29:22.000000 +0000	2016-04-15 17:29:22.000000 +0000	2016-04-15 00:00:00.000000 +0000								n	0/1	0/100	1970-01-01 00:00:00.000000 +0000
===== END
===== START
D	568a88c01b437d553ab3b8686765cc56	78284df5f3c2b60b4003f8999c80d302	2016-04-15 17:29:24.000000 +0000	2016-04-15 17:29:24.000000 +0000	2016-04-15 00:00:00.000000 +0000								n	0/1	0/100	1970-01-01 00:00:00.000000 +0000
===== END
===== START
D	77b3a665f1afc0acc3bf6c5aa2e63709	44b5769b42624b95bbd12cc013682583	2016-04-15 17:29:24.000000 +0000	2016-04-15 17:29:24.000000 +0000	2016-04-15 00:00:00.000000 +0000								n	0/1	0/100	1970-01-01 00:00:00.000000 +0000
===== END
===== START
D	d65cf2375dc69de9a7c22c1765b54be6	8b496181d482813a4462ca9f9538739a	2016-04-15 17:29:25.000000 +0000	2016-04-15 17:29:25.000000 +0000	2016-04-15 00:00:00.000000 +0000								n	0/1	0/100	1970-01-01 00:00:00.000000 +0000
===== END
===== START
D	2dc1ebc04b89f86736dd2ae9f9b8ce3c	2e87979851a706858540c75d34124dc3	2016-04-15 17:29:26.000000 +0000	2016-04-15 17:29:26.000000 +0000	2016-04-15 00:00:00.000000 +0000								n	0/1	0/100	1970-01-01 00:00:00.000000 +0000
===== END
===== START
D	84ac958b05befe7d3645683f2cb907fb	69fe07d2972f65d97c76ba460b696c4b	2016-04-15 17:29:26.000000 +0000	2016-04-15 17:29:26.000000 +0000	2016-04-15 00:00:00.000000 +0000								n	0/1	0/100	1970-01-01 00:00:00.000000 +0000
===== END
===== START
===== END
===== START
===== END
===== START
C	a85487fd6f7bc09228dc1053bdfb4b92	c6b305bdbe62e5d86f611430f8cebfd9	2016-04-15 17:30:57.000000 +0000	2016-04-15 17:30:41.000000 +0000	2016-04-15 00:00:00.000000 +0000	e3ba307f6c2c120033884223a84180eb	New Alliance		,EFT W/D - MERCHANT BANKCD  FEE				n	-200/100	-200/100	1970-01-01 00:00:00.000000 +0000
C	a85487fd6f7bc09228dc1053bdfb4b92	aae8079720ba9638f60adcd67e001397	2016-04-15 17:30:57.000000 +0000	2016-04-15 17:30:41.000000 +0000	2016-04-15 00:00:00.000000 +0000	df422746658b06a4f801c54beeee8607	Other SaaSS		,EFT W/D - MERCHANT BANKCD  FEE				n	200/100	200/100	1970-01-01 00:00:00.000000 +0000
===== END
===== START
===== END
===== START
B	a85487fd6f7bc09228dc1053bdfb4b92	aae8079720ba9638f60adcd67e001397	2016-04-15 17:31:01.000000 +0000	2016-04-15 17:30:41.000000 +0000	2016-04-15 00:00:00.000000 +0000	df422746658b06a4f801c54beeee8607	Other SaaSS		,EFT W/D - MERCHANT BANKCD  FEE				n	200/100	200/100	1970-01-01 00:00:00.000000 +0000
B	a85487fd6f7bc09228dc1053bdfb4b92	c6b305bdbe62e5d86f611430f8cebfd9	2016-04-15 17:31:01.000000 +0000	2016-04-15 17:30:41.000000 +0000	2016-04-15 00:00:00.000000 +0000	e3ba307f6c2c120033884223a84180eb	New Alliance		,EFT W/D - MERCHANT BANKCD  FEE				n	-200/100	-200/100	1970-01-01 00:00:00.000000 +0000
===== END
===== START
C	a85487fd6f7bc09228dc1053bdfb4b92	aae8079720ba9638f60adcd67e001397	2016-04-15 17:31:01.000000 +0000	2016-04-15 17:30:41.000000 +0000	2016-04-15 00:00:00.000000 +0000	df422746658b06a4f801c54beeee8607	Other SaaSS		EFT W/D - MERCHANT BANKCD  FEE				n	200/100	200/100	1970-01-01 00:00:00.000000 +0000
C	a85487fd6f7bc09228dc1053bdfb4b92	c6b305bdbe62e5d86f611430f8cebfd9	2016-04-15 17:31:01.000000 +0000	2016-04-15 17:30:41.000000 +0000	2016-04-15 00:00:00.000000 +0000	e3ba307f6c2c120033884223a84180eb	New Alliance		EFT W/D - MERCHANT BANKCD  FEE				n	-200/100	-200/100	1970-01-01 00:00:00.000000 +0000
===== END
===== START
B	a85487fd6f7bc09228dc1053bdfb4b92	aae8079720ba9638f60adcd67e001397	2016-04-15 17:31:16.000000 +0000	2016-04-15 17:30:41.000000 +0000	2016-04-15 00:00:00.000000 +0000	df422746658b06a4f801c54beeee8607	Other SaaSS		EFT W/D - MERCHANT BANKCD  FEE				n	200/100	200/100	1970-01-01 00:00:00.000000 +0000
B	a85487fd6f7bc09228dc1053bdfb4b92	c6b305bdbe62e5d86f611430f8cebfd9	2016-04-15 17:31:16.000000 +0000	2016-04-15 17:30:41.000000 +0000	2016-04-15 00:00:00.000000 +0000	e3ba307f6c2c120033884223a84180eb	New Alliance		EFT W/D - MERCHANT BANKCD  FEE				n	-200/100	-200/100	1970-01-01 00:00:00.000000 +0000
===== END
===== START
C	a85487fd6f7bc09228dc1053bdfb4b92	aae8079720ba9638f60adcd67e001397	2016-04-15 17:31:16.000000 +0000	2016-04-15 17:30:41.000000 +0000	2012-07-09 00:00:00.000000 +0000	df422746658b06a4f801c54beeee8607	Other SaaSS		EFT W/D - MERCHANT BANKCD  FEE				n	200/100	200/100	1970-01-01 00:00:00.000000 +0000
C	a85487fd6f7bc09228dc1053bdfb4b92	c6b305bdbe62e5d86f611430f8cebfd9	2016-04-15 17:31:16.000000 +0000	2016-04-15 17:30:41.000000 +0000	2012-07-09 00:00:00.000000 +0000	e3ba307f6c2c120033884223a84180eb	New Alliance		EFT W/D - MERCHANT BANKCD  FEE				n	-200/100	-200/100	1970-01-01 00:00:00.000000 +0000
===== END
===== START
===== END
