mod	trans_guid	split_guid	time_now	date_entered	date_posted	acc_guid	acc_name	num	description	notes	memo	action	reconciled	amount	value	date_reconciled
-----------------
===== START
C	923d75ec6981f8f0eb098623f2d68bb2	8613c35504f5495f47e8c5ee2a574c9d	2016-04-15 09:32:10.000000 +0000	2016-04-15 09:32:10.000000 +0000	2012-06-04 00:00:00.000000 +0000	e3ba307f6c2c120033884223a84180eb	New Alliance		EFT DEP - MERCHANT BANKCD  DEPOSIT	samurai by feefighters			c	756/100	756/100	2016-04-15 09:32:10.000000 +0000
C	923d75ec6981f8f0eb098623f2d68bb2	8a006b8e9778c9e2208f1cc3e15bb9f3	2016-04-15 09:32:10.000000 +0000	2016-04-15 09:32:10.000000 +0000	2012-06-04 00:00:00.000000 +0000	627134f4895dc96519f8204e4ba8cbeb	Imbalance-USD		EFT DEP - MERCHANT BANKCD  DEPOSIT	samurai by feefighters			n	-756/100	-756/100	1970-01-01 00:00:00.000000 +0000
===== END
===== START
C	ba8d161d970513a0f674e1717a20af93	4b0e421b3a890964cd17c72aa5a06346	2016-04-15 09:32:10.000000 +0000	2016-04-15 09:32:10.000000 +0000	2012-06-04 00:00:00.000000 +0000	e3ba307f6c2c120033884223a84180eb	New Alliance		EFT W/D - MERCHANT BANKCD  INTERCHNG	samurai by feefighters			c	-8/100	-8/100	2016-04-15 09:32:10.000000 +0000
C	ba8d161d970513a0f674e1717a20af93	42e6e1d96e395d4fdce751f0a4df4477	2016-04-15 09:32:10.000000 +0000	2016-04-15 09:32:10.000000 +0000	2012-06-04 00:00:00.000000 +0000	627134f4895dc96519f8204e4ba8cbeb	Imbalance-USD		EFT W/D - MERCHANT BANKCD  INTERCHNG	samurai by feefighters			n	8/100	8/100	1970-01-01 00:00:00.000000 +0000
===== END
===== START
C	aa2320121d85782e6e5e6468e13f205f	437eab990c4094bd2b4a7c2dcab3c41e	2016-04-15 09:32:10.000000 +0000	2016-04-15 09:32:10.000000 +0000	2012-06-04 00:00:00.000000 +0000	e3ba307f6c2c120033884223a84180eb	New Alliance		EFT W/D - MERCHANT BANKCD  FEE	samurai by feefighters			c	-3135/100	-3135/100	2016-04-15 09:32:10.000000 +0000
C	aa2320121d85782e6e5e6468e13f205f	c4a9ba3fe8a1033698b01db1cca1adbb	2016-04-15 09:32:10.000000 +0000	2016-04-15 09:32:10.000000 +0000	2012-06-04 00:00:00.000000 +0000	627134f4895dc96519f8204e4ba8cbeb	Imbalance-USD		EFT W/D - MERCHANT BANKCD  FEE	samurai by feefighters			n	3135/100	3135/100	1970-01-01 00:00:00.000000 +0000
===== END
===== START
C	28c7688bdad6a9b08792eb934a6fa003	8d6d9887ad87deaaeb330a48a23f596d	2016-04-15 09:32:10.000000 +0000	2016-04-15 09:32:10.000000 +0000	2012-06-11 00:00:00.000000 +0000	e3ba307f6c2c120033884223a84180eb	New Alliance		EFT DEP - AMERICAN EXPRESS SETTLEMENT	samurai by feefighters			c	61/100	61/100	2016-04-15 09:32:10.000000 +0000
C	28c7688bdad6a9b08792eb934a6fa003	99ba53884106a3fa430c30a43ca32ece	2016-04-15 09:32:10.000000 +0000	2016-04-15 09:32:10.000000 +0000	2012-06-11 00:00:00.000000 +0000	627134f4895dc96519f8204e4ba8cbeb	Imbalance-USD		EFT DEP - AMERICAN EXPRESS SETTLEMENT	samurai by feefighters			n	-61/100	-61/100	1970-01-01 00:00:00.000000 +0000
===== END
===== START
C	db69ebe996c13b0a313a4cf5055a8e7d	6f5b293320a29d469937e350f4264f91	2016-04-15 09:32:10.000000 +0000	2016-04-15 09:32:10.000000 +0000	2012-06-11 00:00:00.000000 +0000	e3ba307f6c2c120033884223a84180eb	New Alliance		EFT DEP - MERCHANT BANKCD  DEPOSIT	samurai by feefighters			c	2411/100	2411/100	2016-04-15 09:32:10.000000 +0000
C	db69ebe996c13b0a313a4cf5055a8e7d	a8add2a6806d5a26651bbe1b278f71ed	2016-04-15 09:32:10.000000 +0000	2016-04-15 09:32:10.000000 +0000	2012-06-11 00:00:00.000000 +0000	627134f4895dc96519f8204e4ba8cbeb	Imbalance-USD		EFT DEP - MERCHANT BANKCD  DEPOSIT	samurai by feefighters			n	-2411/100	-2411/100	1970-01-01 00:00:00.000000 +0000
===== END
===== START
C	acdaf61d9c9c8af18a9a5cf351db5e29	ea97a369556f619faf5d1ab1e8460756	2016-04-15 09:32:10.000000 +0000	2016-04-15 09:32:10.000000 +0000	2012-06-11 00:00:00.000000 +0000	e3ba307f6c2c120033884223a84180eb	New Alliance		EFT W/D - MERCHANT BANKCD  FEE	samurai by feefighters			c	-200/100	-200/100	2016-04-15 09:32:10.000000 +0000
C	acdaf61d9c9c8af18a9a5cf351db5e29	76aa959f111a390ee62547fdd2ef2d77	2016-04-15 09:32:10.000000 +0000	2016-04-15 09:32:10.000000 +0000	2012-06-11 00:00:00.000000 +0000	627134f4895dc96519f8204e4ba8cbeb	Imbalance-USD		EFT W/D - MERCHANT BANKCD  FEE	samurai by feefighters			n	200/100	200/100	1970-01-01 00:00:00.000000 +0000
===== END
===== START
C	c347288e62ce313b476128883ff310d7	f550bda62aad7617f3514a2afd1ad69b	2016-04-15 09:32:10.000000 +0000	2016-04-15 09:32:10.000000 +0000	2012-06-18 00:00:00.000000 +0000	e3ba307f6c2c120033884223a84180eb	New Alliance		EFT DEP - MERCHANT BANKCD  DEPOSIT	samurai by feefighters			c	292/100	292/100	2016-04-15 09:32:10.000000 +0000
C	c347288e62ce313b476128883ff310d7	b2abf2aaf8b56396f98d6877a483ce26	2016-04-15 09:32:10.000000 +0000	2016-04-15 09:32:10.000000 +0000	2012-06-18 00:00:00.000000 +0000	627134f4895dc96519f8204e4ba8cbeb	Imbalance-USD		EFT DEP - MERCHANT BANKCD  DEPOSIT	samurai by feefighters			n	-292/100	-292/100	1970-01-01 00:00:00.000000 +0000
===== END
===== START
C	4e1938af9d05fbd2fb73ea61a426bfd6	5aa15ff31eef741ae97260747b8097cd	2016-04-15 09:32:10.000000 +0000	2016-04-15 09:32:10.000000 +0000	2012-06-18 00:00:00.000000 +0000	e3ba307f6c2c120033884223a84180eb	New Alliance		EFT DEP - MERCHANT BANKCD  DEPOSIT	samurai by feefighters			c	201/100	201/100	2016-04-15 09:32:10.000000 +0000
C	4e1938af9d05fbd2fb73ea61a426bfd6	fc822c604c9f65ee3a3f9410a0e161e0	2016-04-15 09:32:10.000000 +0000	2016-04-15 09:32:10.000000 +0000	2012-06-18 00:00:00.000000 +0000	627134f4895dc96519f8204e4ba8cbeb	Imbalance-USD		EFT DEP - MERCHANT BANKCD  DEPOSIT	samurai by feefighters			n	-201/100	-201/100	1970-01-01 00:00:00.000000 +0000
===== END
===== START
C	da9f791d6946bd5d45f517c5b8046cac	768473fba9029073dc89f3fd2ac63bb2	2016-04-15 09:32:10.000000 +0000	2016-04-15 09:32:10.000000 +0000	2012-06-22 00:00:00.000000 +0000	e3ba307f6c2c120033884223a84180eb	New Alliance		EFT DEP - STRIPE           MERCHANT	Samurai -> Stripe			c	22/100	22/100	2016-04-15 09:32:10.000000 +0000
C	da9f791d6946bd5d45f517c5b8046cac	0ebb68cf29e9159bc7bb9e41bb601132	2016-04-15 09:32:10.000000 +0000	2016-04-15 09:32:10.000000 +0000	2012-06-22 00:00:00.000000 +0000	41840b9e2a03dcf1286359e9c5186fb0	Stripe		EFT DEP - STRIPE           MERCHANT	Samurai -> Stripe			n	-22/100	-22/100	1970-01-01 00:00:00.000000 +0000
===== END
===== START
C	e9bdfd822cebea4a5c32a4ed3a0b5872	a631376b155674aae3d5af0cd8e7f589	2016-04-15 09:32:10.000000 +0000	2016-04-15 09:32:10.000000 +0000	2012-06-25 00:00:00.000000 +0000	e3ba307f6c2c120033884223a84180eb	New Alliance		EFT DEP - AMERICAN EXPRESS SETTLEMENT	samurai by feefighters			c	299/100	299/100	2016-04-15 09:32:10.000000 +0000
C	e9bdfd822cebea4a5c32a4ed3a0b5872	8814c551e23c7a5748bd34032251a401	2016-04-15 09:32:10.000000 +0000	2016-04-15 09:32:10.000000 +0000	2012-06-25 00:00:00.000000 +0000	627134f4895dc96519f8204e4ba8cbeb	Imbalance-USD		EFT DEP - AMERICAN EXPRESS SETTLEMENT	samurai by feefighters			n	-299/100	-299/100	1970-01-01 00:00:00.000000 +0000
===== END
===== START
C	2decd90092202b215372ddea6f0f5708	29b7cf2c7321ef012b6fabe697c591f3	2016-04-15 09:32:10.000000 +0000	2016-04-15 09:32:10.000000 +0000	2012-06-28 00:00:00.000000 +0000	e3ba307f6c2c120033884223a84180eb	New Alliance		EFT DEP - STRIPE           MERCHANT				c	2097/100	2097/100	2016-04-15 09:32:10.000000 +0000
C	2decd90092202b215372ddea6f0f5708	ff56607fa1ad9e180239fe0c09a7bd42	2016-04-15 09:32:10.000000 +0000	2016-04-15 09:32:10.000000 +0000	2012-06-28 00:00:00.000000 +0000	41840b9e2a03dcf1286359e9c5186fb0	Stripe		EFT DEP - STRIPE           MERCHANT				n	-2097/100	-2097/100	1970-01-01 00:00:00.000000 +0000
===== END
