mod	trans_guid	split_guid	time_now	date_entered	date_posted	acc_guid	acc_name	num	description	notes	memo	action	reconciled	amount	value	date_reconciled
-----------------
===== START
B	aa2320121d85782e6e5e6468e13f205f	c4a9ba3fe8a1033698b01db1cca1adbb	2016-04-15 17:06:15.000000 +0000	2016-04-15 09:32:10.000000 +0000	2012-06-04 00:00:00.000000 +0000	b7c0d245222f359deb255643e2fed1fb	Samurai		EFT W/D - MERCHANT BANKCD  FEE	samurai by feefighters			n	3135/100	3135/100	1970-01-01 00:00:00.000000 +0000
B	aa2320121d85782e6e5e6468e13f205f	437eab990c4094bd2b4a7c2dcab3c41e	2016-04-15 17:06:15.000000 +0000	2016-04-15 09:32:10.000000 +0000	2012-06-04 00:00:00.000000 +0000	e3ba307f6c2c120033884223a84180eb	New Alliance		EFT W/D - MERCHANT BANKCD  FEE	samurai by feefighters			c	-3135/100	-3135/100	2016-04-15 16:37:40.000000 +0000
===== END
===== START
C	aa2320121d85782e6e5e6468e13f205f	c4a9ba3fe8a1033698b01db1cca1adbb	2016-04-15 17:06:15.000000 +0000	2016-04-15 09:32:10.000000 +0000	2012-06-04 00:00:00.000000 +0000	b7c0d245222f359deb255643e2fed1fb	Samurai		EFT W/D - MERCHANT BANKCD  FEE	samurai by feefighters			n	3135/100	3135/100	1970-01-01 00:00:00.000000 +0000
C	aa2320121d85782e6e5e6468e13f205f	437eab990c4094bd2b4a7c2dcab3c41e	2016-04-15 17:06:15.000000 +0000	2016-04-15 09:32:10.000000 +0000	2012-06-04 00:00:00.000000 +0000	e3ba307f6c2c120033884223a84180eb	New Alliance		EFT W/D - MERCHANT BANKCD  FEE	samurai by feefighters			y	-3135/100	-3135/100	2016-04-15 16:37:40.000000 +0000
===== END
===== START
B	aa2320121d85782e6e5e6468e13f205f	c4a9ba3fe8a1033698b01db1cca1adbb	2016-04-15 17:06:15.000000 +0000	2016-04-15 09:32:10.000000 +0000	2012-06-04 00:00:00.000000 +0000	b7c0d245222f359deb255643e2fed1fb	Samurai		EFT W/D - MERCHANT BANKCD  FEE	samurai by feefighters			n	3135/100	3135/100	1970-01-01 00:00:00.000000 +0000
B	aa2320121d85782e6e5e6468e13f205f	437eab990c4094bd2b4a7c2dcab3c41e	2016-04-15 17:06:15.000000 +0000	2016-04-15 09:32:10.000000 +0000	2012-06-04 00:00:00.000000 +0000	e3ba307f6c2c120033884223a84180eb	New Alliance		EFT W/D - MERCHANT BANKCD  FEE	samurai by feefighters			y	-3135/100	-3135/100	2016-04-15 16:37:40.000000 +0000
===== END
===== START
C	aa2320121d85782e6e5e6468e13f205f	c4a9ba3fe8a1033698b01db1cca1adbb	2016-04-15 17:06:15.000000 +0000	2016-04-15 09:32:10.000000 +0000	2012-06-04 00:00:00.000000 +0000	b7c0d245222f359deb255643e2fed1fb	Samurai		EFT W/D - MERCHANT BANKCD  FEE	samurai by feefighters			n	3135/100	3135/100	1970-01-01 00:00:00.000000 +0000
C	aa2320121d85782e6e5e6468e13f205f	437eab990c4094bd2b4a7c2dcab3c41e	2016-04-15 17:06:15.000000 +0000	2016-04-15 09:32:10.000000 +0000	2012-06-04 00:00:00.000000 +0000	e3ba307f6c2c120033884223a84180eb	New Alliance		EFT W/D - MERCHANT BANKCD  FEE	samurai by feefighters			y	-3135/100	-3135/100	2012-06-28 23:59:59.000000 +0000
===== END
===== START
B	acdaf61d9c9c8af18a9a5cf351db5e29	76aa959f111a390ee62547fdd2ef2d77	2016-04-15 17:06:15.000000 +0000	2016-04-15 09:32:10.000000 +0000	2012-06-11 00:00:00.000000 +0000	b7c0d245222f359deb255643e2fed1fb	Samurai		EFT W/D - MERCHANT BANKCD  FEE	samurai by feefighters			n	200/100	200/100	1970-01-01 00:00:00.000000 +0000
B	acdaf61d9c9c8af18a9a5cf351db5e29	ea97a369556f619faf5d1ab1e8460756	2016-04-15 17:06:15.000000 +0000	2016-04-15 09:32:10.000000 +0000	2012-06-11 00:00:00.000000 +0000	e3ba307f6c2c120033884223a84180eb	New Alliance		EFT W/D - MERCHANT BANKCD  FEE	samurai by feefighters			c	-200/100	-200/100	2016-04-15 16:37:40.000000 +0000
===== END
===== START
C	acdaf61d9c9c8af18a9a5cf351db5e29	76aa959f111a390ee62547fdd2ef2d77	2016-04-15 17:06:15.000000 +0000	2016-04-15 09:32:10.000000 +0000	2012-06-11 00:00:00.000000 +0000	b7c0d245222f359deb255643e2fed1fb	Samurai		EFT W/D - MERCHANT BANKCD  FEE	samurai by feefighters			n	200/100	200/100	1970-01-01 00:00:00.000000 +0000
C	acdaf61d9c9c8af18a9a5cf351db5e29	ea97a369556f619faf5d1ab1e8460756	2016-04-15 17:06:15.000000 +0000	2016-04-15 09:32:10.000000 +0000	2012-06-11 00:00:00.000000 +0000	e3ba307f6c2c120033884223a84180eb	New Alliance		EFT W/D - MERCHANT BANKCD  FEE	samurai by feefighters			y	-200/100	-200/100	2016-04-15 16:37:40.000000 +0000
===== END
===== START
B	acdaf61d9c9c8af18a9a5cf351db5e29	76aa959f111a390ee62547fdd2ef2d77	2016-04-15 17:06:15.000000 +0000	2016-04-15 09:32:10.000000 +0000	2012-06-11 00:00:00.000000 +0000	b7c0d245222f359deb255643e2fed1fb	Samurai		EFT W/D - MERCHANT BANKCD  FEE	samurai by feefighters			n	200/100	200/100	1970-01-01 00:00:00.000000 +0000
B	acdaf61d9c9c8af18a9a5cf351db5e29	ea97a369556f619faf5d1ab1e8460756	2016-04-15 17:06:15.000000 +0000	2016-04-15 09:32:10.000000 +0000	2012-06-11 00:00:00.000000 +0000	e3ba307f6c2c120033884223a84180eb	New Alliance		EFT W/D - MERCHANT BANKCD  FEE	samurai by feefighters			y	-200/100	-200/100	2016-04-15 16:37:40.000000 +0000
===== END
===== START
C	acdaf61d9c9c8af18a9a5cf351db5e29	76aa959f111a390ee62547fdd2ef2d77	2016-04-15 17:06:15.000000 +0000	2016-04-15 09:32:10.000000 +0000	2012-06-11 00:00:00.000000 +0000	b7c0d245222f359deb255643e2fed1fb	Samurai		EFT W/D - MERCHANT BANKCD  FEE	samurai by feefighters			n	200/100	200/100	1970-01-01 00:00:00.000000 +0000
C	acdaf61d9c9c8af18a9a5cf351db5e29	ea97a369556f619faf5d1ab1e8460756	2016-04-15 17:06:15.000000 +0000	2016-04-15 09:32:10.000000 +0000	2012-06-11 00:00:00.000000 +0000	e3ba307f6c2c120033884223a84180eb	New Alliance		EFT W/D - MERCHANT BANKCD  FEE	samurai by feefighters			y	-200/100	-200/100	2012-06-28 23:59:59.000000 +0000
===== END
===== START
B	ba8d161d970513a0f674e1717a20af93	42e6e1d96e395d4fdce751f0a4df4477	2016-04-15 17:06:15.000000 +0000	2016-04-15 09:32:10.000000 +0000	2012-06-04 00:00:00.000000 +0000	b7c0d245222f359deb255643e2fed1fb	Samurai		EFT W/D - MERCHANT BANKCD  INTERCHNG	samurai by feefighters			c	8/100	8/100	2016-04-15 09:43:06.000000 +0000
B	ba8d161d970513a0f674e1717a20af93	4b0e421b3a890964cd17c72aa5a06346	2016-04-15 17:06:15.000000 +0000	2016-04-15 09:32:10.000000 +0000	2012-06-04 00:00:00.000000 +0000	e3ba307f6c2c120033884223a84180eb	New Alliance		EFT W/D - MERCHANT BANKCD  INTERCHNG	samurai by feefighters			c	-8/100	-8/100	2016-04-15 16:37:40.000000 +0000
===== END
===== START
C	ba8d161d970513a0f674e1717a20af93	42e6e1d96e395d4fdce751f0a4df4477	2016-04-15 17:06:15.000000 +0000	2016-04-15 09:32:10.000000 +0000	2012-06-04 00:00:00.000000 +0000	b7c0d245222f359deb255643e2fed1fb	Samurai		EFT W/D - MERCHANT BANKCD  INTERCHNG	samurai by feefighters			c	8/100	8/100	2016-04-15 09:43:06.000000 +0000
C	ba8d161d970513a0f674e1717a20af93	4b0e421b3a890964cd17c72aa5a06346	2016-04-15 17:06:15.000000 +0000	2016-04-15 09:32:10.000000 +0000	2012-06-04 00:00:00.000000 +0000	e3ba307f6c2c120033884223a84180eb	New Alliance		EFT W/D - MERCHANT BANKCD  INTERCHNG	samurai by feefighters			y	-8/100	-8/100	2016-04-15 16:37:40.000000 +0000
===== END
===== START
B	ba8d161d970513a0f674e1717a20af93	42e6e1d96e395d4fdce751f0a4df4477	2016-04-15 17:06:15.000000 +0000	2016-04-15 09:32:10.000000 +0000	2012-06-04 00:00:00.000000 +0000	b7c0d245222f359deb255643e2fed1fb	Samurai		EFT W/D - MERCHANT BANKCD  INTERCHNG	samurai by feefighters			c	8/100	8/100	2016-04-15 09:43:06.000000 +0000
B	ba8d161d970513a0f674e1717a20af93	4b0e421b3a890964cd17c72aa5a06346	2016-04-15 17:06:15.000000 +0000	2016-04-15 09:32:10.000000 +0000	2012-06-04 00:00:00.000000 +0000	e3ba307f6c2c120033884223a84180eb	New Alliance		EFT W/D - MERCHANT BANKCD  INTERCHNG	samurai by feefighters			y	-8/100	-8/100	2016-04-15 16:37:40.000000 +0000
===== END
===== START
C	ba8d161d970513a0f674e1717a20af93	42e6e1d96e395d4fdce751f0a4df4477	2016-04-15 17:06:15.000000 +0000	2016-04-15 09:32:10.000000 +0000	2012-06-04 00:00:00.000000 +0000	b7c0d245222f359deb255643e2fed1fb	Samurai		EFT W/D - MERCHANT BANKCD  INTERCHNG	samurai by feefighters			c	8/100	8/100	2016-04-15 09:43:06.000000 +0000
C	ba8d161d970513a0f674e1717a20af93	4b0e421b3a890964cd17c72aa5a06346	2016-04-15 17:06:15.000000 +0000	2016-04-15 09:32:10.000000 +0000	2012-06-04 00:00:00.000000 +0000	e3ba307f6c2c120033884223a84180eb	New Alliance		EFT W/D - MERCHANT BANKCD  INTERCHNG	samurai by feefighters			y	-8/100	-8/100	2012-06-28 23:59:59.000000 +0000
===== END
===== START
B	c347288e62ce313b476128883ff310d7	f550bda62aad7617f3514a2afd1ad69b	2016-04-15 17:06:15.000000 +0000	2016-04-15 09:32:10.000000 +0000	2012-06-18 00:00:00.000000 +0000	e3ba307f6c2c120033884223a84180eb	New Alliance		EFT DEP - MERCHANT BANKCD  DEPOSIT	samurai by feefighters			c	292/100	292/100	2016-04-15 16:37:40.000000 +0000
B	c347288e62ce313b476128883ff310d7	b2abf2aaf8b56396f98d6877a483ce26	2016-04-15 17:06:15.000000 +0000	2016-04-15 09:32:10.000000 +0000	2012-06-18 00:00:00.000000 +0000	b7c0d245222f359deb255643e2fed1fb	Samurai		EFT DEP - MERCHANT BANKCD  DEPOSIT	samurai by feefighters			n	-292/100	-292/100	1970-01-01 00:00:00.000000 +0000
===== END
===== START
C	c347288e62ce313b476128883ff310d7	f550bda62aad7617f3514a2afd1ad69b	2016-04-15 17:06:15.000000 +0000	2016-04-15 09:32:10.000000 +0000	2012-06-18 00:00:00.000000 +0000	e3ba307f6c2c120033884223a84180eb	New Alliance		EFT DEP - MERCHANT BANKCD  DEPOSIT	samurai by feefighters			y	292/100	292/100	2016-04-15 16:37:40.000000 +0000
C	c347288e62ce313b476128883ff310d7	b2abf2aaf8b56396f98d6877a483ce26	2016-04-15 17:06:15.000000 +0000	2016-04-15 09:32:10.000000 +0000	2012-06-18 00:00:00.000000 +0000	b7c0d245222f359deb255643e2fed1fb	Samurai		EFT DEP - MERCHANT BANKCD  DEPOSIT	samurai by feefighters			n	-292/100	-292/100	1970-01-01 00:00:00.000000 +0000
===== END
===== START
B	c347288e62ce313b476128883ff310d7	f550bda62aad7617f3514a2afd1ad69b	2016-04-15 17:06:15.000000 +0000	2016-04-15 09:32:10.000000 +0000	2012-06-18 00:00:00.000000 +0000	e3ba307f6c2c120033884223a84180eb	New Alliance		EFT DEP - MERCHANT BANKCD  DEPOSIT	samurai by feefighters			y	292/100	292/100	2016-04-15 16:37:40.000000 +0000
B	c347288e62ce313b476128883ff310d7	b2abf2aaf8b56396f98d6877a483ce26	2016-04-15 17:06:15.000000 +0000	2016-04-15 09:32:10.000000 +0000	2012-06-18 00:00:00.000000 +0000	b7c0d245222f359deb255643e2fed1fb	Samurai		EFT DEP - MERCHANT BANKCD  DEPOSIT	samurai by feefighters			n	-292/100	-292/100	1970-01-01 00:00:00.000000 +0000
===== END
===== START
C	c347288e62ce313b476128883ff310d7	f550bda62aad7617f3514a2afd1ad69b	2016-04-15 17:06:15.000000 +0000	2016-04-15 09:32:10.000000 +0000	2012-06-18 00:00:00.000000 +0000	e3ba307f6c2c120033884223a84180eb	New Alliance		EFT DEP - MERCHANT BANKCD  DEPOSIT	samurai by feefighters			y	292/100	292/100	2012-06-28 23:59:59.000000 +0000
C	c347288e62ce313b476128883ff310d7	b2abf2aaf8b56396f98d6877a483ce26	2016-04-15 17:06:15.000000 +0000	2016-04-15 09:32:10.000000 +0000	2012-06-18 00:00:00.000000 +0000	b7c0d245222f359deb255643e2fed1fb	Samurai		EFT DEP - MERCHANT BANKCD  DEPOSIT	samurai by feefighters			n	-292/100	-292/100	1970-01-01 00:00:00.000000 +0000
===== END
===== START
B	923d75ec6981f8f0eb098623f2d68bb2	8613c35504f5495f47e8c5ee2a574c9d	2016-04-15 17:06:15.000000 +0000	2016-04-15 09:32:10.000000 +0000	2012-06-04 00:00:00.000000 +0000	e3ba307f6c2c120033884223a84180eb	New Alliance		EFT DEP - MERCHANT BANKCD  DEPOSIT	samurai by feefighters			c	756/100	756/100	2016-04-15 16:37:40.000000 +0000
B	923d75ec6981f8f0eb098623f2d68bb2	8a006b8e9778c9e2208f1cc3e15bb9f3	2016-04-15 17:06:15.000000 +0000	2016-04-15 09:32:10.000000 +0000	2012-06-04 00:00:00.000000 +0000	b7c0d245222f359deb255643e2fed1fb	Samurai		EFT DEP - MERCHANT BANKCD  DEPOSIT	samurai by feefighters			n	-756/100	-756/100	1970-01-01 00:00:00.000000 +0000
===== END
===== START
C	923d75ec6981f8f0eb098623f2d68bb2	8613c35504f5495f47e8c5ee2a574c9d	2016-04-15 17:06:15.000000 +0000	2016-04-15 09:32:10.000000 +0000	2012-06-04 00:00:00.000000 +0000	e3ba307f6c2c120033884223a84180eb	New Alliance		EFT DEP - MERCHANT BANKCD  DEPOSIT	samurai by feefighters			y	756/100	756/100	2016-04-15 16:37:40.000000 +0000
C	923d75ec6981f8f0eb098623f2d68bb2	8a006b8e9778c9e2208f1cc3e15bb9f3	2016-04-15 17:06:15.000000 +0000	2016-04-15 09:32:10.000000 +0000	2012-06-04 00:00:00.000000 +0000	b7c0d245222f359deb255643e2fed1fb	Samurai		EFT DEP - MERCHANT BANKCD  DEPOSIT	samurai by feefighters			n	-756/100	-756/100	1970-01-01 00:00:00.000000 +0000
===== END
===== START
B	923d75ec6981f8f0eb098623f2d68bb2	8613c35504f5495f47e8c5ee2a574c9d	2016-04-15 17:06:15.000000 +0000	2016-04-15 09:32:10.000000 +0000	2012-06-04 00:00:00.000000 +0000	e3ba307f6c2c120033884223a84180eb	New Alliance		EFT DEP - MERCHANT BANKCD  DEPOSIT	samurai by feefighters			y	756/100	756/100	2016-04-15 16:37:40.000000 +0000
B	923d75ec6981f8f0eb098623f2d68bb2	8a006b8e9778c9e2208f1cc3e15bb9f3	2016-04-15 17:06:15.000000 +0000	2016-04-15 09:32:10.000000 +0000	2012-06-04 00:00:00.000000 +0000	b7c0d245222f359deb255643e2fed1fb	Samurai		EFT DEP - MERCHANT BANKCD  DEPOSIT	samurai by feefighters			n	-756/100	-756/100	1970-01-01 00:00:00.000000 +0000
===== END
===== START
C	923d75ec6981f8f0eb098623f2d68bb2	8613c35504f5495f47e8c5ee2a574c9d	2016-04-15 17:06:15.000000 +0000	2016-04-15 09:32:10.000000 +0000	2012-06-04 00:00:00.000000 +0000	e3ba307f6c2c120033884223a84180eb	New Alliance		EFT DEP - MERCHANT BANKCD  DEPOSIT	samurai by feefighters			y	756/100	756/100	2012-06-28 23:59:59.000000 +0000
C	923d75ec6981f8f0eb098623f2d68bb2	8a006b8e9778c9e2208f1cc3e15bb9f3	2016-04-15 17:06:15.000000 +0000	2016-04-15 09:32:10.000000 +0000	2012-06-04 00:00:00.000000 +0000	b7c0d245222f359deb255643e2fed1fb	Samurai		EFT DEP - MERCHANT BANKCD  DEPOSIT	samurai by feefighters			n	-756/100	-756/100	1970-01-01 00:00:00.000000 +0000
===== END
===== START
B	797095b4ecfdb4d44f31866504ab100b	af641f3be34dbd0f3cae737ef32f8dca	2016-04-15 17:06:15.000000 +0000	2016-04-15 16:30:04.000000 +0000	2012-06-11 00:00:00.000000 +0000	e3ba307f6c2c120033884223a84180eb	New Alliance		samurai by feefighters	EFT DEP - MERCHANT BANKCD  DEPOSIT			c	2411/100	2411/100	2016-04-15 16:30:04.000000 +0000
B	797095b4ecfdb4d44f31866504ab100b	b8c4fdebb830da5d12eb854e6a2cdcf1	2016-04-15 17:06:15.000000 +0000	2016-04-15 16:30:04.000000 +0000	2012-06-11 00:00:00.000000 +0000	b7c0d245222f359deb255643e2fed1fb	Samurai		samurai by feefighters	EFT DEP - MERCHANT BANKCD  DEPOSIT			n	-2411/100	-2411/100	1970-01-01 00:00:00.000000 +0000
===== END
===== START
C	797095b4ecfdb4d44f31866504ab100b	af641f3be34dbd0f3cae737ef32f8dca	2016-04-15 17:06:15.000000 +0000	2016-04-15 16:30:04.000000 +0000	2012-06-11 00:00:00.000000 +0000	e3ba307f6c2c120033884223a84180eb	New Alliance		samurai by feefighters	EFT DEP - MERCHANT BANKCD  DEPOSIT			y	2411/100	2411/100	2016-04-15 16:30:04.000000 +0000
C	797095b4ecfdb4d44f31866504ab100b	b8c4fdebb830da5d12eb854e6a2cdcf1	2016-04-15 17:06:15.000000 +0000	2016-04-15 16:30:04.000000 +0000	2012-06-11 00:00:00.000000 +0000	b7c0d245222f359deb255643e2fed1fb	Samurai		samurai by feefighters	EFT DEP - MERCHANT BANKCD  DEPOSIT			n	-2411/100	-2411/100	1970-01-01 00:00:00.000000 +0000
===== END
===== START
B	797095b4ecfdb4d44f31866504ab100b	af641f3be34dbd0f3cae737ef32f8dca	2016-04-15 17:06:15.000000 +0000	2016-04-15 16:30:04.000000 +0000	2012-06-11 00:00:00.000000 +0000	e3ba307f6c2c120033884223a84180eb	New Alliance		samurai by feefighters	EFT DEP - MERCHANT BANKCD  DEPOSIT			y	2411/100	2411/100	2016-04-15 16:30:04.000000 +0000
B	797095b4ecfdb4d44f31866504ab100b	b8c4fdebb830da5d12eb854e6a2cdcf1	2016-04-15 17:06:15.000000 +0000	2016-04-15 16:30:04.000000 +0000	2012-06-11 00:00:00.000000 +0000	b7c0d245222f359deb255643e2fed1fb	Samurai		samurai by feefighters	EFT DEP - MERCHANT BANKCD  DEPOSIT			n	-2411/100	-2411/100	1970-01-01 00:00:00.000000 +0000
===== END
===== START
C	797095b4ecfdb4d44f31866504ab100b	af641f3be34dbd0f3cae737ef32f8dca	2016-04-15 17:06:15.000000 +0000	2016-04-15 16:30:04.000000 +0000	2012-06-11 00:00:00.000000 +0000	e3ba307f6c2c120033884223a84180eb	New Alliance		samurai by feefighters	EFT DEP - MERCHANT BANKCD  DEPOSIT			y	2411/100	2411/100	2012-06-28 23:59:59.000000 +0000
C	797095b4ecfdb4d44f31866504ab100b	b8c4fdebb830da5d12eb854e6a2cdcf1	2016-04-15 17:06:15.000000 +0000	2016-04-15 16:30:04.000000 +0000	2012-06-11 00:00:00.000000 +0000	b7c0d245222f359deb255643e2fed1fb	Samurai		samurai by feefighters	EFT DEP - MERCHANT BANKCD  DEPOSIT			n	-2411/100	-2411/100	1970-01-01 00:00:00.000000 +0000
===== END
===== START
B	1993933d5b3f0d7957d6b0f17640739b	c33584c3400c0056617ba115c7a452c0	2016-04-15 17:06:15.000000 +0000	2016-04-15 14:56:25.000000 +0000	2012-06-22 00:00:00.000000 +0000	e3ba307f6c2c120033884223a84180eb	New Alliance	ach_TbWKItYNIPfqx9	STRIPE TRANSFER	NEW ALLIANCE FCU			c	22/100	22/100	2016-04-15 16:37:40.000000 +0000
B	1993933d5b3f0d7957d6b0f17640739b	ef51d4eaca6b871b58685143e167a572	2016-04-15 17:06:15.000000 +0000	2016-04-15 14:56:25.000000 +0000	2012-06-22 00:00:00.000000 +0000	4c3d01c1d3279640eb97b08de449d8c8	Stripe	ach_TbWKItYNIPfqx9	STRIPE TRANSFER	NEW ALLIANCE FCU			c	-22/100	-22/100	2016-04-15 15:30:34.000000 +0000
===== END
===== START
C	1993933d5b3f0d7957d6b0f17640739b	c33584c3400c0056617ba115c7a452c0	2016-04-15 17:06:15.000000 +0000	2016-04-15 14:56:25.000000 +0000	2012-06-22 00:00:00.000000 +0000	e3ba307f6c2c120033884223a84180eb	New Alliance	ach_TbWKItYNIPfqx9	STRIPE TRANSFER	NEW ALLIANCE FCU			y	22/100	22/100	2016-04-15 16:37:40.000000 +0000
C	1993933d5b3f0d7957d6b0f17640739b	ef51d4eaca6b871b58685143e167a572	2016-04-15 17:06:15.000000 +0000	2016-04-15 14:56:25.000000 +0000	2012-06-22 00:00:00.000000 +0000	4c3d01c1d3279640eb97b08de449d8c8	Stripe	ach_TbWKItYNIPfqx9	STRIPE TRANSFER	NEW ALLIANCE FCU			c	-22/100	-22/100	2016-04-15 15:30:34.000000 +0000
===== END
===== START
B	1993933d5b3f0d7957d6b0f17640739b	c33584c3400c0056617ba115c7a452c0	2016-04-15 17:06:15.000000 +0000	2016-04-15 14:56:25.000000 +0000	2012-06-22 00:00:00.000000 +0000	e3ba307f6c2c120033884223a84180eb	New Alliance	ach_TbWKItYNIPfqx9	STRIPE TRANSFER	NEW ALLIANCE FCU			y	22/100	22/100	2016-04-15 16:37:40.000000 +0000
B	1993933d5b3f0d7957d6b0f17640739b	ef51d4eaca6b871b58685143e167a572	2016-04-15 17:06:15.000000 +0000	2016-04-15 14:56:25.000000 +0000	2012-06-22 00:00:00.000000 +0000	4c3d01c1d3279640eb97b08de449d8c8	Stripe	ach_TbWKItYNIPfqx9	STRIPE TRANSFER	NEW ALLIANCE FCU			c	-22/100	-22/100	2016-04-15 15:30:34.000000 +0000
===== END
===== START
C	1993933d5b3f0d7957d6b0f17640739b	c33584c3400c0056617ba115c7a452c0	2016-04-15 17:06:15.000000 +0000	2016-04-15 14:56:25.000000 +0000	2012-06-22 00:00:00.000000 +0000	e3ba307f6c2c120033884223a84180eb	New Alliance	ach_TbWKItYNIPfqx9	STRIPE TRANSFER	NEW ALLIANCE FCU			y	22/100	22/100	2012-06-28 23:59:59.000000 +0000
C	1993933d5b3f0d7957d6b0f17640739b	ef51d4eaca6b871b58685143e167a572	2016-04-15 17:06:15.000000 +0000	2016-04-15 14:56:25.000000 +0000	2012-06-22 00:00:00.000000 +0000	4c3d01c1d3279640eb97b08de449d8c8	Stripe	ach_TbWKItYNIPfqx9	STRIPE TRANSFER	NEW ALLIANCE FCU			c	-22/100	-22/100	2016-04-15 15:30:34.000000 +0000
===== END
===== START
B	28c7688bdad6a9b08792eb934a6fa003	8d6d9887ad87deaaeb330a48a23f596d	2016-04-15 17:06:15.000000 +0000	2016-04-15 09:32:10.000000 +0000	2012-06-11 00:00:00.000000 +0000	e3ba307f6c2c120033884223a84180eb	New Alliance		EFT DEP - AMERICAN EXPRESS SETTLEMENT	samurai by feefighters			c	61/100	61/100	2016-04-15 16:37:40.000000 +0000
B	28c7688bdad6a9b08792eb934a6fa003	99ba53884106a3fa430c30a43ca32ece	2016-04-15 17:06:15.000000 +0000	2016-04-15 09:32:10.000000 +0000	2012-06-11 00:00:00.000000 +0000	b7c0d245222f359deb255643e2fed1fb	Samurai		EFT DEP - AMERICAN EXPRESS SETTLEMENT	samurai by feefighters			c	-61/100	-61/100	2016-04-15 09:43:06.000000 +0000
===== END
===== START
C	28c7688bdad6a9b08792eb934a6fa003	8d6d9887ad87deaaeb330a48a23f596d	2016-04-15 17:06:15.000000 +0000	2016-04-15 09:32:10.000000 +0000	2012-06-11 00:00:00.000000 +0000	e3ba307f6c2c120033884223a84180eb	New Alliance		EFT DEP - AMERICAN EXPRESS SETTLEMENT	samurai by feefighters			y	61/100	61/100	2016-04-15 16:37:40.000000 +0000
C	28c7688bdad6a9b08792eb934a6fa003	99ba53884106a3fa430c30a43ca32ece	2016-04-15 17:06:15.000000 +0000	2016-04-15 09:32:10.000000 +0000	2012-06-11 00:00:00.000000 +0000	b7c0d245222f359deb255643e2fed1fb	Samurai		EFT DEP - AMERICAN EXPRESS SETTLEMENT	samurai by feefighters			c	-61/100	-61/100	2016-04-15 09:43:06.000000 +0000
===== END
===== START
B	28c7688bdad6a9b08792eb934a6fa003	8d6d9887ad87deaaeb330a48a23f596d	2016-04-15 17:06:15.000000 +0000	2016-04-15 09:32:10.000000 +0000	2012-06-11 00:00:00.000000 +0000	e3ba307f6c2c120033884223a84180eb	New Alliance		EFT DEP - AMERICAN EXPRESS SETTLEMENT	samurai by feefighters			y	61/100	61/100	2016-04-15 16:37:40.000000 +0000
B	28c7688bdad6a9b08792eb934a6fa003	99ba53884106a3fa430c30a43ca32ece	2016-04-15 17:06:15.000000 +0000	2016-04-15 09:32:10.000000 +0000	2012-06-11 00:00:00.000000 +0000	b7c0d245222f359deb255643e2fed1fb	Samurai		EFT DEP - AMERICAN EXPRESS SETTLEMENT	samurai by feefighters			c	-61/100	-61/100	2016-04-15 09:43:06.000000 +0000
===== END
===== START
C	28c7688bdad6a9b08792eb934a6fa003	8d6d9887ad87deaaeb330a48a23f596d	2016-04-15 17:06:15.000000 +0000	2016-04-15 09:32:10.000000 +0000	2012-06-11 00:00:00.000000 +0000	e3ba307f6c2c120033884223a84180eb	New Alliance		EFT DEP - AMERICAN EXPRESS SETTLEMENT	samurai by feefighters			y	61/100	61/100	2012-06-28 23:59:59.000000 +0000
C	28c7688bdad6a9b08792eb934a6fa003	99ba53884106a3fa430c30a43ca32ece	2016-04-15 17:06:15.000000 +0000	2016-04-15 09:32:10.000000 +0000	2012-06-11 00:00:00.000000 +0000	b7c0d245222f359deb255643e2fed1fb	Samurai		EFT DEP - AMERICAN EXPRESS SETTLEMENT	samurai by feefighters			c	-61/100	-61/100	2016-04-15 09:43:06.000000 +0000
===== END
===== START
B	776c554795eab74cbe690c0b4384902a	6276cdd55fd49e57f909266b0b7bb0f6	2016-04-15 17:06:15.000000 +0000	2016-04-15 14:56:25.000000 +0000	2012-06-29 00:00:00.000000 +0000	e3ba307f6c2c120033884223a84180eb	New Alliance	ach_jCijaSZpHvwilV	STRIPE TRANSFER	NEW ALLIANCE FCU			c	2097/100	2097/100	1970-01-01 00:00:00.000000 +0000
B	776c554795eab74cbe690c0b4384902a	f1e8b6c1e8e832569d4218568071a19e	2016-04-15 17:06:15.000000 +0000	2016-04-15 14:56:25.000000 +0000	2012-06-29 00:00:00.000000 +0000	4c3d01c1d3279640eb97b08de449d8c8	Stripe	ach_jCijaSZpHvwilV	STRIPE TRANSFER	NEW ALLIANCE FCU			c	-2097/100	-2097/100	2016-04-15 15:30:34.000000 +0000
===== END
===== START
C	776c554795eab74cbe690c0b4384902a	6276cdd55fd49e57f909266b0b7bb0f6	2016-04-15 17:06:15.000000 +0000	2016-04-15 14:56:25.000000 +0000	2012-06-29 00:00:00.000000 +0000	e3ba307f6c2c120033884223a84180eb	New Alliance	ach_jCijaSZpHvwilV	STRIPE TRANSFER	NEW ALLIANCE FCU			y	2097/100	2097/100	1970-01-01 00:00:00.000000 +0000
C	776c554795eab74cbe690c0b4384902a	f1e8b6c1e8e832569d4218568071a19e	2016-04-15 17:06:15.000000 +0000	2016-04-15 14:56:25.000000 +0000	2012-06-29 00:00:00.000000 +0000	4c3d01c1d3279640eb97b08de449d8c8	Stripe	ach_jCijaSZpHvwilV	STRIPE TRANSFER	NEW ALLIANCE FCU			c	-2097/100	-2097/100	2016-04-15 15:30:34.000000 +0000
===== END
===== START
B	776c554795eab74cbe690c0b4384902a	6276cdd55fd49e57f909266b0b7bb0f6	2016-04-15 17:06:15.000000 +0000	2016-04-15 14:56:25.000000 +0000	2012-06-29 00:00:00.000000 +0000	e3ba307f6c2c120033884223a84180eb	New Alliance	ach_jCijaSZpHvwilV	STRIPE TRANSFER	NEW ALLIANCE FCU			y	2097/100	2097/100	1970-01-01 00:00:00.000000 +0000
B	776c554795eab74cbe690c0b4384902a	f1e8b6c1e8e832569d4218568071a19e	2016-04-15 17:06:15.000000 +0000	2016-04-15 14:56:25.000000 +0000	2012-06-29 00:00:00.000000 +0000	4c3d01c1d3279640eb97b08de449d8c8	Stripe	ach_jCijaSZpHvwilV	STRIPE TRANSFER	NEW ALLIANCE FCU			c	-2097/100	-2097/100	2016-04-15 15:30:34.000000 +0000
===== END
===== START
C	776c554795eab74cbe690c0b4384902a	6276cdd55fd49e57f909266b0b7bb0f6	2016-04-15 17:06:15.000000 +0000	2016-04-15 14:56:25.000000 +0000	2012-06-29 00:00:00.000000 +0000	e3ba307f6c2c120033884223a84180eb	New Alliance	ach_jCijaSZpHvwilV	STRIPE TRANSFER	NEW ALLIANCE FCU			y	2097/100	2097/100	2012-06-28 23:59:59.000000 +0000
C	776c554795eab74cbe690c0b4384902a	f1e8b6c1e8e832569d4218568071a19e	2016-04-15 17:06:15.000000 +0000	2016-04-15 14:56:25.000000 +0000	2012-06-29 00:00:00.000000 +0000	4c3d01c1d3279640eb97b08de449d8c8	Stripe	ach_jCijaSZpHvwilV	STRIPE TRANSFER	NEW ALLIANCE FCU			c	-2097/100	-2097/100	2016-04-15 15:30:34.000000 +0000
===== END
===== START
B	4bb7432e42a0aab67c5c73eea38ec57b	4733ccd9c25d964bd5696a73aab5413a	2016-04-15 17:06:15.000000 +0000	2016-04-15 17:01:31.000000 +0000	2012-06-28 00:00:00.000000 +0000	e3ba307f6c2c120033884223a84180eb	New Alliance		Balancing entry from reconcilation				n	10245/100	10245/100	1970-01-01 00:00:00.000000 +0000
B	4bb7432e42a0aab67c5c73eea38ec57b	9e242f25a8607b13ef22d1517f31d7b6	2016-04-15 17:06:15.000000 +0000	2016-04-15 17:01:31.000000 +0000	2012-06-28 00:00:00.000000 +0000	0aaec76fc1c81cdff9cd6e0f4ee28c91	Opening Balances		Balancing entry from reconcilation				n	-10245/100	-10245/100	1970-01-01 00:00:00.000000 +0000
===== END
===== START
C	4bb7432e42a0aab67c5c73eea38ec57b	4733ccd9c25d964bd5696a73aab5413a	2016-04-15 17:06:15.000000 +0000	2016-04-15 17:01:31.000000 +0000	2012-06-28 00:00:00.000000 +0000	e3ba307f6c2c120033884223a84180eb	New Alliance		Balancing entry from reconcilation				y	10245/100	10245/100	1970-01-01 00:00:00.000000 +0000
C	4bb7432e42a0aab67c5c73eea38ec57b	9e242f25a8607b13ef22d1517f31d7b6	2016-04-15 17:06:15.000000 +0000	2016-04-15 17:01:31.000000 +0000	2012-06-28 00:00:00.000000 +0000	0aaec76fc1c81cdff9cd6e0f4ee28c91	Opening Balances		Balancing entry from reconcilation				n	-10245/100	-10245/100	1970-01-01 00:00:00.000000 +0000
===== END
===== START
B	4bb7432e42a0aab67c5c73eea38ec57b	4733ccd9c25d964bd5696a73aab5413a	2016-04-15 17:06:15.000000 +0000	2016-04-15 17:01:31.000000 +0000	2012-06-28 00:00:00.000000 +0000	e3ba307f6c2c120033884223a84180eb	New Alliance		Balancing entry from reconcilation				y	10245/100	10245/100	1970-01-01 00:00:00.000000 +0000
B	4bb7432e42a0aab67c5c73eea38ec57b	9e242f25a8607b13ef22d1517f31d7b6	2016-04-15 17:06:15.000000 +0000	2016-04-15 17:01:31.000000 +0000	2012-06-28 00:00:00.000000 +0000	0aaec76fc1c81cdff9cd6e0f4ee28c91	Opening Balances		Balancing entry from reconcilation				n	-10245/100	-10245/100	1970-01-01 00:00:00.000000 +0000
===== END
===== START
C	4bb7432e42a0aab67c5c73eea38ec57b	4733ccd9c25d964bd5696a73aab5413a	2016-04-15 17:06:15.000000 +0000	2016-04-15 17:01:31.000000 +0000	2012-06-28 00:00:00.000000 +0000	e3ba307f6c2c120033884223a84180eb	New Alliance		Balancing entry from reconcilation				y	10245/100	10245/100	2012-06-28 23:59:59.000000 +0000
C	4bb7432e42a0aab67c5c73eea38ec57b	9e242f25a8607b13ef22d1517f31d7b6	2016-04-15 17:06:15.000000 +0000	2016-04-15 17:01:31.000000 +0000	2012-06-28 00:00:00.000000 +0000	0aaec76fc1c81cdff9cd6e0f4ee28c91	Opening Balances		Balancing entry from reconcilation				n	-10245/100	-10245/100	1970-01-01 00:00:00.000000 +0000
===== END
===== START
B	e9bdfd822cebea4a5c32a4ed3a0b5872	a631376b155674aae3d5af0cd8e7f589	2016-04-15 17:06:15.000000 +0000	2016-04-15 09:32:10.000000 +0000	2012-06-25 00:00:00.000000 +0000	e3ba307f6c2c120033884223a84180eb	New Alliance		EFT DEP - AMERICAN EXPRESS SETTLEMENT	samurai by feefighters			c	299/100	299/100	2016-04-15 16:37:40.000000 +0000
B	e9bdfd822cebea4a5c32a4ed3a0b5872	8814c551e23c7a5748bd34032251a401	2016-04-15 17:06:15.000000 +0000	2016-04-15 09:32:10.000000 +0000	2012-06-25 00:00:00.000000 +0000	b7c0d245222f359deb255643e2fed1fb	Samurai		EFT DEP - AMERICAN EXPRESS SETTLEMENT	samurai by feefighters			n	-299/100	-299/100	1970-01-01 00:00:00.000000 +0000
===== END
===== START
C	e9bdfd822cebea4a5c32a4ed3a0b5872	a631376b155674aae3d5af0cd8e7f589	2016-04-15 17:06:15.000000 +0000	2016-04-15 09:32:10.000000 +0000	2012-06-25 00:00:00.000000 +0000	e3ba307f6c2c120033884223a84180eb	New Alliance		EFT DEP - AMERICAN EXPRESS SETTLEMENT	samurai by feefighters			y	299/100	299/100	2016-04-15 16:37:40.000000 +0000
C	e9bdfd822cebea4a5c32a4ed3a0b5872	8814c551e23c7a5748bd34032251a401	2016-04-15 17:06:15.000000 +0000	2016-04-15 09:32:10.000000 +0000	2012-06-25 00:00:00.000000 +0000	b7c0d245222f359deb255643e2fed1fb	Samurai		EFT DEP - AMERICAN EXPRESS SETTLEMENT	samurai by feefighters			n	-299/100	-299/100	1970-01-01 00:00:00.000000 +0000
===== END
===== START
B	e9bdfd822cebea4a5c32a4ed3a0b5872	a631376b155674aae3d5af0cd8e7f589	2016-04-15 17:06:15.000000 +0000	2016-04-15 09:32:10.000000 +0000	2012-06-25 00:00:00.000000 +0000	e3ba307f6c2c120033884223a84180eb	New Alliance		EFT DEP - AMERICAN EXPRESS SETTLEMENT	samurai by feefighters			y	299/100	299/100	2016-04-15 16:37:40.000000 +0000
B	e9bdfd822cebea4a5c32a4ed3a0b5872	8814c551e23c7a5748bd34032251a401	2016-04-15 17:06:15.000000 +0000	2016-04-15 09:32:10.000000 +0000	2012-06-25 00:00:00.000000 +0000	b7c0d245222f359deb255643e2fed1fb	Samurai		EFT DEP - AMERICAN EXPRESS SETTLEMENT	samurai by feefighters			n	-299/100	-299/100	1970-01-01 00:00:00.000000 +0000
===== END
===== START
C	e9bdfd822cebea4a5c32a4ed3a0b5872	a631376b155674aae3d5af0cd8e7f589	2016-04-15 17:06:15.000000 +0000	2016-04-15 09:32:10.000000 +0000	2012-06-25 00:00:00.000000 +0000	e3ba307f6c2c120033884223a84180eb	New Alliance		EFT DEP - AMERICAN EXPRESS SETTLEMENT	samurai by feefighters			y	299/100	299/100	2012-06-28 23:59:59.000000 +0000
C	e9bdfd822cebea4a5c32a4ed3a0b5872	8814c551e23c7a5748bd34032251a401	2016-04-15 17:06:15.000000 +0000	2016-04-15 09:32:10.000000 +0000	2012-06-25 00:00:00.000000 +0000	b7c0d245222f359deb255643e2fed1fb	Samurai		EFT DEP - AMERICAN EXPRESS SETTLEMENT	samurai by feefighters			n	-299/100	-299/100	1970-01-01 00:00:00.000000 +0000
===== END
===== START
B	4e1938af9d05fbd2fb73ea61a426bfd6	5aa15ff31eef741ae97260747b8097cd	2016-04-15 17:06:15.000000 +0000	2016-04-15 09:32:10.000000 +0000	2012-06-18 00:00:00.000000 +0000	e3ba307f6c2c120033884223a84180eb	New Alliance		EFT DEP - MERCHANT BANKCD  DEPOSIT	samurai by feefighters			c	201/100	201/100	2016-04-15 16:37:40.000000 +0000
B	4e1938af9d05fbd2fb73ea61a426bfd6	fc822c604c9f65ee3a3f9410a0e161e0	2016-04-15 17:06:15.000000 +0000	2016-04-15 09:32:10.000000 +0000	2012-06-18 00:00:00.000000 +0000	b7c0d245222f359deb255643e2fed1fb	Samurai		EFT DEP - MERCHANT BANKCD  DEPOSIT	samurai by feefighters			n	-201/100	-201/100	1970-01-01 00:00:00.000000 +0000
===== END
===== START
C	4e1938af9d05fbd2fb73ea61a426bfd6	5aa15ff31eef741ae97260747b8097cd	2016-04-15 17:06:15.000000 +0000	2016-04-15 09:32:10.000000 +0000	2012-06-18 00:00:00.000000 +0000	e3ba307f6c2c120033884223a84180eb	New Alliance		EFT DEP - MERCHANT BANKCD  DEPOSIT	samurai by feefighters			y	201/100	201/100	2016-04-15 16:37:40.000000 +0000
C	4e1938af9d05fbd2fb73ea61a426bfd6	fc822c604c9f65ee3a3f9410a0e161e0	2016-04-15 17:06:15.000000 +0000	2016-04-15 09:32:10.000000 +0000	2012-06-18 00:00:00.000000 +0000	b7c0d245222f359deb255643e2fed1fb	Samurai		EFT DEP - MERCHANT BANKCD  DEPOSIT	samurai by feefighters			n	-201/100	-201/100	1970-01-01 00:00:00.000000 +0000
===== END
===== START
B	4e1938af9d05fbd2fb73ea61a426bfd6	5aa15ff31eef741ae97260747b8097cd	2016-04-15 17:06:15.000000 +0000	2016-04-15 09:32:10.000000 +0000	2012-06-18 00:00:00.000000 +0000	e3ba307f6c2c120033884223a84180eb	New Alliance		EFT DEP - MERCHANT BANKCD  DEPOSIT	samurai by feefighters			y	201/100	201/100	2016-04-15 16:37:40.000000 +0000
B	4e1938af9d05fbd2fb73ea61a426bfd6	fc822c604c9f65ee3a3f9410a0e161e0	2016-04-15 17:06:15.000000 +0000	2016-04-15 09:32:10.000000 +0000	2012-06-18 00:00:00.000000 +0000	b7c0d245222f359deb255643e2fed1fb	Samurai		EFT DEP - MERCHANT BANKCD  DEPOSIT	samurai by feefighters			n	-201/100	-201/100	1970-01-01 00:00:00.000000 +0000
===== END
===== START
C	4e1938af9d05fbd2fb73ea61a426bfd6	5aa15ff31eef741ae97260747b8097cd	2016-04-15 17:06:15.000000 +0000	2016-04-15 09:32:10.000000 +0000	2012-06-18 00:00:00.000000 +0000	e3ba307f6c2c120033884223a84180eb	New Alliance		EFT DEP - MERCHANT BANKCD  DEPOSIT	samurai by feefighters			y	201/100	201/100	2012-06-28 23:59:59.000000 +0000
C	4e1938af9d05fbd2fb73ea61a426bfd6	fc822c604c9f65ee3a3f9410a0e161e0	2016-04-15 17:06:15.000000 +0000	2016-04-15 09:32:10.000000 +0000	2012-06-18 00:00:00.000000 +0000	b7c0d245222f359deb255643e2fed1fb	Samurai		EFT DEP - MERCHANT BANKCD  DEPOSIT	samurai by feefighters			n	-201/100	-201/100	1970-01-01 00:00:00.000000 +0000
===== END
===== START
===== END
